PRT1
525
948
4 0 18 (464 1312 272 ) (432 1312 272 ) (432 1344 272 ) (464 1344 272 ) 
4 1 141 (268 1024 280 ) (268 1024 272 ) (272 1024 272 ) (272 1024 280 ) 
4 1 135 (272 1024 288 ) (268 1024 288 ) (268 1024 280 ) (272 1024 280 ) 
4 1 26 (272 1024 272 ) (268 1024 272 ) (268 1165.333252 272 ) (272 1168 272 ) 
3 1 25 (268 1165.333252 272 ) (268 1168 272 ) (272 1168 272 ) 
4 1 2 (268 1168 288 ) (268 1168 272 ) (268 1164 272 ) (268 1164 288 ) 
4 2 87 (0 1164 288 ) (0 1168 288 ) (0 1168 272 ) (0 1164 272 ) 
3 2 26 (268 1165.333252 272 ) (268 1164 272 ) (266 1164 272 ) 
5 2 25 (0 1164 272 ) (0 1168 272 ) (268 1168 272 ) (268 1165.333252 272 ) (266 1164 272 ) 
4 3 30 (720 1776 144 ) (912 1776 144 ) (732 1536 144 ) (720 1536 144 ) 
4 3 5 (732 1536 144 ) (912 1776 144 ) (912 1776 272 ) (732 1536 272 ) 
4 3 4 (720 1536 272 ) (720 1536 144 ) (732 1536 144 ) (732 1536 272 ) 
3 4 31 (732 1536 144 ) (720 1520 144 ) (720 1536 144 ) 
4 4 6 (720 1520 272 ) (720 1520 144 ) (732 1536 144 ) (732 1536 272 ) 
3 5 32 (912 1776 144 ) (912 1536 144 ) (732 1536 144 ) 
4 5 6 (732 1536 272 ) (732 1536 144 ) (912 1536 144 ) (912 1536 272 ) 
4 6 33 (912 1536 144 ) (912 1520 144 ) (720 1520 144 ) (732 1536 144 ) 
4 6 7 (720 1520 144 ) (912 1520 144 ) (912 1520 272 ) (720 1520 272 ) 
4 7 37 (720 1520 144 ) (912 1520 144 ) (912 1504 144 ) (720 1504 144 ) 
4 7 9 (720 1504 144 ) (912 1504 144 ) (912 1504 272 ) (720 1504 272 ) 
4 8 10 (336 1504 208 ) (336 1504 272 ) (272 1504 272 ) (272 1504 208 ) 
4 9 37 (720 1504 144 ) (912 1504 144 ) (912 1392 144 ) (720 1392 144 ) 
4 10 39 (272 1504 144 ) (400 1504 144 ) (288 1392 144 ) (272 1392 144 ) 
4 10 12 (272 1392 144 ) (288 1392 144 ) (288 1392 272 ) (272 1392 272 ) 
4 10 11 (288 1392 272 ) (288 1392 144 ) (400 1504 144 ) (400 1504 272 ) 
3 11 40 (400 1504 144 ) (400 1392 144 ) (288 1392 144 ) 
4 11 13 (288 1392 144 ) (400 1392 144 ) (400 1392 272 ) (288 1392 272 ) 
3 12 42 (272 1392 144 ) (288 1392 144 ) (272 1376 144 ) 
4 12 13 (272 1376 272 ) (272 1376 144 ) (288 1392 144 ) (288 1392 272 ) 
4 13 43 (288 1392 144 ) (400 1392 144 ) (400 1376 144 ) (272 1376 144 ) 
4 13 17 (272 1376 144 ) (400 1376 144 ) (400 1376 272 ) (272 1376 272 ) 
4 14 18 (656 1312 144 ) (656 1248 144 ) (656 1248 208 ) (656 1312 208 ) 
3 15 44 (416 1344 144 ) (464 1248 144 ) (416 1248 144 ) 
4 15 18 (464 1248 272 ) (464 1248 144 ) (416 1344 144 ) (416 1344 272 ) 
4 15 16 (416 1344 272 ) (416 1344 144 ) (416 1248 144 ) (416 1248 272 ) 
4 16 45 (400 1376 144 ) (416 1344 144 ) (416 1248 144 ) (400 1248 144 ) 
4 16 19 (416 1344 144 ) (400 1376 144 ) (400 1376 272 ) (416 1344 272 ) 
4 16 17 (400 1376 272 ) (400 1376 144 ) (400 1248 144 ) (400 1248 272 ) 
4 17 46 (80 1376 144 ) (400 1376 144 ) (400 1248 144 ) (80 1248 144 ) 
4 17 20 (80 1376 272 ) (80 1376 144 ) (80 1248 144 ) (80 1248 272 ) 
5 18 47 (416 1376 144 ) (656 1376 144 ) (656 1248 144 ) (464 1248 144 ) (416 1344 144 ) 
4 18 19 (416 1376 272 ) (416 1376 144 ) (416 1344 144 ) (416 1344 272 ) 
3 19 48 (400 1376 144 ) (416 1376 144 ) (416 1344 144 ) 
4 20 49 (16 1376 144 ) (80 1376 144 ) (80 1248 144 ) (16 1248 144 ) 
4 20 21 (16 1376 272 ) (16 1376 144 ) (16 1248 144 ) (16 1248 272 ) 
4 21 95 (0 1248 272 ) (0 1376 272 ) (0 1376 144 ) (0 1248 144 ) 
4 22 147 (642.666626 1024 272 ) (416 1024 272 ) (416 1024 144 ) (642.666626 1024 144 ) 
4 22 59 (464 1024 144 ) (416 1024 144 ) (416 1056 144 ) (464 1056 144 ) 
4 22 58 (592 1024 144 ) (464 1024 144 ) (464 1056 144 ) (592 1056 144 ) 
4 22 53 (608 1024 144 ) (592 1024 144 ) (592 1056 144 ) (608 1056 144 ) 
4 22 50 (642.666626 1024 144 ) (608 1024 144 ) (608 1056 144 ) (688 1056 144 ) 
4 22 24 (416 1056 144 ) (416 1024 144 ) (416 1024 272 ) (416 1056 272 ) 
4 22 23 (642.664551 1024 144 ) (687.998047 1056 144 ) (687.998047 1056 272 ) (642.664551 1024 272 ) 
4 23 149 (688 1024 272 ) (642.666626 1024 272 ) (642.666626 1024 144 ) (688 1024 144 ) 
3 23 51 (688 1024 144 ) (642.666626 1024 144 ) (688 1056 144 ) 
4 24 162 (400 1024 272 ) (368 1024 272 ) (368 1024 144 ) (400 1024 144 ) 
4 24 148 (416 1024 272 ) (400 1024 272 ) (400 1024 144 ) (416 1024 144 ) 
4 24 66 (400 1024 144 ) (368 1024 144 ) (368 1056 144 ) (400 1056 144 ) 
4 24 60 (416 1024 144 ) (400 1024 144 ) (400 1056 144 ) (416 1056 144 ) 
4 25 169 (56 1024 272 ) (0 1024 272 ) (0 1024 144 ) (56 1024 144 ) 
4 25 100 (0 1024 144 ) (0 1024 272 ) (0 1168 272 ) (0 1168 144 ) 
4 25 67 (56 1024 144 ) (0 1024 144 ) (0 1168 144 ) (272 1168 144 ) 
4 25 26 (56.003101 1024 144 ) (272 1168 144 ) (272 1168 272 ) (56 1024 272 ) 
4 26 170 (208 1024 272 ) (56 1024 272 ) (56 1024 144 ) (208 1024 144 ) 
4 26 164 (272 1024 272 ) (208 1024 272 ) (208 1024 144 ) (272 1024 144 ) 
3 26 68 (272 1024 144 ) (56 1024 144 ) (272 1168 144 ) 
4 27 28 (784 1808 144 ) (784 1808 16 ) (912 1808 16 ) (912 1808 144 ) 
4 28 29 (784 1792 144 ) (784 1792 16 ) (912 1792 16 ) (912 1792 144 ) 
4 29 30 (784 1776 16 ) (912 1776 16 ) (912 1776 144 ) (784 1776 144 ) 
4 30 32 (731.997986 1536 16 ) (911.998047 1776 16 ) (911.998047 1776 144 ) (731.997986 1536 144 ) 
4 30 31 (720 1536 144 ) (720 1536 16 ) (732 1536 16 ) (732 1536 144 ) 
4 31 33 (720 1520.002686 144 ) (720 1520.002686 16 ) (731.997986 1536 16 ) (731.997986 1536 144 ) 
4 32 33 (732 1536 144 ) (732 1536 16 ) (912 1536 16 ) (912 1536 144 ) 
4 33 37 (720 1520 16 ) (912 1520 16 ) (912 1520 144 ) (720 1520 144 ) 
4 34 35 (592 1552 144 ) (592 1552 16 ) (656 1552 16 ) (656 1552 144 ) 
4 35 36 (592 1536 144 ) (592 1536 16 ) (656 1536 16 ) (656 1536 144 ) 
4 36 38 (592 1520 16 ) (656 1520 16 ) (656 1520 144 ) (592 1520 144 ) 
4 37 38 (720 1520 144 ) (720 1520 16 ) (720 1392 16 ) (720 1392 144 ) 
4 38 41 (592 1392 16 ) (656 1392 16 ) (656 1392 144 ) (592 1392 144 ) 
4 39 69 (288 1392 16 ) (272 1392 16 ) (272 1504 16 ) (400 1504 16 ) 
4 39 42 (272 1392 16 ) (288 1392 16 ) (288 1392 144 ) (272 1392 144 ) 
4 39 40 (288 1392 144 ) (288 1392 16 ) (400 1504 16 ) (400 1504 144 ) 
3 40 69 (400 1392 16 ) (288 1392 16 ) (400 1504 16 ) 
4 40 43 (288 1392 16 ) (400 1392 16 ) (400 1392 144 ) (288 1392 144 ) 
4 41 47 (592 1376 16 ) (656 1376 16 ) (656 1376 144 ) (592 1376 144 ) 
3 42 69 (272 1376 16 ) (272 1392 16 ) (288 1392 16 ) 
4 42 43 (272 1376 144 ) (272 1376 16 ) (288 1392 16 ) (288 1392 144 ) 
4 43 69 (400 1376 16 ) (272 1376 16 ) (288 1392 16 ) (400 1392 16 ) 
4 43 46 (272 1376 16 ) (400 1376 16 ) (400 1376 144 ) (272 1376 144 ) 
4 44 47 (464 1248 144 ) (464 1248 16 ) (416 1344 16 ) (416 1344 144 ) 
4 44 45 (416 1344 144 ) (416 1344 16 ) (416 1248 16 ) (416 1248 144 ) 
4 45 48 (416 1344 16 ) (400 1376 16 ) (400 1376 144 ) (416 1344 144 ) 
4 45 46 (400 1376 144 ) (400 1376 16 ) (400 1248 16 ) (400 1248 144 ) 
4 46 73 (272 1248 16 ) (208 1248 16 ) (208 1252 16 ) (272 1252 16 ) 
4 46 71 (80 1372 16 ) (80 1376 16 ) (272 1376 16 ) (272 1372 16 ) 
4 46 70 (368 1248 16 ) (272 1248 16 ) (272 1252 16 ) (368 1252 16 ) 
4 46 62 (80 1248 16 ) (208 1248 16 ) (208 1248 144 ) (80 1248 144 ) 
4 46 61 (400 1248 80 ) (400 1248 112 ) (368 1248 112 ) (368 1248 80 ) 
4 46 49 (80 1376 144 ) (80 1376 16 ) (80 1248 16 ) (80 1248 144 ) 
4 47 54 (464 1248 16 ) (592 1248 16 ) (592 1248 144 ) (464 1248 144 ) 
4 47 48 (416 1376 144 ) (416 1376 16 ) (416 1344 16 ) (416 1344 144 ) 
4 49 74 (80 1248 16 ) (16 1248 16 ) (16 1252 16 ) (80 1252 16 ) 
4 49 72 (16 1252 16 ) (16 1376 16 ) (20 1376 16 ) (20 1252 16 ) 
4 49 71 (20 1376 16 ) (80 1376 16 ) (80 1372 16 ) (20 1372 16 ) 
4 50 185 (642.666626 1024 144 ) (608 1024 144 ) (608 1024 16 ) (642.666626 1024 16 ) 
4 50 53 (608 1056 16 ) (608 1024 16 ) (608 1024 144 ) (608 1056 144 ) 
4 50 51 (642.662659 1024 16 ) (687.996094 1056 16 ) (687.996094 1056 144 ) (642.662659 1024 144 ) 
4 51 187 (688 1024 144 ) (642.666626 1024 144 ) (642.666626 1024 16 ) (688 1024 16 ) 
4 52 56 (592 1088 112 ) (592 1120 112 ) (592 1120 80 ) (592 1088 80 ) 
4 53 185 (608 1024 144 ) (592 1024 144 ) (592 1024 16 ) (608 1024 16 ) 
4 53 58 (592 1056 16 ) (592 1024 16 ) (592 1024 144 ) (592 1056 144 ) 
4 54 56 (474.668579 1072 16 ) (592 1247.998047 16 ) (592 1247.998047 144 ) (474.668579 1072 144 ) 
4 54 55 (464 1072 144 ) (464 1072 16 ) (474.664063 1072 16 ) (474.664063 1072 144 ) 
4 55 57 (464.001953 1056 144 ) (464.001953 1056 16 ) (474.668579 1072 16 ) (474.668579 1072 144 ) 
4 56 57 (474.664063 1072 144 ) (474.664063 1072 16 ) (592 1072 16 ) (592 1072 144 ) 
4 57 58 (464 1056 144 ) (464 1056 16 ) (592 1056 16 ) (592 1056 144 ) 
4 58 185 (592 1024 144 ) (464 1024 144 ) (464 1024 16 ) (592 1024 16 ) 
4 58 59 (464 1056 16 ) (464 1024 16 ) (464 1024 144 ) (464 1056 144 ) 
4 59 185 (464 1024 144 ) (416 1024 144 ) (416 1024 16 ) (464 1024 16 ) 
4 59 60 (416 1056 144 ) (416 1056 16 ) (416 1024 16 ) (416 1024 144 ) 
4 60 186 (416 1024 144 ) (400 1024 144 ) (400 1024 16 ) (416 1024 16 ) 
4 60 66 (400 1056 16 ) (400 1024 16 ) (400 1024 144 ) (400 1056 144 ) 
4 62 63 (80 1242 144 ) (80 1242 16 ) (208 1242 16 ) (208 1242 144 ) 
4 63 64 (80 1238 144 ) (80 1238 16 ) (208 1238 16 ) (208 1238 144 ) 
4 64 65 (80 1232 16 ) (208 1232 16 ) (208 1232 144 ) (80 1232 144 ) 
4 65 67 (80 1168 16 ) (208 1168 16 ) (208 1168 144 ) (80 1168 144 ) 
4 66 198 (368 1024 48 ) (368 1024 16 ) (400 1024 16 ) (400 1024 48 ) 
4 66 196 (400 1024 144 ) (368 1024 144 ) (368 1024 48 ) (400 1024 48 ) 
4 67 204 (56 1024 144 ) (0 1024 144 ) (0 1024 16 ) (56 1024 16 ) 
4 67 107 (0 1024 16 ) (0 1024 144 ) (0 1168 144 ) (0 1168 16 ) 
4 67 75 (208 1168 16 ) (272 1168 16 ) (266 1164 16 ) (208 1164 16 ) 
4 67 76 (0 1164 16 ) (0 1168 16 ) (80 1168 16 ) (80 1164 16 ) 
4 67 68 (56 1024 16 ) (272 1168 16 ) (272 1168 144 ) (56 1024 144 ) 
4 68 205 (208 1024 144 ) (56 1024 144 ) (56 1024 16 ) (208 1024 16 ) 
4 68 199 (272 1024 144 ) (208 1024 144 ) (208 1024 16 ) (272 1024 16 ) 
4 68 77 (272 1024 16 ) (268 1024 16 ) (268 1164 16 ) (272 1164 16 ) 
3 68 75 (266 1164 16 ) (272 1168 16 ) (272 1164 16 ) 
4 69 78 (272 1504 0 ) (400 1504 0 ) (400 1376 0 ) (272 1376 0 ) 
4 70 73 (272 1252 0 ) (272 1248 0 ) (272 1248 16 ) (272 1252 16 ) 
4 71 72 (20 1376 16 ) (20 1376 0 ) (20 1372 0 ) (20 1372 16 ) 
4 72 74 (16 1252 0 ) (20 1252 0 ) (20 1252 16 ) (16 1252 16 ) 
4 75 77 (268 1164 0 ) (272 1164 0 ) (272 1164 16 ) (268 1164 16 ) 
4 76 116 (0 1164 16 ) (0 1168 16 ) (0 1168 0 ) (0 1164 0 ) 
4 77 226 (272 1024 16 ) (268 1024 16 ) (268 1024 0 ) (272 1024 0 ) 
4 78 79 (272 1376 -128 ) (272 1504 -128 ) (400 1504 -128 ) (400 1376 -128 ) 
3 80 83 (-80 1360 336 ) (-80 1353.142822 336 ) (-84 1360 336 ) 
6 80 82 (-80 1353.142822 336 ) (-80 1264 336 ) (-152 1264 336 ) (-176 1292.800049 336 ) (-176 1360 336 ) (-84 1360 336 ) 
3 80 84 (-152 1264 336 ) (-176 1264 336 ) (-176 1292.800049 336 ) 
4 81 85 (-640 1048 336 ) (-736 1048 336 ) (-736 1144 336 ) (-640 1144 336 ) 
4 82 93 (-272 1408 272 ) (-112 1408 272 ) (0 1216 272 ) (-112 1216 272 ) 
4 82 84 (-272 1407.998047 336 ) (-272 1407.998047 272 ) (-112.001968 1216 272 ) (-112.001968 1216 336 ) 
4 82 83 (0 1216 336 ) (0 1216 272 ) (-112 1408 272 ) (-112 1408 336 ) 
3 83 95 (-112 1408 272 ) (0 1408 272 ) (0 1216 272 ) 
3 84 94 (-272 1408 272 ) (-112 1216 272 ) (-272 1216 272 ) 
4 85 89 (-768 1216 288 ) (-608 1216 288 ) (-608 1040 288 ) (-768 1040 288 ) 
4 85 86 (-768 1040 288 ) (-608 1040 288 ) (-608 1040 336 ) (-768 1040 336 ) 
4 86 273 (-608 1024 336 ) (-768 1024 336 ) (-768 1024 288 ) (-608 1024 288 ) 
4 86 92 (-608 1024 288 ) (-768 1024 288 ) (-768 1040 288 ) (-608 1040 288 ) 
4 87 100 (0 1168 272 ) (0 1164 272 ) (-108 1164 272 ) (-108 1168 272 ) 
4 87 88 (-108 1168 288 ) (-108 1168 272 ) (-108 1164 272 ) (-108 1164 288 ) 
4 88 100 (-108 1040 272 ) (-112 1040 272 ) (-112 1168 272 ) (-108 1168 272 ) 
4 88 90 (-112 1040 272 ) (-108 1040 272 ) (-108 1040 288 ) (-112 1040 288 ) 
4 89 105 (-608 1168 272 ) (-608 1040 272 ) (-768 1040 272 ) (-768 1168 272 ) 
4 89 99 (-608 1184 272 ) (-608 1168 272 ) (-768 1168 272 ) (-768 1184 272 ) 
4 89 97 (-768 1216 272 ) (-608 1216 272 ) (-608 1184 272 ) (-768 1184 272 ) 
4 89 92 (-768 1040 272 ) (-608 1040 272 ) (-608 1040 288 ) (-768 1040 288 ) 
4 90 279 (-108 1024 288 ) (-112 1024 288 ) (-112 1024 272 ) (-108 1024 272 ) 
4 90 100 (-108 1024 272 ) (-112 1024 272 ) (-112 1040 272 ) (-108 1040 272 ) 
4 91 280 (-368 1024 288 ) (-432 1024 288 ) (-432 1024 272 ) (-368 1024 272 ) 
4 91 102 (-368 1024 272 ) (-416 1024 272 ) (-432 1040 272 ) (-368 1040 272 ) 
3 91 101 (-416 1024 272 ) (-432 1024 272 ) (-432 1040 272 ) 
4 92 281 (-608 1024 288 ) (-768 1024 288 ) (-768 1024 272 ) (-608 1024 272 ) 
4 92 106 (-608 1024 272 ) (-768 1024 272 ) (-768 1040 272 ) (-608 1040 272 ) 
4 93 96 (-112 1216 144 ) (-48 1216 144 ) (-48 1216 272 ) (-112 1216 272 ) 
4 93 95 (0 1216 272 ) (0 1216 144 ) (-112 1408 144 ) (-112 1408 272 ) 
4 93 94 (-272 1407.998047 272 ) (-272 1407.998047 144 ) (-112.001633 1216 144 ) (-112.001633 1216 272 ) 
4 96 98 (-112 1184 144 ) (-48 1184 144 ) (-48 1184 272 ) (-112 1184 272 ) 
4 97 99 (-768 1184 144 ) (-608 1184 144 ) (-608 1184 272 ) (-768 1184 272 ) 
4 98 100 (-112 1168 144 ) (-48 1168 144 ) (-48 1168 272 ) (-112 1168 272 ) 
4 99 105 (-768 1168 144 ) (-608 1168 144 ) (-608 1168 272 ) (-768 1168 272 ) 
4 100 303 (0 1024 144 ) (0 1024 272 ) (-112 1024 272 ) (-112 1024 144 ) 
4 100 107 (0 1168 144 ) (0 1024 144 ) (-112 1024 144 ) (-112 1168 144 ) 
4 101 305 (-416 1024 272 ) (-560 1024 272 ) (-560 1024 144 ) (-416 1024 144 ) 
4 101 113 (-416 1024 144 ) (-560 1024 144 ) (-560 1104 144 ) (-496 1104 144 ) 
3 101 108 (-560 1104 144 ) (-560 1168 144 ) (-496 1104 144 ) 
4 101 103 (-560 1040 144 ) (-560 1024 144 ) (-560 1024 272 ) (-560 1040 272 ) 
4 101 102 (-416 1024 144 ) (-560 1168 144 ) (-560 1168 272 ) (-416 1024 272 ) 
4 102 307 (-304 1024 272 ) (-416 1024 272 ) (-416 1024 144 ) (-304 1024 144 ) 
4 102 114 (-304 1024 144 ) (-416 1024 144 ) (-496 1104 144 ) (-304 1104 144 ) 
4 102 109 (-496 1104 144 ) (-560 1168 144 ) (-304 1168 144 ) (-304 1104 144 ) 
4 103 306 (-560 1024 272 ) (-576 1024 272 ) (-576 1024 144 ) (-560 1024 144 ) 
4 103 104 (-576 1040 144 ) (-576 1024 144 ) (-576 1024 272 ) (-576 1040 272 ) 
4 104 308 (-576 1024 272 ) (-608 1024 272 ) (-608 1024 144 ) (-576 1024 144 ) 
4 104 106 (-608 1040 144 ) (-608 1024 144 ) (-608 1024 272 ) (-608 1040 272 ) 
4 105 106 (-768 1040 272 ) (-768 1040 144 ) (-608 1040 144 ) (-608 1040 272 ) 
4 106 308 (-608 1024 272 ) (-768 1024 272 ) (-768 1024 144 ) (-608 1024 144 ) 
4 107 374 (0 1024 16 ) (0 1024 144 ) (-112 1024 144 ) (-112 1024 16 ) 
4 107 117 (-112 1104 16 ) (-112 1168 16 ) (-108 1168 16 ) (-108 1104 16 ) 
4 107 116 (-108 1164 16 ) (-108 1168 16 ) (0 1168 16 ) (0 1164 16 ) 
4 107 110 (-112 1104 16 ) (-112 1024 16 ) (-112 1024 144 ) (-112 1104 144 ) 
4 108 115 (-560 1104 112 ) (-560 1104 144 ) (-560 1136 144 ) (-560 1136 112 ) 
4 108 113 (-560 1104 144 ) (-560 1104 16 ) (-496 1104 16 ) (-496 1104 144 ) 
4 108 109 (-496 1104 144 ) (-496 1104 16 ) (-560 1168 16 ) (-560 1168 144 ) 
4 109 114 (-496 1104 16 ) (-304 1104 16 ) (-304 1104 144 ) (-496 1104 144 ) 
4 110 376 (-112 1024 144 ) (-128 1024 144 ) (-128 1024 16 ) (-112 1024 16 ) 
4 110 111 (-128 1104 144 ) (-128 1104 16 ) (-128 1024 16 ) (-128 1024 144 ) 
4 111 377 (-128 1024 144 ) (-208 1024 144 ) (-208 1024 16 ) (-128 1024 16 ) 
4 111 112 (-208 1104 144 ) (-208 1104 16 ) (-208 1024 16 ) (-208 1024 144 ) 
4 112 378 (-208 1024 144 ) (-304 1024 144 ) (-304 1024 16 ) (-208 1024 16 ) 
4 112 114 (-304 1104 144 ) (-304 1104 16 ) (-304 1024 16 ) (-304 1024 144 ) 
4 113 379 (-416 1024 144 ) (-560 1024 144 ) (-560 1024 16 ) (-416 1024 16 ) 
4 113 114 (-416 1024 16 ) (-496 1104 16 ) (-496 1104 144 ) (-416 1024 144 ) 
4 114 380 (-304 1024 144 ) (-416 1024 144 ) (-416 1024 16 ) (-304 1024 16 ) 
4 116 117 (-108 1168 0 ) (-108 1164 0 ) (-108 1164 16 ) (-108 1168 16 ) 
4 118 119 (608 32 816 ) (608 224 816 ) (800 224 816 ) (800 32 816 ) 
4 119 126 (608 256 624 ) (608 0 624 ) (608 0 816 ) (608 256 816 ) 
4 119 124 (608 32 624 ) (608 224 624 ) (800 224 624 ) (800 32 624 ) 
4 120 121 (832 320 336 ) (704 320 336 ) (704 512 336 ) (832 512 336 ) 
4 122 132 (608 400 288 ) (608 560 288 ) (640 560 288 ) (640 368 288 ) 
4 122 128 (608 560 288 ) (608 400 288 ) (608 400 336 ) (608 560 336 ) 
4 122 123 (640 368 288 ) (640 368 336 ) (608 400 336 ) (608 400 288 ) 
3 123 133 (608 368 288 ) (608 400 288 ) (640 368 288 ) 
4 123 129 (608 400 288 ) (608 368 288 ) (608 368 336 ) (608 400 336 ) 
4 124 125 (800 32 416 ) (608 32 416 ) (608 224 416 ) (800 224 416 ) 
4 125 134 (608 32 288 ) (608 224 288 ) (800 224 288 ) (800 32 288 ) 
3 127 129 (496 512 336 ) (592 416 336 ) (496 416 336 ) 
3 127 128 (496 512 336 ) (592 512 336 ) (592 416 336 ) 
3 128 132 (448 560 288 ) (608 560 288 ) (608 400 288 ) 
4 128 129 (448 560 336 ) (448 560 288 ) (608 400 288 ) (608 400 336 ) 
4 129 133 (448 368 288 ) (448 560 288 ) (608 400 288 ) (608 368 288 ) 
8 130 131 (128 468 296 ) (97 481 296 ) (84 512 296 ) (97 543 296 ) (128 556 296 ) (159 543 296 ) (172 512 296 ) (159 481 296 ) 
8 131 137 (128 468 288 ) (97 481 288 ) (84 512 288 ) (97 543 288 ) (128 556 288 ) (159 543 288 ) (172 512 288 ) (159 481 288 ) 
3 132 157 (608 400 272 ) (448 560 272 ) (608 560 272 ) 
4 132 153 (640 368 272 ) (608 400 272 ) (608 560 272 ) (640 560 272 ) 
4 132 133 (448 559.998047 288 ) (448 559.998047 272 ) (639.998047 368 272 ) (639.998047 368 288 ) 
4 133 158 (608 368 272 ) (448 368 272 ) (448 560 272 ) (608 400 272 ) 
3 133 154 (640 368 272 ) (608 368 272 ) (608 400 272 ) 
4 134 155 (800 32 272 ) (608 32 272 ) (608 224 272 ) (800 224 272 ) 
4 135 141 (268 1024 280 ) (272 1024 280 ) (272 916 280 ) (268 916 280 ) 
4 135 136 (268 916 280 ) (272 916 280 ) (272 916 288 ) (268 916 288 ) 
4 136 282 (0 916 280 ) (0 912 280 ) (0 912 288 ) (0 916 288 ) 
4 136 142 (272 916 280 ) (272 912 280 ) (0 912 280 ) (0 916 280 ) 
8 137 143 (128 468 280 ) (97 481 280 ) (84 512 280 ) (97 543 280 ) (128 556 280 ) (159 543 280 ) (172 512 280 ) (159 481 280 ) 
4 138 144 (256 4 280 ) (252 4 280 ) (252 384 280 ) (256 384 280 ) 
4 138 140 (252 4 280 ) (256 4 280 ) (256 4 288 ) (252 4 288 ) 
4 138 139 (252 384 288 ) (252 384 280 ) (252 380 280 ) (252 380 288 ) 
4 139 145 (0 380 280 ) (0 384 280 ) (252 384 280 ) (252 380 280 ) 
4 140 146 (256 0 280 ) (64 0 280 ) (64 4 280 ) (256 4 280 ) 
4 141 164 (268 1024 272 ) (272 1024 272 ) (272 916 272 ) (268 916 272 ) 
4 141 142 (268 916 272 ) (272 916 272 ) (272 916 280 ) (268 916 280 ) 
4 142 282 (0 916 272 ) (0 912 272 ) (0 912 280 ) (0 916 280 ) 
4 142 170 (0 912 272 ) (0 916 272 ) (208 916 272 ) (208 912 272 ) 
4 142 164 (208 916 272 ) (272 916 272 ) (272 912 272 ) (208 912 272 ) 
3 143 180 (192 522.880005 272 ) (192 448 272 ) (75 448 272 ) 
5 143 183 (64 576 272 ) (192 576 272 ) (192 522.880005 272 ) (75 448 272 ) (64 448 272 ) 
3 144 182 (252 384 272 ) (256 384 272 ) (252 380 272 ) 
4 144 178 (256 384 272 ) (256 4 272 ) (252 4 272 ) (252 380 272 ) 
4 144 146 (252 4 272 ) (256 4 272 ) (256 4 280 ) (252 4 280 ) 
4 144 145 (252 384 280 ) (252 384 272 ) (252 380 272 ) (252 380 280 ) 
4 145 182 (0 380 272 ) (0 384 272 ) (252 384 272 ) (252 380 272 ) 
3 146 178 (252 4 272 ) (256 4 272 ) (256 0 272 ) 
4 146 177 (64 4 272 ) (252 4 272 ) (256 0 272 ) (64 0 272 ) 
3 147 185 (416 1024 144 ) (642.666626 1024 144 ) (416 864 144 ) 
4 147 148 (416 1024 144 ) (416 896 144 ) (416 896 272 ) (416 1024 272 ) 
4 147 149 (415.996094 864 272 ) (415.996094 864 144 ) (642.663696 1024 144 ) (642.663696 1024 272 ) 
4 148 186 (400 912 144 ) (400 1024 144 ) (416 1024 144 ) (416 896 144 ) 
4 148 162 (400 1024 144 ) (400 912 144 ) (400 912 272 ) (400 1024 272 ) 
4 149 187 (642.666626 1024 144 ) (688 1024 144 ) (688 864 144 ) (416 864 144 ) 
4 149 151 (416 864 144 ) (624 864 144 ) (624 864 272 ) (416 864 272 ) 
4 150 188 (624 864 144 ) (624 624 144 ) (576 576 144 ) (416 576 144 ) 
4 150 152 (512 576 144 ) (576 576 144 ) (576 576 272 ) (512 576 272 ) 
4 150 151 (624 864 272 ) (624 864 144 ) (416 576 144 ) (416 576 272 ) 
3 151 189 (416 864 144 ) (624 864 144 ) (416 576 144 ) 
4 152 159 (512 560 144 ) (576 560 144 ) (576 560 208 ) (512 560 208 ) 
4 152 157 (576 560 208 ) (576 560 272 ) (512 560 272 ) (512 560 208 ) 
4 153 159 (608 400 208 ) (608 560 208 ) (640 560 208 ) (640 368 208 ) 
4 153 157 (608 560 272 ) (608 560 208 ) (608 400 208 ) (608 400 272 ) 
4 153 154 (608 400.001953 272 ) (608 400.001953 208 ) (640 368.001953 208 ) (640 368.001953 272 ) 
3 154 160 (608 368 208 ) (608 400 208 ) (640 368 208 ) 
4 154 158 (608 400 208 ) (608 368 208 ) (608 368 272 ) (608 400 272 ) 
4 155 156 (800 32 224 ) (608 32 224 ) (608 224 224 ) (800 224 224 ) 
4 156 161 (608 32 208 ) (608 224 208 ) (800 224 208 ) (800 32 208 ) 
3 157 159 (448 560 208 ) (608 560 208 ) (608 400 208 ) 
4 157 158 (448 560 272 ) (448 560 208 ) (608 400 208 ) (608 400 272 ) 
4 158 160 (448 560 208 ) (608 400 208 ) (608 368 208 ) (448 368 208 ) 
4 159 160 (448 559.998047 208 ) (448 559.998047 144 ) (639.998047 368 144 ) (639.998047 368 208 ) 
4 161 194 (784 0 144 ) (592 0 144 ) (528 64 144 ) (848 64 144 ) 
6 161 191 (528 64 144 ) (528 192 144 ) (592 256 144 ) (784 256 144 ) (848 192 144 ) (848 64 144 ) 
4 162 196 (368 1024 144 ) (400 1024 144 ) (400 912 144 ) (368 944 144 ) 
4 163 166 (336 896 176 ) (336 896 208 ) (304 896 208 ) (304 896 176 ) 
4 164 199 (208 1024 144 ) (272 1024 144 ) (272 912 144 ) (208 912 144 ) 
4 164 170 (208 1024 144 ) (208 912 144 ) (208 912 272 ) (208 1024 272 ) 
4 164 165 (208 912 272 ) (208 912 144 ) (272 912 144 ) (272 912 272 ) 
4 165 200 (272 912 144 ) (272 896 144 ) (208 896 144 ) (208 912 144 ) 
4 165 171 (208 912 144 ) (208 896 144 ) (208 896 272 ) (208 912 272 ) 
4 165 166 (208 896 272 ) (208 896 144 ) (272 896 144 ) (272 896 272 ) 
3 166 201 (400 896 144 ) (400 768 144 ) (208 896 144 ) 
4 166 167 (208.003906 896 272 ) (208.003906 896 144 ) (400 768.002625 144 ) (400 768.002625 272 ) 
3 167 202 (400 768 144 ) (208 768 144 ) (208 896 144 ) 
4 167 173 (208 896 144 ) (208 768 144 ) (208 768 272 ) (208 896 272 ) 
4 167 168 (208 768 272 ) (208 768 144 ) (400 768 144 ) (400 768 272 ) 
4 168 203 (400 768 144 ) (400 656 144 ) (208 656 144 ) (208 768 144 ) 
4 168 183 (208 656 144 ) (256 656 144 ) (256 656 272 ) (208 656 272 ) 
4 168 175 (256 656 144 ) (400 656 144 ) (400 656 272 ) (256 656 272 ) 
4 168 173 (208 768 144 ) (208 656 144 ) (208 656 272 ) (208 768 272 ) 
4 169 303 (0 1024 272 ) (0 1024 144 ) (0 986.666626 144 ) (0 986.666626 272 ) 
3 169 204 (0 986.666626 144 ) (0 1024 144 ) (56 1024 144 ) 
4 169 170 (0 986.666382 144 ) (56 1024 144 ) (56 1024 272 ) (0 986.666382 272 ) 
4 170 310 (0 976 144 ) (0 912 144 ) (0 912 272 ) (0 976 272 ) 
4 170 304 (0 986.666626 144 ) (0 976 144 ) (0 976 272 ) (0 986.666626 272 ) 
5 170 205 (0 912 144 ) (0 986.666626 144 ) (56 1024 144 ) (208 1024 144 ) (208 912 144 ) 
4 170 171 (0 912 144 ) (208 912 144 ) (208 912 272 ) (0 912 272 ) 
4 171 314 (0 912 144 ) (0 896 144 ) (0 896 272 ) (0 912 272 ) 
4 171 206 (0 896 144 ) (0 912 144 ) (208 912 144 ) (208 896 144 ) 
4 171 172 (0 896 144 ) (208 896 144 ) (208 896 272 ) (0 896 272 ) 
4 172 333 (0 704 144 ) (0 701 144 ) (0 701 272 ) (0 704 272 ) 
4 172 328 (0 768 144 ) (0 704 144 ) (0 704 272 ) (0 768 272 ) 
4 172 322 (0 800 144 ) (0 768 144 ) (0 768 272 ) (0 800 272 ) 
4 172 320 (0 816 144 ) (0 800 144 ) (0 800 272 ) (0 816 272 ) 
4 172 316 (0 896 144 ) (0 816 144 ) (0 816 272 ) (0 896 272 ) 
3 172 207 (0 701 144 ) (0 896 144 ) (208 896 144 ) 
4 172 173 (0 701 144 ) (208 896 144 ) (208 896 272 ) (0 701 272 ) 
4 173 334 (0 701 144 ) (0 656 144 ) (0 656 272 ) (0 701 272 ) 
4 173 208 (0 656 144 ) (0 701 144 ) (208 896 144 ) (208 656 144 ) 
4 173 183 (0 656 144 ) (208 656 144 ) (208 656 272 ) (0 656 272 ) 
4 174 211 (256 544 144 ) (256 563.840027 144 ) (336 615.040039 144 ) (336 544 144 ) 
4 174 209 (336 615.040039 144 ) (400 656 144 ) (400 544 144 ) (336 544 144 ) 
4 174 180 (256 563.839966 144 ) (256 544 144 ) (256 544 272 ) (256 563.840027 272 ) 
4 174 176 (256 544 272 ) (256 544 144 ) (336 544 144 ) (336 544 272 ) 
4 174 175 (399.996094 656 272 ) (399.996094 656 144 ) (256 563.841858 144 ) (256 563.841858 272 ) 
3 175 213 (256 563.840027 144 ) (256 656 144 ) (400 656 144 ) 
4 175 183 (256 656 272 ) (256 656 144 ) (256 563.839966 144 ) (256 563.840027 272 ) 
3 176 211 (256 464 144 ) (256 544 144 ) (336 544 144 ) 
4 176 180 (256 544 144 ) (256 464 144 ) (256 464 272 ) (256 544 272 ) 
4 177 355 (0 128 144 ) (0 0 144 ) (0 0 272 ) (0 128 272 ) 
4 177 243 (64 0 272 ) (0 0 272 ) (0 0 144 ) (64 0 144 ) 
4 177 240 (128 0 272 ) (64 0 272 ) (64 0 144 ) (128 0 144 ) 
4 177 236 (128 0 208 ) (128 0 144 ) (256 0 144 ) (256 0 208 ) 
4 177 235 (256 0 272 ) (128 0 272 ) (128 0 208 ) (256 0 208 ) 
4 177 219 (256 0 144 ) (0 0 144 ) (0 128 144 ) (64 192 144 ) 
4 177 179 (64 192 144 ) (0 128 144 ) (0 128 272 ) (64 192 272 ) 
4 177 178 (256 0 272 ) (256 0 144 ) (64 192 144 ) (64 192 272 ) 
3 178 220 (256 0 144 ) (64 192 144 ) (256 384 144 ) 
4 178 182 (256 384 272 ) (256 384 144 ) (64 192 144 ) (64 192 272 ) 
4 179 356 (0 256 144 ) (0 128 144 ) (0 128 272 ) (0 256 272 ) 
3 179 222 (0 128 144 ) (0 256 144 ) (64 192 144 ) 
4 179 182 (64 192 272 ) (64 192 144 ) (0 256 144 ) (0 256 272 ) 
3 180 212 (0 400 144 ) (256 563.840027 144 ) (256 400 144 ) 
4 180 183 (256 563.841187 272 ) (256 563.841187 144 ) (0 400.001221 144 ) (0 400 272 ) 
4 180 181 (0.001954 400 272 ) (0.001950 400 144 ) (256 400 144 ) (256 400 272 ) 
4 181 221 (0 384 144 ) (0 400 144 ) (256 400 144 ) (256 384 144 ) 
4 181 182 (0 384 144 ) (255.998032 384 144 ) (255.998032 384 272 ) (0 384 272 ) 
4 182 354 (0 320 144 ) (0 256 144 ) (0 256 272 ) (0 320 272 ) 
4 182 223 (0 256 144 ) (0 384 144 ) (256 384 144 ) (64 192 144 ) 
4 183 213 (0 400 144 ) (0 656 144 ) (256 656 144 ) (256 563.840027 144 ) 
4 184 187 (688 864 80 ) (688 864 144 ) (688 928 144 ) (688 928 80 ) 
4 185 186 (416 1024 16 ) (416 896 16 ) (416 896 144 ) (416 1024 144 ) 
4 185 187 (415.996094 864 144 ) (415.996094 864 16 ) (642.663696 1024 16 ) (642.663696 1024 144 ) 
4 186 198 (400 1024 16 ) (400 912 16 ) (400 912 48 ) (400 1024 48 ) 
4 186 196 (400 912 48 ) (400 912 144 ) (400 1024 144 ) (400 1024 48 ) 
4 187 189 (416 864 16 ) (624 864 16 ) (624 864 144 ) (416 864 144 ) 
4 188 189 (624 864 144 ) (624 864 16 ) (416 576 16 ) (416 576 144 ) 
4 189 190 (416 768 16 ) (416 640 16 ) (416 640 144 ) (416 768 144 ) 
4 190 210 (400 656 16 ) (400 640 16 ) (400 640 80 ) (400 656 80 ) 
4 190 209 (400 640 80 ) (400 640 144 ) (400 656 144 ) (400 656 80 ) 
4 190 203 (400 768 16 ) (400 656 16 ) (400 656 144 ) (400 768 144 ) 
4 191 224 (800 64 16 ) (608 64 16 ) (608 224 16 ) (800 224 16 ) 
4 191 194 (528 64 16 ) (848 64 16 ) (848 64 144 ) (528 64 144 ) 
4 191 192 (528 192 16 ) (528 64 16 ) (528 64 144 ) (528 192 144 ) 
4 192 193 (512 192 144 ) (512 192 16 ) (512 64 16 ) (512 64 144 ) 
4 193 215 (400 192 16 ) (400 64 16 ) (400 64 144 ) (400 192 144 ) 
4 193 195 (432 64 80 ) (464 64 80 ) (464 64 112 ) (432 64 112 ) 
4 194 224 (608 32 16 ) (608 64 16 ) (800 64 16 ) (800 32 16 ) 
4 196 198 (368 1024 48 ) (400 1024 48 ) (400 912 48 ) (368 944 48 ) 
4 197 201 (336 896 16 ) (368 896 16 ) (368 896 48 ) (336 896 48 ) 
4 199 228 (256 916 16 ) (256 912 16 ) (208 912 16 ) (208 916 16 ) 
4 199 227 (268 916 16 ) (268 912 16 ) (256 912 16 ) (256 916 16 ) 
4 199 226 (268 1024 16 ) (272 1024 16 ) (272 912 16 ) (268 912 16 ) 
4 199 205 (208 1024 16 ) (208 912 16 ) (208 912 144 ) (208 1024 144 ) 
4 199 200 (208 912 144 ) (208 912 16 ) (272 912 16 ) (272 912 144 ) 
4 200 206 (208 912 16 ) (208 896 16 ) (208 896 144 ) (208 912 144 ) 
4 200 201 (208 896 144 ) (208 896 16 ) (272 896 16 ) (272 896 144 ) 
4 201 225 (400 896 16 ) (400 768 16 ) (272 853.333313 16 ) (272 896 16 ) 
4 201 202 (208.003906 896 144 ) (208.003906 896 16 ) (400 768.002625 16 ) (400 768.002625 144 ) 
3 202 225 (400 768 16 ) (272 768 16 ) (272 853.333313 16 ) 
4 202 208 (208 896 16 ) (208 768 16 ) (208 768 144 ) (208 896 144 ) 
4 202 203 (208 768 144 ) (208 768 16 ) (400 768 16 ) (400 768 144 ) 
4 203 213 (208 656 16 ) (400 656 16 ) (400 656 144 ) (208 656 144 ) 
4 203 208 (208 768 16 ) (208 656 16 ) (208 656 144 ) (208 768 144 ) 
4 204 374 (0 1024 144 ) (0 1024 16 ) (0 986.666626 16 ) (0 986.666626 144 ) 
4 204 205 (0 986.667175 16 ) (55.998901 1024 16 ) (55.998917 1024 144 ) (0 986.667175 144 ) 
4 205 375 (0 986.666626 16 ) (0 912 16 ) (0 912 144 ) (0 986.666626 144 ) 
4 205 228 (0 912 16 ) (0 916 16 ) (208 916 16 ) (208 912 16 ) 
4 205 206 (0 912 16 ) (208 912 16 ) (208 912 144 ) (0 912 144 ) 
4 206 381 (0 912 16 ) (0 896 16 ) (0 896 144 ) (0 912 144 ) 
4 206 207 (0 896 16 ) (208 896 16 ) (208 896 144 ) (0 896 144 ) 
4 207 389 (0 704 16 ) (0 701 16 ) (0 701 144 ) (0 704 144 ) 
4 207 382 (0 896 16 ) (0 704 16 ) (0 704 144 ) (0 896 144 ) 
4 207 208 (0 701 16 ) (208 896 16 ) (208 896 144 ) (0 701 144 ) 
4 208 390 (0 701 16 ) (0 656 16 ) (0 656 144 ) (0 701 144 ) 
4 208 213 (0 656 16 ) (208 656 16 ) (208 656 144 ) (0 656 144 ) 
4 209 211 (336 615.039063 144 ) (336 615.039063 80 ) (336 544 80 ) (336 544 144 ) 
4 209 210 (336 544 80 ) (336 615.039063 80 ) (400 656 80 ) (400 544 80 ) 
4 209 213 (399.998047 656 144 ) (399.998047 656 80 ) (336 615.041260 80 ) (336 615.041260 144 ) 
4 210 211 (336 615.039063 80 ) (336 615.039063 16 ) (336 544 16 ) (336 544 80 ) 
4 210 213 (399.998047 656 80 ) (399.998047 656 16 ) (336 615.041260 16 ) (336 615.041260 80 ) 
4 211 212 (256 563.841797 144 ) (256 563.841797 16 ) (256 464 16 ) (256 464 144 ) 
4 211 213 (336 615.041260 16 ) (256 563.841248 16 ) (256 563.841248 144 ) (336 615.041260 144 ) 
4 212 221 (0 400 16 ) (256 400 16 ) (256 400 144 ) (0 400 144 ) 
4 212 213 (256 563.841248 16 ) (-0.001954 400 16 ) (-0.001957 400 144 ) (256 563.841248 144 ) 
4 213 391 (0 528 48 ) (0 528 80 ) (0 560 80 ) (0 560 48 ) 
4 214 215 (336 192 16 ) (400 192 16 ) (400 192 80 ) (336 192 80 ) 
4 215 216 (272 192 16 ) (272 64 16 ) (272 64 144 ) (272 192 144 ) 
4 216 217 (266 192 144 ) (266 192 16 ) (266 64 16 ) (266 64 144 ) 
4 217 218 (262 192 144 ) (262 192 16 ) (262 64 16 ) (262 64 144 ) 
4 218 220 (256 192 16 ) (256 64 16 ) (256 64 144 ) (256 192 144 ) 
4 219 412 (0 128 16 ) (0 0 16 ) (0 0 144 ) (0 128 144 ) 
4 219 250 (64 0 144 ) (0 0 144 ) (0 0 16 ) (64 0 16 ) 
4 219 230 (60 4 16 ) (252 4 16 ) (256 0 16 ) (60 0 16 ) 
4 219 222 (64 192 16 ) (0 128 16 ) (0 128 144 ) (64 192 144 ) 
4 219 220 (256 0 144 ) (256 0 16 ) (64 192 16 ) (64 192 144 ) 
3 220 230 (256 4 16 ) (256 0 16 ) (252 4 16 ) 
3 220 229 (252 380 16 ) (256 384 16 ) (256 380 16 ) 
4 220 223 (256 384 144 ) (256 384 16 ) (64 192 16 ) (64 192 144 ) 
4 221 223 (0 384 16 ) (256 384 16 ) (256 384 144 ) (0 384 144 ) 
4 222 413 (0 192 16 ) (0 128 16 ) (0 128 144 ) (0 192 144 ) 
4 222 410 (0 256 16 ) (0 192 16 ) (0 192 144 ) (0 256 144 ) 
4 222 223 (64 192 144 ) (64 192 16 ) (0 256 16 ) (0 256 144 ) 
4 223 408 (0 320 16 ) (0 256 16 ) (0 256 144 ) (0 320 144 ) 
4 223 229 (0 380 16 ) (0 384 16 ) (256 384 16 ) (252 380 16 ) 
4 224 231 (608 32 0 ) (608 224 0 ) (800 224 0 ) (800 32 0 ) 
4 225 232 (272 768 0 ) (272 896 0 ) (400 896 0 ) (400 768 0 ) 
4 226 227 (268 916 0 ) (268 912 0 ) (268 912 16 ) (268 916 16 ) 
4 227 228 (256 916 0 ) (256 912 0 ) (256 912 16 ) (256 916 16 ) 
4 228 426 (0 916 0 ) (0 912 0 ) (0 912 16 ) (0 916 16 ) 
4 230 259 (64 0 16 ) (60 0 16 ) (60 0 0 ) (64 0 0 ) 
4 233 241 (80 -16 272 ) (128 -16 272 ) (128 -112 272 ) (80 -112 272 ) 
4 233 239 (128 -16 272 ) (192 -16 272 ) (192 -112 272 ) (128 -112 272 ) 
3 233 238 (192 -16 272 ) (320 -16 272 ) (192 -112 272 ) 
3 233 237 (320 -16 272 ) (320 -112 272 ) (192 -112 272 ) 
4 234 485 (0 -784 288 ) (0 -592 288 ) (0 -592 272 ) (0 -784 272 ) 
4 234 246 (0 -784 272 ) (0 -592 272 ) (96 -592 272 ) (96 -784 272 ) 
4 235 240 (128 -16 208 ) (128 -16 272 ) (128 0 272 ) (128 0 208 ) 
4 235 239 (128 -16 272 ) (128 -16 208 ) (192 -16 208 ) (192 -16 272 ) 
4 235 238 (192 -16 208 ) (256 -16 208 ) (256 -16 272 ) (192 -16 272 ) 
4 235 236 (256 -16 208 ) (128 -16 208 ) (128 0 208 ) (256 0 208 ) 
4 236 240 (128 0 144 ) (128 -16 144 ) (128 -16 208 ) (128 0 208 ) 
4 236 239 (128 -16 208 ) (128 -16 144 ) (192 -16 144 ) (192 -16 208 ) 
4 236 238 (192 -16 144 ) (256 -16 144 ) (256 -16 208 ) (192 -16 208 ) 
4 237 238 (320 -16 272 ) (320 -16 144 ) (192 -112 144 ) (192 -112 272 ) 
4 238 239 (192 -16 272 ) (192 -16 144 ) (192 -112 144 ) (192 -112 272 ) 
4 239 241 (128 -16 144 ) (128 -112 144 ) (128 -112 272 ) (128 -16 272 ) 
4 240 243 (64 0 144 ) (64 -16 144 ) (64 -16 272 ) (64 0 272 ) 
4 240 241 (64 -16 272 ) (64 -16 144 ) (128 -16 144 ) (128 -16 272 ) 
4 241 248 (128 -128 144 ) (128 -384 144 ) (64 -384 144 ) (64 -128 144 ) 
4 241 244 (64 -128 144 ) (64 -384 144 ) (64 -384 272 ) (64 -128 272 ) 
4 241 243 (64 -16 144 ) (64 -128 144 ) (64 -128 272 ) (64 -16 272 ) 
4 242 249 (128 -576 144 ) (128 -592 144 ) (64 -592 144 ) (64 -512 144 ) 
4 242 247 (64 -592 144 ) (128 -592 144 ) (128 -592 208 ) (64 -592 208 ) 
4 242 245 (64 -512 144 ) (64 -592 144 ) (64 -592 208 ) (64 -512 208 ) 
4 243 468 (0 -128 272 ) (0 -64 272 ) (0 -64 144 ) (0 -128 144 ) 
4 243 461 (0 -64 272 ) (0 0 272 ) (0 0 144 ) (0 -64 144 ) 
4 243 250 (0 -128 144 ) (0 0 144 ) (64 0 144 ) (64 -128 144 ) 
4 243 244 (0 -128 144 ) (64 -128 144 ) (64 -128 272 ) (0 -128 272 ) 
4 244 490 (0 -128 208 ) (0 -128 144 ) (0 -384 144 ) (0 -384 208 ) 
4 244 487 (0 -384 272 ) (0 -128 272 ) (0 -128 208 ) (0 -384 208 ) 
4 244 251 (0 -384 144 ) (0 -128 144 ) (64 -128 144 ) (64 -384 144 ) 
4 245 491 (0 -512 144 ) (0 -592 144 ) (0 -592 208 ) (0 -512 208 ) 
4 245 254 (0 -592 144 ) (0 -512 144 ) (64 -512 144 ) (64 -592 144 ) 
4 245 247 (0 -592 144 ) (64 -592 144 ) (64 -592 208 ) (0 -592 208 ) 
4 246 489 (0 -784 272 ) (0 -592 272 ) (0 -592 208 ) (0 -784 208 ) 
4 246 247 (0 -784 208 ) (0 -592 208 ) (96 -592 208 ) (96 -784 208 ) 
4 247 491 (0 -832 208 ) (0 -592 208 ) (0 -592 144 ) (0 -832 144 ) 
4 247 254 (0 -832 144 ) (0 -592 144 ) (64 -592 144 ) (64 -832 144 ) 
4 247 249 (64 -592 144 ) (128 -592 144 ) (128 -768 144 ) (64 -832 144 ) 
4 248 257 (64 -384 16 ) (64 -380 16 ) (128 -380 16 ) (128 -384 16 ) 
4 248 256 (64 -132 16 ) (64 -128 16 ) (124 -128 16 ) (124 -132 16 ) 
4 248 255 (124 -128 16 ) (128 -128 16 ) (128 -380 16 ) (124 -380 16 ) 
4 248 251 (64 -128 16 ) (64 -384 16 ) (64 -384 144 ) (64 -128 144 ) 
4 249 258 (64 -784 16 ) (64 -592 16 ) (96 -592 16 ) (96 -784 16 ) 
4 249 254 (64 -512 16 ) (64 -832 16 ) (64 -832 144 ) (64 -512 144 ) 
4 250 472 (0 -128 144 ) (0 0 144 ) (0 0 16 ) (0 -128 16 ) 
4 250 259 (60 0 16 ) (64 0 16 ) (64 -128 16 ) (60 -128 16 ) 
4 250 251 (0 -128 16 ) (64 -128 16 ) (64 -128 144 ) (0 -128 144 ) 
4 251 499 (0 -384 144 ) (0 -128 144 ) (0 -128 16 ) (0 -384 16 ) 
4 251 252 (0 -384 16 ) (64 -384 16 ) (64 -384 144 ) (0 -384 144 ) 
4 252 501 (0 -400 144 ) (0 -384 144 ) (0 -384 16 ) (0 -400 16 ) 
4 252 253 (0 -400 16 ) (64 -400 16 ) (64 -400 144 ) (0 -400 144 ) 
4 253 502 (0 -496 144 ) (0 -400 144 ) (0 -400 16 ) (0 -496 16 ) 
4 253 254 (0 -496 16 ) (64 -496 16 ) (64 -496 144 ) (0 -496 144 ) 
4 254 503 (0 -832 144 ) (0 -496 144 ) (0 -496 16 ) (0 -832 16 ) 
4 254 260 (0 -784 16 ) (0 -592 16 ) (64 -592 16 ) (64 -784 16 ) 
4 255 257 (124 -380 0 ) (128 -380 0 ) (128 -380 16 ) (124 -380 16 ) 
4 255 256 (124 -128 16 ) (124 -128 0 ) (124 -132 0 ) (124 -132 16 ) 
4 258 261 (96 -784 0 ) (64 -784 0 ) (64 -592 0 ) (96 -592 0 ) 
4 258 260 (64 -592 0 ) (64 -784 0 ) (64 -784 16 ) (64 -592 16 ) 
4 260 508 (0 -784 16 ) (0 -592 16 ) (0 -592 0 ) (0 -784 0 ) 
4 260 261 (0 -784 0 ) (0 -592 0 ) (64 -592 0 ) (64 -784 0 ) 
4 261 519 (0 -592 -112 ) (0 -592 -192 ) (0 -784 -192 ) (0 -784 -112 ) 
4 261 513 (0 -784 0 ) (0 -592 0 ) (0 -592 -112 ) (0 -784 -112 ) 
4 261 262 (0 -592 -192 ) (96 -592 -192 ) (96 -784 -192 ) (0 -784 -192 ) 
4 262 522 (0 -592 -240 ) (0 -592 -400 ) (0 -784 -400 ) (0 -784 -240 ) 
4 262 520 (0 -592 -192 ) (0 -592 -240 ) (0 -784 -240 ) (0 -784 -192 ) 
4 262 263 (0 -784 -400 ) (0 -592 -400 ) (96 -592 -400 ) (96 -784 -400 ) 
4 263 523 (0 -832 -400 ) (0 -512 -400 ) (0 -512 -592 ) (0 -832 -592 ) 
4 263 264 (0 -784 -592 ) (0 -592 -592 ) (96 -592 -592 ) (96 -784 -592 ) 
4 264 524 (0 -784 -672 ) (0 -784 -592 ) (0 -592 -592 ) (0 -592 -672 ) 
4 265 451 (-1024 624 352 ) (-1024 528 352 ) (-1024 528 368 ) (-1024 624 368 ) 
4 265 267 (-1024 528 352 ) (-1024 624 352 ) (-936 624 352 ) (-936 528 352 ) 
4 266 274 (-768 896 336 ) (-768 944 336 ) (-672 944 336 ) (-672 896 336 ) 
4 267 452 (-1024 624 336 ) (-1024 528 336 ) (-1024 528 352 ) (-1024 624 352 ) 
4 267 277 (-1024 576 336 ) (-1024 624 336 ) (-936 624 336 ) (-936 576 336 ) 
4 267 278 (-1024 528 336 ) (-1024 576 336 ) (-936 576 336 ) (-936 528 336 ) 
4 268 286 (-96 800 288 ) (-96 704 288 ) (-224 704 288 ) (-224 800 288 ) 
4 268 269 (-224 704 288 ) (-96 704 288 ) (-96 704 336 ) (-224 704 336 ) 
4 269 287 (-96 704 288 ) (-96 664 288 ) (-184 664 288 ) (-224 704 288 ) 
4 269 271 (-184 664 288 ) (-96 664 288 ) (-96 664 336 ) (-184 664 336 ) 
4 269 270 (-224 704 336 ) (-224 704 288 ) (-184 664 288 ) (-184 664 336 ) 
3 270 288 (-184 664 288 ) (-224 664 288 ) (-224 704 288 ) 
4 270 272 (-192 664 288 ) (-184 664 288 ) (-184 664 336 ) (-192 664 336 ) 
3 271 287 (-96 664 288 ) (-96 576 288 ) (-184 664 288 ) 
4 271 272 (-184 664 336 ) (-184 664 288 ) (-96 576 288 ) (-96 576 336 ) 
4 272 289 (-96 576 288 ) (-192 576 288 ) (-192 664 288 ) (-184 664 288 ) 
4 273 281 (-768 1024 288 ) (-608 1024 288 ) (-608 976 288 ) (-768 976 288 ) 
4 274 285 (-768 896 288 ) (-768 912 288 ) (-672 912 288 ) (-672 896 288 ) 
4 274 284 (-768 912 288 ) (-768 944 288 ) (-672 944 288 ) (-672 912 288 ) 
4 275 297 (-608 256 288 ) (-608 224 288 ) (-704 224 288 ) (-704 256 288 ) 
4 275 294 (-608 320 288 ) (-608 256 288 ) (-704 256 288 ) (-704 320 288 ) 
4 275 276 (-704 224 336 ) (-704 224 288 ) (-608 224 288 ) (-608 224 336 ) 
4 276 301 (-608 128 288 ) (-608 80 288 ) (-704 80 288 ) (-704 128 288 ) 
4 276 298 (-608 224 288 ) (-608 128 288 ) (-704 128 288 ) (-704 224 288 ) 
4 277 453 (-1024 704 288 ) (-1024 576 288 ) (-1024 576 336 ) (-1024 704 336 ) 
4 277 290 (-1024 576 288 ) (-1024 704 288 ) (-896 704 288 ) (-896 576 288 ) 
4 277 278 (-1024 576 288 ) (-896 576 288 ) (-896 576 336 ) (-1024 576 336 ) 
4 278 454 (-1024 576 288 ) (-1024 448 288 ) (-1024 448 336 ) (-1024 576 336 ) 
4 278 293 (-1024 448 288 ) (-1024 512 288 ) (-896 512 288 ) (-896 448 288 ) 
4 278 291 (-1024 512 288 ) (-1024 576 288 ) (-896 576 288 ) (-896 512 288 ) 
4 279 303 (-112 1024 272 ) (-108 1024 272 ) (-108 976 272 ) (-112 976 272 ) 
4 279 283 (-112 976 272 ) (-108 976 272 ) (-108 976 288 ) (-112 976 288 ) 
4 280 305 (-432 1024 272 ) (-416 1024 272 ) (-368 976 272 ) (-432 976 272 ) 
3 280 307 (-416 1024 272 ) (-368 1024 272 ) (-368 976 272 ) 
4 281 308 (-768 1024 272 ) (-608 1024 272 ) (-608 976 272 ) (-768 976 272 ) 
5 282 310 (0 916 272 ) (0 912 272 ) (-108 912 272 ) (-108 914.666687 272 ) (-106 916 272 ) 
3 282 309 (-108 914.666687 272 ) (-108 916 272 ) (-106 916 272 ) 
4 282 283 (-108 916 272 ) (-108 912 272 ) (-108 912 288 ) (-108 916 288 ) 
3 283 310 (-108 914.666687 272 ) (-108 912 272 ) (-112 912 272 ) 
4 283 309 (-112 976 272 ) (-108 976 272 ) (-108 914.666687 272 ) (-112 912 272 ) 
4 284 313 (-672 944 272 ) (-672 912 272 ) (-768 912 272 ) (-768 944 272 ) 
4 284 285 (-768 912 272 ) (-672 912 272 ) (-672 912 288 ) (-768 912 288 ) 
4 285 315 (-768 912 272 ) (-672 912 272 ) (-672 896 272 ) (-768 896 272 ) 
4 286 331 (-96 768 272 ) (-96 704 272 ) (-224 704 272 ) (-224 768 272 ) 
4 286 323 (-96 800 272 ) (-96 768 272 ) (-224 768 272 ) (-224 800 272 ) 
4 286 287 (-224 704 272 ) (-96 704 272 ) (-96 704 288 ) (-224 704 288 ) 
3 287 337 (-96 664 272 ) (-96 576 272 ) (-184 664 272 ) 
4 287 335 (-224 704 272 ) (-96 704 272 ) (-96 664 272 ) (-184 664 272 ) 
4 287 289 (-184.001953 664 272 ) (-96.001961 576 272 ) (-96.001961 576 288 ) (-184.001953 664 288 ) 
4 287 288 (-224 703.998047 288 ) (-224 703.998047 272 ) (-184.001953 664 272 ) (-184.001953 664 288 ) 
3 288 336 (-224 704 272 ) (-184 664 272 ) (-224 664 272 ) 
4 288 289 (-192 664 272 ) (-184.001938 664 272 ) (-184.001938 664 288 ) (-192 664 288 ) 
4 289 338 (-184 664 272 ) (-96 576 272 ) (-192 576 272 ) (-192 664 272 ) 
4 290 453 (-1024 704 272 ) (-1024 576 272 ) (-1024 576 288 ) (-1024 704 288 ) 
4 290 344 (-1024 576 272 ) (-1024 704 272 ) (-896 704 272 ) (-896 576 272 ) 
4 290 291 (-1024 576 272 ) (-896 576 272 ) (-896 576 288 ) (-1024 576 288 ) 
4 291 454 (-1024 576 272 ) (-1024 512 272 ) (-1024 512 288 ) (-1024 576 288 ) 
4 291 350 (-1024 512 272 ) (-1024 576 272 ) (-896 576 272 ) (-896 512 272 ) 
4 291 293 (-1024 512 272 ) (-896 512 272 ) (-896 512 288 ) (-1024 512 288 ) 
4 292 347 (-592 512 272 ) (-528 512 272 ) (-528 448 272 ) (-592 448 272 ) 
4 293 454 (-1024 512 272 ) (-1024 448 272 ) (-1024 448 288 ) (-1024 512 288 ) 
4 293 351 (-1024 448 272 ) (-1024 512 272 ) (-896 512 272 ) (-896 448 272 ) 
4 294 361 (-704 320 272 ) (-608 320 272 ) (-608 256 272 ) (-704 256 272 ) 
4 294 297 (-704 256 272 ) (-608 256 272 ) (-608 256 288 ) (-704 256 288 ) 
4 295 356 (-128 256 272 ) (-124 256 272 ) (-124 128 272 ) (-128 128 272 ) 
4 295 299 (-128 128 272 ) (-124 128 272 ) (-124 128 288 ) (-128 128 288 ) 
3 296 359 (-368 134.399994 272 ) (-368 128 272 ) (-378.666656 128 272 ) 
5 296 358 (-368 160 272 ) (-368 134.399994 272 ) (-378.666656 128 272 ) (-400 128 272 ) (-400 160 272 ) 
4 297 361 (-704 256 272 ) (-608 256 272 ) (-608 224 272 ) (-704 224 272 ) 
4 297 298 (-704 224 288 ) (-704 224 272 ) (-608 224 272 ) (-608 224 288 ) 
4 298 362 (-608 224 272 ) (-608 128 272 ) (-704 128 272 ) (-704 224 272 ) 
4 298 301 (-704 128 272 ) (-608 128 272 ) (-608 128 288 ) (-704 128 288 ) 
4 299 356 (-128 128 272 ) (-124 128 272 ) (-124 4 272 ) (-128 4 272 ) 
4 299 300 (-128 4 272 ) (-124 4 272 ) (-124 4 288 ) (-128 4 288 ) 
3 300 356 (-128 0 272 ) (-128 4 272 ) (-124 4 272 ) 
4 300 355 (-64 0 272 ) (-128 0 272 ) (-124 4 272 ) (-64 4 272 ) 
4 301 362 (-704 80 272 ) (-704 128 272 ) (-608 128 272 ) (-608 80 272 ) 
4 302 367 (-944 96 272 ) (-944 128 272 ) (-912 128 272 ) (-912 96 272 ) 
5 303 374 (-112 1024 144 ) (0 1024 144 ) (0 986.666626 144 ) (-16 976 144 ) (-112 976 144 ) 
4 303 309 (-112 976 144 ) (-16 976 144 ) (-16 976 272 ) (-112 976 272 ) 
4 303 304 (-16 976 272 ) (-16 976 144 ) (0 986.666687 144 ) (0 986.666687 272 ) 
3 304 375 (0 986.666626 144 ) (0 976 144 ) (-16 976 144 ) 
4 304 310 (-16 976 144 ) (0 976 144 ) (0 976 272 ) (-16 976 272 ) 
4 305 379 (-560 1024 144 ) (-416 1024 144 ) (-368 976 144 ) (-560 976 144 ) 
4 305 311 (-560 976 144 ) (-368 976 144 ) (-368 976 272 ) (-560 976 272 ) 
4 305 307 (-368 976 272 ) (-368 976 144 ) (-416 1024 144 ) (-416 1024 272 ) 
4 305 306 (-560 1024 144 ) (-560 976 144 ) (-560 976 272 ) (-560 1024 272 ) 
4 306 308 (-576 1024 144 ) (-576 976 144 ) (-576 976 272 ) (-576 1024 272 ) 
4 307 380 (-416 1024 144 ) (-304 1024 144 ) (-304 976 144 ) (-368 976 144 ) 
4 307 312 (-368 976 144 ) (-304 976 144 ) (-304 976 272 ) (-368 976 272 ) 
3 309 374 (-112 976 144 ) (-16 976 144 ) (-112 912 144 ) 
4 309 310 (-112 912 272 ) (-112 912 144 ) (-16 976 144 ) (-16 976 272 ) 
4 310 375 (-16 976 144 ) (0 976 144 ) (0 912 144 ) (-112 912 144 ) 
4 310 314 (-48 912 144 ) (0 912 144 ) (0 912 272 ) (-48 912 272 ) 
4 311 379 (-560 976 144 ) (-368 976 144 ) (-304 912 144 ) (-560 912 144 ) 
4 311 312 (-304 912 272 ) (-304 912 144 ) (-368 976 144 ) (-368 976 272 ) 
3 312 380 (-368 976 144 ) (-304 976 144 ) (-304 912 144 ) 
4 313 315 (-784 912 144 ) (-656 912 144 ) (-656 912 272 ) (-784 912 272 ) 
4 314 381 (-48 912 144 ) (0 912 144 ) (0 896 144 ) (-48 896 144 ) 
4 314 316 (-48 896 144 ) (0 896 144 ) (0 896 272 ) (-48 896 272 ) 
4 315 318 (-784 896 144 ) (-656 896 144 ) (-656 896 272 ) (-784 896 272 ) 
4 316 382 (-48 896 144 ) (0 896 144 ) (0 816 144 ) (-48 816 144 ) 
4 316 320 (-48 816 144 ) (0 816 144 ) (0 816 272 ) (-48 816 272 ) 
4 317 383 (-432 848 144 ) (-432 816 144 ) (-464 816 144 ) (-464 848 144 ) 
4 318 319 (-784 872 272 ) (-784 872 144 ) (-656 872 144 ) (-656 872 272 ) 
4 319 321 (-784 816 144 ) (-656 816 144 ) (-656 816 272 ) (-784 816 272 ) 
4 320 382 (-48 816 144 ) (0 816 144 ) (0 800 144 ) (-48 800 144 ) 
4 320 322 (-48 800 144 ) (0 800 144 ) (0 800 272 ) (-48 800 272 ) 
4 321 324 (-784 800 144 ) (-656 800 144 ) (-656 800 272 ) (-784 800 272 ) 
4 322 382 (-48 800 144 ) (0 800 144 ) (0 768 144 ) (-48 768 144 ) 
4 322 328 (-48 768 144 ) (0 768 144 ) (0 768 272 ) (-48 768 272 ) 
4 323 331 (-224 768 144 ) (-96 768 144 ) (-96 768 272 ) (-224 768 272 ) 
4 324 325 (-784 784 272 ) (-784 784 144 ) (-656 784 144 ) (-656 784 272 ) 
4 325 326 (-784 779 272 ) (-784 779 144 ) (-656 779 144 ) (-656 779 272 ) 
4 326 327 (-784 777 272 ) (-784 777 144 ) (-656 777 144 ) (-656 777 272 ) 
4 327 332 (-784 768 144 ) (-656 768 144 ) (-656 768 272 ) (-784 768 272 ) 
4 328 382 (-48 768 144 ) (0 768 144 ) (0 704 144 ) (-48 704 144 ) 
4 328 333 (-48 704 144 ) (0 704 144 ) (0 704 272 ) (-48 704 272 ) 
4 328 329 (-48 768 272 ) (-48 768 144 ) (-48 704 144 ) (-48 704 272 ) 
4 329 330 (-64 768 272 ) (-64 768 144 ) (-64 704 144 ) (-64 704 272 ) 
4 330 331 (-96 768 272 ) (-96 768 144 ) (-96 704 144 ) (-96 704 272 ) 
4 331 335 (-224 704 144 ) (-96 704 144 ) (-96 704 272 ) (-224 704 272 ) 
4 332 388 (-784 768 144 ) (-656 768 144 ) (-592 704 144 ) (-848 704 144 ) 
4 332 340 (-720 704 144 ) (-592 704 144 ) (-592 704 272 ) (-720 704 272 ) 
4 332 343 (-848 704 144 ) (-720 704 144 ) (-720 704 272 ) (-848 704 272 ) 
4 333 392 (-48 704 144 ) (-16 704 144 ) (-16 686 144 ) (-23.225800 679.225830 144 ) 
4 333 389 (-16 704 144 ) (0 704 144 ) (0 701 144 ) (-16 686 144 ) 
4 333 334 (-23.223557 679.223572 144 ) (0 700.994995 144 ) (0 700.994934 272 ) (-23.223545 679.223511 272 ) 
3 334 393 (-16 672 144 ) (-23.225800 679.225830 144 ) (-16 686 144 ) 
4 334 390 (0 701 144 ) (0 656 144 ) (-16 672 144 ) (-16 686 144 ) 
4 335 337 (-184 664 144 ) (-96 664 144 ) (-96 664 272 ) (-184 664 272 ) 
4 335 336 (-224 704 272 ) (-224 704 144 ) (-184 664 144 ) (-184 664 272 ) 
4 336 338 (-192 664 144 ) (-184 664 144 ) (-184 664 272 ) (-192 664 272 ) 
4 337 338 (-184 664 272 ) (-184 664 144 ) (-96 576 144 ) (-96 576 272 ) 
4 339 341 (-272 608 208 ) (-272 640 208 ) (-272 640 176 ) (-272 608 176 ) 
4 340 398 (-720 704 144 ) (-496 704 144 ) (-608 576 144 ) (-720 576 144 ) 
4 340 346 (-720 576 144 ) (-608 576 144 ) (-608 576 272 ) (-720 576 272 ) 
4 340 342 (-608 576 272 ) (-608 576 144 ) (-496 704 144 ) (-496 704 272 ) 
4 340 343 (-720 704 272 ) (-720 704 144 ) (-720 576 144 ) (-720 576 272 ) 
4 341 394 (-280 704 144 ) (-272 704 144 ) (-272 640 144 ) (-280 640 144 ) 
4 341 395 (-496 704 144 ) (-280 704 144 ) (-280 576 144 ) (-496 576 144 ) 
4 341 345 (-496 576 144 ) (-272 576 144 ) (-272 576 272 ) (-496 576 272 ) 
4 341 342 (-496 704 272 ) (-496 704 144 ) (-496 576 144 ) (-496 576 272 ) 
3 342 399 (-496 704 144 ) (-496 576 144 ) (-608 576 144 ) 
4 342 347 (-608 576 144 ) (-496 576 144 ) (-496 576 272 ) (-608 576 272 ) 
4 343 400 (-848 704 144 ) (-720 704 144 ) (-720 576 144 ) (-848 576 144 ) 
4 343 348 (-848 576 144 ) (-720 576 144 ) (-720 576 272 ) (-848 576 272 ) 
4 344 456 (-1024 704 144 ) (-1024 576 144 ) (-1024 576 272 ) (-1024 704 272 ) 
4 344 350 (-1024 576 144 ) (-896 576 144 ) (-896 576 272 ) (-1024 576 272 ) 
4 345 396 (-272 512 144 ) (-272 448 144 ) (-280 448 144 ) (-280 512 144 ) 
4 345 397 (-496 576 144 ) (-280 576 144 ) (-280 448 144 ) (-496 448 144 ) 
4 345 347 (-496 576 272 ) (-496 576 144 ) (-496 448 144 ) (-496 448 272 ) 
3 346 398 (-720 576 144 ) (-608 576 144 ) (-720 448 144 ) 
4 346 348 (-720 576 272 ) (-720 576 144 ) (-720 448 144 ) (-720 448 272 ) 
4 346 347 (-720 448 272 ) (-720 448 144 ) (-608 576 144 ) (-608 576 272 ) 
4 347 399 (-608 576 144 ) (-496 576 144 ) (-496 448 144 ) (-720 448 144 ) 
4 348 400 (-848 576 144 ) (-720 576 144 ) (-720 448 144 ) (-848 448 144 ) 
4 348 352 (-848 448 144 ) (-720 448 144 ) (-720 448 272 ) (-848 448 272 ) 
4 348 349 (-848 576 272 ) (-848 576 144 ) (-848 512 144 ) (-848 512 272 ) 
4 349 350 (-864 576 272 ) (-864 576 144 ) (-864 512 144 ) (-864 512 272 ) 
4 350 457 (-1024 576 144 ) (-1024 512 144 ) (-1024 512 272 ) (-1024 576 272 ) 
4 350 351 (-1024 512 144 ) (-896 512 144 ) (-896 512 272 ) (-1024 512 272 ) 
4 351 457 (-1024 512 144 ) (-1024 448 144 ) (-1024 448 272 ) (-1024 512 272 ) 
4 352 406 (-720 336 144 ) (-720 320 144 ) (-848 320 144 ) (-848 336 144 ) 
4 352 403 (-720 384 144 ) (-720 336 144 ) (-848 336 144 ) (-848 384 144 ) 
4 352 401 (-848 448 144 ) (-720 448 144 ) (-720 384 144 ) (-848 384 144 ) 
4 352 364 (-848 320 144 ) (-720 320 144 ) (-720 320 272 ) (-848 320 272 ) 
3 353 407 (-32 288 144 ) (0 256 144 ) (-64 256 144 ) 
4 353 356 (-64 256 144 ) (0 256 144 ) (0 256 272 ) (-64 256 272 ) 
4 353 354 (0.001945 256 272 ) (0.001949 256 144 ) (-32 288 144 ) (-32 288 272 ) 
3 354 408 (0 320 144 ) (0 256 144 ) (-32 288 144 ) 
4 355 461 (0 0 144 ) (0 0 272 ) (-64 0 272 ) (-64 0 144 ) 
3 355 412 (0 128 144 ) (0 0 144 ) (-128 0 144 ) 
4 355 356 (0 128 144 ) (-128 0 144 ) (-128 0 272 ) (0 128 272 ) 
4 356 413 (0 192 144 ) (0 128 144 ) (-128 0 144 ) (-128 192 144 ) 
4 356 410 (0 256 144 ) (0 192 144 ) (-128 192 144 ) (-128 256 144 ) 
4 357 411 (-272 256 144 ) (-272 192 144 ) (-592 192 144 ) (-592 256 144 ) 
4 357 409 (-528 320 144 ) (-272 320 144 ) (-272 256 144 ) (-592 256 144 ) 
4 357 360 (-592 224 144 ) (-592 192 144 ) (-592 192 272 ) (-592 224 272 ) 
4 357 358 (-592 192 272 ) (-592 192 144 ) (-272 192 144 ) (-272 192 272 ) 
3 358 418 (-272 192 144 ) (-592 0 144 ) (-592 192 144 ) 
4 358 360 (-592 192 144 ) (-592 96 144 ) (-592 96 272 ) (-592 192 272 ) 
4 358 359 (-592 0 272 ) (-592 0 144 ) (-272 192 144 ) (-272 192 272 ) 
4 359 463 (-272 0 272 ) (-592 0 272 ) (-592 0 144 ) (-272 0 144 ) 
3 359 419 (-272 192 144 ) (-272 0 144 ) (-592 0 144 ) 
4 360 362 (-608 224 144 ) (-608 96 144 ) (-608 96 272 ) (-608 224 272 ) 
4 361 362 (-704 224 272 ) (-704 224 144 ) (-608 224 144 ) (-608 224 272 ) 
4 363 465 (-656 0 272 ) (-704 0 272 ) (-704 0 144 ) (-656 0 144 ) 
3 363 421 (-656 0 144 ) (-704 0 144 ) (-704 48 144 ) 
4 363 365 (-704 48 144 ) (-704 0 144 ) (-704 0 272 ) (-704 48 272 ) 
4 364 423 (-848 320 144 ) (-720 320 144 ) (-720 64 144 ) (-848 192 144 ) 
4 364 368 (-848 320 208 ) (-848 320 144 ) (-848 192 144 ) (-848 192 208 ) 
4 364 367 (-848 320 272 ) (-848 320 208 ) (-848 192 208 ) (-848 192 272 ) 
4 364 366 (-848 192 272 ) (-848 192 144 ) (-720 64 144 ) (-720 64 272 ) 
4 365 465 (-704 0 272 ) (-784 0 272 ) (-784 0 144 ) (-704 0 144 ) 
3 365 422 (-720 0 144 ) (-784 0 144 ) (-720 64 144 ) 
4 365 421 (-704 48 144 ) (-704 0 144 ) (-720 0 144 ) (-720 64 144 ) 
4 365 366 (-720 64 272 ) (-720 64 144 ) (-784 0 144 ) (-784 0 272 ) 
4 366 466 (-784 0 272 ) (-848 0 272 ) (-848 0 144 ) (-784 0 144 ) 
4 366 423 (-784 0 144 ) (-848 0 144 ) (-848 192 144 ) (-720 64 144 ) 
4 366 368 (-848 192 144 ) (-848 64 144 ) (-848 64 208 ) (-848 192 208 ) 
4 366 367 (-848 64 272 ) (-848 192 272 ) (-848 192 208 ) (-848 64 208 ) 
3 367 368 (-976 64 208 ) (-848 320 208 ) (-848 64 208 ) 
4 367 369 (-848 320 272 ) (-848 320 208 ) (-976 64 208 ) (-976 64 272 ) 
3 368 424 (-848 320 144 ) (-848 64 144 ) (-976 64 144 ) 
4 368 369 (-848 320 208 ) (-848 320 144 ) (-976 64 144 ) (-976 64 208 ) 
3 369 425 (-976 320 144 ) (-848 320 144 ) (-976 64 144 ) 
4 369 370 (-976 256 144 ) (-976 128 144 ) (-976 128 272 ) (-976 256 272 ) 
4 370 371 (-985 256 272 ) (-985 256 144 ) (-985 128 144 ) (-985 128 272 ) 
4 371 372 (-987 256 272 ) (-987 256 144 ) (-987 128 144 ) (-987 128 272 ) 
4 372 373 (-992 256 144 ) (-992 128 144 ) (-992 128 272 ) (-992 256 272 ) 
4 373 458 (-1024 256 144 ) (-1024 128 144 ) (-1024 128 272 ) (-1024 256 272 ) 
4 374 427 (-108 976 16 ) (-108 914.666687 16 ) (-112 912 16 ) (-112 976 16 ) 
3 374 426 (-106 916 16 ) (-108 914.666687 16 ) (-108 916 16 ) 
4 374 376 (-112 1024 16 ) (-112 976 16 ) (-112 976 144 ) (-112 1024 144 ) 
4 374 375 (-112 912 144 ) (-112 912 16 ) (0 986.666687 16 ) (0 986.667969 144 ) 
3 375 427 (-108 912 16 ) (-112 912 16 ) (-108 914.666687 16 ) 
5 375 426 (0 916 16 ) (0 912 16 ) (-108 912 16 ) (-108 914.666687 16 ) (-106 916 16 ) 
4 375 381 (-48 912 16 ) (0 912 16 ) (0 912 144 ) (-48 912 144 ) 
4 376 377 (-128 1024 16 ) (-128 976 16 ) (-128 976 144 ) (-128 1024 144 ) 
4 377 378 (-208 1024 16 ) (-208 976 16 ) (-208 976 144 ) (-208 1024 144 ) 
4 378 380 (-304 1024 16 ) (-304 976 16 ) (-304 976 144 ) (-304 1024 144 ) 
4 379 383 (-496 912 16 ) (-368 912 16 ) (-368 912 144 ) (-496 912 144 ) 
4 379 380 (-304 912 144 ) (-304 912 16 ) (-416 1024 16 ) (-416 1024 144 ) 
4 381 382 (-48 896 16 ) (0 896 16 ) (0 896 144 ) (-48 896 144 ) 
4 382 392 (-48 704 16 ) (-16 704 16 ) (-16 704 144 ) (-48 704 144 ) 
4 382 389 (-16 704 16 ) (0 704 16 ) (0 704 144 ) (-16 704 144 ) 
4 383 384 (-496 816 144 ) (-496 816 16 ) (-368 816 16 ) (-368 816 144 ) 
4 384 385 (-496 720 144 ) (-496 720 16 ) (-368 720 16 ) (-368 720 144 ) 
4 385 386 (-496 714 144 ) (-496 714 16 ) (-368 714 16 ) (-368 714 144 ) 
4 386 387 (-496 710 144 ) (-496 710 16 ) (-368 710 16 ) (-368 710 144 ) 
4 387 395 (-496 704 16 ) (-368 704 16 ) (-368 704 144 ) (-496 704 144 ) 
4 388 398 (-720 704 16 ) (-592 704 16 ) (-592 704 144 ) (-720 704 144 ) 
4 388 400 (-848 704 16 ) (-720 704 16 ) (-720 704 144 ) (-848 704 144 ) 
4 389 392 (-16 704 144 ) (-16 704 16 ) (-16 686 16 ) (-16 686 144 ) 
4 389 390 (-16 685.996216 144 ) (-16 685.996216 16 ) (0 700.996643 16 ) (0 700.996643 144 ) 
4 390 393 (-16 686 16 ) (-16 672 16 ) (-16 672 144 ) (-16 686 144 ) 
4 392 393 (-23.223852 679.223877 16 ) (-16 685.996216 16 ) (-16 685.996216 144 ) (-23.223852 679.223877 144 ) 
4 394 395 (-280 704 144 ) (-280 704 16 ) (-280 640 16 ) (-280 640 144 ) 
4 395 399 (-496 704 144 ) (-496 704 16 ) (-496 576 16 ) (-496 576 144 ) 
4 395 397 (-496 576 144 ) (-496 576 16 ) (-280 576 16 ) (-280 576 144 ) 
4 396 397 (-280 512 16 ) (-280 448 16 ) (-280 448 144 ) (-280 512 144 ) 
4 397 399 (-496 576 16 ) (-496 448 16 ) (-496 448 144 ) (-496 576 144 ) 
4 398 400 (-720 704 144 ) (-720 704 16 ) (-720 448 16 ) (-720 448 144 ) 
4 398 399 (-720 448 144 ) (-720 448 16 ) (-496 704 16 ) (-496 704 144 ) 
4 400 402 (-848 448 16 ) (-720 448 16 ) (-720 448 80 ) (-848 448 80 ) 
4 400 401 (-720 448 80 ) (-720 448 144 ) (-848 448 144 ) (-848 448 80 ) 
4 401 403 (-720 384 80 ) (-720 384 144 ) (-848 384 144 ) (-848 384 80 ) 
4 401 402 (-848 448 80 ) (-720 448 80 ) (-720 384 80 ) (-848 384 80 ) 
4 402 439 (-848 448 16 ) (-720 448 16 ) (-720 384 16 ) (-848 384 16 ) 
4 402 403 (-848 384 16 ) (-720 384 16 ) (-720 384 80 ) (-848 384 80 ) 
4 403 439 (-848 384 16 ) (-720 384 16 ) (-720 336 16 ) (-848 336 16 ) 
4 403 406 (-848 336 16 ) (-720 336 16 ) (-720 336 144 ) (-848 336 144 ) 
4 404 409 (-336 320 112 ) (-336 320 144 ) (-368 320 144 ) (-368 320 112 ) 
4 405 409 (-416 320 64 ) (-416 320 96 ) (-448 320 96 ) (-448 320 64 ) 
4 406 439 (-848 336 16 ) (-720 336 16 ) (-720 320 16 ) (-848 320 16 ) 
4 406 423 (-848 320 16 ) (-720 320 16 ) (-720 320 144 ) (-848 320 144 ) 
4 407 410 (-64 256 16 ) (0 256 16 ) (0 256 144 ) (-64 256 144 ) 
4 407 408 (0 256 144 ) (0 256 16 ) (-32 288 16 ) (-32 288 144 ) 
4 409 411 (-592 256 144 ) (-592 256 16 ) (-272 256 16 ) (-272 256 144 ) 
4 410 413 (-128 192 16 ) (0 192 16 ) (0 192 144 ) (-128 192 144 ) 
4 411 418 (-592 192 144 ) (-592 192 16 ) (-272 192 16 ) (-272 192 144 ) 
4 412 472 (0 0 16 ) (0 0 144 ) (-64 0 144 ) (-64 0 16 ) 
4 412 429 (-112 0 16 ) (-128 0 16 ) (-124 4 16 ) (-112 4 16 ) 
4 412 428 (-60 0 16 ) (-112 0 16 ) (-112 4 16 ) (-60 4 16 ) 
4 412 413 (0 128 16 ) (-128 0 16 ) (-128 0 144 ) (0 128 144 ) 
3 413 429 (-128 0 16 ) (-128 4 16 ) (-124 4 16 ) 
4 413 414 (-128 192 144 ) (-128 192 16 ) (-128 64 16 ) (-128 64 144 ) 
4 414 415 (-134 192 144 ) (-134 192 16 ) (-134 64 16 ) (-134 64 144 ) 
4 415 416 (-138 192 144 ) (-138 192 16 ) (-138 64 16 ) (-138 64 144 ) 
4 416 417 (-144 192 144 ) (-144 192 16 ) (-144 64 16 ) (-144 64 144 ) 
4 417 419 (-272 192 144 ) (-272 192 16 ) (-272 64 16 ) (-272 64 144 ) 
4 418 420 (-592 96 112 ) (-592 96 80 ) (-592 64 80 ) (-592 64 112 ) 
4 418 419 (-592 0 144 ) (-592 0 16 ) (-272 192 16 ) (-272 192 144 ) 
4 419 473 (-272 0 144 ) (-336 0 144 ) (-336 0 16 ) (-272 0 16 ) 
4 419 474 (-336 0 144 ) (-592 0 144 ) (-592 0 16 ) (-336 0 16 ) 
4 421 476 (-656 0 144 ) (-720 0 144 ) (-720 0 16 ) (-656 0 16 ) 
4 421 444 (-704 0 16 ) (-720 0 16 ) (-720 64 16 ) (-704 48 16 ) 
3 421 431 (-656 0 16 ) (-704 0 16 ) (-704 48 16 ) 
4 421 422 (-720 64 16 ) (-720 0 16 ) (-720 0 144 ) (-720 64 144 ) 
4 422 476 (-720 0 144 ) (-784 0 144 ) (-784 0 16 ) (-720 0 16 ) 
3 422 444 (-720 0 16 ) (-784 0 16 ) (-720 64 16 ) 
4 422 423 (-720 64 144 ) (-720 64 16 ) (-784 0 16 ) (-784 0 144 ) 
4 423 477 (-784 0 144 ) (-848 0 144 ) (-848 0 16 ) (-784 0 16 ) 
4 423 445 (-784 0 16 ) (-848 0 16 ) (-848 192 16 ) (-720 64 16 ) 
3 423 443 (-848 192 16 ) (-720 192 16 ) (-720 64 16 ) 
4 423 442 (-848 192 16 ) (-848 224 16 ) (-720 224 16 ) (-720 192 16 ) 
4 423 440 (-848 224 16 ) (-848 320 16 ) (-720 320 16 ) (-720 224 16 ) 
4 423 424 (-848 320 144 ) (-848 320 16 ) (-848 64 16 ) (-848 64 144 ) 
4 424 425 (-848 320 144 ) (-848 320 16 ) (-976 64 16 ) (-976 64 144 ) 
4 426 427 (-108 916 0 ) (-108 912 0 ) (-108 912 16 ) (-108 916 16 ) 
4 428 478 (-60 0 16 ) (-64 0 16 ) (-64 0 0 ) (-60 0 0 ) 
4 428 429 (-112 4 0 ) (-112 0 0 ) (-112 0 16 ) (-112 4 16 ) 
4 430 438 (-704 304 16 ) (-704 432 16 ) (-704 432 0 ) (-704 304 0 ) 
4 430 432 (-704 304 0 ) (-704 432 0 ) (-576 432 0 ) (-576 304 0 ) 
4 431 482 (-656 0 16 ) (-704 0 16 ) (-704 0 0 ) (-656 0 0 ) 
4 431 444 (-704 0 0 ) (-704 0 16 ) (-704 48 16 ) (-704 48 0 ) 
4 431 434 (-656 0 0 ) (-704 0 0 ) (-704 16 0 ) (-672 16 0 ) 
3 431 433 (-704 16 0 ) (-704 48 0 ) (-672 16 0 ) 
4 432 446 (-704 304 -112 ) (-704 432 -112 ) (-576 432 -112 ) (-576 304 -112 ) 
4 432 438 (-704 432 -112 ) (-704 304 -112 ) (-704 304 0 ) (-704 432 0 ) 
3 433 447 (-704 16 -112 ) (-704 48 -112 ) (-672 16 -112 ) 
4 433 444 (-704 48 -112 ) (-704 16 -112 ) (-704 16 0 ) (-704 48 0 ) 
4 433 437 (-704 16 -80 ) (-704 16 -112 ) (-672 16 -112 ) (-672 16 -80 ) 
4 433 436 (-704 16 -48 ) (-704 16 -80 ) (-672 16 -80 ) (-672 16 -48 ) 
4 433 434 (-672 16 0 ) (-704 16 0 ) (-704 16 -48 ) (-672 16 -48 ) 
4 434 482 (-656 0 0 ) (-704 0 0 ) (-704 0 -48 ) (-656 0 -48 ) 
4 434 444 (-704 0 -48 ) (-704 0 0 ) (-704 16 0 ) (-704 16 -48 ) 
4 434 436 (-704 0 -48 ) (-704 16 -48 ) (-672 16 -48 ) (-656 0 -48 ) 
4 435 480 (-560 0 -80 ) (-528 0 -80 ) (-528 0 -48 ) (-560 0 -48 ) 
4 436 482 (-704 0 -48 ) (-704 0 -80 ) (-656 0 -80 ) (-656 0 -48 ) 
4 436 444 (-704 0 -80 ) (-704 0 -48 ) (-704 16 -48 ) (-704 16 -80 ) 
4 436 437 (-704 0 -80 ) (-704 16 -80 ) (-672 16 -80 ) (-656 0 -80 ) 
4 437 482 (-704 0 -80 ) (-704 0 -112 ) (-656 0 -112 ) (-656 0 -80 ) 
4 437 447 (-656 0 -112 ) (-704 0 -112 ) (-704 16 -112 ) (-672 16 -112 ) 
4 437 444 (-704 16 -112 ) (-704 0 -112 ) (-704 0 -80 ) (-704 16 -80 ) 
4 438 440 (-720 320 -112 ) (-720 304 -112 ) (-720 304 16 ) (-720 320 16 ) 
4 438 439 (-720 432 -112 ) (-720 320 -112 ) (-720 320 16 ) (-720 432 16 ) 
4 439 449 (-848 320 -112 ) (-848 448 -112 ) (-720 448 -112 ) (-720 320 -112 ) 
4 439 440 (-848 320 16 ) (-848 320 -112 ) (-720 320 -112 ) (-720 320 16 ) 
4 440 450 (-848 224 -112 ) (-848 320 -112 ) (-720 320 -112 ) (-720 224 -112 ) 
4 440 442 (-848 224 16 ) (-848 224 -112 ) (-720 224 -112 ) (-720 224 16 ) 
4 441 442 (-720 224 -16 ) (-720 224 -48 ) (-720 192 -48 ) (-720 192 -16 ) 
4 442 450 (-848 192 -112 ) (-848 224 -112 ) (-720 224 -112 ) (-720 192 -112 ) 
4 442 443 (-848 192 16 ) (-848 192 -112 ) (-720 192 -112 ) (-720 192 16 ) 
3 443 450 (-848 192 -112 ) (-720 192 -112 ) (-720 64 -112 ) 
4 443 445 (-848 192 16 ) (-848 192 -112 ) (-720 64 -112 ) (-720 64 16 ) 
4 444 482 (-704 0 16 ) (-784 0 16 ) (-784 0 -112 ) (-704 0 -112 ) 
3 444 448 (-720 0 -112 ) (-784 0 -112 ) (-720 64 -112 ) 
4 444 447 (-704 0 -112 ) (-720 0 -112 ) (-720 64 -112 ) (-704 48 -112 ) 
4 444 445 (-720 64 16 ) (-720 64 -112 ) (-784 0 -112 ) (-784 0 16 ) 
4 445 483 (-784 0 16 ) (-848 0 16 ) (-848 0 -112 ) (-784 0 -112 ) 
4 445 450 (-784 0 -112 ) (-848 0 -112 ) (-848 192 -112 ) (-720 64 -112 ) 
4 447 517 (-656 0 -112 ) (-720 0 -112 ) (-720 0 -240 ) (-656 0 -240 ) 
4 447 448 (-720 64 -240 ) (-720 0 -240 ) (-720 0 -112 ) (-720 64 -112 ) 
4 448 517 (-720 0 -112 ) (-784 0 -112 ) (-784 0 -240 ) (-720 0 -240 ) 
4 448 450 (-720 64 -112 ) (-720 64 -240 ) (-784 0 -240 ) (-784 0 -112 ) 
4 449 450 (-848 320 -112 ) (-848 320 -240 ) (-720 320 -240 ) (-720 320 -112 ) 
4 450 518 (-784 0 -112 ) (-848 0 -112 ) (-848 0 -240 ) (-784 0 -240 ) 
4 451 452 (-1024 624 352 ) (-1024 528 352 ) (-1032 528 352 ) (-1032 624 352 ) 
4 452 453 (-1032 624 336 ) (-1024 624 336 ) (-1024 576 336 ) (-1032 576 336 ) 
4 452 454 (-1024 576 336 ) (-1024 528 336 ) (-1032 528 336 ) (-1032 576 336 ) 
4 453 456 (-1072 576 272 ) (-1072 704 272 ) (-1024 704 272 ) (-1024 576 272 ) 
4 453 454 (-1024 576 336 ) (-1072 576 336 ) (-1072 576 272 ) (-1024 576 272 ) 
4 454 457 (-1072 448 272 ) (-1072 576 272 ) (-1024 576 272 ) (-1024 448 272 ) 
4 455 460 (-1152 144 272 ) (-1152 240 272 ) (-1104 240 272 ) (-1104 144 272 ) 
4 456 457 (-1072 576 272 ) (-1072 576 144 ) (-1024 576 144 ) (-1024 576 272 ) 
4 458 459 (-1072 256 144 ) (-1072 128 144 ) (-1072 128 272 ) (-1072 256 272 ) 
4 459 460 (-1080 256 272 ) (-1080 256 144 ) (-1080 128 144 ) (-1080 128 272 ) 
4 461 472 (-64 0 144 ) (0 0 144 ) (0 -64 144 ) (-64 -64 144 ) 
4 461 468 (-64 -64 144 ) (0 -64 144 ) (0 -64 272 ) (-64 -64 272 ) 
4 462 463 (-272 0 144 ) (-272 -64 144 ) (-272 -64 208 ) (-272 0 208 ) 
4 463 473 (-336 0 144 ) (-272 0 144 ) (-272 -64 144 ) (-400 -64 144 ) 
4 463 474 (-592 0 144 ) (-336 0 144 ) (-400 -64 144 ) (-592 -64 144 ) 
4 463 469 (-592 -64 144 ) (-400 -64 144 ) (-400 -64 272 ) (-592 -64 272 ) 
4 463 464 (-592 0 144 ) (-592 -64 144 ) (-592 -64 272 ) (-592 0 272 ) 
4 464 475 (-656 0 144 ) (-592 0 144 ) (-592 -64 144 ) (-720 -64 144 ) 
4 464 470 (-720 -64 144 ) (-592 -64 144 ) (-592 -64 272 ) (-720 -64 272 ) 
4 464 465 (-656 0 144 ) (-720 -64 144 ) (-720 -64 272 ) (-656 0 272 ) 
4 465 476 (-784 0 144 ) (-656 0 144 ) (-720 -64 144 ) (-848 -64 144 ) 
4 465 471 (-848 -64 144 ) (-720 -64 144 ) (-720 -64 272 ) (-848 -64 272 ) 
4 465 466 (-784 0 144 ) (-848 -64 144 ) (-848 -64 272 ) (-784 0 272 ) 
3 466 477 (-848 0 144 ) (-784 0 144 ) (-848 -64 144 ) 
4 466 467 (-848 0 144 ) (-848 -64 144 ) (-848 -64 208 ) (-848 0 208 ) 
4 468 490 (0 -128 144 ) (0 -128 208 ) (-64 -128 208 ) (-64 -128 144 ) 
4 468 487 (0 -128 208 ) (0 -128 272 ) (-64 -128 272 ) (-64 -128 208 ) 
4 468 472 (0 -128 144 ) (-64 -128 144 ) (-64 -64 144 ) (0 -64 144 ) 
4 469 494 (-496 -128 272 ) (-592 -128 272 ) (-592 -128 144 ) (-496 -128 144 ) 
4 469 474 (-464 -128 144 ) (-592 -128 144 ) (-592 -64 144 ) (-400 -64 144 ) 
4 469 470 (-592 -64 272 ) (-592 -64 144 ) (-592 -128 144 ) (-592 -128 272 ) 
4 470 494 (-592 -128 272 ) (-624 -128 272 ) (-624 -128 144 ) (-592 -128 144 ) 
4 470 475 (-592 -128 144 ) (-784 -128 144 ) (-720 -64 144 ) (-592 -64 144 ) 
4 470 471 (-720 -64 272 ) (-720 -64 144 ) (-784 -128 144 ) (-784 -128 272 ) 
3 471 476 (-784 -128 144 ) (-848 -64 144 ) (-720 -64 144 ) 
4 472 499 (0 -128 16 ) (0 -128 144 ) (-64 -128 144 ) (-64 -128 16 ) 
4 472 478 (-60 -128 16 ) (-64 -128 16 ) (-64 0 16 ) (-60 0 16 ) 
4 473 474 (-336 0 16 ) (-400 -64 16 ) (-400 -64 144 ) (-336 0 144 ) 
4 474 479 (-464 -128 16 ) (-464 0 16 ) (-400 0 16 ) (-400 -64 16 ) 
4 474 480 (-464 -128 16 ) (-592 -128 16 ) (-592 0 16 ) (-464 0 16 ) 
4 474 475 (-592 0 16 ) (-592 -128 16 ) (-592 -128 144 ) (-592 0 144 ) 
4 475 481 (-592 -128 16 ) (-784 -128 16 ) (-656 0 16 ) (-592 0 16 ) 
4 475 476 (-656 0 16 ) (-784 -128 16 ) (-784 -128 144 ) (-656 0 144 ) 
4 476 482 (-784 -128 16 ) (-848 -64 16 ) (-784 0 16 ) (-656 0 16 ) 
4 476 477 (-784 0 16 ) (-848 -64 16 ) (-848 -64 144 ) (-784 0 144 ) 
3 477 483 (-848 -64 16 ) (-848 0 16 ) (-784 0 16 ) 
4 479 515 (-464 0 -112 ) (-400 0 -112 ) (-400 -64 -112 ) (-464 -128 -112 ) 
4 479 480 (-464 0 -112 ) (-464 -128 -112 ) (-464 -128 16 ) (-464 0 16 ) 
4 480 515 (-592 0 -112 ) (-464 0 -112 ) (-464 -128 -112 ) (-592 -128 -112 ) 
4 480 511 (-592 -128 -112 ) (-464 -128 -112 ) (-464 -128 0 ) (-592 -128 0 ) 
4 480 509 (-464 -128 0 ) (-464 -128 16 ) (-592 -128 16 ) (-592 -128 0 ) 
4 480 481 (-592 0 -112 ) (-592 -128 -112 ) (-592 -128 16 ) (-592 0 16 ) 
4 481 516 (-656 0 -112 ) (-592 0 -112 ) (-592 -128 -112 ) (-784 -128 -112 ) 
4 481 512 (-624 -128 -48 ) (-656 -128 -48 ) (-656 -128 -80 ) (-624 -128 -80 ) 
4 481 482 (-656 0 -112 ) (-784 -128 -112 ) (-784 -128 16 ) (-656 0 16 ) 
4 482 517 (-784 0 -112 ) (-656 0 -112 ) (-784 -128 -112 ) (-848 -64 -112 ) 
4 482 483 (-784 0 -112 ) (-848 -64 -112 ) (-848 -64 16 ) (-784 0 16 ) 
3 483 518 (-848 0 -112 ) (-784 0 -112 ) (-848 -64 -112 ) 
4 484 486 (-608 -304 288 ) (-608 -256 288 ) (-512 -256 288 ) (-512 -304 288 ) 
4 485 489 (0 -592 272 ) (0 -784 272 ) (-96 -784 272 ) (-96 -592 272 ) 
4 486 498 (-608 -256 272 ) (-512 -256 272 ) (-512 -304 272 ) (-608 -304 272 ) 
4 487 490 (-64 -128 208 ) (0 -128 208 ) (0 -384 208 ) (-64 -384 208 ) 
4 487 488 (-64 -128 208 ) (-64 -384 208 ) (-64 -384 272 ) (-64 -128 272 ) 
4 488 492 (-128 -384 208 ) (-128 -128 208 ) (-64 -128 208 ) (-64 -384 208 ) 
4 489 493 (-96 -592 208 ) (-64 -592 208 ) (-64 -784 208 ) (-96 -784 208 ) 
4 489 491 (-64 -592 208 ) (0 -592 208 ) (0 -784 208 ) (-64 -784 208 ) 
4 490 499 (-64 -384 144 ) (-64 -128 144 ) (0 -128 144 ) (0 -384 144 ) 
4 490 492 (-64 -128 144 ) (-64 -384 144 ) (-64 -384 208 ) (-64 -128 208 ) 
4 491 503 (-64 -832 144 ) (-64 -512 144 ) (0 -512 144 ) (0 -832 144 ) 
4 491 493 (-64 -512 144 ) (-64 -832 144 ) (-64 -832 208 ) (-64 -512 208 ) 
4 492 500 (-128 -384 144 ) (-128 -128 144 ) (-64 -128 144 ) (-64 -384 144 ) 
4 493 504 (-128 -768 144 ) (-128 -576 144 ) (-64 -512 144 ) (-64 -832 144 ) 
4 494 495 (-624 -137 272 ) (-624 -137 144 ) (-496 -137 144 ) (-496 -137 272 ) 
4 495 496 (-624 -139 272 ) (-624 -139 144 ) (-496 -139 144 ) (-496 -139 272 ) 
4 496 497 (-624 -144 144 ) (-496 -144 144 ) (-496 -144 272 ) (-624 -144 272 ) 
4 497 498 (-624 -232 272 ) (-624 -232 144 ) (-496 -232 144 ) (-496 -232 272 ) 
4 499 501 (-64 -384 16 ) (0 -384 16 ) (0 -384 144 ) (-64 -384 144 ) 
4 499 500 (-64 -128 16 ) (-64 -384 16 ) (-64 -384 144 ) (-64 -128 144 ) 
4 500 505 (-124 -128 16 ) (-64 -128 16 ) (-64 -132 16 ) (-124 -132 16 ) 
4 500 506 (-64 -380 16 ) (-64 -384 16 ) (-124 -384 16 ) (-124 -380 16 ) 
4 500 507 (-128 -128 16 ) (-124 -128 16 ) (-124 -384 16 ) (-128 -384 16 ) 
4 501 502 (-64 -400 144 ) (-64 -400 16 ) (0 -400 16 ) (0 -400 144 ) 
4 502 503 (-64 -496 144 ) (-64 -496 16 ) (0 -496 16 ) (0 -496 144 ) 
4 503 508 (0 -592 16 ) (0 -784 16 ) (-64 -784 16 ) (-64 -592 16 ) 
4 503 504 (-64 -512 16 ) (-64 -832 16 ) (-64 -832 144 ) (-64 -512 144 ) 
4 504 508 (-64 -592 16 ) (-64 -784 16 ) (-96 -784 16 ) (-96 -592 16 ) 
4 505 507 (-124 -128 0 ) (-124 -132 0 ) (-124 -132 16 ) (-124 -128 16 ) 
4 506 507 (-124 -380 0 ) (-124 -384 0 ) (-124 -384 16 ) (-124 -380 16 ) 
4 508 513 (-96 -592 0 ) (0 -592 0 ) (0 -784 0 ) (-96 -784 0 ) 
4 509 511 (-592 -144 0 ) (-592 -128 0 ) (-464 -128 0 ) (-464 -144 0 ) 
4 509 510 (-592 -144 16 ) (-592 -144 0 ) (-464 -144 0 ) (-464 -144 16 ) 
4 510 514 (-592 -272 0 ) (-592 -144 0 ) (-464 -144 0 ) (-464 -272 0 ) 
4 511 514 (-592 -144 -112 ) (-464 -144 -112 ) (-464 -144 0 ) (-592 -144 0 ) 
4 513 519 (0 -592 -112 ) (0 -784 -112 ) (-96 -784 -112 ) (-96 -592 -112 ) 
4 514 521 (-592 -144 -112 ) (-464 -144 -112 ) (-464 -272 -112 ) (-592 -272 -112 ) 
4 515 516 (-592 0 -240 ) (-592 -128 -240 ) (-592 -128 -112 ) (-592 0 -112 ) 
4 516 517 (-656 0 -240 ) (-784 -128 -240 ) (-784 -128 -112 ) (-656 0 -112 ) 
4 517 518 (-784 0 -240 ) (-848 -64 -240 ) (-848 -64 -112 ) (-784 0 -112 ) 
4 519 520 (0 -784 -192 ) (-96 -784 -192 ) (-96 -592 -192 ) (0 -592 -192 ) 
4 520 522 (-96 -784 -240 ) (-96 -592 -240 ) (0 -592 -240 ) (0 -784 -240 ) 
4 522 523 (-96 -592 -400 ) (0 -592 -400 ) (0 -784 -400 ) (-96 -784 -400 ) 
4 523 524 (-96 -592 -592 ) (0 -592 -592 ) (0 -784 -592 ) (-96 -784 -592 ) 
