


materialPath: C:\Program Files (x86)\Steam\steamapps\common\Portal\portal\materials
Loading c:\program files (x86)\steam\steamapps\common\portal\portal\maps\mine_baner\fmp_rat_cha.vmf
ConVarRef mat_reduceparticles doesn't point to an existing ConVar
"materials/glass/glasswindow_refract01.vtf": cached version doesn't exist
Could not locate 'GameData' key in c:\program files (x86)\steam\steamapps\common\portal\portal\gameinfo.txt
fixing up env_cubemap materials on brush sides...
0...1...2...3...4...5...6...7...8...9...100...1...2...3...4...5...6...7...8...9...10Processing areas...done (0)
Building Faces...done (0)
Chop Details...done (0)
Find Visible Detail Sides...
Merged 234 detail faces...done (0)
Merging details...done (0)
FixTjuncs...
PruneNodes...
WriteBSP...
done (0)
writing c:\program files (x86)\steam\steamapps\common\portal\portal\maps\mine_baner\fmp_rat_cha.prt...Building visibility clusters...
done (0)
Creating default LDR cubemaps for env_cubemap using skybox materials:
   skybox/sky_day01_01*.vmt
 ! Run buildcubemaps in the engine to get the correct cube maps.
Creating default HDR cubemaps for env_cubemap using skybox materials:
   skybox/sky_day01_01*.vmt
 ! Run buildcubemaps in the engine to get the correct cube maps.
Finding displacement neighbors...
Finding lightmap sample positions...
Displacement Alpha : 0...1...2...3...4...5...6...7...8...9...10
Building Physics collision data...
done (1) (418954 bytes)
Placing detail props : 0...1...2...3...4...5...6...7...8...9...10
Compacting texture/material tables...
Reduced 1578 texinfos to 788
Reduced 211 texdatas to 180 (9459 bytes to 8363)
Writing c:\program files (x86)\steam\steamapps\common\portal\portal\maps\mine_baner\fmp_rat_cha.bsp
16 seconds elapsed



4 threads
reading c:\program files (x86)\steam\steamapps\common\portal\portal\maps\mine_baner\fmp_rat_cha.bsp
reading c:\program files (x86)\steam\steamapps\common\portal\portal\maps\mine_baner\fmp_rat_cha.prt
 165 portalclusters
 332 numportals
0...1...2...3...4...5...6...7...8...9...10Optimized: 927 visible clusters (5.77%)
Total clusters visible: 16064
Average clusters visible: 97
Building PAS...
Average clusters audible: 158
visdatasize:8152  compressed from 7920
writing c:\program files (x86)\steam\steamapps\common\portal\portal\maps\mine_baner\fmp_rat_cha.bsp
0 seconds elapsed



[Reading texlights from 'lights.rad']
[53 texlights parsed from 'lights.rad']

Loading c:\program files (x86)\steam\steamapps\common\portal\portal\maps\mine_baner\fmp_rat_cha.bsp
1911 faces
63188 square feet [9099164.00 square inches]
0 Displacements
0 Square Feet [0.00 Square Inches]
1911 patches before subdivision
35721 patches after subdivision
4981 direct lights
0...1...2...3...4...5...6...7...8...9...100...1...2...3...4...5...6...7...8...9...10transfers 3680651, max 407
transfer lists:  28.1 megs
0...1...2...3...4...5...6...7...8...9...10	Bounce #1 added RGB(1489187, 977527, 697259)
0...1...2...3...4...5...6...7...8...9...10	Bounce #2 added RGB(279822, 179678, 127809)
Build Patch/Sample Hash Table(s).....Done<0.0100 sec>
0...1...2...3...4...5...6...7...8...9...10FinalLightFace Done
4643 of 4955 (93% of) surface lights went in leaf ambient cubes.
0...1...2...3...4...5...6...7...8...9...10Writing leaf ambient...done
Ready to Finish

Object names       Objects/Maxobjs  Memory / Maxmem  Fullness 
------------       ---------------  ---------------  -------- 
models                  67/1024         3216/49152    ( 6.5%) 
brushes               1132/8192        13584/98304    (13.8%) 
brushsides            8151/65536       65208/524288   (12.4%) 
planes                3302/65536       66040/1310720  ( 5.0%) 
vertexes              4815/65536       57780/786432   ( 7.3%) 
nodes                 1348/65536       43136/2097152  ( 2.1%) 
texinfos               788/12288       56736/884736   ( 6.4%) 
texdata                180/2048         5760/65536    ( 8.8%) 
dispinfos                0/0               0/0        ( 0.0%) 
disp_verts               0/0               0/0        ( 0.0%) 
disp_tris                0/0               0/0        ( 0.0%) 
disp_lmsamples           0/0               0/0        ( 0.0%) 
faces                 1911/65536      107016/3670016  ( 2.9%) 
hdr faces                0/65536           0/3670016  ( 0.0%) 
origfaces             1580/65536       88480/3670016  ( 2.4%) 
leaves                1416/65536       45312/2097152  ( 2.2%) 
leaffaces             2303/65536        4606/131072   ( 3.5%) 
leafbrushes           1715/65536        3430/131072   ( 2.6%) 
areas                    3/256            24/2048     ( 1.2%) 
surfedges            16034/512000      64136/2048000  ( 3.1%) 
edges                10974/256000      43896/1024000  ( 4.3%) 
LDR worldlights       4981/8192       438328/720896   (60.8%) 
HDR worldlights          0/8192            0/720896   ( 0.0%) 
leafwaterdata            0/32768           0/393216   ( 0.0%) 
waterstrips            295/32768        2950/327680   ( 0.9%) 
waterverts               0/65536           0/786432   ( 0.0%) 
waterindices          6135/65536       12270/131072   ( 9.4%) 
cubemapsamples          64/1024         1024/16384    ( 6.3%) 
overlays                53/512         18656/180224   (10.4%) 
LDR lightdata         [variable]     2428052/0        ( 0.0%) 
HDR lightdata         [variable]           0/0        ( 0.0%) 
visdata               [variable]        8152/16777216 ( 0.0%) 
entdata               [variable]       90981/393216   (23.1%) 
LDR ambient table     1416/65536        5664/262144   ( 2.2%) 
HDR ambient table     1416/65536        5664/262144   ( 2.2%) 
LDR leaf ambient      7478/65536      209384/1835008  (11.4%) 
HDR leaf ambient      1416/65536       39648/1835008  ( 2.2%) 
occluders                0/0               0/0        ( 0.0%) 
occluder polygons        0/0               0/0        ( 0.0%) 
occluder vert ind        0/0               0/0        ( 0.0%) 
detail props          [variable]           1/12       ( 8.3%) 
static props          [variable]           1/10316    ( 0.0%) 
pakfile               [variable]     6913540/0        ( 0.0%) 
physics               [variable]      418954/4194304  (10.0%) 
physics terrain       [variable]           2/1048576  ( 0.0%) 

Level flags = 0

Total triangle count: 5932
Writing c:\program files (x86)\steam\steamapps\common\portal\portal\maps\mine_baner\fmp_rat_cha.bsp
4 minutes, 59 seconds elapsed



materialPath: C:\Program Files (x86)\Steam\steamapps\common\Portal\portal\materials
Loading c:\program files (x86)\steam\steamapps\common\portal\portal\maps\mine_baner\fmp_rat_cha.vmf
ConVarRef mat_reduceparticles doesn't point to an existing ConVar
"materials/glass/glasswindow_refract01.vtf": cached version doesn't exist
Could not locate 'GameData' key in c:\program files (x86)\steam\steamapps\common\portal\portal\gameinfo.txt
fixing up env_cubemap materials on brush sides...
0...1...2...3...4...5...6...7...8...9...100...1...2...3...4...5...6...7...8...9...10Processing areas...done (0)
Building Faces...done (0)
Chop Details...done (0)
Find Visible Detail Sides...
Merged 234 detail faces...done (0)
Merging details...done (0)
FixTjuncs...
PruneNodes...
WriteBSP...
done (0)
writing c:\program files (x86)\steam\steamapps\common\portal\portal\maps\mine_baner\fmp_rat_cha.prt...Building visibility clusters...
done (0)
Creating default LDR cubemaps for env_cubemap using skybox materials:
   skybox/sky_day01_01*.vmt
 ! Run buildcubemaps in the engine to get the correct cube maps.
Creating default HDR cubemaps for env_cubemap using skybox materials:
   skybox/sky_day01_01*.vmt
 ! Run buildcubemaps in the engine to get the correct cube maps.
Finding displacement neighbors...
Finding lightmap sample positions...
Displacement Alpha : 0...1...2...3...4...5...6...7...8...9...10
Building Physics collision data...
done (1) (457029 bytes)
Placing detail props : 0...1...2...3...4...5...6...7...8...9...10
Compacting texture/material tables...
Reduced 1684 texinfos to 790
Reduced 215 texdatas to 182 (9535 bytes to 8395)
Writing c:\program files (x86)\steam\steamapps\common\portal\portal\maps\mine_baner\fmp_rat_cha.bsp
27 seconds elapsed



4 threads
reading c:\program files (x86)\steam\steamapps\common\portal\portal\maps\mine_baner\fmp_rat_cha.bsp
reading c:\program files (x86)\steam\steamapps\common\portal\portal\maps\mine_baner\fmp_rat_cha.prt
 340 portalclusters
 662 numportals
0...1...2...3...4...5...6...7...8...9...10Optimized: 3757 visible clusters (5.51%)
Total clusters visible: 68199
Average clusters visible: 200
Building PAS...
Average clusters audible: 331
visdatasize:30896  compressed from 32640
writing c:\program files (x86)\steam\steamapps\common\portal\portal\maps\mine_baner\fmp_rat_cha.bsp
0 seconds elapsed



[Reading texlights from 'lights.rad']
[53 texlights parsed from 'lights.rad']

Loading c:\program files (x86)\steam\steamapps\common\portal\portal\maps\mine_baner\fmp_rat_cha.bsp
2021 faces
63217 square feet [9103258.00 square inches]
0 Displacements
0 Square Feet [0.00 Square Inches]
2021 patches before subdivision
35375 patches after subdivision
4920 direct lights
0...1...2...3...4...5...6...7...8...9...100...1...2...3...4...5...6...7...8...9...10transfers 3746896, max 428
transfer lists:  28.6 megs
0...1...2...3...4...5...6...7...8...9...10	Bounce #1 added RGB(1483040, 977206, 697705)
0...1...2...3...4...5...6...7...8...9...10	Bounce #2 added RGB(278532, 179698, 128000)
Build Patch/Sample Hash Table(s).....Done<0.0152 sec>
0...1...2...3...4...5...6...7...8...9...10FinalLightFace Done
4520 of 4894 (92% of) surface lights went in leaf ambient cubes.
0...1...2...3...4...5...6...7...8...9...10Writing leaf ambient...done
Ready to Finish

Object names       Objects/Maxobjs  Memory / Maxmem  Fullness 
------------       ---------------  ---------------  -------- 
models                  67/1024         3216/49152    ( 6.5%) 
brushes               1363/8192        16356/98304    (16.6%) 
brushsides            9705/65536       77640/524288   (14.8%) 
planes                3410/65536       68200/1310720  ( 5.2%) 
vertexes              4963/65536       59556/786432   ( 7.6%) 
nodes                 1560/65536       49920/2097152  ( 2.4%) 
texinfos               790/12288       56880/884736   ( 6.4%) 
texdata                182/2048         5824/65536    ( 8.9%) 
dispinfos                0/0               0/0        ( 0.0%) 
disp_verts               0/0               0/0        ( 0.0%) 
disp_tris                0/0               0/0        ( 0.0%) 
disp_lmsamples           0/0               0/0        ( 0.0%) 
faces                 2021/65536      113176/3670016  ( 3.1%) 
hdr faces                0/65536           0/3670016  ( 0.0%) 
origfaces             1581/65536       88536/3670016  ( 2.4%) 
leaves                1628/65536       52096/2097152  ( 2.5%) 
leaffaces             3020/65536        6040/131072   ( 4.6%) 
leafbrushes           2486/65536        4972/131072   ( 3.8%) 
areas                   23/256           184/2048     ( 9.0%) 
surfedges            16523/512000      66092/2048000  ( 3.2%) 
edges                11712/256000      46848/1024000  ( 4.6%) 
LDR worldlights       4920/8192       432960/720896   (60.1%) 
HDR worldlights          0/8192            0/720896   ( 0.0%) 
leafwaterdata            0/32768           0/393216   ( 0.0%) 
waterstrips            309/32768        3090/327680   ( 0.9%) 
waterverts               0/65536           0/786432   ( 0.0%) 
waterindices          6333/65536       12666/131072   ( 9.7%) 
cubemapsamples          64/1024         1024/16384    ( 6.3%) 
overlays                53/512         18656/180224   (10.4%) 
LDR lightdata         [variable]     2455476/0        ( 0.0%) 
HDR lightdata         [variable]           0/0        ( 0.0%) 
visdata               [variable]       30896/16777216 ( 0.2%) 
entdata               [variable]       93197/393216   (23.7%) 
LDR ambient table     1628/65536        6512/262144   ( 2.5%) 
HDR ambient table     1628/65536        6512/262144   ( 2.5%) 
LDR leaf ambient      9406/65536      263368/1835008  (14.4%) 
HDR leaf ambient      1628/65536       45584/1835008  ( 2.5%) 
occluders                0/0               0/0        ( 0.0%) 
occluder polygons        0/0               0/0        ( 0.0%) 
occluder vert ind        0/0               0/0        ( 0.0%) 
detail props          [variable]           1/12       ( 8.3%) 
static props          [variable]           1/10440    ( 0.0%) 
pakfile               [variable]     6913540/0        ( 0.0%) 
physics               [variable]      457029/4194304  (10.9%) 
physics terrain       [variable]           2/1048576  ( 0.0%) 

Level flags = 0

Total triangle count: 6200
Writing c:\program files (x86)\steam\steamapps\common\portal\portal\maps\mine_baner\fmp_rat_cha.bsp
8 minutes, 18 seconds elapsed
