PRT1
427
845
4 0 1 (656 32 256 ) (656 224 256 ) (848 224 256 ) (848 32 256 ) 
4 1 2 (656 32 192 ) (656 224 192 ) (848 224 192 ) (848 32 192 ) 
4 2 24 (896 64 128 ) (832 0 128 ) (640 0 128 ) (576 64 128 ) 
4 2 17 (896 192 128 ) (896 64 128 ) (576 64 128 ) (576 192 128 ) 
4 2 13 (896 192 128 ) (576 192 128 ) (640 256 128 ) (832 256 128 ) 
4 3 14 (448 256 128 ) (448 192 128 ) (192 192 128 ) (192 256 128 ) 
4 3 4 (192 192 256 ) (192 192 128 ) (448 192 128 ) (448 192 256 ) 
4 4 20 (448 192 128 ) (448 64 128 ) (192 64 128 ) (192 192 128 ) 
4 4 6 (192 192 128 ) (192 64 128 ) (192 64 256 ) (192 192 256 ) 
4 4 5 (192 64 256 ) (192 64 128 ) (448 64 128 ) (448 64 256 ) 
4 5 25 (448 64 128 ) (448 0 128 ) (192 0 128 ) (192 64 128 ) 
4 6 21 (192 192 128 ) (192 64 128 ) (64 64 128 ) (64 192 128 ) 
4 6 9 (64 192 128 ) (64 128 128 ) (64 128 256 ) (64 192 256 ) 
4 6 10 (64 128 128 ) (64 64 128 ) (64 64 256 ) (64 128 256 ) 
4 7 64 (0 256 256 ) (0 384 256 ) (0 384 128 ) (0 256 128 ) 
4 7 12 (0 256 128 ) (0 384 128 ) (64 384 128 ) (64 256 128 ) 
4 7 8 (0 256 128 ) (64 256 128 ) (64 256 256 ) (0 256 256 ) 
4 8 65 (0 208 256 ) (0 256 256 ) (0 256 128 ) (0 208 128 ) 
4 8 15 (0 208 128 ) (0 256 128 ) (64 256 128 ) (64 192 128 ) 
4 8 9 (0 208 128 ) (64 192 128 ) (64 192 256 ) (0 208 256 ) 
4 9 66 (0 128 256 ) (0 208 256 ) (0 208 128 ) (0 128 128 ) 
4 9 22 (0 128 128 ) (0 192 128 ) (64 192 128 ) (64 128 128 ) 
3 9 16 (0 192 128 ) (0 208 128 ) (64 192 128 ) 
4 9 10 (0 128 128 ) (64 128 128 ) (64 128 256 ) (0 128 256 ) 
4 10 108 (64 0 256 ) (0 0 256 ) (0 0 128 ) (64 0 128 ) 
4 10 67 (0 0 128 ) (0 0 256 ) (0 128 256 ) (0 128 128 ) 
4 10 27 (64 48 128 ) (64 0 128 ) (48 0 128 ) (48 48 128 ) 
4 10 26 (48 64 128 ) (64 64 128 ) (64 48 128 ) (48 48 128 ) 
4 10 28 (0 0 128 ) (0 64 128 ) (48 64 128 ) (48 0 128 ) 
4 10 23 (0 64 128 ) (0 128 128 ) (64 128 128 ) (64 64 128 ) 
4 12 74 (0 256 128 ) (0 384 128 ) (0 384 0 ) (0 256 0 ) 
4 12 15 (0 256 0 ) (64 256 0 ) (64 256 128 ) (0 256 128 ) 
4 13 29 (848 224 0 ) (848 192 0 ) (656 192 0 ) (656 224 0 ) 
4 13 17 (576 192 0 ) (896 192 0 ) (896 192 128 ) (576 192 128 ) 
4 14 31 (196 256 0 ) (444 256 0 ) (444 252 0 ) (196 252 0 ) 
4 14 30 (444 256 0 ) (448 256 0 ) (448 192 0 ) (444 192 0 ) 
4 14 32 (192 256 0 ) (196 256 0 ) (196 192 0 ) (192 192 0 ) 
4 14 20 (192 192 0 ) (448 192 0 ) (448 192 128 ) (192 192 128 ) 
4 15 75 (0 208 128 ) (0 256 128 ) (0 256 0 ) (0 208 0 ) 
4 15 16 (0 208 0 ) (64 192 0 ) (64 192 128 ) (0 208 128 ) 
4 16 76 (0 192 128 ) (0 208 128 ) (0 208 0 ) (0 192 0 ) 
4 16 22 (0 192 0 ) (64 192 0 ) (64 192 128 ) (0 192 128 ) 
4 17 29 (656 192 0 ) (848 192 0 ) (848 64 0 ) (656 64 0 ) 
4 17 24 (576 64 0 ) (896 64 0 ) (896 64 128 ) (576 64 128 ) 
4 17 18 (576 192 128 ) (576 192 0 ) (576 64 0 ) (576 64 128 ) 
4 18 19 (464 192 128 ) (464 192 0 ) (464 64 0 ) (464 64 128 ) 
4 19 20 (448 192 128 ) (448 192 0 ) (448 64 0 ) (448 64 128 ) 
4 20 25 (192 64 0 ) (448 64 0 ) (448 64 128 ) (192 64 128 ) 
4 20 21 (192 192 128 ) (192 192 0 ) (192 64 0 ) (192 64 128 ) 
4 21 36 (64 192 0 ) (192 192 0 ) (192 188 0 ) (64 188 0 ) 
4 21 37 (192 68 0 ) (192 64 0 ) (64 64 0 ) (64 68 0 ) 
4 21 23 (64 128 0 ) (64 64 0 ) (64 64 128 ) (64 128 128 ) 
4 21 22 (64 192 128 ) (64 192 0 ) (64 128 0 ) (64 128 128 ) 
4 22 76 (0 128 128 ) (0 192 128 ) (0 192 0 ) (0 128 0 ) 
4 22 23 (0 128 0 ) (64 128 0 ) (64 128 128 ) (0 128 128 ) 
4 23 77 (0 64 128 ) (0 128 128 ) (0 128 0 ) (0 64 0 ) 
4 23 26 (48 64 0 ) (64 64 0 ) (64 64 128 ) (48 64 128 ) 
4 23 28 (0 64 0 ) (48 64 0 ) (48 64 128 ) (0 64 128 ) 
4 24 29 (656 32 0 ) (656 64 0 ) (848 64 0 ) (848 32 0 ) 
4 25 34 (444 0 0 ) (196 0 0 ) (196 4 0 ) (444 4 0 ) 
4 25 33 (448 0 0 ) (444 0 0 ) (444 64 0 ) (448 64 0 ) 
4 25 35 (196 0 0 ) (192 0 0 ) (192 64 0 ) (196 64 0 ) 
4 26 28 (48 64 128 ) (48 64 0 ) (48 48 0 ) (48 48 128 ) 
4 26 27 (48 48 128 ) (48 48 0 ) (64 48 0 ) (64 48 128 ) 
4 27 109 (64 0 128 ) (48 0 128 ) (48 0 0 ) (64 0 0 ) 
4 27 28 (48 48 0 ) (48 0 0 ) (48 0 128 ) (48 48 128 ) 
4 28 111 (48 0 128 ) (0 0 128 ) (0 0 0 ) (48 0 0 ) 
4 28 77 (0 0 0 ) (0 0 128 ) (0 64 128 ) (0 64 0 ) 
4 29 38 (848 224 -16 ) (848 32 -16 ) (656 32 -16 ) (656 224 -16 ) 
4 30 31 (444 256 0 ) (444 256 -16 ) (444 252 -16 ) (444 252 0 ) 
4 31 32 (196 256 0 ) (196 256 -16 ) (196 252 -16 ) (196 252 0 ) 
4 33 34 (444 4 -16 ) (444 0 -16 ) (444 0 0 ) (444 4 0 ) 
4 34 35 (196 4 -16 ) (196 0 -16 ) (196 0 0 ) (196 4 0 ) 
4 38 39 (848 32 -208 ) (656 32 -208 ) (656 224 -208 ) (848 224 -208 ) 
4 39 40 (848 32 -400 ) (656 32 -400 ) (656 224 -400 ) (848 224 -400 ) 
4 40 41 (656 32 -416 ) (656 224 -416 ) (848 224 -416 ) (848 32 -416 ) 
8 41 42 (576 64 -480 ) (576 192 -480 ) (640 256 -480 ) (832 256 -480 ) (896 192 -480 ) (896 64 -480 ) (832 0 -480 ) (640 0 -480 ) 
4 42 43 (656 32 -608 ) (656 224 -608 ) (848 224 -608 ) (848 32 -608 ) 
4 44 45 (0 256 392 ) (-128 256 392 ) (-128 384 392 ) (0 384 392 ) 
8 45 46 (-64 276 280 ) (-95 289 280 ) (-108 320 280 ) (-95 351 280 ) (-64 364 280 ) (-33 351 280 ) (-20 320 280 ) (-33 289 280 ) 
8 46 47 (-20 319.997772 272 ) (-32.998047 289 272 ) (-64 276 272 ) (-95 289 272 ) (-108 320 272 ) (-95 351 272 ) (-64.001724 364 272 ) (-32.998253 350.995850 272 ) 
8 47 48 (-64 276 264 ) (-95 289 264 ) (-108 320 264 ) (-95 351 264 ) (-64 364 264 ) (-33 351 264 ) (-20 320 264 ) (-33 289 264 ) 
4 48 64 (0 384 256 ) (0 256 256 ) (-128 256 256 ) (-128 384 256 ) 
4 49 135 (-880 0 608 ) (-880 0 576 ) (-784 0 576 ) (-784 0 608 ) 
4 49 50 (-880 48 576 ) (-784 48 576 ) (-784 0 576 ) (-880 0 576 ) 
4 50 138 (-896 0 528 ) (-896 0 512 ) (-768 0 512 ) (-768 0 528 ) 
4 50 136 (-768 0 576 ) (-896 0 576 ) (-896 0 528 ) (-768 0 528 ) 
4 50 52 (-768 0 512 ) (-896 0 512 ) (-896 48 512 ) (-768 48 512 ) 
4 50 51 (-896 48 512 ) (-896 128 512 ) (-768 128 512 ) (-768 48 512 ) 
4 51 52 (-896 48 384 ) (-768 48 384 ) (-768 48 512 ) (-896 48 512 ) 
4 52 143 (-768 0 512 ) (-896 0 512 ) (-896 0 384 ) (-768 0 384 ) 
4 53 147 (-912 0 512 ) (-944 0 512 ) (-944 0 384 ) (-912 0 384 ) 
4 53 60 (-944 48 384 ) (-912 48 384 ) (-912 0 384 ) (-944 0 384 ) 
4 53 56 (-944 16 384 ) (-944 0 384 ) (-944 0 496 ) (-944 16 496 ) 
4 53 55 (-944 0 496 ) (-944 0 512 ) (-944 16 512 ) (-944 16 496 ) 
4 53 54 (-944 48 512 ) (-944 48 384 ) (-944 16 384 ) (-944 16 512 ) 
4 54 84 (-1024 16 512 ) (-1024 48 512 ) (-1024 48 384 ) (-1024 16 384 ) 
4 54 61 (-1024 16 384 ) (-1024 48 384 ) (-968 48 384 ) (-968 16 384 ) 
4 54 60 (-968 48 384 ) (-944 48 384 ) (-944 16 384 ) (-968 16 384 ) 
4 54 56 (-1024 16 384 ) (-944 16 384 ) (-944 16 496 ) (-1024 16 496 ) 
4 54 55 (-944 16 496 ) (-944 16 512 ) (-1024 16 512 ) (-1024 16 496 ) 
4 55 148 (-944 0 512 ) (-1024 0 512 ) (-1024 0 496 ) (-944 0 496 ) 
4 55 85 (-1024 0 496 ) (-1024 0 512 ) (-1024 16 512 ) (-1024 16 496 ) 
4 55 56 (-1024 16 496 ) (-944 16 496 ) (-944 0 496 ) (-1024 0 496 ) 
4 56 149 (-1024 0 496 ) (-1024 0 384 ) (-944 0 384 ) (-944 0 496 ) 
4 56 86 (-1024 0 384 ) (-1024 0 496 ) (-1024 16 496 ) (-1024 16 384 ) 
4 56 62 (-1024 0 384 ) (-1024 16 384 ) (-968 16 384 ) (-968 0 384 ) 
4 56 60 (-968 16 384 ) (-944 16 384 ) (-944 0 384 ) (-968 0 384 ) 
4 57 58 (-472 96 320 ) (-568 96 320 ) (-568 192 320 ) (-472 192 320 ) 
4 58 71 (-640 256 256 ) (-400 256 256 ) (-400 96 256 ) (-640 96 256 ) 
4 58 59 (-640 96 256 ) (-400 96 256 ) (-400 96 320 ) (-640 96 320 ) 
4 59 171 (-640 0 272 ) (-640 0 256 ) (-400 0 256 ) (-400 0 272 ) 
4 59 169 (-640 0 320 ) (-640 0 272 ) (-400 0 272 ) (-400 0 320 ) 
4 59 71 (-640 96 256 ) (-400 96 256 ) (-400 0 256 ) (-640 0 256 ) 
4 60 173 (-912 0 384 ) (-968 0 384 ) (-968 0 256 ) (-912 0 256 ) 
4 60 72 (-968 48 256 ) (-912 48 256 ) (-912 0 256 ) (-968 0 256 ) 
4 60 63 (-968 16 256 ) (-968 0 256 ) (-968 0 264 ) (-968 16 264 ) 
4 60 62 (-968 0 264 ) (-968 0 384 ) (-968 16 384 ) (-968 16 264 ) 
4 60 61 (-968 48 384 ) (-968 48 256 ) (-968 16 256 ) (-968 16 384 ) 
4 61 92 (-1024 16 384 ) (-1024 48 384 ) (-1024 48 256 ) (-1024 16 256 ) 
4 61 72 (-1024 16 256 ) (-1024 48 256 ) (-968 48 256 ) (-968 16 256 ) 
4 61 63 (-1024 16 256 ) (-968 16 256 ) (-968 16 264 ) (-1024 16 264 ) 
4 61 62 (-968 16 264 ) (-968 16 384 ) (-1024 16 384 ) (-1024 16 264 ) 
4 62 174 (-968 0 384 ) (-1024 0 384 ) (-1024 0 264 ) (-968 0 264 ) 
4 62 93 (-1024 0 264 ) (-1024 0 384 ) (-1024 16 384 ) (-1024 16 264 ) 
4 62 63 (-1024 16 264 ) (-968 16 264 ) (-968 0 264 ) (-1024 0 264 ) 
4 63 175 (-1024 0 264 ) (-1024 0 256 ) (-968 0 256 ) (-968 0 264 ) 
4 63 94 (-1024 0 256 ) (-1024 0 264 ) (-1024 16 264 ) (-1024 16 256 ) 
4 63 72 (-1024 0 256 ) (-1024 16 256 ) (-968 16 256 ) (-968 0 256 ) 
4 64 74 (-192 256 128 ) (-192 384 128 ) (0 384 128 ) (0 256 128 ) 
4 64 65 (-192 256 256 ) (-192 256 128 ) (0 256 128 ) (0 256 256 ) 
3 65 75 (-192 256 128 ) (0 256 128 ) (0 208 128 ) 
4 65 66 (-192 256 256 ) (-192 256 128 ) (0 208 128 ) (0 208 256 ) 
4 66 76 (-192 128 128 ) (-192 256 128 ) (0 208 128 ) (0 128 128 ) 
4 66 68 (-192 256 128 ) (-192 128 128 ) (-192 128 256 ) (-192 256 256 ) 
4 66 67 (-192 128 256 ) (-192 128 128 ) (0 128 128 ) (0 128 256 ) 
4 67 223 (0 0 128 ) (0 0 256 ) (-128 0 256 ) (-128 0 128 ) 
4 67 77 (0 0 128 ) (-192 0 128 ) (-192 128 128 ) (0 128 128 ) 
4 67 69 (-192 128 128 ) (-192 0 128 ) (-192 0 256 ) (-192 128 256 ) 
4 68 78 (-384 128 128 ) (-384 256 128 ) (-192 256 128 ) (-192 128 128 ) 
4 68 70 (-384 192 128 ) (-384 128 128 ) (-384 128 256 ) (-384 192 256 ) 
4 68 69 (-384 128 256 ) (-384 128 128 ) (-192 128 128 ) (-192 128 256 ) 
4 69 79 (-192 0 128 ) (-384 0 128 ) (-384 128 128 ) (-192 128 128 ) 
4 69 70 (-384 128 128 ) (-384 64 128 ) (-384 64 256 ) (-384 128 256 ) 
4 70 71 (-400 192 128 ) (-400 64 128 ) (-400 64 256 ) (-400 192 256 ) 
4 71 240 (-592 0 256 ) (-640 0 256 ) (-640 0 128 ) (-592 0 128 ) 
4 71 238 (-576 0 256 ) (-592 0 256 ) (-592 0 128 ) (-576 0 128 ) 
4 71 229 (-400 0 256 ) (-576 0 256 ) (-576 0 128 ) (-400 0 128 ) 
4 72 242 (-912 0 256 ) (-1024 0 256 ) (-1024 0 240 ) (-912 0 240 ) 
4 72 97 (-1024 0 240 ) (-1024 0 256 ) (-1024 48 256 ) (-1024 48 240 ) 
4 72 73 (-1024 0 240 ) (-1024 48 240 ) (-912 48 240 ) (-912 0 240 ) 
4 73 243 (-1024 0 240 ) (-1024 0 128 ) (-912 0 128 ) (-912 0 240 ) 
4 73 98 (-1024 0 128 ) (-1024 0 240 ) (-1024 48 240 ) (-1024 48 128 ) 
4 73 80 (-912 0 128 ) (-1024 0 128 ) (-1024 48 128 ) (-912 48 128 ) 
4 74 75 (-192 256 128 ) (-192 256 0 ) (0 256 0 ) (0 256 128 ) 
4 75 76 (-192 256 128 ) (-192 256 0 ) (0 208 0 ) (0 208 128 ) 
4 76 78 (-192 256 0 ) (-192 128 0 ) (-192 128 128 ) (-192 256 128 ) 
4 76 77 (-192 128 128 ) (-192 128 0 ) (0 128 0 ) (0 128 128 ) 
4 77 244 (0 0 0 ) (0 0 128 ) (-128 0 128 ) (-128 0 0 ) 
4 77 79 (-192 128 0 ) (-192 0 0 ) (-192 0 128 ) (-192 128 128 ) 
4 78 79 (-384 128 128 ) (-384 128 0 ) (-192 128 0 ) (-192 128 128 ) 
4 79 250 (-192 0 128 ) (-384 0 128 ) (-384 0 0 ) (-192 0 0 ) 
4 80 256 (-912 0 128 ) (-1024 0 128 ) (-1024 0 0 ) (-912 0 0 ) 
4 80 99 (-1024 0 0 ) (-1024 0 128 ) (-1024 48 128 ) (-1024 48 0 ) 
4 80 81 (-1024 0 0 ) (-1024 48 0 ) (-912 48 0 ) (-912 0 0 ) 
4 81 263 (-912 0 0 ) (-1024 0 0 ) (-1024 0 -16 ) (-912 0 -16 ) 
4 81 99 (-1024 0 -16 ) (-1024 0 0 ) (-1024 48 0 ) (-1024 48 -16 ) 
4 82 316 (-1288 0 608 ) (-1288 0 576 ) (-1192 0 576 ) (-1192 0 608 ) 
4 82 83 (-1192 8 576 ) (-1192 0 576 ) (-1288 0 576 ) (-1288 8 576 ) 
4 83 317 (-1120 0 576 ) (-1360 0 576 ) (-1360 0 512 ) (-1120 0 512 ) 
4 83 91 (-1120 0 512 ) (-1360 0 512 ) (-1360 48 512 ) (-1120 48 512 ) 
4 84 92 (-1024 48 384 ) (-1024 16 384 ) (-1048 16 384 ) (-1048 48 384 ) 
4 84 95 (-1048 16 384 ) (-1072 16 384 ) (-1072 48 384 ) (-1048 48 384 ) 
4 84 86 (-1072 16 496 ) (-1072 16 384 ) (-1024 16 384 ) (-1024 16 496 ) 
4 84 85 (-1072 16 512 ) (-1072 16 496 ) (-1024 16 496 ) (-1024 16 512 ) 
4 84 87 (-1072 48 512 ) (-1072 48 384 ) (-1072 16.001942 384 ) (-1072 16.001938 512 ) 
4 85 293 (-1024 0 496 ) (-1024 0 512 ) (-1056 0 512 ) (-1056 0 496 ) 
4 85 88 (-1056.003052 0 496 ) (-1056.003174 0 512 ) (-1072 15.997232 512 ) (-1072 15.997334 496 ) 
4 85 86 (-1024 0 496 ) (-1056 0 496 ) (-1072 16 496 ) (-1024 16 496 ) 
4 86 294 (-1024 0 384 ) (-1024 0 496 ) (-1056 0 496 ) (-1056 0 384 ) 
4 86 93 (-1024 16 384 ) (-1024 0 384 ) (-1048 0 384 ) (-1048 16 384 ) 
4 86 95 (-1048 0 384 ) (-1056 0 384 ) (-1072 16 384 ) (-1048 16 384 ) 
4 86 89 (-1072 15.998047 384 ) (-1056.001953 0 384 ) (-1056.003052 0 496 ) (-1072 15.997334 496 ) 
3 87 95 (-1072 16 384 ) (-1104 48 384 ) (-1072 48 384 ) 
4 87 90 (-1104.001953 48 512 ) (-1104.001953 48 384 ) (-1072 15.998047 384 ) (-1072 15.997232 512 ) 
4 88 295 (-1056 0 512 ) (-1072 0 512 ) (-1072 0 496 ) (-1056 0 496 ) 
4 88 90 (-1072 16.001938 512 ) (-1072 16.001938 496 ) (-1072 0 496 ) (-1072 0 512 ) 
3 88 89 (-1072 0 496 ) (-1072 16 496 ) (-1056 0 496 ) 
4 89 296 (-1072 0 496 ) (-1072 0 384 ) (-1056 0 384 ) (-1056 0 496 ) 
3 89 96 (-1056 0 384 ) (-1072 0 384 ) (-1072 16 384 ) 
4 89 90 (-1072 16.001938 496 ) (-1072 16.001942 384 ) (-1072 0 384 ) (-1072 0 496 ) 
4 90 298 (-1072 0 512 ) (-1104 0 512 ) (-1104 0 384 ) (-1072 0 384 ) 
4 90 96 (-1072 0 384 ) (-1104 0 384 ) (-1104 48 384 ) (-1072 16 384 ) 
4 91 318 (-1120 0 512 ) (-1360 0 512 ) (-1360 0 384 ) (-1120 0 384 ) 
4 92 97 (-1048 48 256 ) (-1024 48 256 ) (-1024 16 256 ) (-1048 16 256 ) 
4 92 94 (-1048 16 264 ) (-1048 16 256 ) (-1024 16 256 ) (-1024 16 264 ) 
4 92 93 (-1048 16 384 ) (-1048 16 264 ) (-1024 16 264 ) (-1024 16 384 ) 
4 92 95 (-1048 48 384 ) (-1048 48 256 ) (-1048 16 256 ) (-1048 16 384 ) 
4 93 301 (-1024 0 264 ) (-1024 0 384 ) (-1048 0 384 ) (-1048 0 264 ) 
4 93 95 (-1048 0 264 ) (-1048 0 384 ) (-1048 16 384 ) (-1048 16 264 ) 
4 93 94 (-1048 0 264 ) (-1048 16 264 ) (-1024 16 264 ) (-1024 0 264 ) 
4 94 302 (-1024 0 256 ) (-1024 0 264 ) (-1048 0 264 ) (-1048 0 256 ) 
4 94 97 (-1024 16 256 ) (-1024 0 256 ) (-1048 0 256 ) (-1048 16 256 ) 
4 94 95 (-1048 16 256 ) (-1048 0 256 ) (-1048 0 264 ) (-1048 16 264 ) 
4 95 303 (-1048 0 384 ) (-1056 0 384 ) (-1056 0 256 ) (-1048 0 256 ) 
4 95 97 (-1104 48 256 ) (-1048 48 256 ) (-1048 0 256 ) (-1056 0 256 ) 
4 95 96 (-1104 48 384 ) (-1104 48 256 ) (-1056 0 256 ) (-1056 0 384 ) 
4 96 306 (-1056 0 384 ) (-1104 0 384 ) (-1104 0 256 ) (-1056 0 256 ) 
3 96 97 (-1104 48 256 ) (-1056 0 256 ) (-1104 0 256 ) 
4 97 313 (-1024 0 240 ) (-1024 0 256 ) (-1104 0 256 ) (-1104 0 240 ) 
4 97 98 (-1024 0 240 ) (-1104 0 240 ) (-1104 48 240 ) (-1024 48 240 ) 
4 98 314 (-1024 0 128 ) (-1024 0 240 ) (-1104 0 240 ) (-1104 0 128 ) 
4 98 99 (-1104 0 128 ) (-1104 48 128 ) (-1024 48 128 ) (-1024 0 128 ) 
4 99 315 (-1024 0 -16 ) (-1024 0 128 ) (-1104 0 128 ) (-1104 0 -16 ) 
4 100 101 (208 -336 256 ) (208 -464 256 ) (208 -464 384 ) (208 -336 384 ) 
4 101 106 (80 -464 384 ) (80 -368 384 ) (80 -368 256 ) (80 -464 256 ) 
4 101 105 (80 -368 384 ) (80 -336 384 ) (80 -336 256 ) (80 -368 256 ) 
4 102 115 (64 -176 192 ) (64 -208 192 ) (64 -208 224 ) (64 -176 224 ) 
4 103 131 (64 -272 -64 ) (64 -272 0 ) (64 -208 0 ) (64 -208 -64 ) 
4 104 118 (64 -304 448 ) (64 -272 448 ) (64 -272 416 ) (64 -304 416 ) 
4 105 125 (64 -368 256 ) (64 -368 384 ) (64 -360 384 ) (64 -360 256 ) 
4 105 123 (64 -360 384 ) (64 -336 384 ) (64 -336 256 ) (64 -360 256 ) 
4 105 106 (64 -368 384 ) (64 -368 256 ) (80 -368 256 ) (80 -368 384 ) 
4 106 128 (64 -464 256 ) (64 -464 384 ) (64 -440 384 ) (64 -440 256 ) 
4 106 125 (64 -440 384 ) (64 -368 384 ) (64 -368 256 ) (64 -440 256 ) 
4 107 130 (64 -400 96 ) (64 -400 128 ) (64 -368 128 ) (64 -368 96 ) 
4 108 223 (0 0 256 ) (0 0 128 ) (0 -64 128 ) (0 -64 256 ) 
4 108 110 (64 -64 128 ) (48 -64 128 ) (48 -48 128 ) (64 -48 128 ) 
4 108 109 (48 -48 128 ) (48 0 128 ) (64 0 128 ) (64 -48 128 ) 
4 108 111 (48 -64 128 ) (0 -64 128 ) (0 0 128 ) (48 0 128 ) 
4 109 111 (48 0 0 ) (48 -48 0 ) (48 -48 128 ) (48 0 128 ) 
4 109 110 (48 -48 128 ) (48 -48 0 ) (64 -48 0 ) (64 -48 128 ) 
4 110 111 (48 -48 0 ) (48 -64 0 ) (48 -64 128 ) (48 -48 128 ) 
4 111 244 (0 0 128 ) (0 0 0 ) (0 -64 0 ) (0 -64 128 ) 
4 111 112 (32 -64 128 ) (0 -64 128 ) (0 -64 0 ) (32 -64 0 ) 
4 112 245 (0 -68 128 ) (0 -64 128 ) (0 -64 0 ) (0 -68 0 ) 
4 112 113 (0 -68 0 ) (32 -68 0 ) (32 -68 128 ) (0 -68 128 ) 
4 113 246 (0 -76 128 ) (0 -68 128 ) (0 -68 0 ) (0 -76 0 ) 
4 113 114 (0 -76 0 ) (32 -76 0 ) (32 -76 128 ) (0 -76 128 ) 
4 114 247 (0 -80 0 ) (0 -80 128 ) (0 -76 128 ) (0 -76 0 ) 
4 114 116 (0 -80 128 ) (0 -80 0 ) (32 -80 0 ) (32 -80 128 ) 
4 115 224 (0 -208 128 ) (0 -208 256 ) (0 -80 256 ) (0 -80 128 ) 
4 115 129 (64 -208 128 ) (64 -208 256 ) (0 -208 256 ) (0 -208 128 ) 
4 115 116 (64 -208 128 ) (0 -208 128 ) (0 -80 128 ) (64 -80 128 ) 
4 116 248 (0 -208 0 ) (0 -208 128 ) (0 -80 128 ) (0 -80 0 ) 
4 116 130 (64 -208 0 ) (64 -208 128 ) (0 -208 128 ) (0 -208 0 ) 
4 116 117 (64 -208 0 ) (0 -208 0 ) (0 -80 0 ) (64 -80 0 ) 
4 117 266 (0 -80 -128 ) (0 -208 -128 ) (0 -208 -64 ) (0 -80 -64 ) 
4 117 261 (0 -208 -64 ) (0 -208 0 ) (0 -80 0 ) (0 -80 -64 ) 
4 117 133 (0 -208 -128 ) (0 -80 -128 ) (64 -80 -128 ) (64 -208 -128 ) 
4 117 131 (0 -208 -128 ) (64 -208 -128 ) (64 -208 0 ) (0 -208 0 ) 
4 118 157 (0 -592 425.911377 ) (0 -592 512 ) (0 -208 512 ) (0 -208 425.911346 ) 
4 118 127 (64 -440 388.956665 ) (64 -592 388.956665 ) (0 -592 425.911896 ) (0 -440 425.911896 ) 
4 118 122 (25.822170 -440 411.001526 ) (18.893822 -440 415.002136 ) (18.893822 -360 415.002136 ) (25.822170 -360 411.001526 ) 
4 118 121 (64 -360 388.956665 ) (64 -440 388.956665 ) (25.822170 -440 411.001526 ) (25.822170 -360 411.001526 ) 
4 118 120 (18.893822 -440 415.002136 ) (0 -440 425.911896 ) (0 -360 425.911896 ) (18.893822 -360 415.002136 ) 
4 118 119 (0 -208 425.911926 ) (64 -208 388.956696 ) (64 -360 388.956665 ) (0 -360 425.911896 ) 
4 119 157 (0 -360 425.911377 ) (0 -208 425.911346 ) (0 -208 384 ) (0 -360 384 ) 
4 119 123 (0 -360 384 ) (0 -208 384 ) (64 -208 384 ) (64 -360 384 ) 
4 119 122 (0.995273 -360 384 ) (10.233074 -360 384 ) (25.822632 -360 411.002319 ) (18.894279 -360 415.002930 ) 
4 119 121 (10.233074 -360 384 ) (64 -360 384 ) (64 -360 388.957733 ) (25.822632 -360 411.002319 ) 
4 119 120 (0 -360 384 ) (0.995273 -360 384 ) (18.894279 -360 415.002930 ) (0 -360 425.912964 ) 
4 120 157 (0 -440 425.911377 ) (0 -360 425.911377 ) (0 -360 384 ) (0 -440 384 ) 
4 120 127 (18.892906 -440 415 ) (0 -440 425.909790 ) (0 -440 384 ) (0.995273 -440 384 ) 
4 120 124 (0.995274 -440 384 ) (0 -440 384 ) (0 -360 384 ) (0.995273 -360 384 ) 
4 120 122 (18.894531 -440 415 ) (0.996091 -440 384 ) (0.996094 -360 384 ) (18.894178 -360 415.001343 ) 
4 121 127 (64 -440 384 ) (64 -440 388.954529 ) (25.821251 -440 411 ) (10.233074 -440 384 ) 
4 121 125 (64 -440 384 ) (10.233074 -440 384 ) (10.233074 -360 384 ) (64 -360 384 ) 
4 121 122 (25.822266 -360 410.996094 ) (10.234375 -360 384 ) (10.234375 -440 384 ) (25.822912 -440 411 ) 
4 122 127 (25.821251 -440 411 ) (18.892906 -440 415 ) (0.995273 -440 384 ) (10.233074 -440 384 ) 
4 122 126 (10.233074 -440 384 ) (0.995274 -440 384 ) (0.995273 -360 384 ) (10.233074 -360 384 ) 
4 123 187 (0 -208 384 ) (0 -208 256 ) (0 -360 256 ) (0 -360 384 ) 
4 123 129 (0 -360 256 ) (0 -208 256 ) (64 -208 256 ) (64 -360 256 ) 
4 123 126 (10.233074 -360 384 ) (0.995274 -360 384 ) (0 -360 382.276093 ) (0 -360 366.275543 ) 
5 123 125 (0 -360 256 ) (64 -360 256 ) (64 -360 384 ) (10.233074 -360 384 ) (0 -360 366.275543 ) 
3 123 124 (0.995274 -360 384 ) (0 -360 384 ) (0 -360 382.276093 ) 
4 124 188 (0 -440 382.276093 ) (0 -440 384 ) (0 -360 384 ) (0 -360 382.276093 ) 
3 124 128 (0.995274 -440 384 ) (0 -440 384 ) (0 -440 382.276093 ) 
4 124 126 (0 -360 382.274658 ) (0.996094 -360 384 ) (0.996091 -440 384 ) (0 -440 382.274658 ) 
4 125 189 (0 -360 256 ) (0 -440 256 ) (0 -440 366.275543 ) (0 -360 366.275543 ) 
4 125 129 (0 -440 256 ) (0 -360 256 ) (64 -360 256 ) (64 -440 256 ) 
5 125 128 (0 -440 256 ) (64 -440 256 ) (64 -440 384 ) (10.233074 -440 384 ) (0 -440 366.275543 ) 
4 125 126 (10.234375 -360 384 ) (0 -360 366.273285 ) (0 -440 366.272949 ) (10.234375 -440 384 ) 
4 126 191 (0 -440 366.275543 ) (0 -440 382.276093 ) (0 -360 382.276093 ) (0 -360 366.275543 ) 
4 126 128 (10.233074 -440 384 ) (0.995274 -440 384 ) (0 -440 382.276093 ) (0 -440 366.275543 ) 
4 127 157 (0 -592 384 ) (0 -592 425.911377 ) (0 -440 425.911377 ) (0 -440 384 ) 
4 127 128 (0 -440 384 ) (64 -440 384 ) (64 -592 384 ) (0 -592 384 ) 
4 128 192 (0 -592 256 ) (0 -592 384 ) (0 -440 384 ) (0 -440 256 ) 
4 128 132 (0 -592 384 ) (0 -592 320 ) (32 -592 320 ) (32 -592 384 ) 
4 128 129 (64 -592 256 ) (0 -592 256 ) (0 -440 256 ) (64 -440 256 ) 
4 129 225 (0 -592 128 ) (0 -592 256 ) (0 -208 256 ) (0 -208 128 ) 
4 129 130 (64 -592 128 ) (0 -592 128 ) (0 -208 128 ) (64 -208 128 ) 
4 130 249 (0 -592 0 ) (0 -592 128 ) (0 -208 128 ) (0 -208 0 ) 
4 130 131 (64 -592 0 ) (0 -592 0 ) (0 -208 0 ) (64 -208 0 ) 
4 131 268 (0 -208 -128 ) (0 -592 -128 ) (0 -592 0 ) (0 -208 0 ) 
4 131 134 (0 -592 -128 ) (0 -208 -128 ) (64 -208 -128 ) (64 -592 -128 ) 
4 132 208 (0 -608 320 ) (0 -608 384 ) (0 -592 384 ) (0 -592 320 ) 
4 133 277 (0 -80 -256 ) (0 -208 -256 ) (0 -208 -128 ) (0 -80 -128 ) 
4 133 134 (0 -208 -256 ) (64 -208 -256 ) (64 -208 -128 ) (0 -208 -128 ) 
4 134 280 (0 -208 -256 ) (0 -592 -256 ) (0 -592 -128 ) (0 -208 -128 ) 
4 135 137 (-784 -16 576 ) (-784 -48 576 ) (-880 -48 576 ) (-880 -16 576 ) 
4 135 136 (-880 0 576 ) (-784 0 576 ) (-784 -16 576 ) (-880 -16 576 ) 
4 136 138 (-896 0 528 ) (-768 0 528 ) (-768 -16 528 ) (-896 -16 528 ) 
4 136 137 (-896 -16 576 ) (-896 -16 528 ) (-768 -16 528 ) (-768 -16 576 ) 
4 137 139 (-768 -16 528 ) (-768 -128 528 ) (-896 -128 528 ) (-896 -16 528 ) 
4 138 143 (-896 0 512 ) (-768 0 512 ) (-768 -16 512 ) (-896 -16 512 ) 
4 138 139 (-896 -16 528 ) (-896 -16 512 ) (-768 -16 512 ) (-768 -16 528 ) 
4 139 144 (-768 -16 512 ) (-768 -128 512 ) (-896 -128 512 ) (-896 -16 512 ) 
4 140 157 (-64 -432 512 ) (-64 -400 512 ) (-32 -400 512 ) (-32 -432 512 ) 
4 141 158 (-320 -208 512 ) (-256 -208 512 ) (-256 -272 512 ) (-320 -272 512 ) 
4 142 159 (-384 -464 512 ) (-448 -464 512 ) (-448 -400 512 ) (-384 -400 512 ) 
4 143 144 (-896 -16 512 ) (-896 -16 384 ) (-768 -16 384 ) (-768 -16 512 ) 
4 144 145 (-896 -16 384 ) (-896 -80 384 ) (-896 -80 512 ) (-896 -16 512 ) 
4 145 147 (-912 -16 384 ) (-912 -80 384 ) (-912 -80 512 ) (-912 -16 512 ) 
4 146 172 (-784 -192 384 ) (-912 -192 384 ) (-912 -144 384 ) (-784 -144 384 ) 
4 146 155 (-912 -192 384 ) (-784 -192 384 ) (-784 -192 512 ) (-912 -192 512 ) 
4 146 153 (-912 -144 384 ) (-912 -192 384 ) (-912 -192 512 ) (-912 -144 512 ) 
3 147 179 (-912 -112 384 ) (-912 -144 384 ) (-944 -112 384 ) 
4 147 173 (-944 0 384 ) (-912 0 384 ) (-912 -112 384 ) (-944 -112 384 ) 
4 147 152 (-944 -112.002396 384 ) (-912 -144.001968 384 ) (-912 -144.001968 512 ) (-944 -112.001961 512 ) 
4 147 149 (-944 0 384 ) (-944 -112 384 ) (-944 -112 496 ) (-944 0 496 ) 
4 147 148 (-944 -112 496 ) (-944 -112 512 ) (-944 0 512 ) (-944 0 496 ) 
4 148 293 (-1024 0 512 ) (-1024 0 496 ) (-1024 -32 496 ) (-1024 -32 512 ) 
4 148 150 (-944 -112.002014 496 ) (-944 -112.001961 512 ) (-1024 -32.001953 512 ) (-1024 -32.002144 496 ) 
4 148 149 (-944 0 496 ) (-944 -112 496 ) (-1024 -32 496 ) (-1024 0 496 ) 
4 149 294 (-1024 0 496 ) (-1024 0 384 ) (-1024 -32 384 ) (-1024 -32 496 ) 
4 149 174 (-1024 -32 384 ) (-1024 0 384 ) (-968 0 384 ) (-968 -88 384 ) 
4 149 173 (-968 0 384 ) (-944 0 384 ) (-944 -112 384 ) (-968 -88 384 ) 
4 149 151 (-1024 -32.003475 384 ) (-944 -112.002396 384 ) (-944 -112.002014 496 ) (-1024 -32.002144 496 ) 
4 150 295 (-1024 -112 496 ) (-1024 -112 512 ) (-1024 -32 512 ) (-1024 -32 496 ) 
4 150 152 (-944 -112 496 ) (-944 -112 512 ) (-1024 -112 512 ) (-1024 -112 496 ) 
3 150 151 (-944 -112 496 ) (-1024 -112 496 ) (-1024 -32 496 ) 
4 151 296 (-1024 -32 384 ) (-1024 -112 384 ) (-1024 -112 496 ) (-1024 -32 496 ) 
4 151 177 (-1024 -112 384 ) (-1024 -32 384 ) (-968 -88 384 ) (-968 -112 384 ) 
3 151 176 (-968 -88 384 ) (-944 -112 384 ) (-968 -112 384 ) 
4 151 152 (-1024 -112 384 ) (-944 -112 384 ) (-944 -112 496 ) (-1024 -112 496 ) 
4 152 297 (-1024 -112 384 ) (-1024 -144 384 ) (-1024 -144 512 ) (-1024 -112 512 ) 
4 152 180 (-1024 -144 384 ) (-1024 -112 384 ) (-944 -112 384 ) (-912 -144 384 ) 
4 152 153 (-1024 -144 384 ) (-912 -144 384 ) (-912 -144 512 ) (-1024 -144 512 ) 
4 153 299 (-1024 -144 384 ) (-1024 -192 384 ) (-1024 -192 512 ) (-1024 -144 512 ) 
4 153 181 (-1024 -192 384 ) (-1024 -144 384 ) (-912 -144 384 ) (-912 -192 384 ) 
4 153 156 (-1024 -192 384 ) (-912 -192 384 ) (-912 -192 512 ) (-1024 -192 512 ) 
4 154 159 (-512 -208 384 ) (-448 -208 384 ) (-448 -208 448 ) (-512 -208 448 ) 
4 155 183 (-912 -192 384 ) (-784 -192 384 ) (-784 -208 384 ) (-912 -208 384 ) 
4 155 161 (-912 -208 384 ) (-784 -208 384 ) (-784 -208 512 ) (-912 -208 512 ) 
4 155 156 (-912 -192 512 ) (-912 -192 384 ) (-912 -208 384 ) (-912 -208 512 ) 
4 156 299 (-1024 -192 384 ) (-1024 -208 384 ) (-1024 -208 512 ) (-1024 -192 512 ) 
4 156 184 (-1024 -208 384 ) (-1024 -192 384 ) (-912 -192 384 ) (-912 -208 384 ) 
4 156 163 (-1024 -208 384 ) (-912 -208 384 ) (-912 -208 512 ) (-1024 -208 512 ) 
4 157 188 (0 -360 384 ) (0 -440 384 ) (-192 -440 384 ) (-192 -360 384 ) 
4 157 187 (-192 -208 384 ) (0 -208 384 ) (0 -360 384 ) (-192 -360 384 ) 
4 157 192 (0 -440 384 ) (0 -592 384 ) (-192 -592 384 ) (-192 -440 384 ) 
4 157 158 (-192 -208 512 ) (-192 -208 384 ) (-192 -592 384 ) (-192 -592 512 ) 
4 158 193 (-384 -208 384 ) (-192 -208 384 ) (-192 -592 384 ) (-384 -592 384 ) 
4 158 159 (-384 -208 512 ) (-384 -208 384 ) (-384 -592 384 ) (-384 -592 512 ) 
4 159 194 (-576 -208 384 ) (-384 -208 384 ) (-384 -592 384 ) (-576 -592 384 ) 
4 159 166 (-384 -592 448 ) (-384 -592 480 ) (-416 -592 480 ) (-416 -592 448 ) 
4 159 160 (-576 -432 416 ) (-576 -432 448 ) (-576 -400 448 ) (-576 -400 416 ) 
4 161 201 (-912 -208 384 ) (-784 -208 384 ) (-784 -336 384 ) (-912 -336 384 ) 
4 161 163 (-912 -208 512 ) (-912 -208 384 ) (-912 -336 384 ) (-912 -336 512 ) 
4 161 162 (-912 -336 512 ) (-912 -336 384 ) (-784 -336 384 ) (-784 -336 512 ) 
4 162 203 (-784 -336 384 ) (-784 -528 384 ) (-912 -528 384 ) (-912 -336 384 ) 
4 162 164 (-912 -336 384 ) (-912 -528 384 ) (-912 -528 512 ) (-912 -336 512 ) 
4 163 299 (-1024 -208 384 ) (-1024 -336 384 ) (-1024 -336 512 ) (-1024 -208 512 ) 
4 163 202 (-1024 -336 384 ) (-1024 -208 384 ) (-912 -208 384 ) (-912 -336 384 ) 
4 163 164 (-1024 -336 384 ) (-912 -336 384 ) (-912 -336 512 ) (-1024 -336 512 ) 
4 164 300 (-1024 -336 384 ) (-1024 -528 384 ) (-1024 -528 512 ) (-1024 -336 512 ) 
4 164 204 (-1024 -528 384 ) (-1024 -336 384 ) (-912 -336 384 ) (-912 -528 384 ) 
4 165 207 (-976 -560 384 ) (-976 -592 384 ) (-1008 -592 384 ) (-1008 -560 384 ) 
4 167 213 (-256 -736 384 ) (-256 -714.666687 384 ) (-192 -679.111145 384 ) (-192 -736 384 ) 
4 167 212 (-256 -714.666687 384 ) (-256 -672 384 ) (-192 -672 384 ) (-192 -679.111145 384 ) 
4 168 169 (-568 -32 320 ) (-472 -32 320 ) (-472 -128 320 ) (-568 -128 320 ) 
4 169 171 (-400 -192 272 ) (-640 -192 272 ) (-640 0 272 ) (-400 0 272 ) 
4 170 224 (-128 -80 256 ) (-128 -144 256 ) (-192 -144 256 ) (-192 -80 256 ) 
4 171 240 (-640 0 256 ) (-592 0 256 ) (-592 -192 256 ) (-640 -192 256 ) 
4 171 238 (-592 0 256 ) (-576 0 256 ) (-576 -192 256 ) (-592 -192 256 ) 
4 171 229 (-576 0 256 ) (-400 0 256 ) (-400 -192 256 ) (-576 -192 256 ) 
4 172 185 (-912 -192 256 ) (-784 -192 256 ) (-784 -192 320 ) (-912 -192 320 ) 
4 172 183 (-784 -192 320 ) (-784 -192 384 ) (-912 -192 384 ) (-912 -192 320 ) 
4 172 181 (-912 -144 256 ) (-912 -192 256 ) (-912 -192 384 ) (-912 -144 384 ) 
5 173 242 (-968 0 256 ) (-912 0 256 ) (-912 -112 256 ) (-944 -112 256 ) (-968 -88 256 ) 
4 173 179 (-944 -112 256 ) (-912 -112 256 ) (-912 -112 384 ) (-944 -112 384 ) 
4 173 176 (-968 -88 256 ) (-944 -112 256 ) (-944 -112 384 ) (-968 -88 384 ) 
4 173 175 (-968 0 256 ) (-968 -87.998039 256 ) (-968 -87.998039 264 ) (-968 0 264 ) 
4 173 174 (-968 -87.998039 264 ) (-968 -87.998032 384 ) (-968 0 384 ) (-968 0 264 ) 
4 174 301 (-1024 0 384 ) (-1024 0 264 ) (-1024 -32 264 ) (-1024 -32 384 ) 
4 174 177 (-968 -88 264 ) (-968 -88 384 ) (-1024 -32 384 ) (-1024 -32 264 ) 
4 174 175 (-968 0 264 ) (-968 -88 264 ) (-1024 -32 264 ) (-1024 0 264 ) 
4 175 302 (-1024 0 264 ) (-1024 0 256 ) (-1024 -32 256 ) (-1024 -32 264 ) 
4 175 242 (-1024 -32 256 ) (-1024 0 256 ) (-968 0 256 ) (-968 -88 256 ) 
4 175 178 (-1024 -32 256 ) (-968 -88 256 ) (-968 -88 264 ) (-1024 -32 264 ) 
3 176 242 (-968 -88 256 ) (-944 -112 256 ) (-968 -112 256 ) 
4 176 180 (-968 -112 256 ) (-944 -112 256 ) (-944 -112 384 ) (-968 -112 384 ) 
4 176 178 (-968 -87.998039 264 ) (-968 -87.998039 256 ) (-968 -112 256 ) (-968 -112 264 ) 
4 176 177 (-968 -87.998032 384 ) (-968 -87.998039 264 ) (-968 -112 264 ) (-968 -112 384 ) 
4 177 304 (-1024 -112 264 ) (-1024 -112 384 ) (-1024 -32 384 ) (-1024 -32 264 ) 
4 177 180 (-968 -112 264 ) (-968 -112 384 ) (-1024 -112 384 ) (-1024 -112 264 ) 
4 177 178 (-1024 -32 264 ) (-968 -88 264 ) (-968 -112 264 ) (-1024 -112 264 ) 
4 178 305 (-1024 -32 256 ) (-1024 -112 256 ) (-1024 -112 264 ) (-1024 -32 264 ) 
4 178 242 (-1024 -112 256 ) (-1024 -32 256 ) (-968 -88 256 ) (-968 -112 256 ) 
4 178 180 (-1024 -112 256 ) (-968 -112 256 ) (-968 -112 264 ) (-1024 -112 264 ) 
3 179 242 (-944 -112 256 ) (-912 -112 256 ) (-912 -144 256 ) 
4 179 180 (-944 -112 384 ) (-944 -112 256 ) (-912 -144 256 ) (-912 -144 384 ) 
4 180 307 (-1024 -112 256 ) (-1024 -144 256 ) (-1024 -144 384 ) (-1024 -112 384 ) 
4 180 242 (-1024 -144 256 ) (-1024 -112 256 ) (-944 -112 256 ) (-912 -144 256 ) 
4 180 181 (-1024 -144 256 ) (-912 -144 256 ) (-912 -144 384 ) (-1024 -144 384 ) 
4 181 308 (-1024 -144 256 ) (-1024 -192 256 ) (-1024 -192 384 ) (-1024 -144 384 ) 
4 181 186 (-1024 -192 256 ) (-912 -192 256 ) (-912 -192 320 ) (-1024 -192 320 ) 
4 181 184 (-912 -192 320 ) (-912 -192 384 ) (-1024 -192 384 ) (-1024 -192 320 ) 
4 182 193 (-288 -208 352 ) (-288 -208 320 ) (-256 -208 320 ) (-256 -208 352 ) 
4 183 201 (-784 -208 384 ) (-912 -208 384 ) (-912 -208 320 ) (-784 -208 320 ) 
4 183 185 (-784 -208 320 ) (-912 -208 320 ) (-912 -192 320 ) (-784 -192 320 ) 
4 183 184 (-912 -192 384 ) (-912 -192 320 ) (-912 -208 320 ) (-912 -208 384 ) 
4 184 308 (-1024 -208 320 ) (-1024 -208 384 ) (-1024 -192 384 ) (-1024 -192 320 ) 
4 184 202 (-912 -208 384 ) (-1024 -208 384 ) (-1024 -208 320 ) (-912 -208 320 ) 
4 184 186 (-912 -208 320 ) (-1024 -208 320 ) (-1024 -192 320 ) (-912 -192 320 ) 
4 185 201 (-912 -208 256 ) (-784 -208 256 ) (-784 -208 320 ) (-912 -208 320 ) 
4 185 186 (-912 -208 256 ) (-912 -208 320 ) (-912 -192 320 ) (-912 -192 256 ) 
4 186 308 (-1024 -192 256 ) (-1024 -208 256 ) (-1024 -208 320 ) (-1024 -192 320 ) 
4 186 202 (-1024 -208 256 ) (-912 -208 256 ) (-912 -208 320 ) (-1024 -208 320 ) 
4 187 225 (-192 -208 256 ) (0 -208 256 ) (0 -360 256 ) (-192 -360 256 ) 
4 187 193 (-192 -208 384 ) (-192 -208 256 ) (-192 -360 256 ) (-192 -360 384 ) 
4 187 191 (-38.177803 -360 300.148651 ) (0 -360 366.275543 ) (0 -360 382.276093 ) (-45.105392 -360 304.148834 ) 
4 187 190 (-72.903282 -360 256 ) (-63.666649 -360 256 ) (-38.177803 -360 300.148651 ) (-45.105392 -360 304.148834 ) 
3 187 189 (-63.666649 -360 256 ) (0 -360 256 ) (0 -360 366.275543 ) 
5 187 188 (-192 -360 384 ) (-192 -360 256 ) (-72.903282 -360 256 ) (0 -360 382.276093 ) (0 -360 384 ) 
4 188 225 (-72.903290 -440 256 ) (-192 -440 256 ) (-192 -360 256 ) (-72.903282 -360 256 ) 
4 188 193 (-192 -360 256 ) (-192 -440 256 ) (-192 -440 384 ) (-192 -360 384 ) 
4 188 191 (0 -440 382.278046 ) (-45.106182 -440 304.149292 ) (-45.106575 -360 304.149536 ) (0 -360 382.278809 ) 
4 188 190 (-45.106182 -440 304.149292 ) (-72.904297 -440 256 ) (-72.904861 -360 256 ) (-45.106575 -360 304.149536 ) 
5 188 192 (-192 -440 384 ) (-192 -440 256 ) (-72.903282 -440 256 ) (0 -440 382.276093 ) (0 -440 384 ) 
4 189 225 (0 -360 256 ) (0 -440 256 ) (-63.666653 -440 256 ) (-63.666649 -360 256 ) 
4 189 191 (0 -360 366.273438 ) (-38.177147 -360 300.148285 ) (-38.178688 -440 300.149170 ) (0 -440 366.277588 ) 
4 189 190 (-38.177147 -360 300.148285 ) (-63.666016 -360 256 ) (-63.667831 -440 256 ) (-38.178688 -440 300.149170 ) 
3 189 192 (-63.666649 -440 256 ) (0 -440 256 ) (0 -440 366.275543 ) 
4 190 225 (-63.666653 -440 256 ) (-72.903290 -440 256 ) (-72.903282 -360 256 ) (-63.666649 -360 256 ) 
4 190 192 (-72.903282 -440 256 ) (-63.666649 -440 256 ) (-38.177803 -440 300.148651 ) (-45.105392 -440 304.148834 ) 
4 190 191 (-45.105644 -360 304.147278 ) (-45.105644 -440 304.147278 ) (-38.177750 -440 300.147461 ) (-38.177746 -360 300.147461 ) 
4 191 192 (-38.177803 -440 300.148651 ) (0 -440 366.275543 ) (0 -440 382.276093 ) (-45.105392 -440 304.148834 ) 
4 192 225 (0 -440 256 ) (0 -592 256 ) (-192 -592 256 ) (-192 -440 256 ) 
4 192 210 (-192 -592 256 ) (-64 -592 256 ) (-64 -592 384 ) (-192 -592 384 ) 
4 192 208 (0 -592 320 ) (0 -592 384 ) (-32 -592 384 ) (-32 -592 320 ) 
4 192 193 (-192 -440 256 ) (-192 -592 256 ) (-192 -592 384 ) (-192 -440 384 ) 
4 193 227 (-384 -208 256 ) (-192 -208 256 ) (-192 -592 256 ) (-384 -592 256 ) 
4 193 210 (-352 -592 256 ) (-192 -592 256 ) (-192 -592 384 ) (-352 -592 384 ) 
4 193 194 (-384 -208 384 ) (-384 -208 256 ) (-384 -592 256 ) (-384 -592 384 ) 
4 194 231 (-576 -208 256 ) (-384 -208 256 ) (-384 -592 256 ) (-576 -592 256 ) 
4 194 211 (-576 -592 256 ) (-448 -592 256 ) (-448 -592 384 ) (-576 -592 384 ) 
4 194 195 (-576 -336 256 ) (-576 -464 256 ) (-576 -464 384 ) (-576 -336 384 ) 
4 195 196 (-580 -336 384 ) (-580 -336 256 ) (-580 -464 256 ) (-580 -464 384 ) 
4 196 197 (-588 -336 384 ) (-588 -336 256 ) (-588 -464 256 ) (-588 -464 384 ) 
4 197 198 (-592 -336 256 ) (-592 -464 256 ) (-592 -464 384 ) (-592 -336 384 ) 
4 198 199 (-688 -336 384 ) (-688 -336 256 ) (-688 -464 256 ) (-688 -464 384 ) 
4 199 200 (-768 -336 384 ) (-768 -336 256 ) (-768 -464 256 ) (-768 -464 384 ) 
4 200 203 (-784 -336 256 ) (-784 -464 256 ) (-784 -464 384 ) (-784 -336 384 ) 
4 201 203 (-912 -336 256 ) (-784 -336 256 ) (-784 -336 384 ) (-912 -336 384 ) 
4 201 202 (-912 -208 384 ) (-912 -208 256 ) (-912 -336 256 ) (-912 -336 384 ) 
4 202 308 (-1024 -208 256 ) (-1024 -336 256 ) (-1024 -336 384 ) (-1024 -208 384 ) 
4 202 204 (-1024 -336 256 ) (-912 -336 256 ) (-912 -336 384 ) (-1024 -336 384 ) 
4 203 205 (-912 -528 256 ) (-784 -528 256 ) (-784 -528 384 ) (-912 -528 384 ) 
4 203 204 (-912 -336 384 ) (-912 -336 256 ) (-912 -528 256 ) (-912 -528 384 ) 
4 204 309 (-1024 -336 256 ) (-1024 -528 256 ) (-1024 -528 384 ) (-1024 -336 384 ) 
4 204 205 (-1024 -528 256 ) (-912 -528 256 ) (-912 -528 384 ) (-1024 -528 384 ) 
4 205 310 (-1024 -528 256 ) (-1024 -544 256 ) (-1024 -544 384 ) (-1024 -528 384 ) 
4 205 207 (-1024 -544 256 ) (-784 -544 256 ) (-784 -544 384 ) (-1024 -544 384 ) 
4 206 218 (-853.818115 -592 256 ) (-792 -592 256 ) (-792 -592 384 ) (-853.818115 -592 384 ) 
4 206 216 (-792 -592 256 ) (-784 -592 256 ) (-784 -592 384 ) (-792 -592 384 ) 
4 206 207 (-784 -544 384 ) (-784 -544 256 ) (-853.817261 -592 256 ) (-853.817261 -592 384 ) 
4 207 312 (-1024 -544 256 ) (-1024 -592 256 ) (-1024 -592 384 ) (-1024 -544 384 ) 
4 207 219 (-1024 -592 256 ) (-853.818115 -592 256 ) (-853.818115 -592 384 ) (-1024 -592 384 ) 
4 209 213 (-64 -736 288 ) (-64 -736 352 ) (-64 -672 352 ) (-64 -672 288 ) 
4 210 232 (-352 -592 256 ) (-64 -592 256 ) (-64 -608 256 ) (-352 -608 256 ) 
4 210 212 (-352 -608 256 ) (-64 -608 256 ) (-64 -608 384 ) (-352 -608 384 ) 
4 211 214 (-576 -608 256 ) (-448 -608 256 ) (-448 -608 384 ) (-576 -608 384 ) 
3 212 233 (-64 -608 256 ) (-352 -768 256 ) (-352 -608 256 ) 
4 212 215 (-352 -608 384 ) (-352 -608 256 ) (-352 -768 256 ) (-352 -768 384 ) 
4 212 213 (-352 -768 384 ) (-352 -768 256 ) (-64 -608 256 ) (-64 -608 384 ) 
3 213 234 (-64 -608 256 ) (-64 -768 256 ) (-352 -768 256 ) 
4 213 221 (-288 -768 320 ) (-288 -768 352 ) (-320 -768 352 ) (-320 -768 320 ) 
3 214 235 (-576 -768 256 ) (-576 -608 256 ) (-352 -608 256 ) 
4 214 215 (-576 -768 384 ) (-576 -768 256 ) (-352 -608 256 ) (-352 -608 384 ) 
3 215 236 (-352 -768 256 ) (-576 -768 256 ) (-352 -608 256 ) 
4 215 222 (-544 -768 256 ) (-512 -768 256 ) (-512 -768 288 ) (-544 -768 288 ) 
4 216 218 (-792 -592 384 ) (-792 -592 256 ) (-792 -656 256 ) (-792 -656 384 ) 
4 216 217 (-792 -656 384 ) (-792 -656 256 ) (-784 -656 256 ) (-784 -656 384 ) 
4 217 218 (-792 -656 256 ) (-792 -720 256 ) (-792 -720 384 ) (-792 -656 384 ) 
4 218 311 (-1024 -709 256 ) (-1024 -720 256 ) (-1024 -720 384 ) (-1024 -709 384 ) 
4 218 220 (-912 -720 288 ) (-912 -720 320 ) (-944 -720 320 ) (-944 -720 288 ) 
4 218 219 (-853.818176 -592 384 ) (-853.818176 -592 256 ) (-1024 -709 256 ) (-1024 -709 384 ) 
4 219 312 (-1024 -592 256 ) (-1024 -709 256 ) (-1024 -709 384 ) (-1024 -592 384 ) 
4 223 244 (-128 0 128 ) (0 0 128 ) (0 -64 128 ) (-128 -64 128 ) 
4 224 248 (0 -80 128 ) (0 -208 128 ) (-192 -208 128 ) (-192 -80 128 ) 
4 224 226 (-192 -80 128 ) (-192 -208 128 ) (-192 -208 256 ) (-192 -80 256 ) 
4 224 225 (-192 -208 256 ) (-192 -208 128 ) (0 -208 128 ) (0 -208 256 ) 
4 225 249 (0 -208 128 ) (0 -592 128 ) (-192 -592 128 ) (-192 -208 128 ) 
4 225 232 (-64 -592 256 ) (-192 -592 256 ) (-192 -592 224 ) (-64 -592 224 ) 
4 225 227 (-192 -208 128 ) (-192 -592 128 ) (-192 -592 256 ) (-192 -208 256 ) 
4 226 251 (-192 -16 128 ) (-192 -208 128 ) (-384 -208 128 ) (-384 -16 128 ) 
4 226 228 (-384 -80 128 ) (-384 -144 128 ) (-384 -144 256 ) (-384 -80 256 ) 
4 226 227 (-384 -208 256 ) (-384 -208 128 ) (-192 -208 128 ) (-192 -208 256 ) 
4 227 252 (-192 -208 128 ) (-192 -592 128 ) (-384 -592 128 ) (-384 -208 128 ) 
4 227 232 (-192 -592 224 ) (-192 -592 256 ) (-352 -592 256 ) (-352 -592 224 ) 
4 227 231 (-384 -208 128 ) (-384 -592 128 ) (-384 -592 256 ) (-384 -208 256 ) 
4 228 229 (-400 -80 128 ) (-400 -144 128 ) (-400 -144 256 ) (-400 -80 256 ) 
4 229 238 (-576 0 128 ) (-576 -192 128 ) (-576 -192 256 ) (-576 0 256 ) 
4 229 230 (-512 -192 128 ) (-448 -192 128 ) (-448 -192 256 ) (-512 -192 256 ) 
4 230 231 (-512 -208 128 ) (-448 -208 128 ) (-448 -208 256 ) (-512 -208 256 ) 
4 231 255 (-384 -208 128 ) (-384 -592 128 ) (-576 -592 128 ) (-576 -208 128 ) 
4 231 239 (-576 -400 128 ) (-576 -432 128 ) (-576 -432 160 ) (-576 -400 160 ) 
4 232 233 (-352 -608 224 ) (-64 -608 224 ) (-64 -608 256 ) (-352 -608 256 ) 
4 233 236 (-352 -608 256 ) (-352 -608 224 ) (-352 -768 224 ) (-352 -768 256 ) 
4 233 234 (-352 -768 256 ) (-352 -768 224 ) (-64 -608 224 ) (-64 -608 256 ) 
4 235 237 (-576 -672 224 ) (-576 -608 224 ) (-448 -608 224 ) (-448 -672 224 ) 
4 235 236 (-576 -768 256 ) (-576 -768 224 ) (-352 -608 224 ) (-352 -608 256 ) 
4 237 258 (-576 -672 128 ) (-576 -608 128 ) (-448 -608 128 ) (-448 -672 128 ) 
4 238 240 (-592 0 128 ) (-592 -192 128 ) (-592 -192 256 ) (-592 0 256 ) 
4 240 241 (-640 0 128 ) (-640 -192 128 ) (-640 -192 256 ) (-640 0 256 ) 
4 242 313 (-1024 0 256 ) (-1024 0 240 ) (-1024 -144 240 ) (-1024 -144 256 ) 
4 242 243 (-912 -144 240 ) (-1024 -144 240 ) (-1024 0 240 ) (-912 0 240 ) 
4 243 314 (-1024 0 240 ) (-1024 0 128 ) (-1024 -144 128 ) (-1024 -144 240 ) 
4 243 256 (-1024 -144 128 ) (-1024 0 128 ) (-912 0 128 ) (-912 -144 128 ) 
4 244 245 (-96 -64 0 ) (0 -64 0 ) (0 -64 128 ) (-96 -64 128 ) 
4 245 246 (-96 -68 128 ) (-96 -68 0 ) (0 -68 0 ) (0 -68 128 ) 
4 246 247 (-96 -76 128 ) (-96 -76 0 ) (0 -76 0 ) (0 -76 128 ) 
4 247 248 (-96 -80 0 ) (0 -80 0 ) (0 -80 128 ) (-96 -80 128 ) 
4 248 261 (0 -80 0 ) (0 -208 0 ) (-192 -208 0 ) (-192 -80 0 ) 
4 248 251 (-192 -80 0 ) (-192 -208 0 ) (-192 -208 128 ) (-192 -80 128 ) 
4 248 249 (-192 -208 128 ) (-192 -208 0 ) (0 -208 0 ) (0 -208 128 ) 
4 249 268 (0 -208 0 ) (0 -592 0 ) (-192 -592 0 ) (-192 -208 0 ) 
4 249 257 (-160 -592 96 ) (-160 -592 128 ) (-192 -592 128 ) (-192 -592 96 ) 
4 249 252 (-192 -208 0 ) (-192 -592 0 ) (-192 -592 128 ) (-192 -208 128 ) 
4 250 251 (-384 -16 128 ) (-384 -16 0 ) (-192 -16 0 ) (-192 -16 128 ) 
4 251 264 (-192 -144 0 ) (-192 -208 0 ) (-384 -208 0 ) (-384 -144 0 ) 
4 251 262 (-192 -16 0 ) (-192 -144 0 ) (-384 -144 0 ) (-384 -16 0 ) 
4 251 253 (-384 -80 0 ) (-384 -144 0 ) (-384 -144 64 ) (-384 -80 64 ) 
4 251 252 (-384 -208 128 ) (-384 -208 0 ) (-192 -208 0 ) (-192 -208 128 ) 
4 252 270 (-192 -360 0 ) (-192 -440 0 ) (-320 -440 0 ) (-320 -360 0 ) 
4 252 269 (-192 -208 0 ) (-192 -360 0 ) (-320 -360 0 ) (-320 -208 0 ) 
4 252 272 (-192 -440 0 ) (-192 -592 0 ) (-320 -592 0 ) (-320 -440 0 ) 
4 252 273 (-320 -592 0 ) (-384 -592 0 ) (-384 -208 0 ) (-320 -208 0 ) 
4 252 255 (-384 -208 0 ) (-384 -592 0 ) (-384 -592 128 ) (-384 -208 128 ) 
4 254 255 (-416 -208 64 ) (-448 -208 64 ) (-448 -208 32 ) (-416 -208 32 ) 
4 255 274 (-384 -208 0 ) (-384 -592 0 ) (-576 -592 0 ) (-576 -208 0 ) 
4 256 315 (-1024 0 128 ) (-1024 0 0 ) (-1024 -144 0 ) (-1024 -144 128 ) 
4 256 263 (-1024 -144 0 ) (-1024 0 0 ) (-912 0 0 ) (-912 -144 0 ) 
4 259 262 (-192 -16 -64 ) (-192 -48 -64 ) (-192 -48 -32 ) (-192 -16 -32 ) 
4 260 261 (-32 -80 -64 ) (0 -80 -64 ) (0 -80 -32 ) (-32 -80 -32 ) 
4 261 268 (0 -208 -64 ) (0 -208 0 ) (-192 -208 0 ) (-192 -208 -64 ) 
4 261 266 (0 -208 -64 ) (-192 -208 -64 ) (-192 -80 -64 ) (0 -80 -64 ) 
4 261 264 (-192 -144 -64 ) (-192 -208 -64 ) (-192 -208 0 ) (-192 -144 0 ) 
4 261 262 (-192 -80 -64 ) (-192 -144 -64 ) (-192 -144 0 ) (-192 -80 0 ) 
4 262 267 (-192 -80 -64 ) (-192 -144 -64 ) (-384 -144 -64 ) (-384 -80 -64 ) 
4 262 265 (-192 -16 -64 ) (-192 -80 -64 ) (-384 -80 -64 ) (-384 -16 -64 ) 
4 262 264 (-384 -144 -64 ) (-192 -144 -64 ) (-192 -144 0 ) (-384 -144 0 ) 
4 263 315 (-1024 0 0 ) (-1024 0 -16 ) (-1024 -144 -16 ) (-1024 -144 0 ) 
4 264 269 (-192 -208 0 ) (-320 -208 0 ) (-320 -208 -64 ) (-192 -208 -64 ) 
4 264 273 (-320 -208 0 ) (-384 -208 0 ) (-384 -208 -64 ) (-320 -208 -64 ) 
4 264 267 (-192 -208 -64 ) (-384 -208 -64 ) (-384 -144 -64 ) (-192 -144 -64 ) 
4 265 278 (-192 -80 -128 ) (-384 -80 -128 ) (-384 -16 -128 ) (-192 -16 -128 ) 
4 265 267 (-384 -80 -64 ) (-384 -80 -128 ) (-192 -80 -128 ) (-192 -80 -64 ) 
4 266 277 (0 -80 -128 ) (0 -208 -128 ) (-192 -208 -128 ) (-192 -80 -128 ) 
4 266 268 (-192 -208 -128 ) (0 -208 -128 ) (0 -208 -64 ) (-192 -208 -64 ) 
4 266 267 (-192 -80 -64 ) (-192 -80 -128 ) (-192 -208 -128 ) (-192 -208 -64 ) 
4 267 279 (-192 -208 -128 ) (-384 -208 -128 ) (-384 -80 -128 ) (-192 -80 -128 ) 
4 267 269 (-320 -208 -128 ) (-192 -208 -128 ) (-192 -208 -64 ) (-320 -208 -64 ) 
4 267 273 (-384 -208 -128 ) (-320 -208 -128 ) (-320 -208 -64 ) (-384 -208 -64 ) 
4 268 280 (-192 -208 -128 ) (0 -208 -128 ) (0 -592 -128 ) (-192 -592 -128 ) 
4 268 271 (-192 -360 -128 ) (-192 -440 -128 ) (-192 -440 -72 ) (-192 -360 -72 ) 
4 268 270 (-192 -440 -72 ) (-192 -440 0 ) (-192 -360 0 ) (-192 -360 -72 ) 
4 268 269 (-192 -208 0 ) (-192 -208 -128 ) (-192 -360 -128 ) (-192 -360 0 ) 
4 268 272 (-192 -440 -128 ) (-192 -592 -128 ) (-192 -592 0 ) (-192 -440 0 ) 
4 269 281 (-320 -208 -128 ) (-192 -208 -128 ) (-192 -360 -128 ) (-320 -360 -128 ) 
4 269 271 (-320 -360 -72 ) (-320 -360 -128 ) (-192 -360 -128 ) (-192 -360 -72 ) 
4 269 270 (-320 -360 0 ) (-320 -360 -72 ) (-192 -360 -72 ) (-192 -360 0 ) 
4 269 273 (-320 -208 0 ) (-320 -208 -128 ) (-320 -360 -128 ) (-320 -360 0 ) 
4 270 273 (-320 -440 -72 ) (-320 -440 0 ) (-320 -360 0 ) (-320 -360 -72 ) 
4 270 272 (-320 -440 0 ) (-320 -440 -72 ) (-192 -440 -72 ) (-192 -440 0 ) 
4 270 271 (-192 -440 -72 ) (-320 -440 -72 ) (-320 -360 -72 ) (-192 -360 -72 ) 
4 271 281 (-192 -360 -128 ) (-192 -440 -128 ) (-320 -440 -128 ) (-320 -360 -128 ) 
4 271 273 (-320 -360 -128 ) (-320 -440 -128 ) (-320 -440 -72 ) (-320 -360 -72 ) 
4 271 272 (-320 -440 -72 ) (-320 -440 -128 ) (-192 -440 -128 ) (-192 -440 -72 ) 
4 272 281 (-192 -440 -128 ) (-192 -592 -128 ) (-320 -592 -128 ) (-320 -440 -128 ) 
4 272 276 (-288 -592 0 ) (-320 -592 0 ) (-320 -592 -64 ) (-288 -592 -64 ) 
4 272 273 (-320 -440 -128 ) (-320 -592 -128 ) (-320 -592 0 ) (-320 -440 0 ) 
4 273 281 (-384 -208 -128 ) (-320 -208 -128 ) (-320 -592 -128 ) (-384 -592 -128 ) 
4 273 276 (-320 -592 -64 ) (-320 -592 0 ) (-352 -592 0 ) (-352 -592 -64 ) 
4 273 274 (-384 -208 0 ) (-384 -208 -128 ) (-384 -592 -128 ) (-384 -592 0 ) 
4 274 282 (-576 -208 -128 ) (-384 -208 -128 ) (-384 -592 -128 ) (-576 -592 -128 ) 
4 274 275 (-576 -336 -64 ) (-576 -400 -64 ) (-576 -400 0 ) (-576 -336 0 ) 
4 277 280 (-192 -208 -256 ) (0 -208 -256 ) (0 -208 -128 ) (-192 -208 -128 ) 
4 277 279 (-192 -80 -256 ) (-192 -208 -256 ) (-192 -208 -128 ) (-192 -80 -128 ) 
4 278 279 (-384 -80 -128 ) (-384 -80 -256 ) (-192 -80 -256 ) (-192 -80 -128 ) 
4 279 281 (-384 -208 -256 ) (-192 -208 -256 ) (-192 -208 -128 ) (-384 -208 -128 ) 
4 280 281 (-192 -208 -128 ) (-192 -208 -256 ) (-192 -592 -256 ) (-192 -592 -128 ) 
4 281 283 (-192 -336 -256 ) (-192 -464 -256 ) (-320 -464 -256 ) (-320 -336 -256 ) 
4 281 282 (-384 -208 -128 ) (-384 -208 -256 ) (-384 -592 -256 ) (-384 -592 -128 ) 
4 283 284 (-320 -336 -272 ) (-192 -336 -272 ) (-192 -464 -272 ) (-320 -464 -272 ) 
4 284 285 (-320 -464 -400 ) (-320 -336 -400 ) (-192 -336 -400 ) (-192 -464 -400 ) 
4 286 342 (-1104 -544 960 ) (-1104 -480 960 ) (-1104 -480 896 ) (-1104 -544 896 ) 
3 286 289 (-1104 -544 896 ) (-1104 -480 896 ) (-1040 -480 896 ) 
4 286 287 (-1104 -544 896 ) (-1040 -480 896 ) (-1040 -480 960 ) (-1104 -544 960 ) 
4 287 345 (-1104 -656 960 ) (-1104 -608 960 ) (-1104 -608 896 ) (-1104 -656 896 ) 
4 287 343 (-1104 -608 960 ) (-1104 -544 960 ) (-1104 -544 896 ) (-1104 -608 896 ) 
4 287 290 (-1104 -656 896 ) (-1104 -544 896 ) (-1040 -480 896 ) (-1040 -656 896 ) 
4 288 326 (-1104 -272 800 ) (-1104 -272 832 ) (-1104 -240 832 ) (-1104 -240 800 ) 
4 289 346 (-1104 -544 896 ) (-1104 -480 896 ) (-1104 -480 768 ) (-1104 -544 768 ) 
4 289 290 (-1104 -544 768 ) (-1040 -480 768 ) (-1040 -480 896 ) (-1104 -544 896 ) 
4 290 349 (-1104 -656 896 ) (-1104 -608 896 ) (-1104 -608 768 ) (-1104 -656 768 ) 
4 290 347 (-1104 -608 896 ) (-1104 -544 896 ) (-1104 -544 768 ) (-1104 -608 768 ) 
4 291 330 (-1104 -272 576 ) (-1104 -272 544 ) (-1104 -304 544 ) (-1104 -304 576 ) 
4 292 328 (-1104 -400 704 ) (-1104 -368 704 ) (-1104 -368 672 ) (-1104 -400 672 ) 
4 293 295 (-1024 -32 496 ) (-1024 -32 512 ) (-1056 0 512 ) (-1056 0 496 ) 
3 293 294 (-1024 -31.996094 496 ) (-1055.996094 0 496 ) (-1024 0 496 ) 
4 294 301 (-1048 0 384 ) (-1024 0 384 ) (-1024 -32 384 ) (-1048 -8 384 ) 
3 294 303 (-1056 0 384 ) (-1048 0 384 ) (-1048 -8 384 ) 
4 294 296 (-1056 0 384 ) (-1024 -32 384 ) (-1024 -32 496 ) (-1056 0 496 ) 
4 295 298 (-1072 -112 496 ) (-1072 -112 512 ) (-1072 0 512 ) (-1072 0 496 ) 
4 295 297 (-1072 -112 512 ) (-1072 -112 496 ) (-1024 -112 496 ) (-1024 -112 512 ) 
5 295 296 (-1056 0 496 ) (-1024 -32 496 ) (-1024 -112 496 ) (-1072 -112 496 ) (-1072 0 496 ) 
4 296 304 (-1048 -8 384 ) (-1024 -32 384 ) (-1024 -112 384 ) (-1048 -112 384 ) 
5 296 306 (-1072 0 384 ) (-1056 0 384 ) (-1048 -8 384 ) (-1048 -112 384 ) (-1072 -112 384 ) 
4 296 298 (-1072 0 384 ) (-1072 -112 384 ) (-1072 -112 496 ) (-1072 0 496 ) 
4 296 297 (-1072 -112 496 ) (-1072 -112 384 ) (-1024 -112 384 ) (-1024 -112 496 ) 
4 297 307 (-1024 -112 384 ) (-1024 -144 384 ) (-1072 -144 384 ) (-1072 -112 384 ) 
4 297 299 (-1072 -144 384 ) (-1024 -144 384 ) (-1024 -144 512 ) (-1072 -144 512 ) 
4 297 298 (-1072 -112 384 ) (-1072 -144 384 ) (-1072 -144 512 ) (-1072 -112 512 ) 
4 298 306 (-1104 -112 384 ) (-1104 0 384 ) (-1072 0 384 ) (-1072 -112 384 ) 
4 298 307 (-1104 -144 384 ) (-1104 -112 384 ) (-1072 -112 384 ) (-1072 -144 384 ) 
4 298 299 (-1104 -144 384 ) (-1072 -144 384 ) (-1072 -144 512 ) (-1104 -144 512 ) 
4 299 332 (-1104 -336 512 ) (-1104 -208 512 ) (-1104 -208 384 ) (-1104 -336 384 ) 
4 299 323 (-1104 -208 512 ) (-1104 -192 512 ) (-1104 -192 384 ) (-1104 -208 384 ) 
4 299 320 (-1104 -192 512 ) (-1104 -144 512 ) (-1104 -144 384 ) (-1104 -192 384 ) 
4 299 308 (-1104 -336 384 ) (-1104 -144 384 ) (-1024 -144 384 ) (-1024 -336 384 ) 
4 299 300 (-1104 -336 384 ) (-1024 -336 384 ) (-1024 -336 512 ) (-1104 -336 512 ) 
4 300 350 (-1104 -528 512 ) (-1104 -480 512 ) (-1104 -480 384 ) (-1104 -528 384 ) 
4 300 339 (-1104 -480 512 ) (-1104 -464 512 ) (-1104 -464 384 ) (-1104 -480 384 ) 
4 300 334 (-1104 -464 512 ) (-1104 -336 512 ) (-1104 -336 384 ) (-1104 -464 384 ) 
4 300 309 (-1104 -528 384 ) (-1104 -336 384 ) (-1024 -336 384 ) (-1024 -528 384 ) 
4 301 304 (-1024 -32 264 ) (-1024 -32 384 ) (-1048 -8 384 ) (-1048 -8 264 ) 
4 301 303 (-1048 -8 264 ) (-1048 -8 384 ) (-1048 0 384 ) (-1048 0 264 ) 
4 301 302 (-1024 -32 264 ) (-1048 -8 264 ) (-1048 0 264 ) (-1024 0 264 ) 
4 302 313 (-1048 0 256 ) (-1024 0 256 ) (-1024 -32 256 ) (-1048 -8 256 ) 
4 302 305 (-1048 -8 256 ) (-1024 -32 256 ) (-1024 -32 264 ) (-1048 -8 264 ) 
4 302 303 (-1048 0 256 ) (-1048 -8 256 ) (-1048 -8 264 ) (-1048 0 264 ) 
3 303 313 (-1056 0 256 ) (-1048 0 256 ) (-1048 -8 256 ) 
4 303 306 (-1056 0 256 ) (-1048 -8 256 ) (-1048 -8 384 ) (-1056 0 384 ) 
4 304 306 (-1048 -8 384 ) (-1048 -8 264 ) (-1048 -112 264 ) (-1048 -112 384 ) 
4 304 307 (-1024 -112 264 ) (-1024 -112 384 ) (-1048 -112 384 ) (-1048 -112 264 ) 
4 304 305 (-1048 -112 264 ) (-1048 -8 264 ) (-1024 -32 264 ) (-1024 -112 264 ) 
4 305 313 (-1048 -8 256 ) (-1024 -32 256 ) (-1024 -112 256 ) (-1048 -112 256 ) 
4 305 306 (-1048 -8 264 ) (-1048 -8 256 ) (-1048 -112 256 ) (-1048 -112 264 ) 
4 305 307 (-1048 -112 256 ) (-1024 -112 256 ) (-1024 -112 264 ) (-1048 -112 264 ) 
5 306 313 (-1104 -112 256 ) (-1104 0 256 ) (-1056 0 256 ) (-1048 -8 256 ) (-1048 -112 256 ) 
4 306 307 (-1104 -112 256 ) (-1048 -112 256 ) (-1048 -112 384 ) (-1104 -112 384 ) 
4 307 313 (-1104 -144 256 ) (-1104 -112 256 ) (-1024 -112 256 ) (-1024 -144 256 ) 
4 307 308 (-1104 -144 256 ) (-1024 -144 256 ) (-1024 -144 384 ) (-1104 -144 384 ) 
4 308 333 (-1104 -336 384 ) (-1104 -208 384 ) (-1104 -208 256 ) (-1104 -336 256 ) 
4 308 324 (-1104 -208 384 ) (-1104 -192 384 ) (-1104 -192 256 ) (-1104 -208 256 ) 
4 308 321 (-1104 -192 384 ) (-1104 -144 384 ) (-1104 -144 256 ) (-1104 -192 256 ) 
4 308 309 (-1104 -336 256 ) (-1024 -336 256 ) (-1024 -336 384 ) (-1104 -336 384 ) 
4 309 355 (-1104 -528 384 ) (-1104 -480 384 ) (-1104 -480 256 ) (-1104 -528 256 ) 
4 309 340 (-1104 -480 384 ) (-1104 -464 384 ) (-1104 -464 256 ) (-1104 -480 256 ) 
4 309 335 (-1104 -464 384 ) (-1104 -336 384 ) (-1104 -336 256 ) (-1104 -464 256 ) 
4 309 310 (-1040 -528 256 ) (-1024 -528 256 ) (-1024 -528 384 ) (-1040 -528 384 ) 
4 310 312 (-1040 -544 384 ) (-1040 -544 256 ) (-1024 -544 256 ) (-1024 -544 384 ) 
4 311 312 (-1024 -709 256 ) (-1040 -720 256 ) (-1040 -720 384 ) (-1024 -709 384 ) 
4 313 314 (-1024 -144 240 ) (-1104 -144 240 ) (-1104 0 240 ) (-1024 0 240 ) 
4 314 315 (-1024 -144 128 ) (-1104 -144 128 ) (-1104 0 128 ) (-1024 0 128 ) 
4 316 317 (-1192 -88 576 ) (-1288 -88 576 ) (-1288 0 576 ) (-1192 0 576 ) 
4 317 318 (-1120 0 512 ) (-1120 -128 512 ) (-1360 -128 512 ) (-1360 0 512 ) 
4 318 319 (-1296 -128 384 ) (-1168 -128 384 ) (-1168 -128 512 ) (-1296 -128 512 ) 
4 319 320 (-1296 -144 384 ) (-1168 -144 384 ) (-1168 -144 512 ) (-1296 -144 512 ) 
4 320 323 (-1360 -192 512 ) (-1360 -192 384 ) (-1104 -192 384 ) (-1104 -192 512 ) 
4 320 321 (-1104 -192 384 ) (-1360 -192 384 ) (-1360 -144 384 ) (-1104 -144 384 ) 
4 321 324 (-1360 -192 384 ) (-1360 -192 256 ) (-1104 -192 256 ) (-1104 -192 384 ) 
3 322 329 (-1232 -208 768 ) (-1296 -208 768 ) (-1296 -208 704 ) 
3 322 328 (-1232 -208 768 ) (-1296 -208 704 ) (-1232 -208 704 ) 
4 323 332 (-1360 -208 512 ) (-1360 -208 384 ) (-1104 -208 384 ) (-1104 -208 512 ) 
4 323 324 (-1104 -208 384 ) (-1360 -208 384 ) (-1360 -192 384 ) (-1104 -192 384 ) 
4 324 333 (-1360 -208 384 ) (-1360 -208 256 ) (-1104 -208 256 ) (-1104 -208 384 ) 
4 325 327 (-1256 -360 896 ) (-1256 -312 896 ) (-1208 -312 896 ) (-1208 -360 896 ) 
3 326 337 (-1232 -464 768 ) (-1200 -464 768 ) (-1200 -464 800 ) 
4 326 328 (-1104 -464 768 ) (-1232 -464 768 ) (-1232 -208 768 ) (-1104 -208 768 ) 
4 326 327 (-1231.998047 -208 768 ) (-1231.998047 -464 768 ) (-1104 -464 895.998047 ) (-1104 -208 895.998047 ) 
4 327 394 (-1360 -464 768 ) (-1360 -464 896 ) (-1360 -208 896 ) (-1360 -208 768 ) 
5 327 337 (-1264 -464 768 ) (-1232 -464 768 ) (-1200 -464 800 ) (-1200 -464 832 ) (-1264 -464 832 ) 
4 327 336 (-1264 -464 832 ) (-1200 -464 832 ) (-1200 -464 896 ) (-1264 -464 896 ) 
4 327 329 (-1232 -464 768 ) (-1360 -464 768 ) (-1360 -208 768 ) (-1232 -208 768 ) 
4 328 330 (-1104 -464 640 ) (-1360 -464 640 ) (-1360 -208 640 ) (-1104 -208 640 ) 
4 328 329 (-1359.998047 -208 640 ) (-1359.998047 -464 640 ) (-1231.998047 -464 768 ) (-1231.998047 -208 768 ) 
4 329 395 (-1360 -464 640 ) (-1360 -464 768 ) (-1360 -208 768 ) (-1360 -208 640 ) 
4 330 396 (-1360 -272 544 ) (-1360 -272 576 ) (-1360 -240 576 ) (-1360 -240 544 ) 
4 330 338 (-1264 -464 576 ) (-1232 -464 576 ) (-1232 -464 608 ) (-1264 -464 608 ) 
4 330 331 (-1104 -464 528 ) (-1360 -464 528 ) (-1360 -208 528 ) (-1104 -208 528 ) 
4 331 334 (-1104 -464 512 ) (-1360 -464 512 ) (-1360 -336 512 ) (-1104 -336 512 ) 
4 331 332 (-1360 -336 512 ) (-1360 -208 512 ) (-1104 -208 512 ) (-1104 -336 512 ) 
4 332 334 (-1104 -336 384 ) (-1104 -336 512 ) (-1360 -336 512 ) (-1360 -336 384 ) 
4 332 333 (-1104 -336 384 ) (-1360 -336 384 ) (-1360 -208 384 ) (-1104 -208 384 ) 
4 333 400 (-1360 -208 384 ) (-1360 -208 256 ) (-1360 -336 256 ) (-1360 -336 384 ) 
4 333 335 (-1360 -336 256 ) (-1104 -336 256 ) (-1104 -336 384 ) (-1360 -336 384 ) 
4 334 339 (-1360 -464 512 ) (-1360 -464 384 ) (-1104 -464 384 ) (-1104 -464 512 ) 
4 334 335 (-1104 -464 384 ) (-1360 -464 384 ) (-1360 -336 384 ) (-1104 -336 384 ) 
4 335 340 (-1360 -464 384 ) (-1360 -464 256 ) (-1104 -464 256 ) (-1104 -464 384 ) 
4 336 346 (-1264 -480 832 ) (-1200 -480 832 ) (-1200 -480 896 ) (-1264 -480 896 ) 
4 336 337 (-1200 -480 832 ) (-1264 -480 832 ) (-1264 -464 832 ) (-1200 -464 832 ) 
4 337 346 (-1264 -480 768 ) (-1200 -480 768 ) (-1200 -480 832 ) (-1264 -480 832 ) 
4 339 350 (-1360 -480 512 ) (-1360 -480 384 ) (-1104 -480 384 ) (-1104 -480 512 ) 
4 339 340 (-1104 -480 384 ) (-1360 -480 384 ) (-1360 -464 384 ) (-1104 -464 384 ) 
4 340 355 (-1360 -480 384 ) (-1360 -480 256 ) (-1104 -480 256 ) (-1104 -480 384 ) 
4 341 342 (-1248 -588 960 ) (-1248 -492 960 ) (-1152 -492 960 ) (-1152 -588 960 ) 
5 342 346 (-1264 -480 896 ) (-1104 -480 896 ) (-1104 -544 896 ) (-1168 -608 896 ) (-1264 -608 896 ) 
4 342 344 (-1264 -480 896 ) (-1264 -608 896 ) (-1264 -608 960 ) (-1264 -480 960 ) 
4 342 343 (-1168 -608 960 ) (-1168 -608 896 ) (-1104 -544 896 ) (-1104 -544 960 ) 
3 343 347 (-1104 -544 896 ) (-1104 -608 896 ) (-1168 -608 896 ) 
4 343 345 (-1168 -608 896 ) (-1104 -608 896 ) (-1104 -608 960 ) (-1168 -608 960 ) 
4 344 348 (-1360 -608 896 ) (-1360 -480 896 ) (-1264 -480 896 ) (-1264 -608 896 ) 
4 345 349 (-1104 -656 896 ) (-1168 -656 896 ) (-1168 -608 896 ) (-1104 -608 896 ) 
4 346 348 (-1264 -480 768 ) (-1264 -608 768 ) (-1264 -608 896 ) (-1264 -480 896 ) 
4 346 347 (-1168 -608 896 ) (-1168 -608 768 ) (-1104 -544 768 ) (-1104 -544 896 ) 
4 347 349 (-1168 -608 768 ) (-1104 -608 768 ) (-1104 -608 896 ) (-1168 -608 896 ) 
4 350 355 (-1360 -528 384 ) (-1360 -480 384 ) (-1104 -480 384 ) (-1104 -528 384 ) 
4 350 353 (-1360 -528 384 ) (-1104 -528 384 ) (-1104 -528 512 ) (-1360 -528 512 ) 
3 351 356 (-1136 -544 384 ) (-1104 -528 384 ) (-1104 -544 384 ) 
4 351 353 (-1104.001953 -528 512 ) (-1104.001953 -528 384 ) (-1136.001953 -544 384 ) (-1136.002197 -544 512 ) 
4 351 352 (-1136 -544 512 ) (-1136 -544 384 ) (-1104 -544 384 ) (-1104 -544 512 ) 
4 352 357 (-1104 -656 384 ) (-1360 -656 384 ) (-1136 -544 384 ) (-1104 -544 384 ) 
4 352 354 (-1136.001953 -544 384 ) (-1360 -656 384 ) (-1360 -655.998047 512 ) (-1136.002197 -544 512 ) 
4 353 358 (-1360 -544 384 ) (-1360 -528 384 ) (-1104 -528 384 ) (-1136 -544 384 ) 
4 353 354 (-1360 -544 384 ) (-1136 -544 384 ) (-1136 -544 512 ) (-1360 -544 512 ) 
3 354 359 (-1360 -656 384 ) (-1360 -544 384 ) (-1136 -544 384 ) 
4 355 358 (-1360 -528 256 ) (-1104 -528 256 ) (-1104 -528 384 ) (-1360 -528 384 ) 
4 356 358 (-1104.001953 -528 384 ) (-1104.001953 -528 256 ) (-1136.001953 -544 256 ) (-1136.002197 -544 384 ) 
4 356 357 (-1136 -544 384 ) (-1136 -544 256 ) (-1104 -544 256 ) (-1104 -544 384 ) 
4 357 360 (-1296 -656 256 ) (-1168 -656 256 ) (-1168 -656 384 ) (-1296 -656 384 ) 
4 357 359 (-1136.001953 -544 256 ) (-1360 -656 256 ) (-1360 -655.998047 384 ) (-1136.002197 -544 384 ) 
4 358 359 (-1360 -544 256 ) (-1136 -544 256 ) (-1136 -544 384 ) (-1360 -544 384 ) 
4 360 361 (-1296 -660 384 ) (-1296 -660 256 ) (-1168 -660 256 ) (-1168 -660 384 ) 
4 361 362 (-1296 -668 384 ) (-1296 -668 256 ) (-1168 -668 256 ) (-1168 -668 384 ) 
4 362 363 (-1296 -672 256 ) (-1168 -672 256 ) (-1168 -672 384 ) (-1296 -672 384 ) 
4 363 364 (-1296 -800 256 ) (-1168 -800 256 ) (-1168 -800 384 ) (-1296 -800 384 ) 
4 364 365 (-1296 -912 256 ) (-1168 -912 256 ) (-1168 -912 384 ) (-1296 -912 384 ) 
4 365 369 (-1168 -928 256 ) (-1168 -928 384 ) (-1296 -928 384 ) (-1296 -928 256 ) 
4 366 384 (-1360 -1008 1056 ) (-1360 -1008 992 ) (-1328 -1008 992 ) (-1328 -1008 1056 ) 
4 366 375 (-1328 -1008 992 ) (-1136 -1008 992 ) (-1136 -1008 1056 ) (-1328 -1008 1056 ) 
4 366 370 (-1136 -1008 992 ) (-1104 -1008 992 ) (-1104 -1008 1056 ) (-1136 -1008 1056 ) 
6 366 367 (-1104 -1008 992 ) (-1360 -1008 992 ) (-1360 -992 992 ) (-1296 -928 992 ) (-1168 -928 992 ) (-1104 -992 992 ) 
4 367 385 (-1360 -1008 992 ) (-1360 -1008 864 ) (-1328 -1008 864 ) (-1328 -1008 992 ) 
4 367 376 (-1328 -1008 864 ) (-1136 -1008 864 ) (-1136 -1008 992 ) (-1328 -1008 992 ) 
4 367 371 (-1136 -1008 864 ) (-1104 -1008 864 ) (-1104 -1008 992 ) (-1136 -1008 992 ) 
4 368 386 (-1360 -1008 448 ) (-1360 -1008 384 ) (-1328 -1008 384 ) (-1328 -1008 448 ) 
4 368 381 (-1328 -1008 384 ) (-1136 -1008 384 ) (-1136 -1008 448 ) (-1328 -1008 448 ) 
4 368 372 (-1136 -1008 384 ) (-1104 -1008 384 ) (-1104 -1008 448 ) (-1136 -1008 448 ) 
6 368 369 (-1104 -1008 384 ) (-1360 -1008 384 ) (-1360 -992 384 ) (-1296 -928 384 ) (-1168 -928 384 ) (-1104 -992 384 ) 
4 369 387 (-1360 -1008 384 ) (-1360 -1008 256 ) (-1328 -1008 256 ) (-1328 -1008 384 ) 
4 369 382 (-1328 -1008 256 ) (-1136 -1008 256 ) (-1136 -1008 384 ) (-1328 -1008 384 ) 
4 369 373 (-1136 -1008 256 ) (-1104 -1008 256 ) (-1104 -1008 384 ) (-1136 -1008 384 ) 
4 370 405 (-1104 -1024 992 ) (-1104 -1024 1056 ) (-1136 -1024 1056 ) (-1136 -1024 992 ) 
4 370 375 (-1136 -1008 1056 ) (-1136 -1008 992 ) (-1136 -1024 992 ) (-1136 -1024 1056 ) 
4 370 371 (-1136 -1024 992 ) (-1136 -1008 992 ) (-1104 -1008 992 ) (-1104 -1024 992 ) 
4 371 406 (-1104 -1024 864 ) (-1104 -1024 992 ) (-1136 -1024 992 ) (-1136 -1024 864 ) 
4 371 376 (-1136 -1008 992 ) (-1136 -1008 864 ) (-1136 -1024 864 ) (-1136 -1024 992 ) 
4 372 407 (-1104 -1024 384 ) (-1104 -1024 448 ) (-1136 -1024 448 ) (-1136 -1024 384 ) 
4 372 381 (-1136 -1008 448 ) (-1136 -1008 384 ) (-1136 -1024 384 ) (-1136 -1024 448 ) 
4 372 373 (-1136 -1024 384 ) (-1136 -1008 384 ) (-1104 -1008 384 ) (-1104 -1024 384 ) 
4 373 408 (-1104 -1024 256 ) (-1104 -1024 384 ) (-1136 -1024 384 ) (-1136 -1024 256 ) 
4 373 382 (-1136 -1008 384 ) (-1136 -1008 256 ) (-1136 -1024 256 ) (-1136 -1024 384 ) 
4 374 409 (-1136 -1024 1056 ) (-1136 -1024 1136 ) (-1328 -1024 1136 ) (-1328 -1024 1056 ) 
4 374 375 (-1328 -1024 1056 ) (-1328 -1008 1056 ) (-1136 -1008 1056 ) (-1136 -1024 1056 ) 
4 375 410 (-1136 -1024 992 ) (-1136 -1024 1056 ) (-1328 -1024 1056 ) (-1328 -1024 992 ) 
4 375 384 (-1328 -1008 1056 ) (-1328 -1008 992 ) (-1328 -1024 992 ) (-1328 -1024 1056 ) 
4 375 376 (-1328 -1024 992 ) (-1328 -1008 992 ) (-1136 -1008 992 ) (-1136 -1024 992 ) 
4 376 411 (-1136 -1024 864 ) (-1136 -1024 992 ) (-1328 -1024 992 ) (-1328 -1024 864 ) 
4 376 385 (-1328 -1008 992 ) (-1328 -1008 864 ) (-1328 -1024 864 ) (-1328 -1024 992 ) 
4 376 377 (-1328 -1024 864 ) (-1328 -1008 864 ) (-1136 -1008 864 ) (-1136 -1024 864 ) 
4 377 412 (-1136 -1024 848 ) (-1136 -1024 864 ) (-1328 -1024 864 ) (-1328 -1024 848 ) 
4 377 378 (-1328 -1024 848 ) (-1328 -1008 848 ) (-1136 -1008 848 ) (-1136 -1024 848 ) 
4 378 413 (-1136 -1024 656 ) (-1136 -1024 848 ) (-1328 -1024 848 ) (-1328 -1024 656 ) 
4 378 379 (-1328 -1024 656 ) (-1328 -1008 656 ) (-1136 -1008 656 ) (-1136 -1024 656 ) 
4 379 414 (-1136 -1024 464 ) (-1136 -1024 656 ) (-1328 -1024 656 ) (-1328 -1024 464 ) 
4 379 380 (-1328 -1024 464 ) (-1328 -1008 464 ) (-1136 -1008 464 ) (-1136 -1024 464 ) 
4 380 415 (-1136 -1024 448 ) (-1136 -1024 464 ) (-1328 -1024 464 ) (-1328 -1024 448 ) 
4 380 381 (-1328 -1024 448 ) (-1328 -1008 448 ) (-1136 -1008 448 ) (-1136 -1024 448 ) 
4 381 416 (-1136 -1024 384 ) (-1136 -1024 448 ) (-1328 -1024 448 ) (-1328 -1024 384 ) 
4 381 386 (-1328 -1008 448 ) (-1328 -1008 384 ) (-1328 -1024 384 ) (-1328 -1024 448 ) 
4 381 382 (-1328 -1024 384 ) (-1328 -1008 384 ) (-1136 -1008 384 ) (-1136 -1024 384 ) 
4 382 417 (-1136 -1024 256 ) (-1136 -1024 384 ) (-1328 -1024 384 ) (-1328 -1024 256 ) 
4 382 387 (-1328 -1008 384 ) (-1328 -1008 256 ) (-1328 -1024 256 ) (-1328 -1024 384 ) 
4 382 383 (-1328 -1024 256 ) (-1328 -1008 256 ) (-1136 -1008 256 ) (-1136 -1024 256 ) 
4 383 418 (-1136 -1024 176 ) (-1136 -1024 256 ) (-1328 -1024 256 ) (-1328 -1024 176 ) 
4 384 419 (-1328 -1024 992 ) (-1328 -1024 1056 ) (-1360 -1024 1056 ) (-1360 -1024 992 ) 
4 384 385 (-1360 -1024 992 ) (-1360 -1008 992 ) (-1328 -1008 992 ) (-1328 -1024 992 ) 
4 385 420 (-1328 -1024 864 ) (-1328 -1024 992 ) (-1360 -1024 992 ) (-1360 -1024 864 ) 
4 386 421 (-1328 -1024 384 ) (-1328 -1024 448 ) (-1360 -1024 448 ) (-1360 -1024 384 ) 
4 386 387 (-1360 -1024 384 ) (-1360 -1008 384 ) (-1328 -1008 384 ) (-1328 -1024 384 ) 
4 387 422 (-1328 -1024 256 ) (-1328 -1024 384 ) (-1360 -1024 384 ) (-1360 -1024 256 ) 
4 388 389 (-1424 -400 1040 ) (-1552 -400 1040 ) (-1552 -272 1040 ) (-1424 -272 1040 ) 
8 389 390 (-1532 -336 920 ) (-1519 -305 920 ) (-1488 -292 920 ) (-1457 -305 920 ) (-1444 -336 920 ) (-1457 -367 920 ) (-1488 -380 920 ) (-1519 -367 920 ) 
8 390 391 (-1488.004150 -292.001740 912 ) (-1457 -305.003906 912 ) (-1444 -336.002014 912 ) (-1457 -367 912 ) (-1488 -380 912 ) (-1519 -367 912 ) (-1532 -335.998962 912 ) (-1519 -305 912 ) 
8 391 392 (-1444 -336 904 ) (-1457 -367 904 ) (-1488 -380 904 ) (-1519 -367 904 ) (-1532 -336 904 ) (-1519 -305 904 ) (-1488 -292 904 ) (-1457 -305 904 ) 
4 392 397 (-1424 -272 896 ) (-1424 -400 896 ) (-1552 -400 896 ) (-1552 -272 896 ) 
4 393 397 (-1456 -208 800 ) (-1456 -208 832 ) (-1488 -208 832 ) (-1488 -208 800 ) 
4 394 397 (-1376 -208 896 ) (-1376 -208 768 ) (-1376 -464 768 ) (-1376 -464 896 ) 
4 394 395 (-1360 -464 768 ) (-1376 -464 768 ) (-1376 -208 768 ) (-1360 -208 768 ) 
4 395 398 (-1376 -208 768 ) (-1376 -208 640 ) (-1376 -464 640 ) (-1376 -464 768 ) 
4 397 403 (-1424 -464 864 ) (-1424 -464 832 ) (-1392 -464 832 ) (-1392 -464 864 ) 
4 397 401 (-1616 -240 768 ) (-1616 -272 768 ) (-1616 -272 800 ) (-1616 -240 800 ) 
4 397 398 (-1616 -464 768 ) (-1616 -208 768 ) (-1376 -208 768 ) (-1376 -464 768 ) 
4 398 404 (-1488 -464 672 ) (-1488 -464 736 ) (-1552 -464 736 ) (-1552 -464 672 ) 
4 398 402 (-1616 -432 704 ) (-1616 -400 704 ) (-1616 -400 672 ) (-1616 -432 672 ) 
4 398 399 (-1616 -464 640 ) (-1616 -208 640 ) (-1392 -208 640 ) (-1392 -464 640 ) 
4 405 423 (-1120 -1200 1056 ) (-1136 -1200 1056 ) (-1136 -1200 992 ) (-1120 -1200 992 ) 
4 405 410 (-1136 -1200 992 ) (-1136 -1200 1056 ) (-1136 -1024 1056 ) (-1136 -1024 992 ) 
5 405 406 (-1136 -1200 992 ) (-1136 -1024 992 ) (-1104 -1024 992 ) (-1104 -1184 992 ) (-1120 -1200 992 ) 
4 406 424 (-1120 -1200 992 ) (-1136 -1200 992 ) (-1136 -1200 864 ) (-1120 -1200 864 ) 
4 406 411 (-1136 -1200 864 ) (-1136 -1200 992 ) (-1136 -1024 992 ) (-1136 -1024 864 ) 
4 407 425 (-1120 -1200 448 ) (-1136 -1200 448 ) (-1136 -1200 384 ) (-1120 -1200 384 ) 
4 407 416 (-1136 -1200 384 ) (-1136 -1200 448 ) (-1136 -1024 448 ) (-1136 -1024 384 ) 
5 407 408 (-1136 -1200 384 ) (-1136 -1024 384 ) (-1104 -1024 384 ) (-1104 -1184 384 ) (-1120 -1200 384 ) 
4 408 426 (-1120 -1200 384 ) (-1136 -1200 384 ) (-1136 -1200 256 ) (-1120 -1200 256 ) 
4 408 417 (-1136 -1200 256 ) (-1136 -1200 384 ) (-1136 -1024 384 ) (-1136 -1024 256 ) 
4 409 410 (-1328 -1200 1056 ) (-1328 -1024 1056 ) (-1136 -1024 1056 ) (-1136 -1200 1056 ) 
4 410 423 (-1136 -1200 992 ) (-1136 -1200 1056 ) (-1328 -1200 1056 ) (-1328 -1200 992 ) 
4 410 419 (-1328 -1024 1056 ) (-1328 -1024 992 ) (-1328 -1200 992 ) (-1328 -1200 1056 ) 
4 410 411 (-1328 -1200 992 ) (-1328 -1024 992 ) (-1136 -1024 992 ) (-1136 -1200 992 ) 
4 411 424 (-1136 -1200 864 ) (-1136 -1200 992 ) (-1328 -1200 992 ) (-1328 -1200 864 ) 
4 411 420 (-1328 -1024 992 ) (-1328 -1024 864 ) (-1328 -1200 864 ) (-1328 -1200 992 ) 
4 411 412 (-1328 -1200 864 ) (-1328 -1024 864 ) (-1136 -1024 864 ) (-1136 -1200 864 ) 
4 412 413 (-1328 -1200 848 ) (-1328 -1024 848 ) (-1136 -1024 848 ) (-1136 -1200 848 ) 
4 413 414 (-1328 -1200 656 ) (-1328 -1024 656 ) (-1136 -1024 656 ) (-1136 -1200 656 ) 
4 414 415 (-1328 -1200 464 ) (-1328 -1024 464 ) (-1136 -1024 464 ) (-1136 -1200 464 ) 
4 415 416 (-1328 -1200 448 ) (-1328 -1024 448 ) (-1136 -1024 448 ) (-1136 -1200 448 ) 
4 416 425 (-1136 -1200 384 ) (-1136 -1200 448 ) (-1328 -1200 448 ) (-1328 -1200 384 ) 
4 416 421 (-1328 -1024 448 ) (-1328 -1024 384 ) (-1328 -1200 384 ) (-1328 -1200 448 ) 
4 416 417 (-1328 -1200 384 ) (-1328 -1024 384 ) (-1136 -1024 384 ) (-1136 -1200 384 ) 
4 417 426 (-1136 -1200 256 ) (-1136 -1200 384 ) (-1328 -1200 384 ) (-1328 -1200 256 ) 
4 417 422 (-1328 -1024 384 ) (-1328 -1024 256 ) (-1328 -1200 256 ) (-1328 -1200 384 ) 
4 417 418 (-1328 -1200 256 ) (-1328 -1024 256 ) (-1136 -1024 256 ) (-1136 -1200 256 ) 
4 419 423 (-1328 -1200 992 ) (-1328 -1200 1056 ) (-1344 -1200 1056 ) (-1344 -1200 992 ) 
5 419 420 (-1360 -1184 992 ) (-1360 -1024 992 ) (-1328 -1024 992 ) (-1328 -1200 992 ) (-1344 -1200 992 ) 
4 420 424 (-1328 -1200 864 ) (-1328 -1200 992 ) (-1344 -1200 992 ) (-1344 -1200 864 ) 
4 421 425 (-1328 -1200 384 ) (-1328 -1200 448 ) (-1344 -1200 448 ) (-1344 -1200 384 ) 
5 421 422 (-1360 -1184 384 ) (-1360 -1024 384 ) (-1328 -1024 384 ) (-1328 -1200 384 ) (-1344 -1200 384 ) 
4 422 426 (-1328 -1200 256 ) (-1328 -1200 384 ) (-1344 -1200 384 ) (-1344 -1200 256 ) 
4 423 424 (-1168 -1248 992 ) (-1296 -1248 992 ) (-1344 -1200 992 ) (-1120 -1200 992 ) 
4 425 426 (-1168 -1248 384 ) (-1296 -1248 384 ) (-1344 -1200 384 ) (-1120 -1200 384 ) 
