PRT1
347
678
4 0 118 (128 1024 0 ) (128 1024 128 ) (0 1024 128 ) (0 1024 0 ) 
4 1 21 (1280 0 128 ) (1280 0 192 ) (1232 0 192 ) (1232 0 128 ) 
4 1 8 (1232 0 128 ) (1232 0 192 ) (1232 96 192 ) (1232 96 128 ) 
4 1 4 (1232 96 192 ) (1232 112 192 ) (1232 112 128 ) (1232 96 128 ) 
4 1 2 (1232 0 128 ) (1232 112 128 ) (1280 64 128 ) (1280 0 128 ) 
4 2 22 (1280 0 0 ) (1280 0 128 ) (1232 0 128 ) (1232 0 0 ) 
4 2 9 (1232 0 0 ) (1232 0 128 ) (1232 96 128 ) (1232 96 0 ) 
4 2 5 (1232 96 128 ) (1232 112 128 ) (1232 112 0 ) (1232 96 0 ) 
4 3 23 (1280 0 -608 ) (1280 0 -416 ) (1232 0 -416 ) (1232 0 -608 ) 
4 3 14 (1232 0 -608 ) (1232 0 -416 ) (1232 96 -416 ) (1232 96 -608 ) 
4 3 6 (1232 96 -416 ) (1232 112 -416 ) (1232 112 -608 ) (1232 96 -608 ) 
4 4 18 (1040 96 128 ) (1040 96 192 ) (1040 128 192 ) (1040 128 128 ) 
4 4 8 (1040 96 192 ) (1040 96 128 ) (1232 96 128 ) (1232 96 192 ) 
5 4 5 (1232 96 128 ) (1040 96 128 ) (1040 128 128 ) (1216 128 128 ) (1232 112 128 ) 
4 5 19 (1040 96 0 ) (1040 96 128 ) (1040 128 128 ) (1040 128 0 ) 
4 5 9 (1040 96 128 ) (1040 96 0 ) (1232 96 0 ) (1232 96 128 ) 
4 6 20 (1040 96 -608 ) (1040 96 -416 ) (1040 128 -416 ) (1040 128 -608 ) 
4 6 14 (1040 96 -416 ) (1040 96 -608 ) (1232 96 -608 ) (1232 96 -416 ) 
4 7 24 (1232 0 192 ) (1232 0 272 ) (1040 0 272 ) (1040 0 192 ) 
4 7 8 (1040 0 192 ) (1040 96 192 ) (1232 96 192 ) (1232 0 192 ) 
4 8 25 (1232 0 128 ) (1232 0 192 ) (1040 0 192 ) (1040 0 128 ) 
4 8 18 (1040 0 128 ) (1040 0 192 ) (1040 96 192 ) (1040 96 128 ) 
4 8 9 (1040 0 128 ) (1040 96 128 ) (1232 96 128 ) (1232 0 128 ) 
4 9 26 (1232 0 0 ) (1232 0 128 ) (1040 0 128 ) (1040 0 0 ) 
4 9 19 (1040 0 0 ) (1040 0 128 ) (1040 96 128 ) (1040 96 0 ) 
4 9 10 (1040 0 0 ) (1040 96 0 ) (1232 96 0 ) (1232 0 0 ) 
4 10 27 (1232 0 -16 ) (1232 0 0 ) (1040 0 0 ) (1040 0 -16 ) 
4 10 11 (1040 0 -16 ) (1040 96 -16 ) (1232 96 -16 ) (1232 0 -16 ) 
4 11 28 (1232 0 -208 ) (1232 0 -16 ) (1040 0 -16 ) (1040 0 -208 ) 
4 11 12 (1040 0 -208 ) (1040 96 -208 ) (1232 96 -208 ) (1232 0 -208 ) 
4 12 29 (1232 0 -400 ) (1232 0 -208 ) (1040 0 -208 ) (1040 0 -400 ) 
4 12 13 (1040 0 -400 ) (1040 96 -400 ) (1232 96 -400 ) (1232 0 -400 ) 
4 13 30 (1232 0 -416 ) (1232 0 -400 ) (1040 0 -400 ) (1040 0 -416 ) 
4 13 14 (1040 0 -416 ) (1040 96 -416 ) (1232 96 -416 ) (1232 0 -416 ) 
4 14 31 (1232 0 -608 ) (1232 0 -416 ) (1040 0 -416 ) (1040 0 -608 ) 
4 14 20 (1040 0 -608 ) (1040 0 -416 ) (1040 96 -416 ) (1040 96 -608 ) 
4 14 15 (1064 96 -608 ) (1208 96 -608 ) (1208 72 -608 ) (1064 72 -608 ) 
4 14 16 (1040 0 -608 ) (1040 72 -608 ) (1232 72 -608 ) (1232 0 -608 ) 
4 15 17 (1064 96 -624 ) (1208 96 -624 ) (1208 72 -624 ) (1064 72 -624 ) 
4 15 16 (1064 72 -624 ) (1208 72 -624 ) (1208 72 -608 ) (1064 72 -608 ) 
4 16 32 (1232 0 -624 ) (1232 0 -608 ) (1040 0 -608 ) (1040 0 -624 ) 
4 16 17 (1040 0 -624 ) (1040 72 -624 ) (1232 72 -624 ) (1232 0 -624 ) 
4 17 34 (1232 0 -688 ) (1232 0 -624 ) (1040 0 -624 ) (1040 0 -688 ) 
4 18 90 (1024 0 128 ) (1024 0 192 ) (1024 64 192 ) (1024 64 128 ) 
4 18 87 (1024 64 192 ) (1024 128 192 ) (1024 128 128 ) (1024 64 128 ) 
4 18 38 (1040 0 128 ) (1040 0 192 ) (1024 0 192 ) (1024 0 128 ) 
4 18 19 (1024 0 128 ) (1024 128 128 ) (1040 128 128 ) (1040 0 128 ) 
4 19 102 (1024 0 0 ) (1024 0 128 ) (1024 64 128 ) (1024 64 0 ) 
4 19 98 (1024 64 128 ) (1024 128 128 ) (1024 128 0 ) (1024 64 0 ) 
4 19 39 (1040 0 0 ) (1040 0 128 ) (1024 0 128 ) (1024 0 0 ) 
4 20 134 (1024 0 -608 ) (1024 0 -416 ) (1024 128 -416 ) (1024 128 -608 ) 
4 20 40 (1040 0 -608 ) (1040 0 -416 ) (1024 0 -416 ) (1024 0 -608 ) 
4 21 35 (1232 -96 128 ) (1232 -112 128 ) (1232 -112 192 ) (1232 -96 192 ) 
4 21 25 (1232 0 192 ) (1232 0 128 ) (1232 -96 128 ) (1232 -96 192 ) 
4 21 22 (1232 -112 128 ) (1232 0 128 ) (1280 0 128 ) (1280 -64 128 ) 
4 22 36 (1232 -96 0 ) (1232 -112 0 ) (1232 -112 128 ) (1232 -96 128 ) 
4 22 26 (1232 0 128 ) (1232 0 0 ) (1232 -96 0 ) (1232 -96 128 ) 
4 23 37 (1232 -96 -608 ) (1232 -112 -608 ) (1232 -112 -416 ) (1232 -96 -416 ) 
4 23 31 (1232 0 -416 ) (1232 0 -608 ) (1232 -96 -608 ) (1232 -96 -416 ) 
4 24 25 (1232 -96 192 ) (1040 -96 192 ) (1040 0 192 ) (1232 0 192 ) 
4 25 38 (1040 -96 128 ) (1040 -96 192 ) (1040 0 192 ) (1040 0 128 ) 
4 25 35 (1040 -96 192 ) (1040 -96 128 ) (1232 -96 128 ) (1232 -96 192 ) 
4 25 26 (1232 -96 128 ) (1040 -96 128 ) (1040 0 128 ) (1232 0 128 ) 
4 26 39 (1040 -96 0 ) (1040 -96 128 ) (1040 0 128 ) (1040 0 0 ) 
4 26 36 (1040 -96 128 ) (1040 -96 0 ) (1232 -96 0 ) (1232 -96 128 ) 
4 26 27 (1232 -96 0 ) (1040 -96 0 ) (1040 0 0 ) (1232 0 0 ) 
4 27 28 (1232 -96 -16 ) (1040 -96 -16 ) (1040 0 -16 ) (1232 0 -16 ) 
4 28 29 (1232 -96 -208 ) (1040 -96 -208 ) (1040 0 -208 ) (1232 0 -208 ) 
4 29 30 (1232 -96 -400 ) (1040 -96 -400 ) (1040 0 -400 ) (1232 0 -400 ) 
4 30 31 (1232 -96 -416 ) (1040 -96 -416 ) (1040 0 -416 ) (1232 0 -416 ) 
4 31 40 (1040 -96 -608 ) (1040 -96 -416 ) (1040 0 -416 ) (1040 0 -608 ) 
4 31 37 (1040 -96 -416 ) (1040 -96 -608 ) (1232 -96 -608 ) (1232 -96 -416 ) 
4 31 33 (1208 -96 -608 ) (1064 -96 -608 ) (1064 -72 -608 ) (1208 -72 -608 ) 
4 31 32 (1040 -72 -608 ) (1040 0 -608 ) (1232 0 -608 ) (1232 -72 -608 ) 
4 32 34 (1040 -72 -624 ) (1040 0 -624 ) (1232 0 -624 ) (1232 -72 -624 ) 
4 32 33 (1064 -72 -624 ) (1208 -72 -624 ) (1208 -72 -608 ) (1064 -72 -608 ) 
4 33 34 (1208 -96 -624 ) (1064 -96 -624 ) (1064 -72 -624 ) (1208 -72 -624 ) 
4 35 38 (1040 -128 128 ) (1040 -128 192 ) (1040 -96 192 ) (1040 -96 128 ) 
5 35 36 (1216 -128 128 ) (1040 -128 128 ) (1040 -96 128 ) (1232 -96 128 ) (1232 -112 128 ) 
4 36 39 (1040 -128 0 ) (1040 -128 128 ) (1040 -96 128 ) (1040 -96 0 ) 
4 37 40 (1040 -128 -608 ) (1040 -128 -416 ) (1040 -96 -416 ) (1040 -96 -608 ) 
4 38 247 (1024 -128 128 ) (1024 -128 192 ) (1024 -64 192 ) (1024 -64 128 ) 
4 38 244 (1024 -64 192 ) (1024 0 192 ) (1024 0 128 ) (1024 -64 128 ) 
4 38 39 (1040 -128 128 ) (1024 -128 128 ) (1024 0 128 ) (1040 0 128 ) 
4 39 275 (1024 -128 0 ) (1024 -128 128 ) (1024 -64 128 ) (1024 -64 0 ) 
4 39 266 (1024 -64 128 ) (1024 0 128 ) (1024 0 0 ) (1024 -64 0 ) 
4 40 295 (1024 -128 -608 ) (1024 -128 -416 ) (1024 0 -416 ) (1024 0 -608 ) 
3 41 43 (384 208 528 ) (256 208 528 ) (384 336 528 ) 
4 41 42 (384 335.998016 656 ) (384 335.998016 528 ) (256.001953 208 528 ) (256.001984 208 656 ) 
3 42 44 (256 208 528 ) (256 336 528 ) (384 336 528 ) 
3 43 45 (384 336 400 ) (384 208 400 ) (256 208 400 ) 
4 43 44 (384 336 528 ) (384 336 400 ) (256 208 400 ) (256 208 528 ) 
3 44 47 (256 336 400 ) (384 336 400 ) (256 208 400 ) 
3 45 70 (256 208 272 ) (384 336 272 ) (384 208 272 ) 
4 45 47 (384 336 400 ) (384 336 272 ) (256 208 272 ) (256 208 400 ) 
4 45 46 (256.003876 208 400 ) (256.003876 208 272 ) (384 208 272 ) (384 208 400 ) 
4 46 62 (256 192 272 ) (288 192 272 ) (288 192 400 ) (256 192 400 ) 
4 46 61 (288 192 272 ) (384 192 272 ) (384 192 400 ) (288 192 400 ) 
3 47 71 (256 208 272 ) (256 336 272 ) (384 336 272 ) 
16 48 76 (104 668 272 ) (124 664 272 ) (128 661 272 ) (128 555 272 ) (124 552 272 ) (104 548 272 ) (88 548 272 ) (68 552 272 ) (52 564 272 ) (40 580 272 ) (36 600 272 ) (36 616 272 ) (40 636 272 ) (52 652 272 ) (68 664 272 ) (88 668 272 ) 
8 48 67 (156 600 272 ) (152 580 272 ) (140 564 272 ) (128 555 272 ) (128 661 272 ) (140 652 272 ) (152 636 272 ) (156 616 272 ) 
4 49 55 (448 44 472 ) (448 44 656 ) (288 44 656 ) (288 44 472 ) 
4 49 51 (288 44 472 ) (288 44 656 ) (288 192 656 ) (288 192 472 ) 
4 49 50 (448 44 472 ) (288 44 472 ) (288 192 472 ) (448 192 472 ) 
4 50 61 (288 192 456 ) (448 192 456 ) (448 44 456 ) (288 44 456 ) 
4 50 56 (288 44 456 ) (448 44 456 ) (448 44 472 ) (288 44 472 ) 
4 50 52 (288 192 456 ) (288 44 456 ) (288 44 472 ) (288 192 472 ) 
4 51 57 (288 44 472 ) (288 44 656 ) (128 44 656 ) (128 44 472 ) 
4 51 53 (128 44 472 ) (128 44 656 ) (128 192 656 ) (128 192 472 ) 
4 51 52 (128 44 472 ) (128 192 472 ) (288 192 472 ) (288 44 472 ) 
4 52 62 (128 192 456 ) (288 192 456 ) (288 44 456 ) (128 44 456 ) 
4 52 58 (128 44 456 ) (288 44 456 ) (288 44 472 ) (128 44 472 ) 
4 52 54 (128 192 456 ) (128 44 456 ) (128 44 472 ) (128 192 472 ) 
4 53 148 (0 44 656 ) (0 192 656 ) (0 192 472 ) (0 44 472 ) 
4 53 59 (128 44 472 ) (128 44 656 ) (0 44 656 ) (0 44 472 ) 
4 53 54 (0 192 472 ) (128 192 472 ) (128 44 472 ) (0 44 472 ) 
4 54 149 (0 192 472 ) (0 192 456 ) (0 44 456 ) (0 44 472 ) 
4 54 63 (0 44 456 ) (0 192 456 ) (128 192 456 ) (128 44 456 ) 
4 54 60 (0 44 456 ) (128 44 456 ) (128 44 472 ) (0 44 472 ) 
4 55 198 (448 0 656 ) (288 0 656 ) (288 0 472 ) (448 0 472 ) 
4 55 57 (288 44 656 ) (288 44 472 ) (288 0 472 ) (288 0 656 ) 
4 55 56 (288 0 472 ) (288 44 472 ) (448 44 472 ) (448 0 472 ) 
4 56 199 (288 0 472 ) (288 0 456 ) (448 0 456 ) (448 0 472 ) 
4 56 64 (288 44 456 ) (448 44 456 ) (448 0 456 ) (288 0 456 ) 
4 56 58 (288 44 472 ) (288 44 456 ) (288 0 456 ) (288 0 472 ) 
4 57 200 (288 0 656 ) (128 0 656 ) (128 0 472 ) (288 0 472 ) 
4 57 59 (128 44 656 ) (128 44 472 ) (128 0 472 ) (128 0 656 ) 
4 57 58 (128 0 472 ) (128 44 472 ) (288 44 472 ) (288 0 472 ) 
4 58 201 (128 0 472 ) (128 0 456 ) (288 0 456 ) (288 0 472 ) 
4 58 65 (128 44 456 ) (288 44 456 ) (288 0 456 ) (128 0 456 ) 
4 58 60 (128 44 472 ) (128 44 456 ) (128 0 456 ) (128 0 472 ) 
4 59 202 (128 0 656 ) (0 0 656 ) (0 0 472 ) (128 0 472 ) 
4 59 150 (0 0 472 ) (0 0 656 ) (0 44 656 ) (0 44 472 ) 
4 59 60 (0 0 472 ) (0 44 472 ) (128 44 472 ) (128 0 472 ) 
4 60 203 (0 0 472 ) (0 0 456 ) (128 0 456 ) (128 0 472 ) 
4 60 151 (0 0 456 ) (0 0 472 ) (0 44 472 ) (0 44 456 ) 
4 60 66 (0 0 456 ) (0 44 456 ) (128 44 456 ) (128 0 456 ) 
4 61 72 (384 44 272 ) (288 44 272 ) (288 128 272 ) (384 128 272 ) 
4 61 64 (288 44 272 ) (448 44 272 ) (448 44 456 ) (288 44 456 ) 
4 61 62 (288 44 272 ) (288 44 456 ) (288 192 456 ) (288 192 272 ) 
4 62 74 (288 128 272 ) (288 44 272 ) (224 44 272 ) (224 128 272 ) 
4 62 65 (128 44 272 ) (288 44 272 ) (288 44 456 ) (128 44 456 ) 
4 62 63 (128 44 272 ) (128 44 456 ) (128 192 456 ) (128 192 272 ) 
4 63 156 (0 192 272 ) (0 44 272 ) (0 44 456 ) (0 192 456 ) 
4 63 66 (0 44 272 ) (128 44 272 ) (128 44 456 ) (0 44 456 ) 
4 64 205 (384 0 456 ) (288 0 456 ) (288 0 272 ) (384 0 272 ) 
4 64 204 (448 0 456 ) (384 0 456 ) (384 0 272 ) (448 0 272 ) 
4 64 73 (288 44 272 ) (384 44 272 ) (384 0 272 ) (288 0 272 ) 
4 64 65 (288 44 456 ) (288 44 272 ) (288 0 272 ) (288 0 456 ) 
4 65 211 (224 0 456 ) (128 0 456 ) (128 0 272 ) (224 0 272 ) 
4 65 207 (288 0 456 ) (224 0 456 ) (224 0 272 ) (288 0 272 ) 
4 65 75 (224 44 272 ) (288 44 272 ) (288 0 272 ) (224 0 272 ) 
4 65 66 (128 44 456 ) (128 44 272 ) (128 0 272 ) (128 0 456 ) 
4 66 212 (128 0 456 ) (0 0 456 ) (0 0 272 ) (128 0 272 ) 
4 66 157 (0 44 272 ) (0 0 272 ) (0 0 456 ) (0 44 456 ) 
4 67 76 (128 555 264 ) (128 555 272 ) (128 661 272 ) (128 661 264 ) 
8 67 68 (140.010010 564.013367 264 ) (128 555.005859 264 ) (128 661.003906 264 ) (139.993301 652.008911 264 ) (152 636 264 ) (156 616 264 ) (156 600.008545 264 ) (152 580 264 ) 
4 68 77 (128 555 260 ) (128 555 264 ) (128 661 264 ) (128 661 260 ) 
8 68 69 (140.010010 564.013367 260 ) (128 555.005859 260 ) (128 661.003906 260 ) (139.993317 652.008911 260 ) (152 636 260 ) (156 616 260 ) (156 600.008545 260 ) (152 580 260 ) 
8 69 82 (128 555 256 ) (128 661 256 ) (140 652 256 ) (152 636 256 ) (156 616 256 ) (156 600 256 ) (152 580 256 ) (140 564 256 ) 
4 69 78 (128 661 256 ) (128 555 256 ) (128 555 260 ) (128 661 260 ) 
3 70 80 (384 336 256 ) (384 208 256 ) (256 208 256 ) 
4 70 71 (384 336 272 ) (384 336 256 ) (256 208 256 ) (256 208 272 ) 
3 71 81 (256 336 256 ) (384 336 256 ) (256 208 256 ) 
4 72 95 (288 44 256 ) (288 128 256 ) (384 128 256 ) (384 44 256 ) 
4 72 74 (288 128 256 ) (288 44 256 ) (288 44 272 ) (288 128 272 ) 
4 72 73 (288 44 272 ) (288 44 256 ) (384 44 256 ) (384 44 272 ) 
4 73 206 (384 0 272 ) (288 0 272 ) (288 0 256 ) (384 0 256 ) 
4 73 95 (384 0 256 ) (288 0 256 ) (288 44 256 ) (384 44 256 ) 
4 73 75 (288 44 256 ) (288 0 256 ) (288 0 272 ) (288 44 272 ) 
4 74 95 (224 128 256 ) (288 128 256 ) (288 44 256 ) (224 44 256 ) 
4 74 75 (224 44 256 ) (288 44 256 ) (288 44 272 ) (224 44 272 ) 
4 75 208 (288 0 272 ) (224 0 272 ) (224 0 256 ) (288 0 256 ) 
4 75 95 (288 0 256 ) (224 0 256 ) (224 44 256 ) (288 44 256 ) 
16 76 77 (40 580 264 ) (36 600 264 ) (36 616 264 ) (40 636 264 ) (52 652 264 ) (68 664 264 ) (88 668 264 ) (104 668 264 ) (124 664 264 ) (128 661 264 ) (128 555 264 ) (124 552 264 ) (104 548 264 ) (87.989197 548 264 ) (68.004242 551.996826 264 ) (52 564 264 ) 
16 77 78 (40 580 260 ) (36 600 260 ) (36 616 260 ) (40 636 260 ) (52 652 260 ) (68 664 260 ) (88 668 260 ) (104 668 260 ) (124 664 260 ) (128 661 260 ) (128 555 260 ) (124 552 260 ) (104 548 260 ) (87.989197 548 260 ) (68.004242 551.996826 260 ) (52 564 260 ) 
16 78 82 (128 661 256 ) (128 555 256 ) (124 552 256 ) (104 548 256 ) (88 548 256 ) (68 552 256 ) (52 564 256 ) (40 580 256 ) (36 600 256 ) (36 616 256 ) (40 636 256 ) (52 652 256 ) (68 664 256 ) (88 668 256 ) (104 668 256 ) (124 664 256 ) 
4 80 81 (384 336 256 ) (384 336 128 ) (256 208 128 ) (256 208 256 ) 
4 82 122 (0 512 128 ) (0 704 128 ) (128 704 128 ) (128 512 128 ) 
4 82 110 (128 704 128 ) (192 704 128 ) (192 512 128 ) (128 512 128 ) 
4 83 172 (0 448 128 ) (0 288 128 ) (0 288 256 ) (0 448 256 ) 
4 83 125 (0 288 128 ) (0 448 128 ) (128 448 128 ) (128 224 128 ) 
5 83 113 (128 448 128 ) (192 448 128 ) (192 208 128 ) (160 208 128 ) (128 224 128 ) 
4 83 85 (0 288 128 ) (159.998047 208 128 ) (159.998047 208 256 ) (0 288 256 ) 
4 83 84 (160 208 256 ) (160 208 128 ) (192 208 128 ) (192 208 256 ) 
3 84 114 (192 208 128 ) (192 192 128 ) (160 208 128 ) 
4 84 86 (159.998047 208 128 ) (191.998047 192 128 ) (191.998047 192 256 ) (159.998047 208 256 ) 
4 85 173 (0 288 128 ) (0 208 128 ) (0 208 256 ) (0 288 256 ) 
4 85 126 (0 208 128 ) (0 288 128 ) (128 224 128 ) (128 208 128 ) 
3 85 115 (128 224 128 ) (160 208 128 ) (128 208 128 ) 
4 85 86 (0 208 128 ) (160 208 128 ) (160 208 256 ) (0 208 256 ) 
4 86 174 (0 208 128 ) (0 192 128 ) (0 192 256 ) (0 208 256 ) 
4 86 127 (0 192 128 ) (0 208 128 ) (128 208 128 ) (128 192 128 ) 
4 86 116 (128 208 128 ) (160 208 128 ) (192 192 128 ) (128 192 128 ) 
4 86 96 (0 192 128 ) (128 192 128 ) (128 192 256 ) (0 192 256 ) 
4 86 95 (128 192 128 ) (192 192 128 ) (192 192 256 ) (128 192 256 ) 
3 87 98 (1024 128 128 ) (1024 64 128 ) (960 64 128 ) 
4 87 90 (960 64 128 ) (1024 64 128 ) (1024 64 192 ) (960 64 192 ) 
4 88 99 (832 64 128 ) (704 64 128 ) (704 128 128 ) (832 128 128 ) 
4 88 91 (704 64 128 ) (832 64 128 ) (832 64 256 ) (704 64 256 ) 
4 88 89 (704 128 256 ) (704 128 128 ) (704 64 128 ) (704 64 256 ) 
4 89 100 (704 64 128 ) (576 64 128 ) (576 128 128 ) (704 128 128 ) 
4 89 92 (576 64 256 ) (576 64 128 ) (704 64 128 ) (704 64 256 ) 
4 90 244 (1024 0 128 ) (1024 0 192 ) (960 0 192 ) (960 0 128 ) 
4 90 102 (1024 64 128 ) (1024 0 128 ) (960 0 128 ) (960 64 128 ) 
4 91 245 (832 0 256 ) (704 0 256 ) (704 0 128 ) (832 0 128 ) 
4 91 105 (832 0 128 ) (704 0 128 ) (704 64 128 ) (832 64 128 ) 
4 91 92 (704 64 256 ) (704 64 128 ) (704 0 128 ) (704 0 256 ) 
4 92 246 (704 0 256 ) (576 0 256 ) (576 0 128 ) (704 0 128 ) 
4 92 106 (704 0 128 ) (576 0 128 ) (576 64 128 ) (704 64 128 ) 
4 92 93 (576 64 128 ) (576 0 128 ) (576 0 256 ) (576 64 256 ) 
4 93 250 (576 0 256 ) (560 0 256 ) (560 0 128 ) (576 0 128 ) 
4 93 107 (576 64 128 ) (576 0 128 ) (560 0 128 ) (560 64 128 ) 
4 93 94 (560 64 256 ) (560 64 128 ) (560 0 128 ) (560 0 256 ) 
4 94 251 (560 0 256 ) (448 0 256 ) (448 0 128 ) (560 0 128 ) 
4 94 108 (560 0 128 ) (448 0 128 ) (448 64 128 ) (560 64 128 ) 
4 94 95 (448 64 128 ) (448 0 128 ) (448 0 256 ) (448 64 256 ) 
4 95 252 (448 0 256 ) (128 0 256 ) (128 0 128 ) (448 0 128 ) 
4 95 117 (128 192 128 ) (192 192 128 ) (192 0 128 ) (128 0 128 ) 
4 95 109 (448 64 128 ) (448 0 128 ) (192 0 128 ) (192 64 128 ) 
4 95 101 (448 128 128 ) (448 64 128 ) (192 64 128 ) (192 128 128 ) 
4 95 97 (192 192 128 ) (448 192 128 ) (448 128 128 ) (192 128 128 ) 
4 95 96 (128 192 256 ) (128 192 128 ) (128 0 128 ) (128 0 256 ) 
4 96 253 (128 0 256 ) (0 0 256 ) (0 0 128 ) (128 0 128 ) 
4 96 175 (0 192 128 ) (0 0 128 ) (0 0 256 ) (0 192 256 ) 
4 96 128 (0 0 128 ) (0 192 128 ) (128 192 128 ) (128 0 128 ) 
4 97 117 (192 192 0 ) (192 128 0 ) (192 128 128 ) (192 192 128 ) 
4 97 101 (192 128 128 ) (192 128 0 ) (448 128 0 ) (448 128 128 ) 
4 98 102 (960 64 0 ) (1024 64 0 ) (1024 64 128 ) (960 64 128 ) 
4 99 130 (704 128 0 ) (828 128 0 ) (828 124 0 ) (704 124 0 ) 
4 99 129 (828 128 0 ) (832 128 0 ) (832 64 0 ) (828 64 0 ) 
4 99 105 (704 64 0 ) (832 64 0 ) (832 64 128 ) (704 64 128 ) 
4 99 100 (704 128 128 ) (704 128 0 ) (704 64 0 ) (704 64 128 ) 
4 100 130 (580 128 0 ) (704 128 0 ) (704 124 0 ) (580 124 0 ) 
4 100 131 (576 128 0 ) (580 128 0 ) (580 64 0 ) (576 64 0 ) 
4 100 106 (576 64 0 ) (704 64 0 ) (704 64 128 ) (576 64 128 ) 
4 101 117 (192 128 0 ) (192 64 0 ) (192 64 128 ) (192 128 128 ) 
4 101 109 (192 64 128 ) (192 64 0 ) (448 64 0 ) (448 64 128 ) 
4 102 266 (1024 0 0 ) (1024 0 128 ) (960 0 128 ) (960 0 0 ) 
4 102 103 (960 64 128 ) (960 64 0 ) (960 0 0 ) (960 0 128 ) 
4 103 267 (960 0 128 ) (848 0 128 ) (848 0 0 ) (960 0 0 ) 
4 103 104 (848 64 128 ) (848 64 0 ) (848 0 0 ) (848 0 128 ) 
4 104 268 (848 0 128 ) (832 0 128 ) (832 0 0 ) (848 0 0 ) 
4 104 105 (832 64 128 ) (832 64 0 ) (832 0 0 ) (832 0 128 ) 
4 105 269 (832 0 128 ) (704 0 128 ) (704 0 0 ) (832 0 0 ) 
4 105 106 (704 64 128 ) (704 64 0 ) (704 0 0 ) (704 0 128 ) 
4 106 270 (704 0 128 ) (576 0 128 ) (576 0 0 ) (704 0 0 ) 
4 106 107 (576 64 128 ) (576 64 0 ) (576 0 0 ) (576 0 128 ) 
4 107 271 (576 0 128 ) (560 0 128 ) (560 0 0 ) (576 0 0 ) 
4 107 132 (560 60 0 ) (560 64 0 ) (576 64 0 ) (576 60 0 ) 
4 107 108 (560 64 128 ) (560 64 0 ) (560 0 0 ) (560 0 128 ) 
4 108 272 (560 0 128 ) (448 0 128 ) (448 0 0 ) (560 0 0 ) 
4 108 133 (448 60 0 ) (448 64 0 ) (560 64 0 ) (560 60 0 ) 
4 108 109 (448 64 128 ) (448 64 0 ) (448 0 0 ) (448 0 128 ) 
4 109 273 (448 0 128 ) (192 0 128 ) (192 0 0 ) (448 0 0 ) 
4 109 117 (192 64 0 ) (192 0 0 ) (192 0 128 ) (192 64 128 ) 
4 110 122 (128 704 0 ) (128 512 0 ) (128 512 128 ) (128 704 128 ) 
4 110 111 (128 512 128 ) (128 512 0 ) (192 512 0 ) (192 512 128 ) 
4 111 123 (128 512 0 ) (128 464 0 ) (128 464 128 ) (128 512 128 ) 
4 111 112 (128 464 128 ) (128 464 0 ) (192 464 0 ) (192 464 128 ) 
4 112 124 (128 464 0 ) (128 448 0 ) (128 448 128 ) (128 464 128 ) 
4 112 113 (128 448 128 ) (128 448 0 ) (192 448 0 ) (192 448 128 ) 
4 113 125 (128 448 0 ) (128 224 0 ) (128 224 128 ) (128 448 128 ) 
4 113 115 (128 224 128 ) (128 224 0 ) (159.998047 208 0 ) (159.998047 208 128 ) 
4 113 114 (160 208 128 ) (160 208 0 ) (192 208 0 ) (192 208 128 ) 
4 114 116 (159.998047 208 0 ) (191.998047 192 0 ) (191.998047 192 128 ) (159.998047 208 128 ) 
4 115 126 (128 224 0 ) (128 208 0 ) (128 208 128 ) (128 224 128 ) 
4 115 116 (128 208 128 ) (128 208 0 ) (160 208 0 ) (160 208 128 ) 
4 116 127 (128 208 0 ) (128 192 0 ) (128 192 128 ) (128 208 128 ) 
4 116 117 (128 192 128 ) (128 192 0 ) (192 192 0 ) (192 192 128 ) 
4 117 273 (192 0 128 ) (128 0 128 ) (128 0 0 ) (192 0 0 ) 
4 117 128 (128 192 0 ) (128 0 0 ) (128 0 128 ) (128 192 128 ) 
4 118 119 (0 912 0 ) (128 912 0 ) (128 912 128 ) (0 912 128 ) 
4 119 120 (0 800 0 ) (128 800 0 ) (128 800 128 ) (0 800 128 ) 
4 120 121 (0 784 0 ) (128 784 0 ) (128 784 128 ) (0 784 128 ) 
4 121 122 (0 704 0 ) (128 704 0 ) (128 704 128 ) (0 704 128 ) 
4 122 183 (0 640 0 ) (0 512 0 ) (0 512 128 ) (0 640 128 ) 
4 122 123 (0 512 0 ) (128 512 0 ) (128 512 128 ) (0 512 128 ) 
4 123 124 (0 464 0 ) (128 464 0 ) (128 464 128 ) (0 464 128 ) 
4 124 125 (0 448 0 ) (128 448 0 ) (128 448 128 ) (0 448 128 ) 
4 125 184 (0 448 0 ) (0 288 0 ) (0 288 128 ) (0 448 128 ) 
4 125 126 (0 288 0 ) (128 224 0 ) (128 224 128 ) (0 288 128 ) 
4 126 185 (0 288 0 ) (0 208 0 ) (0 208 128 ) (0 288 128 ) 
4 126 127 (0 208 0 ) (128 208 0 ) (128 208 128 ) (0 208 128 ) 
4 127 186 (0 208 0 ) (0 192 0 ) (0 192 128 ) (0 208 128 ) 
4 127 128 (0 192 0 ) (128 192 0 ) (128 192 128 ) (0 192 128 ) 
4 128 274 (128 0 128 ) (0 0 128 ) (0 0 0 ) (128 0 0 ) 
4 128 187 (0 192 0 ) (0 0 0 ) (0 0 128 ) (0 192 128 ) 
4 129 130 (828 128 0 ) (828 128 -16 ) (828 124 -16 ) (828 124 0 ) 
4 130 131 (580 128 0 ) (580 128 -16 ) (580 124 -16 ) (580 124 0 ) 
4 132 133 (560 64 0 ) (560 64 -16 ) (560 60 -16 ) (560 60 0 ) 
4 134 295 (1024 0 -608 ) (1024 0 -416 ) (960 0 -416 ) (960 0 -608 ) 
4 135 144 (-185.600067 632 320 ) (-176 632 320 ) (-176 536 320 ) (-262.400085 536 320 ) 
4 135 139 (-272 632 320 ) (-185.600067 632 320 ) (-262.400085 536 320 ) (-272 536 320 ) 
3 136 169 (-128 704 256 ) (-164 659 256 ) (-164 704 256 ) 
5 136 138 (-164 704 312 ) (-164 704 304 ) (-164 659 304 ) (-164 659 309.500000 ) (-164 664 312 ) 
4 136 141 (-164 704 304 ) (-164 704 256 ) (-164 659 256 ) (-164 659 304 ) 
4 136 137 (-164 659.003906 320 ) (-164 659.003906 256 ) (-128.003525 704 256 ) (-128.003525 704 320 ) 
4 137 170 (-128 704 256 ) (-128 464 256 ) (-164 464 256 ) (-164 659 256 ) 
4 137 145 (-164 464 304 ) (-164 464 312 ) (-164 504 312 ) (-164 520 304 ) 
3 137 143 (-164 659 309.500000 ) (-164 659 304 ) (-164 648 304 ) 
4 137 147 (-164 659 256 ) (-164 464 256 ) (-164 464 304 ) (-164 659 304 ) 
3 138 143 (-164 659.003906 304 ) (-164 659.003906 309.501953 ) (-172.803162 648 304 ) 
5 138 141 (-284 648 304 ) (-284 704 304 ) (-164 704 304 ) (-164 659.007813 304 ) (-172.806244 648 304 ) 
4 138 142 (-284 704 312 ) (-284 704 304 ) (-284 648 304 ) (-284 664 312 ) 
4 139 144 (-185.603180 632 320 ) (-262.403381 536 320 ) (-262.403381 536 304 ) (-185.603180 632 304 ) 
4 139 141 (-272 632 304 ) (-185.606247 632 304 ) (-262.406250 536 304 ) (-272 536 304 ) 
3 140 145 (-284 509.004272 309.497833 ) (-284 509.004272 304 ) (-275.203430 520 304 ) 
3 140 141 (-284 509.007813 304 ) (-284 520 304 ) (-275.206268 520 304 ) 
3 140 142 (-284 520 304 ) (-284 509.005859 304 ) (-284 509.005859 309.497040 ) 
4 141 169 (-284 704 256 ) (-164 704 256 ) (-164 659 256 ) (-284 509 256 ) 
4 141 147 (-284 509.004272 256 ) (-164 659.003906 256 ) (-164 659.003906 304 ) (-284 509.004272 304 ) 
4 141 142 (-284 704 304 ) (-284 704 256 ) (-284 509.005859 256 ) (-284 509.005859 304 ) 
4 142 169 (-320 464 256 ) (-320 704 256 ) (-284 704 256 ) (-284 509 256 ) 
4 142 146 (-320 464.004395 320 ) (-320 464.004395 304 ) (-284 509.004272 304 ) (-284 509.004272 320 ) 
4 142 147 (-320 464.004395 304 ) (-320 464.004395 256 ) (-284 509.004272 256 ) (-284 509.004272 304 ) 
3 143 147 (-172.799988 648 304 ) (-164 659 304 ) (-164 648 304 ) 
4 144 147 (-262.399994 536 304 ) (-185.600006 632 304 ) (-176 632 304 ) (-176 536 304 ) 
5 145 147 (-284 509 304 ) (-275.200012 520 304 ) (-164 520 304 ) (-164 464 304 ) (-284 464 304 ) 
5 145 146 (-284 509 309.499908 ) (-284 509 304 ) (-284 464 304 ) (-284 464 312 ) (-284 504 312 ) 
3 146 147 (-320 464 304 ) (-284 509 304 ) (-284 464 304 ) 
3 147 170 (-164 464 256 ) (-320 464 256 ) (-164 659 256 ) 
4 148 152 (-32 44 472 ) (-32 44 656 ) (-32 192 656 ) (-32 192 472 ) 
4 148 150 (-32 44 656 ) (-32 44 472 ) (0 44 472 ) (0 44 656 ) 
4 148 149 (0 44 472 ) (-32 44 472 ) (-32 192 472 ) (0 192 472 ) 
4 149 156 (-32 192 456 ) (0 192 456 ) (0 44 456 ) (-32 44 456 ) 
4 149 153 (-32 192 456 ) (-32 44 456 ) (-32 44 472 ) (-32 192 472 ) 
4 149 151 (-32 44 472 ) (-32 44 456 ) (0 44 456 ) (0 44 472 ) 
4 150 300 (0 0 472 ) (0 0 656 ) (-32 0 656 ) (-32 0 472 ) 
4 150 154 (-32 0 472 ) (-32 0 656 ) (-32 44 656 ) (-32 44 472 ) 
4 150 151 (-32 0 472 ) (-32 44 472 ) (0 44 472 ) (0 0 472 ) 
4 151 301 (0 0 456 ) (0 0 472 ) (-32 0 472 ) (-32 0 456 ) 
4 151 157 (0 44 456 ) (0 0 456 ) (-32 0 456 ) (-32 44 456 ) 
4 151 155 (-32 44 456 ) (-32 0 456 ) (-32 0 472 ) (-32 44 472 ) 
4 152 154 (-32 44 472 ) (-32 44 656 ) (-192 44 656 ) (-192 44 472 ) 
4 152 153 (-32 44 472 ) (-192 44 472 ) (-192 192 472 ) (-32 192 472 ) 
4 153 158 (-192 44 456 ) (-192 192 456 ) (-32 192 456 ) (-32 44 456 ) 
4 153 155 (-192 44 456 ) (-32 44 456 ) (-32 44 472 ) (-192 44 472 ) 
4 154 302 (-32 0 656 ) (-192 0 656 ) (-192 0 472 ) (-32 0 472 ) 
4 154 155 (-192 0 472 ) (-192 44 472 ) (-32 44 472 ) (-32 0 472 ) 
4 155 303 (-192 0 472 ) (-192 0 456 ) (-32 0 456 ) (-32 0 472 ) 
4 155 159 (-192 0 456 ) (-192 44 456 ) (-32 44 456 ) (-32 0 456 ) 
4 156 158 (-32 192 272 ) (-32 44 272 ) (-32 44 456 ) (-32 192 456 ) 
4 156 157 (-32 44 456 ) (-32 44 272 ) (0 44 272 ) (0 44 456 ) 
4 157 304 (0 0 272 ) (0 0 456 ) (-32 0 456 ) (-32 0 272 ) 
4 157 159 (-32 44 272 ) (-32 0 272 ) (-32 0 456 ) (-32 44 456 ) 
4 158 162 (-192 44 304 ) (-192 44 432 ) (-192 120 432 ) (-192 120 304 ) 
4 158 159 (-192 44 272 ) (-32 44 272 ) (-32 44 456 ) (-192 44 456 ) 
4 159 305 (-32 0 456 ) (-192 0 456 ) (-192 0 272 ) (-32 0 272 ) 
4 159 164 (-192 0 304 ) (-192 0 432 ) (-192 24 432 ) (-192 24 304 ) 
4 159 162 (-192 24 432 ) (-192 44 432 ) (-192 44 304 ) (-192 24 304 ) 
4 160 336 (-672 0 880 ) (-672 0 800 ) (-480 0 800 ) (-480 0 880 ) 
4 160 161 (-480 32 800 ) (-480 0 800 ) (-672 0 800 ) (-672 32 800 ) 
4 161 337 (-720 0 608 ) (-400 0 608 ) (-400 0 800 ) (-720 0 800 ) 
4 161 166 (-480 0 608 ) (-672 0 608 ) (-672 32 608 ) (-480 32 608 ) 
4 162 164 (-208 24 304 ) (-192 24 304 ) (-192 24 432 ) (-208 24 432 ) 
4 162 163 (-208 120 304 ) (-208 24 304 ) (-208 24 432 ) (-208 120 432 ) 
4 163 165 (-256 24 304 ) (-208 24 304 ) (-208 24 432 ) (-256 24 432 ) 
4 164 328 (-192 0 304 ) (-192 0 432 ) (-208 0 432 ) (-208 0 304 ) 
4 164 165 (-208 24 432 ) (-208 24 304 ) (-208 0 304 ) (-208 0 432 ) 
4 165 332 (-208 0 432 ) (-256 0 432 ) (-256 0 304 ) (-208 0 304 ) 
4 166 338 (-480 0 592 ) (-480 0 608 ) (-672 0 608 ) (-672 0 592 ) 
4 166 167 (-672 0 592 ) (-672 32 592 ) (-480 32 592 ) (-480 0 592 ) 
4 167 339 (-480 0 400 ) (-480 0 592 ) (-672 0 592 ) (-672 0 400 ) 
4 167 168 (-672 0 400 ) (-672 32 400 ) (-480 32 400 ) (-480 0 400 ) 
4 168 340 (-672 0 256 ) (-480 0 256 ) (-480 0 400 ) (-672 0 400 ) 
4 168 180 (-480 0 256 ) (-672 0 256 ) (-672 32 256 ) (-480 32 256 ) 
4 169 179 (-320 704 128 ) (-320 576 128 ) (-320 576 256 ) (-320 704 256 ) 
4 169 170 (-320 464.004395 256 ) (-320 464.004395 128 ) (-128.003510 704 128 ) (-128.003510 704 256 ) 
4 170 176 (-256 464 128 ) (-192 464 128 ) (-192 464 256 ) (-256 464 256 ) 
4 170 171 (-192 464 128 ) (-128 464 128 ) (-128 464 256 ) (-192 464 256 ) 
4 171 176 (-192 464 256 ) (-192 464 128 ) (-192 448 128 ) (-192 448 256 ) 
4 171 172 (-192 448 256 ) (-192 448 128 ) (-128 448 128 ) (-128 448 256 ) 
4 172 188 (-64 320 128 ) (-192 384 128 ) (-192 448 128 ) (-64 448 128 ) 
4 172 184 (0 448 128 ) (0 288 128 ) (-64 320 128 ) (-64 448 128 ) 
4 172 177 (-192 448 128 ) (-192 384 128 ) (-192 384 256 ) (-192 448 256 ) 
4 172 173 (-192 384 256 ) (-192 384 128 ) (0 288 128 ) (0 288 256 ) 
4 173 189 (-64 208 128 ) (-192 208 128 ) (-192 384 128 ) (-64 320 128 ) 
4 173 185 (0 288 128 ) (0 208 128 ) (-64 208 128 ) (-64 320 128 ) 
4 173 177 (-192 384 128 ) (-192 208 128 ) (-192 208 256 ) (-192 384 256 ) 
4 173 174 (-192 208 256 ) (-192 208 128 ) (0 208 128 ) (0 208 256 ) 
4 174 190 (-64 192 128 ) (-192 192 128 ) (-192 208 128 ) (-64 208 128 ) 
4 174 186 (0 208 128 ) (0 192 128 ) (-64 192 128 ) (-64 208 128 ) 
4 174 175 (-192 192 256 ) (-192 192 128 ) (0 192 128 ) (0 192 256 ) 
4 175 317 (-128 0 256 ) (-192 0 256 ) (-192 0 128 ) (-128 0 128 ) 
4 175 313 (0 0 128 ) (0 0 256 ) (-128 0 256 ) (-128 0 128 ) 
4 175 191 (-64 0 128 ) (-192 0 128 ) (-192 192 128 ) (-64 192 128 ) 
4 175 187 (0 192 128 ) (0 0 128 ) (-64 0 128 ) (-64 192 128 ) 
4 176 177 (-208 448 128 ) (-192 448 128 ) (-192 448 256 ) (-208 448 256 ) 
4 176 178 (-256 448 128 ) (-208 448 128 ) (-208 448 256 ) (-256 448 256 ) 
4 177 192 (-208 448 128 ) (-192 448 128 ) (-192 208 128 ) (-208 208 128 ) 
4 177 178 (-208 448 256 ) (-208 448 128 ) (-208 208 128 ) (-208 208 256 ) 
4 178 193 (-320 192 128 ) (-320 448 128 ) (-208 448 128 ) (-208 192 128 ) 
4 180 340 (-480 0 256 ) (-672 0 256 ) (-672 0 208 ) (-480 0 208 ) 
4 180 181 (-672 0 208 ) (-672 32 208 ) (-480 32 208 ) (-480 0 208 ) 
4 181 341 (-672 0 208 ) (-672 0 192 ) (-480 0 192 ) (-480 0 208 ) 
4 181 182 (-480 32 192 ) (-480 0 192 ) (-672 0 192 ) (-672 32 192 ) 
4 182 342 (-720 0 128 ) (-400 0 128 ) (-400 0 192 ) (-720 0 192 ) 
4 182 194 (-656 64 128 ) (-464 64 128 ) (-400 0 128 ) (-720 0 128 ) 
4 184 188 (-64 448 0 ) (-64 320 0 ) (-64 320 128 ) (-64 448 128 ) 
4 184 185 (-64 320 128 ) (-64 320 0 ) (0 288 0 ) (0 288 128 ) 
4 185 189 (-64 320 0 ) (-64 208 0 ) (-64 208 128 ) (-64 320 128 ) 
4 185 186 (-64 208 128 ) (-64 208 0 ) (0 208 0 ) (0 208 128 ) 
4 186 190 (-64 208 0 ) (-64 192 0 ) (-64 192 128 ) (-64 208 128 ) 
4 186 187 (-64 192 128 ) (-64 192 0 ) (0 192 0 ) (0 192 128 ) 
4 187 318 (0 0 0 ) (0 0 128 ) (-64 0 128 ) (-64 0 0 ) 
4 187 191 (-64 192 0 ) (-64 0 0 ) (-64 0 128 ) (-64 192 128 ) 
4 188 192 (-192 448 0 ) (-192 384 0 ) (-192 384 128 ) (-192 448 128 ) 
4 188 189 (-192 384 128 ) (-192 384 0 ) (-64 320 0 ) (-64 320 128 ) 
4 189 192 (-192 384 0 ) (-192 208 0 ) (-192 208 128 ) (-192 384 128 ) 
4 189 190 (-192 208 128 ) (-192 208 0 ) (-64 208 0 ) (-64 208 128 ) 
4 190 191 (-192 192 128 ) (-192 192 0 ) (-64 192 0 ) (-64 192 128 ) 
4 191 318 (-64 0 128 ) (-192 0 128 ) (-192 0 0 ) (-64 0 0 ) 
4 192 193 (-208 448 128 ) (-208 448 0 ) (-208 208 0 ) (-208 208 128 ) 
4 194 343 (-400 0 128 ) (-720 0 128 ) (-720 0 0 ) (-400 0 0 ) 
4 194 195 (-648 32 0 ) (-504 32 0 ) (-504 8 0 ) (-648 8 0 ) 
4 194 196 (-480 0 0 ) (-672 0 0 ) (-672 8 0 ) (-480 8 0 ) 
4 195 197 (-648 32 -16 ) (-504 32 -16 ) (-504 8 -16 ) (-648 8 -16 ) 
4 195 196 (-648 8 -16 ) (-504 8 -16 ) (-504 8 0 ) (-648 8 0 ) 
4 196 344 (-480 0 0 ) (-672 0 0 ) (-672 0 -16 ) (-480 0 -16 ) 
4 196 197 (-480 8 -16 ) (-480 0 -16 ) (-672 0 -16 ) (-672 8 -16 ) 
4 197 346 (-480 0 -16 ) (-672 0 -16 ) (-672 0 -80 ) (-480 0 -80 ) 
4 198 200 (288 -88 472 ) (288 -88 656 ) (288 0 656 ) (288 0 472 ) 
4 198 199 (288 -88 472 ) (288 0 472 ) (448 0 472 ) (448 -88 472 ) 
4 199 209 (448 -64 456 ) (448 -88 456 ) (288 -88 456 ) (288 -64 456 ) 
4 199 205 (288 0 456 ) (384 0 456 ) (384 -64 456 ) (288 -64 456 ) 
4 199 204 (384 0 456 ) (448 0 456 ) (448 -64 456 ) (384 -64 456 ) 
4 199 201 (288 0 456 ) (288 -88 456 ) (288 -88 472 ) (288 0 472 ) 
4 200 202 (128 -88 472 ) (128 -88 656 ) (128 0 656 ) (128 0 472 ) 
4 200 201 (128 -88 472 ) (128 0 472 ) (288 0 472 ) (288 -88 472 ) 
4 201 211 (128 0 456 ) (224 0 456 ) (224 -88 456 ) (128 -88 456 ) 
4 201 210 (288 -64 456 ) (288 -88 456 ) (224 -88 456 ) (224 -64 456 ) 
4 201 207 (224 0 456 ) (288 0 456 ) (288 -64 456 ) (224 -64 456 ) 
4 201 203 (128 0 456 ) (128 -88 456 ) (128 -88 472 ) (128 0 472 ) 
4 202 300 (0 0 656 ) (0 0 472 ) (0 -88 472 ) (0 -88 656 ) 
4 202 203 (0 0 472 ) (128 0 472 ) (128 -88 472 ) (0 -88 472 ) 
4 203 301 (0 0 472 ) (0 0 456 ) (0 -88 456 ) (0 -88 472 ) 
4 203 212 (0 0 456 ) (128 0 456 ) (128 -88 456 ) (0 -88 456 ) 
4 204 209 (448 -64 272 ) (448 -64 456 ) (384 -64 456 ) (384 -64 272 ) 
4 204 205 (384 -64 272 ) (384 -64 456 ) (384 0 456 ) (384 0 272 ) 
4 205 209 (384 -64 272 ) (384 -64 456 ) (288 -64 456 ) (288 -64 272 ) 
4 205 207 (288 -64 272 ) (288 -64 456 ) (288 0 456 ) (288 0 272 ) 
4 205 206 (288 -64 272 ) (288 0 272 ) (384 0 272 ) (384 -64 272 ) 
4 206 252 (288 0 256 ) (384 0 256 ) (384 -64 256 ) (288 -64 256 ) 
4 206 208 (288 0 256 ) (288 -64 256 ) (288 -64 272 ) (288 0 272 ) 
4 207 211 (224 -64 272 ) (224 -64 456 ) (224 0 456 ) (224 0 272 ) 
4 207 210 (224 -64 456 ) (224 -64 272 ) (288 -64 272 ) (288 -64 456 ) 
4 207 208 (288 0 272 ) (288 -64 272 ) (224 -64 272 ) (224 0 272 ) 
4 208 252 (224 0 256 ) (288 0 256 ) (288 -64 256 ) (224 -64 256 ) 
4 209 210 (288 -64 456 ) (288 -64 272 ) (288 -88 272 ) (288 -88 456 ) 
4 210 211 (224 -88 272 ) (224 -88 456 ) (224 -64 456 ) (224 -64 272 ) 
4 211 212 (128 -88 272 ) (128 -88 456 ) (128 0 456 ) (128 0 272 ) 
4 212 304 (0 0 456 ) (0 0 272 ) (0 -88 272 ) (0 -88 456 ) 
4 212 242 (64 -88 384 ) (0 -88 384 ) (0 -88 304 ) (64 -88 304 ) 
4 212 220 (64 -88 432 ) (0 -88 432 ) (0 -88 384 ) (64 -88 384 ) 
4 213 214 (224 -352 536 ) (224 -224 536 ) (352 -224 536 ) (352 -352 536 ) 
8 214 215 (288 -244 408 ) (319 -257 408 ) (332 -288 408 ) (319 -319 408 ) (288 -332 408 ) (257 -319 408 ) (244 -288 408 ) (257 -257 408 ) 
8 215 216 (319.003906 -318.998047 400 ) (288 -332 400 ) (257 -319 400 ) (244.003906 -288.007813 400 ) (257.007813 -256.996094 400 ) (288 -244 400 ) (319 -257 400 ) (332.001099 -288.002594 400 ) 
8 216 217 (288 -244 392 ) (319 -257 392 ) (332 -288 392 ) (319 -319 392 ) (288 -332 392 ) (257 -319 392 ) (244 -288 392 ) (257 -257 392 ) 
3 217 239 (352 -352 384 ) (224 -352 384 ) (224 -224 384 ) 
3 217 238 (352 -224 384 ) (352 -352 384 ) (224 -224 384 ) 
4 218 240 (160 -120 384 ) (160 -232 384 ) (80 -232 384 ) (80 -120 384 ) 
5 218 219 (80 -130.709671 384 ) (80 -205.290298 384 ) (80 -199 399 ) (80 -168 412 ) (80 -137 399 ) 
4 219 241 (80 -130.709686 384 ) (80 -205.290314 384 ) (64 -205.290283 384 ) (64 -130.709656 384 ) 
5 219 221 (64 -130.709686 384 ) (64 -205.290314 384 ) (64 -199 399 ) (64 -168 412 ) (64 -137 399 ) 
4 220 306 (0 -104 432 ) (0 -88 432 ) (0 -88 384 ) (0 -104 384 ) 
4 220 242 (0 -104 384 ) (0 -88 384 ) (64 -88 384 ) (64 -104 384 ) 
4 220 221 (0 -104 384 ) (64 -104 384 ) (64 -104 432 ) (0 -104 432 ) 
4 221 307 (0 -232 432 ) (0 -104 432 ) (0 -104 384 ) (0 -232 384 ) 
4 221 243 (0 -232 384 ) (0 -104 384 ) (64 -104 384 ) (64 -232 384 ) 
4 222 234 (488 -336 320 ) (575 -336 320 ) (497 -432 320 ) (488 -432 320 ) 
4 222 226 (575 -336 320 ) (584 -336 320 ) (584 -432 320 ) (497 -432 320 ) 
4 223 254 (576 -224 256 ) (576 -256 256 ) (432 -256 256 ) (432 -224 256 ) 
4 223 232 (576 -256 320 ) (476 -256 320 ) (476 -256 304 ) (576 -256 304 ) 
4 223 236 (476 -256 304 ) (476 -256 256 ) (576 -256 256 ) (576 -256 304 ) 
4 223 237 (476 -256 320 ) (432 -256 320 ) (432 -256 256 ) (476 -256 256 ) 
4 224 255 (596 -310.153839 256 ) (640 -256 256 ) (640 -512 256 ) (596 -512 256 ) 
4 224 231 (640 -256.001923 320 ) (640 -256.001923 304 ) (596 -310.155884 304 ) (596 -310.155884 320 ) 
4 224 236 (640 -256.001923 304 ) (640 -256.001923 256 ) (596 -310.155884 256 ) (596 -310.155884 304 ) 
3 224 227 (596 -448 304 ) (596 -464 304 ) (596 -464 312 ) 
4 224 228 (596 -464 304 ) (596 -512 304 ) (596 -512 320 ) (596 -464 320 ) 
3 224 225 (596 -310.156250 308.921906 ) (596 -310.156250 304 ) (596 -320 304 ) 
4 224 230 (596 -310.156250 304 ) (596 -310.156250 256 ) (596 -512 256 ) (596 -512 304 ) 
3 225 233 (596 -310.155884 308.922058 ) (596 -310.155884 304 ) (588.001648 -320 304 ) 
3 225 230 (588.001831 -320 304 ) (596 -310.156250 304 ) (596 -320 304 ) 
4 226 234 (497.001831 -432 320 ) (575.001709 -336 320 ) (575.001709 -336 304 ) (497.001831 -432 304 ) 
4 226 230 (497 -432 304 ) (575.001709 -336 304 ) (584 -336 304 ) (584 -432 304 ) 
3 227 235 (484.001862 -448 304 ) (476 -457.848450 304 ) (476 -457.848450 308.924225 ) 
4 227 228 (476 -464 312 ) (476 -464 304 ) (596 -464 304 ) (596 -464 312 ) 
5 227 230 (476 -457.846802 304 ) (484 -448 304 ) (596 -448 304 ) (596 -464 304 ) (476 -464 304 ) 
4 227 229 (476 -457.846161 308.923065 ) (476 -457.846161 304 ) (476 -464 304 ) (476 -464 312 ) 
4 228 229 (476 -464 304 ) (476 -512 304 ) (476 -512 320 ) (476 -464 320 ) 
4 228 230 (596 -464 304 ) (596 -512 304 ) (476 -512 304 ) (476 -464 304 ) 
4 229 237 (432.001953 -512 304 ) (432.001953 -512 320 ) (476 -457.848450 320 ) (476 -457.848450 304 ) 
3 229 230 (432 -512 304 ) (476 -457.846802 304 ) (476 -512 304 ) 
3 230 255 (432 -512 256 ) (596 -310.153839 256 ) (596 -512 256 ) 
4 230 236 (596 -310.155884 256 ) (476 -457.848450 256 ) (476 -457.848450 304 ) (596 -310.155884 304 ) 
4 230 237 (476 -457.848450 256 ) (432.001953 -512 256 ) (432.001953 -512 304 ) (476 -457.848450 304 ) 
4 231 233 (596 -304 304 ) (596 -310.156250 304 ) (596 -310.156250 308.921906 ) (596 -304 312 ) 
4 231 232 (596 -256 320 ) (596 -256 304 ) (596 -304 304 ) (596 -304 320 ) 
3 231 236 (596 -256 304 ) (640 -256 304 ) (596 -310.154236 304 ) 
4 232 233 (476 -304 312 ) (476 -304 304 ) (596 -304 304 ) (596 -304 312 ) 
4 232 237 (476 -256 320 ) (476 -256 304 ) (476 -304 304 ) (476 -304 320 ) 
4 232 236 (476 -304 304 ) (476 -256 304 ) (596 -256 304 ) (596 -304 304 ) 
5 233 236 (476 -320 304 ) (476 -304 304 ) (596 -304 304 ) (596 -310.154236 304 ) (588 -320 304 ) 
3 233 237 (476 -304 304 ) (476 -320 304 ) (476 -304 312 ) 
4 234 236 (488 -336 304 ) (575 -336 304 ) (497.001068 -432 304 ) (488 -432 304 ) 
3 235 237 (476 -448 304 ) (476 -457.845703 304 ) (476 -457.845703 308.922852 ) 
3 235 236 (476 -457.847656 304 ) (476 -448 304 ) (484.001160 -448 304 ) 
3 236 256 (476 -256 256 ) (640 -256 256 ) (476 -457.846161 256 ) 
4 236 237 (476 -256 304 ) (476 -256 256 ) (476 -457.845703 256 ) (476 -457.845703 304 ) 
4 237 256 (432 -512 256 ) (432 -256 256 ) (476 -256 256 ) (476 -457.846161 256 ) 
3 238 259 (384 -192 256 ) (384 -384 256 ) (192 -192 256 ) 
4 238 239 (192 -192.001938 384 ) (192 -192.001938 256 ) (383.998047 -384 256 ) (383.998047 -384 384 ) 
3 239 260 (384 -384 256 ) (192 -384 256 ) (192 -192 256 ) 
7 240 241 (80 -205.290314 384 ) (80 -130.709686 384 ) (80 -124 368 ) (80 -137 337 ) (80 -168 324 ) (80 -199 337 ) (80 -212 368 ) 
7 241 243 (64 -205.290314 384 ) (64 -130.709671 384 ) (64 -124 368 ) (64 -137 337 ) (64 -168 324 ) (64 -199 337 ) (64 -212 368 ) 
4 242 306 (0 -104 384 ) (0 -88 384 ) (0 -88 304 ) (0 -104 304 ) 
4 242 243 (0 -104 304 ) (64 -104 304 ) (64 -104 384 ) (0 -104 384 ) 
4 243 307 (0 -232 384 ) (0 -104 384 ) (0 -104 304 ) (0 -232 304 ) 
4 244 266 (960 0 128 ) (1024 0 128 ) (1024 -64 128 ) (960 -64 128 ) 
4 244 247 (960 -64 128 ) (1024 -64 128 ) (1024 -64 192 ) (960 -64 192 ) 
4 245 269 (704 0 128 ) (832 0 128 ) (832 -64 128 ) (704 -64 128 ) 
4 245 248 (704 -64 128 ) (832 -64 128 ) (832 -64 256 ) (704 -64 256 ) 
4 245 246 (704 0 128 ) (704 -64 128 ) (704 -64 256 ) (704 0 256 ) 
4 246 270 (576 0 128 ) (704 0 128 ) (704 -64 128 ) (576 -64 128 ) 
4 246 250 (576 0 128 ) (576 -64 128 ) (576 -64 256 ) (576 0 256 ) 
4 246 249 (576 -64 256 ) (576 -64 128 ) (704 -64 128 ) (704 -64 256 ) 
3 247 275 (1024 -64 128 ) (1024 -128 128 ) (960 -64 128 ) 
4 248 276 (832 -128 128 ) (704 -128 128 ) (704 -64 128 ) (832 -64 128 ) 
4 248 249 (704 -64 256 ) (704 -64 128 ) (704 -128 128 ) (704 -128 256 ) 
4 249 277 (704 -128 128 ) (576 -128 128 ) (576 -64 128 ) (704 -64 128 ) 
4 250 271 (560 0 128 ) (576 0 128 ) (576 -64 128 ) (560 -64 128 ) 
4 250 251 (560 0 128 ) (560 -64 128 ) (560 -64 256 ) (560 0 256 ) 
4 251 272 (448 0 128 ) (560 0 128 ) (560 -64 128 ) (448 -64 128 ) 
4 251 252 (448 0 128 ) (448 -64 128 ) (448 -64 256 ) (448 0 256 ) 
4 252 278 (448 -64 128 ) (448 -192 128 ) (128 -192 128 ) (128 -64 128 ) 
4 252 273 (128 0 128 ) (448 0 128 ) (448 -64 128 ) (128 -64 128 ) 
4 252 259 (192 -192 128 ) (384 -192 128 ) (384 -192 256 ) (192 -192 256 ) 
4 252 253 (128 0 128 ) (128 -192 128 ) (128 -192 256 ) (128 0 256 ) 
4 253 313 (0 0 256 ) (0 0 128 ) (0 -192 128 ) (0 -192 256 ) 
4 253 279 (0 -192 128 ) (0 -64 128 ) (128 -64 128 ) (128 -192 128 ) 
4 253 274 (0 -64 128 ) (0 0 128 ) (128 0 128 ) (128 -64 128 ) 
4 253 262 (0 -192 128 ) (128 -192 128 ) (128 -192 256 ) (0 -192 256 ) 
4 254 256 (432 -256 256 ) (432 -256 128 ) (576 -256 128 ) (576 -256 256 ) 
4 255 256 (640 -256 256 ) (640 -256 128 ) (432 -512 128 ) (432 -512 256 ) 
4 256 257 (432 -256 128 ) (432 -320 128 ) (432 -320 256 ) (432 -256 256 ) 
4 257 258 (400 -256 128 ) (400 -320 128 ) (400 -320 256 ) (400 -256 256 ) 
4 258 259 (384 -256 128 ) (384 -320 128 ) (384 -320 256 ) (384 -256 256 ) 
3 259 280 (192 -192 128 ) (384 -192 128 ) (384 -384 128 ) 
4 259 260 (192 -192 256 ) (192 -192 128 ) (384 -384 128 ) (384 -384 256 ) 
3 260 281 (192 -192 128 ) (384 -384 128 ) (192 -384 128 ) 
4 261 265 (128 -320 128 ) (128 -384 128 ) (128 -384 192 ) (128 -320 192 ) 
4 262 314 (0 -192 128 ) (0 -208 128 ) (0 -208 256 ) (0 -192 256 ) 
4 262 282 (0 -208 128 ) (0 -192 128 ) (128 -192 128 ) (106.666664 -208 128 ) 
4 262 264 (106.666664 -208 128 ) (128 -192 128 ) (128 -192 256 ) (106.666664 -208 256 ) 
4 262 263 (0 -208 128 ) (106.666016 -208 128 ) (106.666023 -208 256 ) (0 -208 256 ) 
4 263 315 (0 -208 128 ) (0 -288 128 ) (0 -288 256 ) (0 -208 256 ) 
3 263 283 (0 -288 128 ) (0 -208 128 ) (106.666664 -208 128 ) 
4 263 265 (0 -288 128 ) (106.666664 -208 128 ) (106.666664 -208 256 ) (0 -288 256 ) 
3 264 284 (106.666664 -208 128 ) (128 -192 128 ) (128 -208 128 ) 
4 264 265 (106.666023 -208 256 ) (106.666016 -208 128 ) (128 -208 128 ) (128 -208 256 ) 
4 265 316 (0 -288 128 ) (0 -384 128 ) (0 -384 256 ) (0 -288 256 ) 
5 265 285 (0 -384 128 ) (0 -288 128 ) (106.666664 -208 128 ) (128 -208 128 ) (128 -384 128 ) 
4 266 275 (960 -64 0 ) (1024 -64 0 ) (1024 -64 128 ) (960 -64 128 ) 
4 266 267 (960 0 0 ) (960 -64 0 ) (960 -64 128 ) (960 0 128 ) 
4 267 268 (848 0 0 ) (848 -64 0 ) (848 -64 128 ) (848 0 128 ) 
4 268 269 (832 0 0 ) (832 -64 0 ) (832 -64 128 ) (832 0 128 ) 
4 269 276 (704 -64 0 ) (832 -64 0 ) (832 -64 128 ) (704 -64 128 ) 
4 269 270 (704 0 0 ) (704 -64 0 ) (704 -64 128 ) (704 0 128 ) 
4 270 277 (576 -64 0 ) (704 -64 0 ) (704 -64 128 ) (576 -64 128 ) 
4 270 271 (576 0 0 ) (576 -64 0 ) (576 -64 128 ) (576 0 128 ) 
4 271 287 (576 -60 0 ) (576 -64 0 ) (560 -64 0 ) (560 -60 0 ) 
4 271 272 (560 0 0 ) (560 -64 0 ) (560 -64 128 ) (560 0 128 ) 
4 272 288 (560 -60 0 ) (560 -64 0 ) (448 -64 0 ) (448 -60 0 ) 
4 272 273 (448 0 0 ) (448 -64 0 ) (448 -64 128 ) (448 0 128 ) 
4 273 278 (128 -64 0 ) (448 -64 0 ) (448 -64 128 ) (128 -64 128 ) 
4 273 274 (128 0 0 ) (128 -64 0 ) (128 -64 128 ) (128 0 128 ) 
4 274 318 (0 0 128 ) (0 0 0 ) (0 -64 0 ) (0 -64 128 ) 
4 274 279 (0 -64 0 ) (128 -64 0 ) (128 -64 128 ) (0 -64 128 ) 
4 276 290 (828 -124 0 ) (828 -128 0 ) (704 -128 0 ) (704 -124 0 ) 
4 276 289 (828 -64 0 ) (832 -64 0 ) (832 -128 0 ) (828 -128 0 ) 
4 276 277 (704 -64 128 ) (704 -64 0 ) (704 -128 0 ) (704 -128 128 ) 
4 277 290 (704 -124 0 ) (704 -128 0 ) (580 -128 0 ) (580 -124 0 ) 
4 277 291 (576 -64 0 ) (580 -64 0 ) (580 -128 0 ) (576 -128 0 ) 
4 278 280 (192 -192 0 ) (384 -192 0 ) (384 -192 128 ) (192 -192 128 ) 
4 278 279 (128 -64 128 ) (128 -64 0 ) (128 -192 0 ) (128 -192 128 ) 
4 279 318 (0 -64 0 ) (0 -192 0 ) (0 -192 128 ) (0 -64 128 ) 
4 279 282 (0 -192 0 ) (128 -192 0 ) (128 -192 128 ) (0 -192 128 ) 
3 280 292 (192 -192 0 ) (384 -192 0 ) (384 -384 0 ) 
4 280 281 (192.001953 -192 128 ) (192.001953 -192 0 ) (384 -383.998047 0 ) (384 -383.998047 128 ) 
3 281 293 (192 -192 0 ) (384 -384 0 ) (192 -384 0 ) 
4 282 319 (0 -192 0 ) (0 -208 0 ) (0 -208 128 ) (0 -192 128 ) 
4 282 284 (106.666664 -208 0 ) (128 -192 0 ) (128 -192 128 ) (106.666664 -208 128 ) 
4 282 283 (0 -208 0 ) (106.666016 -208 0 ) (106.666016 -208 128 ) (0 -208 128 ) 
4 283 320 (0 -208 0 ) (0 -288 0 ) (0 -288 128 ) (0 -208 128 ) 
3 283 294 (0 -288 0 ) (0 -208 0 ) (106.666664 -208 0 ) 
4 283 285 (0 -288 0 ) (106.666664 -208 0 ) (106.666664 -208 128 ) (0 -288 128 ) 
4 284 285 (106.666016 -208 128 ) (106.666016 -208 0 ) (128 -208 0 ) (128 -208 128 ) 
4 285 321 (0 -288 0 ) (0 -384 0 ) (0 -384 128 ) (0 -288 128 ) 
5 285 294 (0 -384 0 ) (0 -288 0 ) (106.666664 -208 0 ) (128 -208 0 ) (128 -384 0 ) 
4 285 286 (24 -384 88 ) (0 -384 88 ) (0 -384 40 ) (24 -384 40 ) 
4 286 323 (0 -400 40 ) (0 -400 88 ) (0 -384 88 ) (0 -384 40 ) 
4 287 288 (560 -60 0 ) (560 -60 -16 ) (560 -64 -16 ) (560 -64 0 ) 
4 289 290 (828 -124 -16 ) (828 -128 -16 ) (828 -128 0 ) (828 -124 0 ) 
4 290 291 (580 -124 -16 ) (580 -128 -16 ) (580 -128 0 ) (580 -124 0 ) 
3 292 296 (192 -192 -16 ) (384 -192 -16 ) (384 -384 -16 ) 
4 292 293 (192.001953 -192 0 ) (192.001953 -192 -16 ) (384 -383.998047 -16 ) (384 -383.998047 0 ) 
3 293 297 (192 -192 -16 ) (384 -384 -16 ) (192 -384 -16 ) 
4 294 324 (0 -192 -16 ) (0 -384 -16 ) (0 -384 0 ) (0 -208 0 ) 
4 294 299 (0 -384 -16 ) (0 -192 -16 ) (128 -192 -16 ) (128 -384 -16 ) 
3 296 298 (192 -192 -128 ) (384 -192 -128 ) (384 -384 -128 ) 
4 296 297 (192.003906 -192 -16 ) (192.003906 -192 -128 ) (384 -383.996094 -128 ) (384 -383.996094 -16 ) 
3 297 298 (192 -384 -128 ) (192 -192 -128 ) (384 -384 -128 ) 
4 299 324 (0 -384 -128 ) (0 -384 -16 ) (0 -192 -16 ) (0 -192 -128 ) 
4 300 302 (-32 -88 472 ) (-32 -88 656 ) (-32 0 656 ) (-32 0 472 ) 
4 300 301 (0 -88 472 ) (-32 -88 472 ) (-32 0 472 ) (0 0 472 ) 
4 301 304 (0 -88 456 ) (-32 -88 456 ) (-32 0 456 ) (0 0 456 ) 
4 301 303 (-32 0 456 ) (-32 -88 456 ) (-32 -88 472 ) (-32 0 472 ) 
4 302 303 (-32 0 472 ) (-32 -88 472 ) (-192 -88 472 ) (-192 0 472 ) 
4 303 305 (-32 -88 456 ) (-192 -88 456 ) (-192 0 456 ) (-32 0 456 ) 
4 304 306 (0 -88 304 ) (0 -88 432 ) (-32 -88 432 ) (-32 -88 304 ) 
4 304 305 (-32 0 272 ) (-32 -88 272 ) (-32 -88 456 ) (-32 0 456 ) 
4 305 328 (-192 0 432 ) (-192 0 304 ) (-192 -72 304 ) (-192 -72 432 ) 
4 305 308 (-192 -88 432 ) (-192 -88 304 ) (-64 -88 304 ) (-64 -88 432 ) 
4 305 306 (-64 -88 304 ) (-32 -88 304 ) (-32 -88 432 ) (-64 -88 432 ) 
4 306 308 (-64 -88 304 ) (-64 -104 304 ) (-64 -104 432 ) (-64 -88 432 ) 
4 306 307 (-64 -104 432 ) (-64 -104 304 ) (0 -104 304 ) (0 -104 432 ) 
4 307 309 (-64 -104 304 ) (-64 -232 304 ) (-64 -232 432 ) (-64 -104 432 ) 
4 308 310 (-192 -88.004395 304 ) (-177.781631 -104 304 ) (-177.781235 -104 432 ) (-192 -88.003891 432 ) 
4 308 309 (-177.775375 -104 432 ) (-177.775375 -104 304 ) (-64 -104 304 ) (-64 -104 432 ) 
4 309 311 (-177.781631 -104 304 ) (-64 -232.003906 304 ) (-64 -232.003906 432 ) (-177.781235 -104 432 ) 
4 310 311 (-192 -104 304 ) (-177.775375 -104 304 ) (-177.775375 -104 432 ) (-192 -104 432 ) 
3 312 315 (0 -288 256 ) (-32 -312 256 ) (-32 -288 256 ) 
4 312 316 (0 -288 256 ) (0 -320 256 ) (-32 -320 256 ) (-32 -312 256 ) 
4 313 318 (-128 -192 128 ) (-128 0 128 ) (0 0 128 ) (0 -192 128 ) 
4 313 317 (-128 0 128 ) (-128 -192 128 ) (-128 -192 256 ) (-128 0 256 ) 
4 313 314 (-128 -192 256 ) (-128 -192 128 ) (0 -192 128 ) (0 -192 256 ) 
4 314 319 (-128 -208 128 ) (-128 -192 128 ) (0 -192 128 ) (0 -208 128 ) 
4 314 315 (-128 -208 256 ) (-128 -208 128 ) (0 -208 128 ) (0 -208 256 ) 
4 315 320 (-128 -384 128 ) (-128 -208 128 ) (0 -208 128 ) (0 -288 128 ) 
4 315 316 (-128 -383.998535 256 ) (-128 -383.998535 128 ) (0 -287.998535 128 ) (0 -287.998535 256 ) 
3 316 321 (-128 -384 128 ) (0 -288 128 ) (0 -384 128 ) 
4 317 318 (-192 -192 128 ) (-192 0 128 ) (-128 0 128 ) (-128 -192 128 ) 
5 318 329 (-192 -72 104.399620 ) (-192 -72 0 ) (-192 -108 0 ) (-192 -128.001907 45.998489 ) (-192 -104.002823 89.996826 ) 
6 318 325 (-192 -19.998306 0 ) (-192 -72 0 ) (-192 -72 104.399620 ) (-192 -64.002220 108 ) (-192 -24.005726 90.001671 ) (-192 -0.001650 45.994198 ) 
4 318 319 (-128 -192 0 ) (0 -192 0 ) (0 -192 128 ) (-128 -192 128 ) 
4 319 320 (-128 -208 128 ) (-128 -208 0 ) (0 -208 0 ) (0 -208 128 ) 
4 320 324 (0 -208 0 ) (0 -288 0 ) (-128 -384 0 ) (-128 -208 0 ) 
4 320 322 (-128 -320 128 ) (-128 -256 128 ) (-128 -256 64 ) (-128 -320 64 ) 
4 320 321 (-128 -384 128 ) (-128 -384 0 ) (0 -288 0 ) (0 -288 128 ) 
3 321 324 (0 -288 0 ) (0 -384 0 ) (-128 -384 0 ) 
4 321 323 (0 -384 40 ) (0 -384 88 ) (-24 -384 88 ) (-24 -384 40 ) 
4 325 329 (-196 -72 0 ) (-192 -72 0 ) (-192 -72 104.399628 ) (-196 -72 104.399635 ) 
6 325 326 (-196 -24.003906 90 ) (-196 -0.003906 46 ) (-196 -20.003082 0 ) (-196 -72 0 ) (-196 -72 104.398438 ) (-196 -64 107.998047 ) 
4 326 330 (-204 -72 0 ) (-196 -72 0 ) (-196 -72 104.399635 ) (-204 -72 104.399651 ) 
6 326 327 (-204 -24.003906 90 ) (-204 -0.003906 46 ) (-204 -20.003082 0 ) (-204 -72 0 ) (-204 -72 104.398438 ) (-204 -64 107.998047 ) 
6 327 333 (-208 -19.998306 0 ) (-208 -72 0 ) (-208 -72 104.399628 ) (-208 -64.003342 107.998505 ) (-208 -24.002117 90 ) (-208 0 45.996429 ) 
4 327 331 (-208 -72 104.399658 ) (-208 -72 0 ) (-204 -72 0 ) (-204 -72 104.399651 ) 
4 328 332 (-208 -72 304 ) (-208 -72 432 ) (-208 0 432 ) (-208 0 304 ) 
5 329 330 (-196 -107.997086 0 ) (-196 -128 46 ) (-196 -104 90 ) (-196 -72 104.402252 ) (-196 -72 0 ) 
5 330 331 (-204 -107.997086 0 ) (-204 -128 46 ) (-204 -103.998749 90.001297 ) (-204 -72 104.402252 ) (-204 -72 0 ) 
5 331 333 (-208 -72 0 ) (-208 -108 0 ) (-208 -128 45.996262 ) (-208 -104 89.998131 ) (-208 -72 104.399620 ) 
4 333 334 (-256 0 0 ) (-256 -128 0 ) (-256 -128 128 ) (-256 0 128 ) 
4 334 335 (-360 0 0 ) (-360 -128 0 ) (-360 -128 128 ) (-360 0 128 ) 
4 335 343 (-400 0 128 ) (-400 0 0 ) (-400 -128 0 ) (-400 -128 128 ) 
4 336 337 (-672 0 800 ) (-480 0 800 ) (-480 -160 800 ) (-672 -160 800 ) 
4 337 338 (-672 0 608 ) (-480 0 608 ) (-480 -160 608 ) (-672 -160 608 ) 
4 338 339 (-480 0 592 ) (-480 -160 592 ) (-672 -160 592 ) (-672 0 592 ) 
4 339 340 (-480 0 400 ) (-480 -160 400 ) (-672 -160 400 ) (-672 0 400 ) 
4 340 341 (-480 0 208 ) (-480 -160 208 ) (-672 -160 208 ) (-672 0 208 ) 
4 341 342 (-672 0 192 ) (-480 0 192 ) (-480 -160 192 ) (-672 -160 192 ) 
6 342 343 (-720 0 128 ) (-400 0 128 ) (-400 -128 128 ) (-464 -192 128 ) (-656 -192 128 ) (-720 -128 128 ) 
4 343 345 (-504 -160 0 ) (-648 -160 0 ) (-648 -136 0 ) (-504 -136 0 ) 
4 343 344 (-672 0 0 ) (-480 0 0 ) (-480 -136 0 ) (-672 -136 0 ) 
4 344 346 (-672 0 -16 ) (-480 0 -16 ) (-480 -136 -16 ) (-672 -136 -16 ) 
4 344 345 (-648 -136 -16 ) (-504 -136 -16 ) (-504 -136 0 ) (-648 -136 0 ) 
4 345 346 (-504 -160 -16 ) (-648 -160 -16 ) (-648 -136 -16 ) (-504 -136 -16 ) 
