PRT1
89
149
4 0 25 (0 304 208 ) (0 320 208 ) (0 320 144 ) (0 304 144 ) 
4 0 21 (0 320 208 ) (0 403 208 ) (0 403 144 ) (0 320 144 ) 
4 0 6 (0 304 144 ) (0 403 144 ) (80 448 144 ) (80 304 144 ) 
4 0 2 (0 304 144 ) (80 304 144 ) (80 304 208 ) (0 304 208 ) 
4 0 1 (79.998039 448 208 ) (79.998039 448 144 ) (0 403.001099 144 ) (0 403.001099 208 ) 
4 1 22 (0 403 208 ) (0 448 208 ) (0 448 144 ) (0 403 144 ) 
3 1 7 (0 403 144 ) (0 448 144 ) (80 448 144 ) 
4 2 27 (0 264 208 ) (0 304 208 ) (0 304 144 ) (0 264 144 ) 
3 2 8 (0 264 144 ) (0 304 144 ) (80 304 144 ) 
4 2 3 (0 264 144 ) (80 304 144 ) (80 304 208 ) (0 264 208 ) 
4 3 28 (0 144 208 ) (0 264 208 ) (0 264 144 ) (0 144 144 ) 
4 3 9 (0 144 144 ) (0 264 144 ) (80 304 144 ) (80 144 144 ) 
4 4 59 (128 0 208 ) (0 0 208 ) (0 0 144 ) (128 0 144 ) 
3 4 10 (0 0 144 ) (128 128 144 ) (128 0 144 ) 
4 4 5 (128 127.998039 208 ) (128 127.998039 144 ) (0.001953 0 144 ) (0.003906 0 208 ) 
4 5 31 (0 0 144 ) (0 0 208 ) (0 128 208 ) (0 128 144 ) 
3 5 11 (0 0 144 ) (0 128 144 ) (128 128 144 ) 
4 6 41 (0 304 144 ) (0 320 144 ) (0 320 16 ) (0 304 16 ) 
4 6 37 (0 320 144 ) (0 403 144 ) (0 403 16 ) (0 320 16 ) 
4 6 12 (0 304 16 ) (0 403 16 ) (80 448 16 ) (80 304 16 ) 
4 6 8 (0 304 16 ) (80 304 16 ) (80 304 144 ) (0 304 144 ) 
4 6 7 (79.998039 448 144 ) (79.998047 448 16 ) (0 403.001099 16 ) (0 403.001099 144 ) 
4 7 38 (0 403 144 ) (0 448 144 ) (0 448 16 ) (0 403 16 ) 
3 7 13 (0 403 16 ) (0 448 16 ) (80 448 16 ) 
4 8 45 (0 264 144 ) (0 304 144 ) (0 304 16 ) (0 264 16 ) 
3 8 14 (0 264 16 ) (0 304 16 ) (80 304 16 ) 
4 8 9 (0 264 16 ) (80 304 16 ) (80 304 144 ) (0 264 144 ) 
4 9 46 (0 144 144 ) (0 264 144 ) (0 264 16 ) (0 144 16 ) 
4 9 15 (0 144 16 ) (0 264 16 ) (80 304 16 ) (80 144 16 ) 
4 10 59 (128 0 144 ) (0 0 144 ) (0 0 16 ) (128 0 16 ) 
4 10 11 (128 127.998039 144 ) (128 127.998047 16 ) (0 -0.001953 16 ) (0 -0.003906 144 ) 
4 11 50 (0 0 16 ) (0 0 144 ) (0 128 144 ) (0 128 16 ) 
4 12 55 (0 304 16 ) (0 403 16 ) (0 403 -112 ) (0 304 -112 ) 
4 12 14 (0 304 -112 ) (80 304 -112 ) (80 304 16 ) (0 304 16 ) 
4 12 13 (79.998047 448 16 ) (79.998047 448 -112 ) (0 403.001099 -112 ) (0 403.001099 16 ) 
4 13 56 (0 403 16 ) (0 448 16 ) (0 448 -112 ) (0 403 -112 ) 
4 14 57 (0 264 16 ) (0 304 16 ) (0 304 -112 ) (0 264 -112 ) 
4 14 15 (0 264 -112 ) (79.998047 304 -112 ) (79.998047 304 16 ) (0 264 16 ) 
4 15 58 (0 144 16 ) (0 264 16 ) (0 264 -112 ) (0 144 -112 ) 
4 16 60 (-208 0 240 ) (-304 0 240 ) (-304 0 208 ) (-208 0 208 ) 
4 16 33 (-256 0 208 ) (-304 0 208 ) (-304 72 208 ) (-256 72 208 ) 
4 16 32 (-208 0 208 ) (-256 0 208 ) (-256 72 208 ) (-208 72 208 ) 
4 17 30 (-448 233.600006 208 ) (-448 236 208 ) (-352 236 208 ) (-352 180.800003 208 ) 
4 17 29 (-448 140 208 ) (-448 233.600006 208 ) (-352 180.800003 208 ) (-352 140 208 ) 
4 18 61 (-496 0 240 ) (-592 0 240 ) (-592 0 208 ) (-496 0 208 ) 
4 18 33 (-496 0 208 ) (-592 0 208 ) (-592 72 208 ) (-496 72 208 ) 
4 19 34 (-192 608 144 ) (-192 464 144 ) (-304 464 144 ) (-304 608 144 ) 
4 19 20 (-304 608 208 ) (-304 608 144 ) (-304 464 144 ) (-304 464 208 ) 
4 20 35 (-304 464 144 ) (-448 464 144 ) (-448 608 144 ) (-304 608 144 ) 
3 21 37 (0 403 144 ) (0 320 144 ) (-147.555588 320 144 ) 
4 21 25 (-147.555588 320 144 ) (0 320 144 ) (0 320 208 ) (-147.555588 320 208 ) 
4 21 22 (0 403 144 ) (-147.557297 320 144 ) (-147.557297 320 208 ) (0 403 208 ) 
5 22 38 (0 448 144 ) (0 403 144 ) (-147.555588 320 144 ) (-176 320 144 ) (-176 448 144 ) 
4 22 26 (-176 320 144 ) (-147.555588 320 144 ) (-147.555588 320 208 ) (-176 320 208 ) 
4 23 39 (-400 320 144 ) (-640 320 144 ) (-640 448 144 ) (-304 448 144 ) 
4 23 24 (-400.001160 320 208 ) (-400.001160 320 144 ) (-304.001068 448 144 ) (-304.001068 448 208 ) 
4 24 40 (-192 320 144 ) (-400 320 144 ) (-304 448 144 ) (-192 448 144 ) 
4 25 41 (0 320 144 ) (0 304 144 ) (-176 304 144 ) (-147.555588 320 144 ) 
4 25 27 (-176 304 144 ) (0 304 144 ) (0 304 208 ) (-176 304 208 ) 
4 25 26 (-147.556854 320 208 ) (-147.556854 320 144 ) (-176 304 144 ) (-176 304 208 ) 
3 26 42 (-176 304 144 ) (-176 320 144 ) (-147.555588 320 144 ) 
4 27 45 (0 304 144 ) (0 264 144 ) (-240 144 144 ) (-240 304 144 ) 
4 27 28 (-240 144 208 ) (-240 144 144 ) (0 264 144 ) (0 264 208 ) 
3 28 46 (0 264 144 ) (0 144 144 ) (-240 144 144 ) 
3 29 48 (-256 128 144 ) (-576 128 144 ) (-576 304 144 ) 
4 29 33 (-576 128 144 ) (-256 128 144 ) (-256 128 208 ) (-576 128 208 ) 
4 29 30 (-256.005310 128 208 ) (-256.005310 128 144 ) (-576 303.997070 144 ) (-576 303.997070 208 ) 
3 30 49 (-256 128 144 ) (-576 304 144 ) (-256 304 144 ) 
4 31 50 (0 128 144 ) (0 0 144 ) (-144 0 144 ) (-144 128 144 ) 
4 32 65 (-160 0 208 ) (-256 0 208 ) (-256 0 144 ) (-160 0 144 ) 
4 32 52 (-160 0 144 ) (-256 0 144 ) (-256 128 144 ) (-160 128 144 ) 
4 32 33 (-256 128 208 ) (-256 128 144 ) (-256 0 144 ) (-256 0 208 ) 
4 33 68 (-352 0 208 ) (-640 0 208 ) (-640 0 144 ) (-352 0 144 ) 
4 33 66 (-256 0 208 ) (-352 0 208 ) (-352 0 144 ) (-256 0 144 ) 
4 33 54 (-576 0 144 ) (-640 0 144 ) (-640 128 144 ) (-576 128 144 ) 
4 33 53 (-256 0 144 ) (-576 0 144 ) (-576 128 144 ) (-256 128 144 ) 
4 34 35 (-304 608 144 ) (-304 608 16 ) (-304 464 16 ) (-304 464 144 ) 
4 35 36 (-304 464 48 ) (-304 464 128 ) (-432 464 128 ) (-432 464 48 ) 
4 36 39 (-304 448 48 ) (-304 448 128 ) (-432 448 128 ) (-432 448 48 ) 
3 37 55 (0 403 16 ) (0 320 16 ) (-147.555588 320 16 ) 
4 37 41 (-147.555588 320 16 ) (0 320 16 ) (0 320 144 ) (-147.555588 320 144 ) 
4 37 38 (0 403 16 ) (-147.557297 320 16 ) (-147.557297 320 144 ) (0 403 144 ) 
5 38 56 (-176 448 16 ) (0 448 16 ) (0 403 16 ) (-147.555588 320 16 ) (-176 320 16 ) 
4 38 42 (-176 320 16 ) (-147.555588 320 16 ) (-147.555588 320 144 ) (-176 320 144 ) 
4 39 44 (-448 320 48 ) (-448 320 128 ) (-576 320 128 ) (-576 320 48 ) 
4 39 40 (-400.001160 320 144 ) (-400.001160 320 16 ) (-304.001068 448 16 ) (-304.001068 448 144 ) 
4 40 43 (-348 320 16 ) (-292 320 16 ) (-292 320 126 ) (-348 320 126 ) 
4 41 55 (-147.555588 320 16 ) (0 320 16 ) (0 304 16 ) (-176 304 16 ) 
4 41 45 (-176 304 16 ) (0 304 16 ) (0 304 144 ) (-176 304 144 ) 
4 41 42 (-147.556854 320 144 ) (-147.556854 320 16 ) (-176 304 16 ) (-176 304 144 ) 
3 42 56 (-176 320 16 ) (-147.555588 320 16 ) (-176 304 16 ) 
4 43 49 (-348 304 16 ) (-292 304 16 ) (-292 304 126 ) (-348 304 126 ) 
4 44 49 (-448 304 48 ) (-448 304 128 ) (-576 304 128 ) (-576 304 48 ) 
4 45 57 (-240 304 16 ) (0 304 16 ) (0 264 16 ) (-240 144 16 ) 
4 45 47 (-240 288 16 ) (-240 160 16 ) (-240 160 144 ) (-240 288 144 ) 
4 45 46 (-240 144 144 ) (-240 144 16 ) (0 264 16 ) (0 264 144 ) 
3 46 58 (0 264 16 ) (0 144 16 ) (-240 144 16 ) 
4 47 49 (-256 288 16 ) (-256 160 16 ) (-256 160 144 ) (-256 288 144 ) 
4 48 53 (-576 128 16 ) (-256 128 16 ) (-256 128 144 ) (-576 128 144 ) 
4 48 49 (-256.003540 128 144 ) (-256.003540 128 16 ) (-576 303.998047 16 ) (-576 303.998047 144 ) 
4 50 51 (-144 92 16 ) (-144 36 16 ) (-144 36 126 ) (-144 92 126 ) 
4 51 52 (-160 92 16 ) (-160 36 16 ) (-160 36 126 ) (-160 92 126 ) 
4 52 73 (-160 0 144 ) (-256 0 144 ) (-256 0 16 ) (-160 0 16 ) 
4 52 53 (-256 128 144 ) (-256 128 16 ) (-256 0 16 ) (-256 0 144 ) 
4 53 74 (-256 0 144 ) (-576 0 144 ) (-576 0 16 ) (-256 0 16 ) 
4 53 54 (-576 128 144 ) (-576 128 16 ) (-576 0 16 ) (-576 0 144 ) 
4 54 75 (-576 0 144 ) (-640 0 144 ) (-640 0 16 ) (-576 0 16 ) 
4 55 57 (-176 304 -112 ) (0 304 -112 ) (0 304 16 ) (-176 304 16 ) 
4 55 56 (0 403 -112 ) (-176 304 -112 ) (-176 304 16 ) (0 403 16 ) 
4 57 58 (-239.998047 144 16 ) (-239.998047 144 -112 ) (0 264 -112 ) (0 264 16 ) 
4 60 66 (-304 0 208 ) (-256 0 208 ) (-256 -24 208 ) (-304 -24 208 ) 
4 60 65 (-256 0 208 ) (-208 0 208 ) (-208 -24 208 ) (-256 -24 208 ) 
4 61 68 (-592 0 208 ) (-496 0 208 ) (-496 -24 208 ) (-592 -24 208 ) 
3 62 71 (-352 -352 208 ) (-352 -608 208 ) (-608 -352 208 ) 
4 62 63 (-607.998047 -352 272 ) (-607.998047 -352 208 ) (-352 -607.998047 208 ) (-352 -607.998047 272 ) 
3 63 72 (-352 -608 208 ) (-608 -608 208 ) (-608 -352 208 ) 
4 63 64 (-512 -608 208 ) (-480 -608 208 ) (-480 -608 240 ) (-512 -608 240 ) 
4 65 73 (-256 0 144 ) (-160 0 144 ) (-160 -80 144 ) (-256 -80 144 ) 
4 65 66 (-256 0 144 ) (-256 -80 144 ) (-256 -80 208 ) (-256 0 208 ) 
4 66 74 (-352 -80 144 ) (-352 0 144 ) (-256 0 144 ) (-256 -80 144 ) 
4 66 68 (-352 0 144 ) (-352 -80 144 ) (-352 -80 208 ) (-352 0 208 ) 
4 67 71 (-352 -448 176 ) (-352 -448 208 ) (-352 -416 208 ) (-352 -416 176 ) 
4 68 75 (-640 0 144 ) (-576 0 144 ) (-576 -80 144 ) (-640 -80 144 ) 
4 68 74 (-576 0 144 ) (-352 0 144 ) (-352 -80 144 ) (-576 -80 144 ) 
3 69 77 (-608 -96 144 ) (-368 -272 144 ) (-608 -272 144 ) 
4 69 70 (-368.002655 -272 208 ) (-368.002655 -272 144 ) (-608 -96.001968 144 ) (-608 -96.001968 208 ) 
3 70 78 (-608 -96 144 ) (-368 -96 144 ) (-368 -272 144 ) 
3 71 81 (-480 -480 144 ) (-608 -352 144 ) (-565.333252 -352 144 ) 
4 71 80 (-352 -352 144 ) (-352 -608 144 ) (-480 -480 144 ) (-565.333252 -352 144 ) 
4 71 72 (-607.998047 -352 208 ) (-607.998047 -352 144 ) (-352 -607.998047 144 ) (-352 -607.998047 208 ) 
4 72 81 (-394.666565 -608 144 ) (-608 -608 144 ) (-608 -352 144 ) (-480 -480 144 ) 
3 72 80 (-352 -608 144 ) (-394.666565 -608 144 ) (-480 -480 144 ) 
4 73 74 (-256 0 16 ) (-256 -80 16 ) (-256 -80 144 ) (-256 0 144 ) 
4 74 76 (-576 -80 16 ) (-520 -80 16 ) (-520 -80 126 ) (-576 -80 126 ) 
4 74 75 (-576 0 16 ) (-576 -80 16 ) (-576 -80 144 ) (-576 0 144 ) 
4 76 78 (-576 -96 16 ) (-520 -96 16 ) (-520 -96 126 ) (-576 -96 126 ) 
4 77 79 (-544 -272 16 ) (-416 -272 16 ) (-416 -272 144 ) (-544 -272 144 ) 
4 77 78 (-368.002655 -272 144 ) (-368.002655 -272 16 ) (-608 -96.001953 16 ) (-608 -96.001961 144 ) 
4 79 80 (-544 -288 16 ) (-416 -288 16 ) (-416 -288 144 ) (-544 -288 144 ) 
4 80 83 (-608 -288 16 ) (-32 -288 16 ) (-32 -672 16 ) (-352 -672 16 ) 
4 80 81 (-608 -288 144 ) (-608 -288 16 ) (-352 -672 16 ) (-352 -672 144 ) 
3 81 84 (-608 -288 16 ) (-352 -672 16 ) (-608 -672 16 ) 
4 81 82 (-608 -672 16 ) (-352 -672 16 ) (-352 -672 144 ) (-608 -672 144 ) 
4 82 86 (-608 -672 16 ) (-352 -672 16 ) (-352 -800 16 ) (-608 -800 16 ) 
4 83 85 (-288 -672 -112 ) (-32 -672 -112 ) (-32 -672 16 ) (-288 -672 16 ) 
4 83 84 (-608 -288 16 ) (-608 -288 -112 ) (-352 -672 -112 ) (-352 -672 16 ) 
4 84 86 (-608 -672 -112 ) (-352 -672 -112 ) (-352 -672 16 ) (-608 -672 16 ) 
4 85 87 (-288 -800 -112 ) (-32 -800 -112 ) (-32 -800 16 ) (-288 -800 16 ) 
4 87 88 (-160 -864 -80 ) (-160 -864 -48 ) (-192 -864 -48 ) (-192 -864 -80 ) 
