PRT1
133
251
4 0 54 (96 0 160 ) (0 0 160 ) (0 0 96 ) (96 0 96 ) 
4 0 4 (0 0 96 ) (0 0 160 ) (0 8.003905 160 ) (0 8.003906 96 ) 
5 0 2 (96 0 96 ) (0 0 96 ) (0 8.003905 96 ) (95.996872 128 96 ) (96 128 96 ) 
4 0 1 (95.994148 128 160 ) (95.994148 128 96 ) (0 8.007324 96 ) (0 8.003203 160 ) 
4 1 5 (0 8.003905 160 ) (0 128 160 ) (0 128 96 ) (0 8.003906 96 ) 
3 1 3 (0 8.003905 96 ) (0 128 96 ) (95.996872 128 96 ) 
4 2 59 (96 0 96 ) (0 0 96 ) (0 0 -32 ) (96 0 -32 ) 
4 2 20 (0 0 -32 ) (0 0 96 ) (0 8.003905 96 ) (0 8.003906 -32 ) 
4 2 3 (95.994141 128 96 ) (95.994141 128 -32 ) (0 8.007324 -32 ) (0 8.007782 96 ) 
4 3 21 (0 8.003905 96 ) (0 128 96 ) (0 128 -32 ) (0 8.003906 -32 ) 
4 4 77 (0 0 96 ) (0 0 160 ) (-6.403124 0 160 ) (-6.403122 0 96 ) 
3 4 20 (0 8.003906 96 ) (0 0 96 ) (-6.403124 0 96 ) 
4 4 5 (0 8.008308 96 ) (-6.406620 0 96 ) (-6.406616 0 160 ) (0 8.008301 160 ) 
4 5 78 (-6.403124 0 160 ) (-96 0 160 ) (-96 0 96 ) (-6.403122 0 96 ) 
5 5 21 (0 128 96 ) (0 8.003906 96 ) (-6.403124 0 96 ) (-96 0 96 ) (-96 128 96 ) 
3 6 28 (-176 320 96 ) (-368 320 96 ) (-368 496 96 ) 
3 6 27 (-176 496 96 ) (-176 320 96 ) (-368 496 96 ) 
3 7 30 (-176 176 96 ) (-368 176 96 ) (-368 304 96 ) 
4 7 9 (-176 176 96 ) (-176 176 224 ) (-368 176 224 ) (-368 176 96 ) 
4 7 8 (-367.994141 304 96 ) (-367.994141 304 224 ) (-176 176.003906 224 ) (-176 176.003906 96 ) 
3 8 31 (-176 304 96 ) (-176 176 96 ) (-368 304 96 ) 
4 9 73 (-368 0 224 ) (-368 0 96 ) (-352 0 96 ) (-352 0 224 ) 
4 9 32 (-176 176 96 ) (-352 0 96 ) (-368 0 96 ) (-368 176 96 ) 
4 9 15 (-368 112 96 ) (-368 0 96 ) (-368 0 224 ) (-368 112 224 ) 
4 9 10 (-176 176 96 ) (-176 176 224 ) (-352 0 224 ) (-352 0 96 ) 
4 10 74 (-352 0 96 ) (-176 0 96 ) (-176 0 224 ) (-352 0 224 ) 
3 10 33 (-176 176 96 ) (-176 0 96 ) (-352 0 96 ) 
4 11 36 (-384 176 96 ) (-384 128 96 ) (-624 128 96 ) (-624 320 96 ) 
4 11 13 (-624 320 96 ) (-624 128 96 ) (-624 128 160 ) (-624 320 160 ) 
4 11 12 (-384 176 160 ) (-384 176 96 ) (-624 320 96 ) (-624 320 160 ) 
4 12 37 (-384 384 96 ) (-384 176 96 ) (-624 320 96 ) (-624 384 96 ) 
4 13 38 (-624 320 96 ) (-624 128 96 ) (-752 128 96 ) (-752 320 96 ) 
4 14 72 (-560 0 224 ) (-432 0 224 ) (-432 0 240 ) (-560 0 240 ) 
4 14 16 (-560 112 224 ) (-432 112 224 ) (-432 0 224 ) (-560 0 224 ) 
4 15 84 (-384 0 96 ) (-368 0 96 ) (-368 0 224 ) (-384 0 224 ) 
4 15 35 (-368 112 96 ) (-368 0 96 ) (-384 0 96 ) (-384 112 96 ) 
4 15 16 (-384 0 224 ) (-384 112 224 ) (-384 112 96 ) (-384 0 96 ) 
4 16 85 (-560 0 96 ) (-384 0 96 ) (-384 0 224 ) (-560 0 224 ) 
4 16 41 (-384 0 96 ) (-560 0 96 ) (-560 112 96 ) (-384 112 96 ) 
4 16 18 (-560 0 224 ) (-560 112 224 ) (-560 112 96 ) (-560 0 96 ) 
4 17 86 (-752 0 96 ) (-640 0 96 ) (-640 0 224 ) (-752 0 224 ) 
3 17 42 (-640 0 96 ) (-752 0 96 ) (-752 112 96 ) 
4 17 18 (-640.001953 0 96 ) (-752 111.998047 96 ) (-752 111.998055 224 ) (-640.001953 0 224 ) 
4 18 87 (-640 0 96 ) (-560 0 96 ) (-560 0 224 ) (-640 0 224 ) 
4 18 43 (-560 0 96 ) (-640 0 96 ) (-752 112 96 ) (-560 112 96 ) 
4 19 24 (-160 368 -32 ) (-160 320 -32 ) (-160 320 96 ) (-160 368 96 ) 
4 20 90 (0 0 -32 ) (0 0 96 ) (-6.403124 0 96 ) (-6.403122 0 -32 ) 
4 20 21 (0 8.008301 -32 ) (-6.406616 0 -32 ) (-6.406616 0 96 ) (0 8.008303 96 ) 
4 21 91 (-6.403124 0 96 ) (-96 0 96 ) (-96 0 -32 ) (-6.403122 0 -32 ) 
4 21 22 (-96 128 96 ) (-96 128 -32 ) (-96 0 -32 ) (-96 0 96 ) 
4 22 23 (-160 128 96 ) (-160 128 -32 ) (-96 0 -32 ) (-96 0 96 ) 
4 23 26 (-160 92 -32 ) (-160 36 -32 ) (-160 36 80 ) (-160 92 80 ) 
4 24 27 (-176 368 -32 ) (-176 320 -32 ) (-176 320 96 ) (-176 368 96 ) 
4 25 31 (-176 272 -32 ) (-176 216 -32 ) (-176 216 80 ) (-176 272 80 ) 
4 26 33 (-176 92 -32 ) (-176 36 -32 ) (-176 36 80 ) (-176 92 80 ) 
4 27 28 (-367.998047 496 96 ) (-367.998047 496 -32 ) (-176 320.001770 -32 ) (-176 320.001770 96 ) 
4 28 29 (-196 320 0 ) (-196 320 80 ) (-348 320 80 ) (-348 320 0 ) 
4 29 31 (-196 304 0 ) (-196 304 80 ) (-348 304 80 ) (-348 304 0 ) 
3 30 44 (-368 176 -32 ) (-368 304 -32 ) (-176 176 -32 ) 
4 30 34 (-368 236 -32 ) (-368 180 -32 ) (-368 180 80 ) (-368 236 80 ) 
4 30 32 (-368 176 96 ) (-368 176 -32 ) (-176 176 -32 ) (-176 176 96 ) 
4 30 31 (-176 176.003906 96 ) (-176 176.003906 -32 ) (-367.994141 304 -32 ) (-367.994141 304 96 ) 
3 31 45 (-368 304 -32 ) (-176 304 -32 ) (-176 176 -32 ) 
4 32 95 (-352 0 96 ) (-368 0 96 ) (-368 0 -32 ) (-352 0 -32 ) 
4 32 46 (-352 0 -32 ) (-368 0 -32 ) (-368 176 -32 ) (-176 176 -32 ) 
4 32 35 (-368 112 -32 ) (-368 0 -32 ) (-368 0 96 ) (-368 112 96 ) 
4 32 33 (-352 0 -32 ) (-176 176 -32 ) (-176 176 96 ) (-352 0 96 ) 
4 33 96 (-176 0 96 ) (-352 0 96 ) (-352 0 -32 ) (-176 0 -32 ) 
3 33 47 (-176 0 -32 ) (-352 0 -32 ) (-176 176 -32 ) 
4 34 37 (-384 236 -32 ) (-384 180 -32 ) (-384 180 80 ) (-384 236 80 ) 
4 35 101 (-368 0 96 ) (-384 0 96 ) (-384 0 -32 ) (-368 0 -32 ) 
4 35 48 (-368 0 -32 ) (-384 0 -32 ) (-384 112 -32 ) (-368 112 -32 ) 
4 35 41 (-384 112 -32 ) (-384 0 -32 ) (-384 0 96 ) (-384 112 96 ) 
4 36 39 (-432 128 0 ) (-432 128 80 ) (-544 128 80 ) (-544 128 0 ) 
4 36 40 (-576 128 80 ) (-624 128 80 ) (-624 128 0 ) (-576 128 0 ) 
4 36 38 (-624 320 -32 ) (-624 128 -32 ) (-624 128 96 ) (-624 320 96 ) 
4 36 37 (-384 176 96 ) (-384 176 -32 ) (-624 320 -32 ) (-624 320 96 ) 
4 38 40 (-624 128 0 ) (-624 128 80 ) (-688 128 80 ) (-688 128 0 ) 
4 39 41 (-432 112 0 ) (-432 112 80 ) (-544 112 80 ) (-544 112 0 ) 
4 40 43 (-576 112 80 ) (-688 112 80 ) (-688 112 0 ) (-576 112 0 ) 
4 41 102 (-384 0 96 ) (-560 0 96 ) (-560 0 -32 ) (-384 0 -32 ) 
4 41 49 (-384 0 -32 ) (-560 0 -32 ) (-560 112 -32 ) (-384 112 -32 ) 
4 41 43 (-560 112 96 ) (-560 112 -32 ) (-560 0 -32 ) (-560 0 96 ) 
4 42 103 (-640 0 96 ) (-768 0 96 ) (-768 0 -32 ) (-640 0 -32 ) 
4 42 50 (-640 0 -32 ) (-768 0 -32 ) (-768 112 -32 ) (-752 112 -32 ) 
4 42 43 (-640 0 -32 ) (-752 112 -32 ) (-752 112 96 ) (-640 0 96 ) 
4 43 104 (-560 0 96 ) (-640 0 96 ) (-640 0 -32 ) (-560 0 -32 ) 
4 43 51 (-560 0 -32 ) (-640 0 -32 ) (-752 112 -32 ) (-560 112 -32 ) 
4 44 46 (-368 176 -32 ) (-368 176 -160 ) (-176 176 -160 ) (-176 176 -32 ) 
4 44 45 (-176 176.003906 -32 ) (-176 176.003906 -160 ) (-367.994141 304 -160 ) (-367.994141 304 -32 ) 
4 46 113 (-352 0 -32 ) (-368 0 -32 ) (-368 0 -160 ) (-352 0 -160 ) 
4 46 48 (-368 112 -160 ) (-368 0 -160 ) (-368 0 -32 ) (-368 112 -32 ) 
4 46 47 (-352 0 -160 ) (-176 176 -160 ) (-176 176 -32 ) (-352 0 -32 ) 
4 47 114 (-176 0 -32 ) (-352 0 -32 ) (-352 0 -160 ) (-176 0 -160 ) 
4 48 121 (-368 0 -32 ) (-384 0 -32 ) (-384 0 -160 ) (-368 0 -160 ) 
4 48 49 (-384 112 -32 ) (-384 112 -160 ) (-384 0 -160 ) (-384 0 -32 ) 
4 49 122 (-384 0 -32 ) (-560 0 -32 ) (-560 0 -160 ) (-384 0 -160 ) 
4 49 52 (-384 0 -160 ) (-560 0 -160 ) (-560 112 -160 ) (-384 112 -160 ) 
4 49 51 (-560 112 -32 ) (-560 112 -160 ) (-560 0 -160 ) (-560 0 -32 ) 
4 50 125 (-752 0 -32 ) (-768 0 -32 ) (-768 0 -160 ) (-752 0 -160 ) 
4 50 123 (-640 0 -32 ) (-752 0 -32 ) (-752 0 -160 ) (-640 0 -160 ) 
3 50 52 (-640 0 -160 ) (-752 0 -160 ) (-752 112 -160 ) 
4 50 51 (-639.998047 0 -160 ) (-751.998047 112 -160 ) (-751.998047 112 -32 ) (-639.998047 0 -32 ) 
4 51 124 (-560 0 -32 ) (-640 0 -32 ) (-640 0 -160 ) (-560 0 -160 ) 
4 51 52 (-560 0 -160 ) (-640 0 -160 ) (-752 112 -160 ) (-560 112 -160 ) 
4 52 131 (-384 0 -176 ) (-384 0 -160 ) (-752 0 -160 ) (-752 0 -176 ) 
4 52 53 (-752 0 -176 ) (-752 112 -176 ) (-384 112 -176 ) (-384 0 -176 ) 
4 53 132 (-384 0 -288 ) (-384 0 -176 ) (-752 0 -176 ) (-752 0 -288 ) 
4 54 77 (0 0 160 ) (0 0 96 ) (0 -112 96 ) (0 -112 160 ) 
4 54 59 (0 -112 96 ) (0 0 96 ) (96 0 96 ) (96 -112 96 ) 
4 55 65 (672 -640 -32 ) (672 -512 -32 ) (800 -512 -32 ) (800 -640 -32 ) 
4 55 56 (672 -512 -32 ) (672 -640 -32 ) (672 -640 96 ) (672 -512 96 ) 
3 56 66 (416 -384 -32 ) (672 -384 -32 ) (672 -768 -32 ) 
4 56 57 (416 -384 96 ) (416 -384 -32 ) (672 -768 -32 ) (672 -768 96 ) 
3 57 67 (416 -768 -32 ) (416 -384 -32 ) (672 -768 -32 ) 
4 57 63 (416 -384 -32 ) (416 -768 -32 ) (416 -768 96 ) (416 -384 96 ) 
4 58 68 (416 -128 -32 ) (416 -384 -32 ) (96 -384 -32 ) (96 -128 -32 ) 
4 58 63 (96 -384 -32 ) (416 -384 -32 ) (416 -384 96 ) (96 -384 96 ) 
4 58 61 (96 -128 -32 ) (96 -384 -32 ) (96 -384 96 ) (96 -128 96 ) 
4 59 90 (0 0 96 ) (0 0 -32 ) (0 -112 -32 ) (0 -112 96 ) 
4 59 60 (0 -112 -32 ) (96 -112 -32 ) (96 -112 96 ) (0 -112 96 ) 
4 60 92 (0 -112 -32 ) (0 -128 -32 ) (0 -128 96 ) (0 -112 96 ) 
4 60 61 (0 -128 -32 ) (96 -128 -32 ) (96 -128 96 ) (0 -128 96 ) 
4 61 93 (0 -128 -32 ) (0 -256 -32 ) (0 -256 96 ) (0 -128 96 ) 
5 61 68 (0 -256 -32 ) (0 -128 -32 ) (96 -128 -32 ) (96 -384 -32 ) (32 -384 -32 ) 
4 61 63 (32 -384 -32 ) (96 -384 -32 ) (96 -384 96 ) (32 -384 96 ) 
4 61 62 (0 -256.001953 -32 ) (32 -384 -32 ) (32 -384 96 ) (0 -256.001953 96 ) 
4 62 105 (0 -272 -32 ) (0 -384 -32 ) (0 -384 96 ) (0 -272 96 ) 
4 62 94 (0 -256 -32 ) (0 -272 -32 ) (0 -272 96 ) (0 -256 96 ) 
3 62 69 (0 -384 -32 ) (0 -256 -32 ) (32 -384 -32 ) 
3 63 70 (32 -384 -32 ) (416 -384 -32 ) (416 -768 -32 ) 
4 63 64 (32 -384.001953 96 ) (32 -384.001953 -32 ) (415.998047 -768 -32 ) (415.998047 -768 96 ) 
3 64 71 (32 -768 -32 ) (32 -384 -32 ) (416 -768 -32 ) 
4 65 66 (672 -512 -160 ) (672 -640 -160 ) (672 -640 -32 ) (672 -512 -32 ) 
4 66 67 (416 -384 -32 ) (416 -384 -160 ) (672 -768 -160 ) (672 -768 -32 ) 
4 67 70 (416 -384 -160 ) (416 -768 -160 ) (416 -768 -32 ) (416 -384 -32 ) 
4 68 115 (0 -128 -160 ) (0 -256 -160 ) (0 -256 -32 ) (0 -128 -32 ) 
4 68 70 (32 -384 -160 ) (416 -384 -160 ) (416 -384 -32 ) (32 -384 -32 ) 
4 68 69 (0 -256.001953 -160 ) (32 -384 -160 ) (32 -384 -32 ) (0 -256.001953 -32 ) 
4 69 126 (0 -272 -160 ) (0 -384 -160 ) (0 -384 -32 ) (0 -272 -32 ) 
4 69 116 (0 -256 -160 ) (0 -272 -160 ) (0 -272 -32 ) (0 -256 -32 ) 
4 70 71 (32 -384.001953 -32 ) (32 -384.001953 -160 ) (415.998047 -768 -160 ) (415.998047 -768 -32 ) 
4 72 85 (-560 0 224 ) (-432 0 224 ) (-432 -208 224 ) (-560 -80 224 ) 
4 72 83 (-432 -208 224 ) (-432 -272 224 ) (-560 -272 224 ) (-560 -80 224 ) 
3 73 95 (-368 0 96 ) (-352 0 96 ) (-368 -16 96 ) 
4 73 84 (-368 0 96 ) (-368 -16 96 ) (-368 -16 224 ) (-368 0 224 ) 
4 73 74 (-368 -16 224 ) (-368 -16 96 ) (-352 0 96 ) (-352 0 224 ) 
4 74 96 (-352 0 96 ) (-176 0 96 ) (-176 -16 96 ) (-368 -16 96 ) 
4 74 75 (-368 -16 224 ) (-368 -16 96 ) (-176 -16 96 ) (-176 -16 224 ) 
4 75 97 (-112 -16 96 ) (-208 -112 96 ) (-368 -112 96 ) (-368 -16 96 ) 
4 75 84 (-368 -16 96 ) (-368 -112 96 ) (-368 -112 224 ) (-368 -16 224 ) 
4 75 80 (-368 -112 224 ) (-368 -112 96 ) (-208 -112 96 ) (-208 -112 224 ) 
4 75 79 (-208 -112 160 ) (-208 -112 96 ) (-112 -16 96 ) (-112 -16 160 ) 
4 75 76 (-208 -112 224 ) (-208 -112 160 ) (-112 -16 160 ) (-112 -16 224 ) 
4 76 81 (-112 -112 224 ) (-208 -112 224 ) (-208 -112 160 ) (-112 -112 160 ) 
3 76 79 (-112 -112 160 ) (-208 -112 160 ) (-112 -16 160 ) 
5 77 90 (-6.403130 0 96 ) (0 0 96 ) (0 -112 96 ) (-96 -112 96 ) (-96 -111.996094 96 ) 
4 77 78 (-96 -111.992188 96 ) (-96 -111.992188 160 ) (-6.406242 0 160 ) (-6.406250 0 96 ) 
3 78 91 (-96 0 96 ) (-6.403130 0 96 ) (-96 -111.996094 96 ) 
3 79 98 (-112 -112 96 ) (-208 -112 96 ) (-112 -16 96 ) 
4 79 81 (-208 -112 96 ) (-112 -112 96 ) (-112 -112 160 ) (-208 -112 160 ) 
3 80 97 (-368 -272 96 ) (-368 -112 96 ) (-208 -112 96 ) 
4 80 84 (-368 -112 96 ) (-368 -272 96 ) (-368 -272 224 ) (-368 -112 224 ) 
4 80 81 (-368 -272 224 ) (-368 -272 96 ) (-208 -112 96 ) (-208 -112 224 ) 
4 81 98 (-112 -272 96 ) (-368 -272 96 ) (-208 -112 96 ) (-112 -112 96 ) 
4 81 89 (-232 -272 224 ) (-344 -272 224 ) (-344 -272 112 ) (-232 -272 112 ) 
3 82 99 (-368 -272 96 ) (-384 -272 96 ) (-384 -256 96 ) 
4 82 84 (-368 -271.998047 224 ) (-368 -271.998047 96 ) (-384 -255.998047 96 ) (-384 -255.998047 224 ) 
4 82 83 (-384 -256 224 ) (-384 -256 96 ) (-384 -272 96 ) (-384 -272 224 ) 
4 83 100 (-384 -272 96 ) (-560 -272 96 ) (-560 -80 96 ) (-384 -256 96 ) 
4 83 86 (-560 -80 96 ) (-560 -272 96 ) (-560 -272 224 ) (-560 -80 224 ) 
4 83 85 (-384 -255.998047 96 ) (-560 -79.998047 96 ) (-560 -79.998055 224 ) (-384 -255.998047 224 ) 
4 84 101 (-384 0 96 ) (-368 0 96 ) (-368 -272 96 ) (-384 -256 96 ) 
4 84 85 (-384 0 96 ) (-384 -256 96 ) (-384 -256 224 ) (-384 0 224 ) 
4 85 102 (-560 0 96 ) (-384 0 96 ) (-384 -256 96 ) (-560 -80 96 ) 
4 85 87 (-560 0 96 ) (-560 -80 96 ) (-560 -80 224 ) (-560 0 224 ) 
5 86 103 (-752 0 96 ) (-640 0 96 ) (-560 -80 96 ) (-560 -272 96 ) (-752 -272 96 ) 
4 86 88 (-752 -136 112 ) (-752 -136 224 ) (-752 -24 224 ) (-752 -24 112 ) 
4 86 87 (-560 -79.998055 224 ) (-560 -79.998047 96 ) (-639.998047 0 96 ) (-639.998047 0 224 ) 
3 87 104 (-640 0 96 ) (-560 0 96 ) (-560 -80 96 ) 
4 90 92 (-32 -112 -32 ) (0 -112 -32 ) (0 -112 96 ) (-32 -112 96 ) 
4 90 91 (-6.406250 0 -32 ) (-96 -111.992188 -32 ) (-96 -111.992188 96 ) (-6.406250 0 96 ) 
4 92 93 (-32 -128 -32 ) (0 -128 -32 ) (0 -128 96 ) (-32 -128 96 ) 
3 93 115 (0 -128 -32 ) (0 -256 -32 ) (-32 -128 -32 ) 
4 93 94 (-32 -128 96 ) (-32 -128 -32 ) (0 -256.001953 -32 ) (0 -256.001953 96 ) 
5 94 116 (0 -256 -32 ) (0 -272 -32 ) (-96 -272 -32 ) (-96 -128 -32 ) (-32 -128 -32 ) 
4 94 105 (-96 -272 -32 ) (0 -272 -32 ) (0 -272 96 ) (-96 -272 96 ) 
3 95 113 (-368 0 -32 ) (-352 0 -32 ) (-368 -16 -32 ) 
4 95 101 (-368 0 -32 ) (-368 -16 -32 ) (-368 -16 96 ) (-368 0 96 ) 
4 95 96 (-368 -16 96 ) (-368 -16 -32 ) (-352 0 -32 ) (-352 0 96 ) 
4 96 114 (-352 0 -32 ) (-176 0 -32 ) (-176 -16 -32 ) (-368 -16 -32 ) 
4 96 97 (-368 -16 96 ) (-368 -16 -32 ) (-176 -16 -32 ) (-176 -16 96 ) 
3 97 117 (-112 -16 -32 ) (-368 -272 -32 ) (-368 -16 -32 ) 
4 97 101 (-368 -16 -32 ) (-368 -272 -32 ) (-368 -272 96 ) (-368 -16 96 ) 
4 97 98 (-368 -272 96 ) (-368 -272 -32 ) (-112 -16 -32 ) (-112 -16 96 ) 
3 98 118 (-112 -16 -32 ) (-112 -272 -32 ) (-368 -272 -32 ) 
4 98 108 (-352 -272 -32 ) (-112 -272 -32 ) (-112 -272 96 ) (-352 -272 96 ) 
4 98 106 (-368 -272 -32 ) (-352 -272 -32 ) (-352 -272 96 ) (-368 -272 96 ) 
3 99 119 (-368 -272 -32 ) (-384 -272 -32 ) (-384 -256 -32 ) 
4 99 101 (-368 -271.998047 96 ) (-368 -271.998047 -32 ) (-384 -255.998047 -32 ) (-384 -255.998047 96 ) 
4 99 100 (-384 -256 96 ) (-384 -256 -32 ) (-384 -272 -32 ) (-384 -272 96 ) 
4 100 120 (-384 -272 -32 ) (-560 -272 -32 ) (-560 -80 -32 ) (-384 -256 -32 ) 
4 100 111 (-540 -272 12 ) (-540 -272 52 ) (-560 -272 52 ) (-560 -272 12 ) 
4 100 103 (-560 -80 -32 ) (-560 -272 -32 ) (-560 -272 96 ) (-560 -80 96 ) 
4 100 102 (-384 -255.998047 -32 ) (-560 -79.998047 -32 ) (-560 -79.998047 96 ) (-384 -255.998047 96 ) 
4 101 121 (-384 0 -32 ) (-368 0 -32 ) (-368 -272 -32 ) (-384 -256 -32 ) 
4 101 102 (-384 0 -32 ) (-384 -256 -32 ) (-384 -256 96 ) (-384 0 96 ) 
4 102 122 (-560 0 -32 ) (-384 0 -32 ) (-384 -256 -32 ) (-560 -80 -32 ) 
4 102 104 (-560 0 -32 ) (-560 -80 -32 ) (-560 -80 96 ) (-560 0 96 ) 
4 103 125 (-768 0 -32 ) (-752 0 -32 ) (-752 -16 -32 ) (-768 -16 -32 ) 
5 103 123 (-752 0 -32 ) (-640 0 -32 ) (-560 -80 -32 ) (-560 -272 -32 ) (-752 -272 -32 ) 
4 103 112 (-716 -272 -32 ) (-660 -272 -32 ) (-660 -272 80 ) (-716 -272 80 ) 
4 103 111 (-560 -272 12 ) (-560 -272 52 ) (-580 -272 52 ) (-580 -272 12 ) 
4 103 104 (-560 -80 96 ) (-560 -80 -32 ) (-640 0 -32 ) (-640 0 96 ) 
3 104 124 (-640 0 -32 ) (-560 0 -32 ) (-560 -80 -32 ) 
4 105 126 (-96 -272 -32 ) (0 -272 -32 ) (0 -384 -32 ) (-96 -384 -32 ) 
4 106 127 (-368 -272 -32 ) (-352 -272 -32 ) (-322 -288 -32 ) (-368 -288 -32 ) 
4 106 108 (-322.003784 -288 -32 ) (-352.003784 -272 -32 ) (-352.003784 -272 96 ) (-322.003784 -288 96 ) 
4 106 107 (-368 -288 96 ) (-368 -288 -32 ) (-322 -288 -32 ) (-322 -288 96 ) 
4 107 128 (-322 -288 -32 ) (-112 -400 -32 ) (-368 -400 -32 ) (-368 -288 -32 ) 
4 107 110 (-368 -400 -32 ) (-240 -400 -32 ) (-240 -400 96 ) (-368 -400 96 ) 
4 107 109 (-112.003662 -400 96 ) (-112.003662 -400 -32 ) (-322.003784 -288 -32 ) (-322.003784 -288 96 ) 
4 108 129 (-352 -272 -32 ) (-112 -272 -32 ) (-112 -288 -32 ) (-322 -288 -32 ) 
4 108 109 (-322 -288 96 ) (-322 -288 -32 ) (-112 -288 -32 ) (-112 -288 96 ) 
3 109 130 (-112 -288 -32 ) (-112 -400 -32 ) (-322 -288 -32 ) 
4 113 121 (-368 0 -160 ) (-368 -16 -160 ) (-368 -16 -32 ) (-368 0 -32 ) 
4 113 114 (-368 -16 -32 ) (-368 -16 -160 ) (-352 0 -160 ) (-352 0 -32 ) 
4 114 117 (-368 -16 -32 ) (-368 -16 -160 ) (-176 -16 -160 ) (-176 -16 -32 ) 
4 115 116 (-32 -128 -32 ) (-32 -128 -160 ) (0 -256.001953 -160 ) (0 -256.001953 -32 ) 
4 116 126 (-96 -272 -160 ) (0 -272 -160 ) (0 -272 -32 ) (-96 -272 -32 ) 
4 117 121 (-368 -16 -160 ) (-368 -272 -160 ) (-368 -272 -32 ) (-368 -16 -32 ) 
4 117 118 (-368 -272 -32 ) (-368 -272 -160 ) (-112 -16 -160 ) (-112 -16 -32 ) 
4 118 129 (-352 -272 -160 ) (-112 -272 -160 ) (-112 -272 -32 ) (-352 -272 -32 ) 
4 118 127 (-368 -272 -160 ) (-352 -272 -160 ) (-352 -272 -32 ) (-368 -272 -32 ) 
4 119 121 (-368 -271.998047 -32 ) (-368 -271.998047 -160 ) (-384 -255.998047 -160 ) (-384 -255.998047 -32 ) 
4 119 120 (-384 -256 -32 ) (-384 -256 -160 ) (-384 -272 -160 ) (-384 -272 -32 ) 
4 120 131 (-384 -272 -160 ) (-560 -272 -160 ) (-560 -80 -160 ) (-384 -256 -160 ) 
4 120 123 (-560 -80 -160 ) (-560 -272 -160 ) (-560 -272 -32 ) (-560 -80 -32 ) 
4 120 122 (-384 -255.998047 -160 ) (-560 -79.998039 -160 ) (-560 -79.998047 -32 ) (-384 -255.998047 -32 ) 
4 121 122 (-384 0 -160 ) (-384 -256 -160 ) (-384 -256 -32 ) (-384 0 -32 ) 
4 122 131 (-560 0 -160 ) (-384 0 -160 ) (-384 -256 -160 ) (-560 -80 -160 ) 
4 122 124 (-560 0 -160 ) (-560 -80 -160 ) (-560 -80 -32 ) (-560 0 -32 ) 
5 123 131 (-752 0 -160 ) (-640 0 -160 ) (-560 -80 -160 ) (-560 -272 -160 ) (-752 -272 -160 ) 
4 123 125 (-752 0 -160 ) (-752 -16 -160 ) (-752 -16 -32 ) (-752 0 -32 ) 
4 123 124 (-560 -80.001968 -32 ) (-560 -80.001968 -160 ) (-640.001953 0 -160 ) (-640.001953 0 -32 ) 
3 124 131 (-640 0 -160 ) (-560 0 -160 ) (-560 -80 -160 ) 
4 127 129 (-322.003876 -288 -160 ) (-352.003906 -272 -160 ) (-352.003906 -272 -32 ) (-322.003906 -288 -32 ) 
4 127 128 (-368 -288 -32 ) (-368 -288 -160 ) (-322 -288 -160 ) (-322 -288 -32 ) 
4 128 130 (-112.003777 -400 -32 ) (-112.003777 -400 -160 ) (-322.003876 -288 -160 ) (-322.003906 -288 -32 ) 
4 129 130 (-322 -288 -32 ) (-322 -288 -160 ) (-112 -288 -160 ) (-112 -288 -32 ) 
4 131 132 (-752 -272 -176 ) (-752 0 -176 ) (-384 0 -176 ) (-384 -272 -176 ) 
