PRT1
90
153
4 0 10 (0 528 128 ) (0 656 128 ) (0 656 0 ) (0 528 0 ) 
4 0 5 (0 528 0 ) (0 656 0 ) (80 656 0 ) (80 528 0 ) 
4 0 4 (80 656 0 ) (144 656 0 ) (144 528 0 ) (80 528 0 ) 
4 1 7 (112 144 0 ) (112 336 0 ) (176 336 0 ) (176 144 0 ) 
4 1 2 (112 336 128 ) (112 336 0 ) (112 144 0 ) (112 144 128 ) 
4 2 11 (0 144 128 ) (0 336 128 ) (0 336 0 ) (0 144 0 ) 
4 2 8 (0 144 0 ) (0 336 0 ) (112 336 0 ) (112 144 0 ) 
4 2 3 (0 144 0 ) (112 144 0 ) (112 144 128 ) (0 144 128 ) 
4 3 47 (112 0 128 ) (0 0 128 ) (0 0 0 ) (112 0 0 ) 
4 3 12 (0 0 0 ) (0 0 128 ) (0 144 128 ) (0 144 0 ) 
4 3 9 (112 0 0 ) (0 0 0 ) (0 144 0 ) (112 144 0 ) 
4 4 5 (80 656 -128 ) (80 528 -128 ) (80 528 0 ) (80 656 0 ) 
4 5 14 (0 528 0 ) (0 656 0 ) (0 656 -128 ) (0 528 -128 ) 
4 5 6 (0 528 -128 ) (80 528 -128 ) (80 528 0 ) (0 528 0 ) 
4 6 15 (0 336 0 ) (0 528 0 ) (0 528 -128 ) (0 336 -128 ) 
4 6 8 (0 336 -128 ) (80 336 -128 ) (80 336 0 ) (0 336 0 ) 
4 7 8 (112 336 0 ) (112 336 -128 ) (112 144 -128 ) (112 144 0 ) 
4 8 16 (0 144 0 ) (0 336 0 ) (0 336 -128 ) (0 144 -128 ) 
4 8 9 (0 144 -128 ) (112 144 -128 ) (112 144 0 ) (0 144 0 ) 
4 9 65 (112 0 0 ) (0 0 0 ) (0 0 -128 ) (112 0 -128 ) 
4 9 17 (0 0 -128 ) (0 0 0 ) (0 144 0 ) (0 144 -128 ) 
4 10 14 (0 656 0 ) (0 528 0 ) (-112 528 0 ) (-112 656 0 ) 
4 11 16 (0 336 0 ) (0 144 0 ) (-96 144 0 ) (-96 336 0 ) 
4 11 13 (-96 336 128 ) (-96 336 0 ) (-96 176 0 ) (-96 176 128 ) 
4 11 12 (-96 144 128 ) (-96 144 0 ) (0 144 0 ) (0 144 128 ) 
4 12 82 (0 0 0 ) (0 0 128 ) (-96 0 128 ) (-96 0 0 ) 
4 12 17 (0 144 0 ) (0 0 0 ) (-96 0 0 ) (-96 144 0 ) 
4 13 18 (-144 336 0 ) (-96 336 0 ) (-96 176 0 ) (-144 176 0 ) 
4 14 15 (-48 528 -128 ) (0 528 -128 ) (0 528 0 ) (-48 528 0 ) 
4 15 16 (-48 336 -128 ) (0 336 -128 ) (0 336 0 ) (-48 336 0 ) 
4 16 18 (-96 336 0 ) (-96 336 -128 ) (-96 176 -128 ) (-96 176 0 ) 
4 16 17 (-96 144 0 ) (-96 144 -128 ) (0 144 -128 ) (0 144 0 ) 
4 17 89 (0 0 -128 ) (0 0 0 ) (-96 0 0 ) (-96 0 -128 ) 
4 19 76 (0 -208 192 ) (0 -304 192 ) (0 -304 224 ) (0 -208 224 ) 
5 19 27 (0 -304 192 ) (0 -208 192 ) (32 -208 192 ) (80 -280 192 ) (80 -304 192 ) 
3 19 26 (32 -208 192 ) (80 -208 192 ) (80 -280 192 ) 
4 20 33 (880 -144 128 ) (880 -352 128 ) (688 -352 128 ) (688 -144 128 ) 
3 21 40 (666 -344 128 ) (664 -344 128 ) (664 -342 128 ) 
3 21 39 (664 -330 128 ) (664 -328 128 ) (666 -328 128 ) 
4 21 41 (672 -344 128 ) (672 -504 128 ) (664 -504 128 ) (664 -344 128 ) 
3 21 37 (664 -154 128 ) (664 -152 128 ) (666 -152 128 ) 
3 21 36 (666 -168 128 ) (664 -168 128 ) (664 -166 128 ) 
4 21 35 (672 -80 128 ) (672 -152 128 ) (664 -152 128 ) (664 -80 128 ) 
4 21 38 (672 -168 128 ) (672 -328 128 ) (664 -328 128 ) (664 -168 128 ) 
4 21 42 (664 -504 128 ) (544 -504 128 ) (544 -80 128 ) (664 -80 128 ) 
4 22 51 (528 -352 128 ) (528 -368 128 ) (352 -368 128 ) (352 -352 128 ) 
4 22 45 (528 -192 128 ) (528 -352 128 ) (352 -352 128 ) (352 -192 128 ) 
4 22 25 (352 -192 128 ) (352 -368 128 ) (352 -368 192 ) (352 -192 192 ) 
4 22 23 (352 -368 192 ) (352 -368 128 ) (528 -368 128 ) (528 -368 192 ) 
4 23 54 (528 -368 128 ) (528 -448 128 ) (352 -448 128 ) (352 -368 128 ) 
4 23 28 (352 -368 128 ) (352 -448 128 ) (352 -448 192 ) (352 -368 192 ) 
4 23 24 (352 -448 192 ) (352 -448 128 ) (528 -448 128 ) (528 -448 192 ) 
4 24 55 (528 -448 128 ) (528 -504 128 ) (352 -504 128 ) (352 -448 128 ) 
4 25 52 (352 -352 128 ) (352 -368 128 ) (144 -368 128 ) (144 -352 128 ) 
4 25 46 (352 -192 128 ) (352 -352 128 ) (144 -352 128 ) (144 -192 128 ) 
4 25 28 (144 -368 128 ) (352 -368 128 ) (352 -368 192 ) (144 -368 192 ) 
3 26 49 (0 -160 128 ) (128 -160 128 ) (128 -352 128 ) 
4 26 27 (-0.001947 -160 192 ) (-0.001949 -160 128 ) (127.998055 -352 128 ) (127.998055 -352 192 ) 
4 27 77 (0 -160 128 ) (0 -352 128 ) (0 -352 192 ) (0 -160 192 ) 
3 27 50 (0 -352 128 ) (0 -160 128 ) (128 -352 128 ) 
4 28 56 (144 -368 128 ) (352 -368 128 ) (352 -448 128 ) (144 -448 128 ) 
4 28 29 (144 -368 192 ) (144 -368 128 ) (144 -448 128 ) (144 -448 192 ) 
4 29 57 (128 -368 128 ) (144 -368 128 ) (144 -448 128 ) (128 -448 128 ) 
4 29 30 (128 -368 192 ) (128 -368 128 ) (128 -448 128 ) (128 -448 192 ) 
4 30 58 (80 -368 128 ) (128 -368 128 ) (128 -448 128 ) (80 -448 128 ) 
4 30 31 (80 -368 192 ) (80 -368 128 ) (80 -448 128 ) (80 -448 192 ) 
4 31 78 (0 -368 128 ) (0 -448 128 ) (0 -448 192 ) (0 -368 192 ) 
4 31 59 (0 -448 128 ) (0 -368 128 ) (80 -368 128 ) (80 -448 128 ) 
4 31 32 (0 -448 128 ) (80 -448 128 ) (80 -448 192 ) (0 -448 192 ) 
4 32 78 (0 -448 128 ) (0 -512 128 ) (0 -512 192 ) (0 -448 192 ) 
4 32 61 (0 -512 128 ) (0 -448 128 ) (80 -448 128 ) (16 -512 128 ) 
4 33 34 (688 -312 32 ) (688 -312 112 ) (688 -184 112 ) (688 -184 32 ) 
4 34 38 (672 -312 32 ) (672 -312 112 ) (672 -184 112 ) (672 -184 32 ) 
4 35 37 (664 -152 128 ) (664 -152 0 ) (666 -152 0 ) (666 -152 128 ) 
4 35 42 (664 -80 128 ) (664 -80 0 ) (664 -152 0 ) (664 -152 128 ) 
4 36 42 (664 -166 0 ) (664 -168 0 ) (664 -168 128 ) (664 -166 128 ) 
4 36 38 (664 -168 128 ) (664 -168 0 ) (666 -168 0 ) (666 -168 128 ) 
4 37 42 (664 -152 0 ) (664 -154 0 ) (664 -154 128 ) (664 -152 128 ) 
4 38 39 (664 -328 128 ) (664 -328 0 ) (666 -328 0 ) (666 -328 128 ) 
4 38 42 (664 -168 0 ) (664 -328 0 ) (664 -328 128 ) (664 -168 128 ) 
4 39 42 (664 -328 0 ) (664 -330 0 ) (664 -330 128 ) (664 -328 128 ) 
4 40 42 (664 -342 0 ) (664 -344 0 ) (664 -344 128 ) (664 -342 128 ) 
4 40 41 (664 -344 128 ) (664 -344 0 ) (666 -344 0 ) (666 -344 128 ) 
4 41 42 (664 -344 0 ) (664 -504 0 ) (664 -504 128 ) (664 -344 128 ) 
4 42 44 (544 -376 0 ) (544 -432 0 ) (544 -432 112 ) (544 -376 112 ) 
4 42 43 (544 -344 32 ) (544 -344 112 ) (544 -216 112 ) (544 -216 32 ) 
4 43 45 (528 -344 32 ) (528 -344 112 ) (528 -216 112 ) (528 -216 32 ) 
4 44 54 (528 -376 0 ) (528 -432 0 ) (528 -432 112 ) (528 -376 112 ) 
4 45 63 (528 -192 0 ) (528 -352 0 ) (352 -352 0 ) (352 -192 0 ) 
4 45 51 (352 -352 0 ) (528 -352 0 ) (528 -352 128 ) (352 -352 128 ) 
4 45 46 (352 -192 128 ) (352 -192 0 ) (352 -352 0 ) (352 -352 128 ) 
4 46 64 (352 -352 0 ) (144 -352 0 ) (144 -192 0 ) (352 -192 0 ) 
4 46 52 (144 -352 0 ) (352 -352 0 ) (352 -352 128 ) (144 -352 128 ) 
4 47 82 (0 0 128 ) (0 0 0 ) (0 -144 0 ) (0 -144 128 ) 
4 47 65 (0 -144 0 ) (0 0 0 ) (112 0 0 ) (112 -144 0 ) 
4 47 48 (0 -144 0 ) (64 -144 0 ) (64 -144 128 ) (0 -144 128 ) 
4 48 49 (0 -160 0 ) (64 -160 0 ) (64 -160 128 ) (0 -160 128 ) 
4 49 50 (-0.001949 -160 128 ) (-0.001953 -160 0 ) (127.998047 -352 0 ) (127.998047 -352 128 ) 
4 50 83 (0 -160 0 ) (0 -352 0 ) (0 -352 128 ) (0 -160 128 ) 
4 50 53 (4 -352 0 ) (60 -352 0 ) (60 -352 112 ) (4 -352 112 ) 
4 51 63 (352 -352 0 ) (528 -352 0 ) (528 -368 0 ) (352 -368 0 ) 
4 51 54 (352 -368 0 ) (528 -368 0 ) (528 -368 128 ) (352 -368 128 ) 
4 51 52 (352 -352 128 ) (352 -352 0 ) (352 -368 0 ) (352 -368 128 ) 
4 52 64 (144 -352 0 ) (352 -352 0 ) (352 -368 0 ) (144 -368 0 ) 
4 52 56 (144 -368 0 ) (352 -368 0 ) (352 -368 128 ) (144 -368 128 ) 
4 53 59 (4 -368 0 ) (60 -368 0 ) (60 -368 112 ) (4 -368 112 ) 
4 54 66 (352 -448 0 ) (352 -368 0 ) (528 -368 0 ) (528 -448 0 ) 
4 54 56 (352 -368 128 ) (352 -368 0 ) (352 -448 0 ) (352 -448 128 ) 
4 54 55 (352 -448 128 ) (352 -448 0 ) (528 -448 0 ) (528 -448 128 ) 
4 55 68 (352 -504 0 ) (352 -448 0 ) (528 -448 0 ) (528 -504 0 ) 
4 56 67 (144 -368 0 ) (352 -368 0 ) (352 -448 0 ) (144 -448 0 ) 
4 56 60 (184 -448 0 ) (312 -448 0 ) (312 -448 128 ) (184 -448 128 ) 
4 56 57 (144 -368 128 ) (144 -368 0 ) (144 -448 0 ) (144 -448 128 ) 
4 57 58 (128 -368 128 ) (128 -368 0 ) (128 -448 0 ) (128 -448 128 ) 
4 58 59 (80 -368 128 ) (80 -368 0 ) (80 -448 0 ) (80 -448 128 ) 
4 59 85 (0 -368 0 ) (0 -448 0 ) (0 -448 128 ) (0 -368 128 ) 
4 59 61 (0 -448 0 ) (80 -448 0 ) (80 -448 128 ) (0 -448 128 ) 
4 60 69 (184 -464 0 ) (184 -448 0 ) (312 -448 0 ) (312 -464 0 ) 
4 61 85 (0 -448 0 ) (0 -512 0 ) (0 -512 128 ) (0 -448 128 ) 
4 62 70 (544 -216 -128 ) (544 -344 -128 ) (528 -344 -128 ) (528 -216 -128 ) 
4 62 63 (528 -216 -128 ) (528 -344 -128 ) (528 -344 0 ) (528 -216 0 ) 
4 63 71 (528 -192 -128 ) (528 -368 -128 ) (352 -368 -128 ) (352 -192 -128 ) 
4 63 66 (352 -368 -128 ) (528 -368 -128 ) (528 -368 0 ) (352 -368 0 ) 
4 63 64 (352 -192 0 ) (352 -192 -128 ) (352 -368 -128 ) (352 -368 0 ) 
4 64 74 (352 -368 -128 ) (144 -368 -128 ) (144 -192 -128 ) (352 -192 -128 ) 
4 64 67 (144 -368 -128 ) (352 -368 -128 ) (352 -368 0 ) (144 -368 0 ) 
4 65 89 (0 0 0 ) (0 0 -128 ) (0 -144 -128 ) (0 -144 0 ) 
4 66 72 (352 -368 -128 ) (528 -368 -128 ) (528 -448 -128 ) (352 -448 -128 ) 
4 66 68 (352 -448 -128 ) (528 -448 -128 ) (528 -448 0 ) (352 -448 0 ) 
4 66 67 (352 -368 0 ) (352 -368 -128 ) (352 -448 -128 ) (352 -448 0 ) 
4 67 75 (144 -368 -128 ) (352 -368 -128 ) (352 -448 -128 ) (144 -448 -128 ) 
4 67 69 (184 -448 -128 ) (312 -448 -128 ) (312 -448 0 ) (184 -448 0 ) 
4 68 73 (352 -448 -128 ) (528 -448 -128 ) (528 -504 -128 ) (352 -504 -128 ) 
4 70 71 (528 -216 -256 ) (528 -344 -256 ) (528 -344 -128 ) (528 -216 -128 ) 
4 71 74 (352 -192 -256 ) (352 -368 -256 ) (352 -368 -128 ) (352 -192 -128 ) 
4 71 72 (352 -368 -128 ) (352 -368 -256 ) (528 -368 -256 ) (528 -368 -128 ) 
4 72 75 (352 -368 -256 ) (352 -448 -256 ) (352 -448 -128 ) (352 -368 -128 ) 
4 72 73 (352 -448 -128 ) (352 -448 -256 ) (528 -448 -256 ) (528 -448 -128 ) 
4 74 75 (144 -368 -128 ) (144 -368 -256 ) (352 -368 -256 ) (352 -368 -128 ) 
4 76 77 (0 -208 192 ) (0 -304 192 ) (-16 -304 192 ) (-16 -208 192 ) 
4 77 83 (0 -160 128 ) (0 -352 128 ) (-64 -352 128 ) (-64 -160 128 ) 
4 78 85 (-64 -368 128 ) (0 -368 128 ) (0 -512 128 ) (-64 -512 128 ) 
4 78 79 (-64 -368 192 ) (-64 -368 128 ) (-64 -512 128 ) (-64 -512 192 ) 
4 79 86 (-80 -512 128 ) (-80 -368 128 ) (-64 -368 128 ) (-64 -512 128 ) 
4 79 81 (-80 -368 128 ) (-80 -512 128 ) (-80 -512 192 ) (-80 -368 192 ) 
4 80 84 (-240 -368 128 ) (-240 -256 128 ) (-80 -256 128 ) (-80 -368 128 ) 
4 80 81 (-240 -368 192 ) (-240 -368 128 ) (-80 -368 128 ) (-80 -368 192 ) 
4 81 87 (-240 -512 128 ) (-240 -368 128 ) (-80 -368 128 ) (-80 -512 128 ) 
4 82 89 (-96 0 0 ) (0 0 0 ) (0 -144 0 ) (-96 -144 0 ) 
4 84 87 (-240 -368 0 ) (-80 -368 0 ) (-80 -368 128 ) (-240 -368 128 ) 
4 85 88 (-56 -512 0 ) (0 -512 0 ) (0 -512 112 ) (-56 -512 112 ) 
4 85 86 (-64 -368 128 ) (-64 -368 0 ) (-64 -512 0 ) (-64 -512 128 ) 
4 86 87 (-80 -368 128 ) (-80 -368 0 ) (-80 -512 0 ) (-80 -512 128 ) 
