PRT1
516
929
4 0 20 (464 1312 272 ) (432 1312 272 ) (432 1344 272 ) (464 1344 272 ) 
4 1 88 (0 1164 288 ) (0 1168 288 ) (0 1168 272 ) (0 1164 272 ) 
3 1 28 (272 1168 272 ) (272 1164 272 ) (266 1164 272 ) 
4 1 27 (0 1164 272 ) (0 1168 272 ) (272 1168 272 ) (266 1164 272 ) 
4 1 2 (268 1164 272 ) (272 1164 272 ) (272 1164 288 ) (268 1164 288 ) 
4 2 134 (272 1024 288 ) (268 1024 288 ) (268 1024 272 ) (272 1024 272 ) 
4 2 28 (272 1024 272 ) (268 1024 272 ) (268 1164 272 ) (272 1164 272 ) 
4 3 5 (720 1520 272 ) (720 1520 160 ) (912 1776 160 ) (912 1776 272 ) 
3 3 4 (912 1776 160 ) (720 1520 160 ) (720 1776 160 ) 
3 4 32 (720 1776 144 ) (912 1776 144 ) (720 1520 144 ) 
4 4 6 (720 1520 160 ) (720 1520 144 ) (912 1776 144 ) (912 1776 160 ) 
4 5 7 (912 1520 160 ) (912 1520 272 ) (720 1520 272 ) (720 1520 160 ) 
3 5 6 (720 1520 160 ) (912 1776 160 ) (912 1520 160 ) 
3 6 33 (912 1776 144 ) (912 1520 144 ) (720 1520 144 ) 
4 6 8 (720 1520 144 ) (912 1520 144 ) (912 1520 160 ) (720 1520 160 ) 
4 7 10 (912 1504 160 ) (912 1504 272 ) (720 1504 272 ) (720 1504 160 ) 
4 7 8 (720 1504 160 ) (720 1520 160 ) (912 1520 160 ) (912 1504 160 ) 
4 8 37 (720 1520 144 ) (912 1520 144 ) (912 1504 144 ) (720 1504 144 ) 
4 8 11 (720 1504 144 ) (912 1504 144 ) (912 1504 160 ) (720 1504 160 ) 
4 9 12 (336 1504 272 ) (272 1504 272 ) (272 1504 208 ) (336 1504 208 ) 
4 10 11 (720 1392 160 ) (720 1504 160 ) (912 1504 160 ) (912 1392 160 ) 
4 11 37 (720 1504 144 ) (912 1504 144 ) (912 1392 144 ) (720 1392 144 ) 
4 12 39 (272 1504 144 ) (400 1504 144 ) (288 1392 144 ) (272 1392 144 ) 
4 12 14 (272 1392 144 ) (288 1392 144 ) (288 1392 272 ) (272 1392 272 ) 
4 12 13 (288 1392 272 ) (288 1392 144 ) (400 1504 144 ) (400 1504 272 ) 
3 13 40 (400 1504 144 ) (400 1392 144 ) (288 1392 144 ) 
4 13 15 (288 1392 144 ) (400 1392 144 ) (400 1392 272 ) (288 1392 272 ) 
3 14 42 (272 1392 144 ) (288 1392 144 ) (272 1376 144 ) 
4 14 15 (272 1376 272 ) (272 1376 144 ) (288 1392 144 ) (288 1392 272 ) 
4 15 43 (288 1392 144 ) (400 1392 144 ) (400 1376 144 ) (272 1376 144 ) 
4 15 19 (272 1376 144 ) (400 1376 144 ) (400 1376 272 ) (272 1376 272 ) 
4 16 20 (656 1312 144 ) (656 1248 144 ) (656 1248 208 ) (656 1312 208 ) 
3 17 44 (416 1344 144 ) (464 1248 144 ) (416 1248 144 ) 
4 17 20 (464 1248 272 ) (464 1248 144 ) (416 1344 144 ) (416 1344 272 ) 
4 17 18 (416 1344 272 ) (416 1344 144 ) (416 1248 144 ) (416 1248 272 ) 
4 18 45 (400 1376 144 ) (416 1344 144 ) (416 1248 144 ) (400 1248 144 ) 
4 18 21 (416 1344 144 ) (400 1376 144 ) (400 1376 272 ) (416 1344 272 ) 
4 18 19 (400 1376 272 ) (400 1376 144 ) (400 1248 144 ) (400 1248 272 ) 
4 19 46 (80 1376 144 ) (400 1376 144 ) (400 1248 144 ) (80 1248 144 ) 
4 19 22 (80 1376 272 ) (80 1376 144 ) (80 1248 144 ) (80 1248 272 ) 
5 20 47 (416 1376 144 ) (656 1376 144 ) (656 1248 144 ) (464 1248 144 ) (416 1344 144 ) 
4 20 21 (416 1376 272 ) (416 1376 144 ) (416 1344 144 ) (416 1344 272 ) 
3 21 48 (400 1376 144 ) (416 1376 144 ) (416 1344 144 ) 
4 22 49 (16 1376 144 ) (80 1376 144 ) (80 1248 144 ) (16 1248 144 ) 
4 22 23 (16 1376 272 ) (16 1376 144 ) (16 1248 144 ) (16 1248 272 ) 
4 23 95 (0 1248 272 ) (0 1376 272 ) (0 1376 144 ) (0 1248 144 ) 
4 24 150 (642.666626 1024 272 ) (416 1024 272 ) (416 1024 144 ) (642.666626 1024 144 ) 
4 24 59 (464 1024 144 ) (416 1024 144 ) (416 1056 144 ) (464 1056 144 ) 
4 24 58 (592 1024 144 ) (464 1024 144 ) (464 1056 144 ) (592 1056 144 ) 
4 24 53 (608 1024 144 ) (592 1024 144 ) (592 1056 144 ) (608 1056 144 ) 
4 24 50 (642.666626 1024 144 ) (608 1024 144 ) (608 1056 144 ) (688 1056 144 ) 
4 24 26 (416 1056 144 ) (416 1024 144 ) (416 1024 272 ) (416 1056 272 ) 
4 24 25 (642.664551 1024 144 ) (687.998047 1056 144 ) (687.998047 1056 272 ) (642.664551 1024 272 ) 
4 25 152 (688 1024 272 ) (642.666626 1024 272 ) (642.666626 1024 144 ) (688 1024 144 ) 
3 25 51 (688 1024 144 ) (642.666626 1024 144 ) (688 1056 144 ) 
4 26 161 (400 1024 272 ) (368 1024 272 ) (368 1024 144 ) (400 1024 144 ) 
4 26 151 (416 1024 272 ) (400 1024 272 ) (400 1024 144 ) (416 1024 144 ) 
4 26 66 (400 1024 144 ) (368 1024 144 ) (368 1056 144 ) (400 1056 144 ) 
4 26 60 (416 1024 144 ) (400 1024 144 ) (400 1056 144 ) (416 1056 144 ) 
4 27 168 (56 1024 272 ) (0 1024 272 ) (0 1024 144 ) (56 1024 144 ) 
4 27 102 (0 1024 144 ) (0 1024 272 ) (0 1168 272 ) (0 1168 144 ) 
4 27 67 (56 1024 144 ) (0 1024 144 ) (0 1168 144 ) (272 1168 144 ) 
4 27 28 (56.003101 1024 144 ) (272 1168 144 ) (272 1168 272 ) (56 1024 272 ) 
4 28 169 (208 1024 272 ) (56 1024 272 ) (56 1024 144 ) (208 1024 144 ) 
4 28 163 (272 1024 272 ) (208 1024 272 ) (208 1024 144 ) (272 1024 144 ) 
3 28 68 (272 1024 144 ) (56 1024 144 ) (272 1168 144 ) 
4 29 30 (784 1808 144 ) (784 1808 16 ) (912 1808 16 ) (912 1808 144 ) 
4 30 31 (784 1792 16 ) (912 1792 16 ) (912 1792 144 ) (784 1792 144 ) 
4 31 32 (784 1776 16 ) (912 1776 16 ) (912 1776 144 ) (784 1776 144 ) 
4 32 33 (720 1520 144 ) (720 1520 16 ) (912 1776 16 ) (912 1776 144 ) 
4 33 37 (720 1520 16 ) (912 1520 16 ) (912 1520 144 ) (720 1520 144 ) 
4 34 35 (592 1552 144 ) (592 1552 16 ) (656 1552 16 ) (656 1552 144 ) 
4 35 36 (592 1536 144 ) (592 1536 16 ) (656 1536 16 ) (656 1536 144 ) 
4 36 38 (592 1520 16 ) (656 1520 16 ) (656 1520 144 ) (592 1520 144 ) 
4 37 38 (720 1520 144 ) (720 1520 16 ) (720 1392 16 ) (720 1392 144 ) 
4 38 41 (592 1392 16 ) (656 1392 16 ) (656 1392 144 ) (592 1392 144 ) 
4 39 69 (288 1392 16 ) (272 1392 16 ) (272 1504 16 ) (400 1504 16 ) 
4 39 42 (272 1392 16 ) (288 1392 16 ) (288 1392 144 ) (272 1392 144 ) 
4 39 40 (287.998047 1392 144 ) (287.998047 1392 16 ) (399.998047 1504 16 ) (399.998047 1504 144 ) 
3 40 69 (400 1392 16 ) (288 1392 16 ) (400 1504 16 ) 
4 40 43 (288 1392 16 ) (400 1392 16 ) (400 1392 144 ) (288 1392 144 ) 
4 41 47 (592 1376 16 ) (656 1376 16 ) (656 1376 144 ) (592 1376 144 ) 
3 42 69 (272 1376 16 ) (272 1392 16 ) (288 1392 16 ) 
4 42 43 (272 1376 144 ) (272 1376 16 ) (288 1392 16 ) (288 1392 144 ) 
4 43 69 (400 1376 16 ) (272 1376 16 ) (288 1392 16 ) (400 1392 16 ) 
4 43 46 (272 1376 16 ) (400 1376 16 ) (400 1376 144 ) (272 1376 144 ) 
4 44 47 (464 1248 144 ) (464 1248 16 ) (416 1344 16 ) (416 1344 144 ) 
4 44 45 (416 1344 144 ) (416 1344 16 ) (416 1248 16 ) (416 1248 144 ) 
4 45 48 (416 1344 16 ) (400 1376 16 ) (400 1376 144 ) (416 1344 144 ) 
4 45 46 (400 1376 144 ) (400 1376 16 ) (400 1248 16 ) (400 1248 144 ) 
4 46 73 (272 1248 16 ) (208 1248 16 ) (208 1252 16 ) (272 1252 16 ) 
4 46 71 (80 1372 16 ) (80 1376 16 ) (272 1376 16 ) (272 1372 16 ) 
4 46 70 (368 1248 16 ) (272 1248 16 ) (272 1252 16 ) (368 1252 16 ) 
4 46 62 (80 1248 16 ) (208 1248 16 ) (208 1248 144 ) (80 1248 144 ) 
4 46 61 (400 1248 80 ) (400 1248 112 ) (368 1248 112 ) (368 1248 80 ) 
4 46 49 (80 1376 144 ) (80 1376 16 ) (80 1248 16 ) (80 1248 144 ) 
4 47 54 (464 1248 16 ) (592 1248 16 ) (592 1248 144 ) (464 1248 144 ) 
4 47 48 (416 1376 144 ) (416 1376 16 ) (416 1344 16 ) (416 1344 144 ) 
4 49 74 (80 1248 16 ) (16 1248 16 ) (16 1252 16 ) (80 1252 16 ) 
4 49 72 (16 1252 16 ) (16 1376 16 ) (20 1376 16 ) (20 1252 16 ) 
4 49 71 (20 1376 16 ) (80 1376 16 ) (80 1372 16 ) (20 1372 16 ) 
4 50 184 (642.666626 1024 144 ) (608 1024 144 ) (608 1024 16 ) (642.666626 1024 16 ) 
4 50 53 (608 1056 16 ) (608 1024 16 ) (608 1024 144 ) (608 1056 144 ) 
4 50 51 (642.662659 1024 16 ) (687.996094 1056 16 ) (687.996094 1056 144 ) (642.662659 1024 144 ) 
4 51 186 (688 1024 144 ) (642.666626 1024 144 ) (642.666626 1024 16 ) (688 1024 16 ) 
4 52 56 (592 1088 112 ) (592 1120 112 ) (592 1120 80 ) (592 1088 80 ) 
4 53 184 (608 1024 144 ) (592 1024 144 ) (592 1024 16 ) (608 1024 16 ) 
4 53 58 (592 1056 16 ) (592 1024 16 ) (592 1024 144 ) (592 1056 144 ) 
4 54 56 (474.668579 1072 16 ) (592 1247.998047 16 ) (592 1247.998047 144 ) (474.668579 1072 144 ) 
4 54 55 (464 1072 144 ) (464 1072 16 ) (474.664063 1072 16 ) (474.664063 1072 144 ) 
4 55 57 (464.001953 1056 144 ) (464.001953 1056 16 ) (474.668579 1072 16 ) (474.668579 1072 144 ) 
4 56 57 (474.664063 1072 144 ) (474.664063 1072 16 ) (592 1072 16 ) (592 1072 144 ) 
4 57 58 (464 1056 144 ) (464 1056 16 ) (592 1056 16 ) (592 1056 144 ) 
4 58 184 (592 1024 144 ) (464 1024 144 ) (464 1024 16 ) (592 1024 16 ) 
4 58 59 (464 1056 16 ) (464 1024 16 ) (464 1024 144 ) (464 1056 144 ) 
4 59 184 (464 1024 144 ) (416 1024 144 ) (416 1024 16 ) (464 1024 16 ) 
4 59 60 (416 1056 144 ) (416 1056 16 ) (416 1024 16 ) (416 1024 144 ) 
4 60 185 (416 1024 144 ) (400 1024 144 ) (400 1024 16 ) (416 1024 16 ) 
4 60 66 (400 1056 16 ) (400 1024 16 ) (400 1024 144 ) (400 1056 144 ) 
4 62 63 (80 1242 144 ) (80 1242 16 ) (208 1242 16 ) (208 1242 144 ) 
4 63 64 (80 1238 144 ) (80 1238 16 ) (208 1238 16 ) (208 1238 144 ) 
4 64 65 (80 1232 16 ) (208 1232 16 ) (208 1232 144 ) (80 1232 144 ) 
4 65 67 (80 1168 16 ) (208 1168 16 ) (208 1168 144 ) (80 1168 144 ) 
4 66 197 (368 1024 48 ) (368 1024 16 ) (400 1024 16 ) (400 1024 48 ) 
4 66 195 (400 1024 144 ) (368 1024 144 ) (368 1024 48 ) (400 1024 48 ) 
4 67 203 (56 1024 144 ) (0 1024 144 ) (0 1024 16 ) (56 1024 16 ) 
4 67 109 (0 1024 16 ) (0 1024 144 ) (0 1168 144 ) (0 1168 16 ) 
4 67 75 (208 1168 16 ) (272 1168 16 ) (266 1164 16 ) (208 1164 16 ) 
4 67 76 (0 1164 16 ) (0 1168 16 ) (80 1168 16 ) (80 1164 16 ) 
4 67 68 (56 1024 16 ) (272 1168 16 ) (272 1168 144 ) (56 1024 144 ) 
4 68 204 (208 1024 144 ) (56 1024 144 ) (56 1024 16 ) (208 1024 16 ) 
4 68 198 (272 1024 144 ) (208 1024 144 ) (208 1024 16 ) (272 1024 16 ) 
4 68 77 (272 1024 16 ) (268 1024 16 ) (268 1164 16 ) (272 1164 16 ) 
3 68 75 (266 1164 16 ) (272 1168 16 ) (272 1164 16 ) 
4 69 78 (272 1504 0 ) (400 1504 0 ) (400 1376 0 ) (272 1376 0 ) 
4 70 73 (272 1252 0 ) (272 1248 0 ) (272 1248 16 ) (272 1252 16 ) 
4 71 72 (20 1376 16 ) (20 1376 0 ) (20 1372 0 ) (20 1372 16 ) 
4 72 74 (16 1252 0 ) (20 1252 0 ) (20 1252 16 ) (16 1252 16 ) 
4 75 77 (268 1164 0 ) (272 1164 0 ) (272 1164 16 ) (268 1164 16 ) 
4 76 118 (0 1164 16 ) (0 1168 16 ) (0 1168 0 ) (0 1164 0 ) 
4 77 225 (272 1024 16 ) (268 1024 16 ) (268 1024 0 ) (272 1024 0 ) 
4 78 79 (272 1376 -128 ) (272 1504 -128 ) (400 1504 -128 ) (400 1376 -128 ) 
5 80 85 (-112 1264 336 ) (-152 1264 336 ) (-176 1292.800049 336 ) (-176 1360 336 ) (-112 1360 336 ) 
3 80 84 (-152 1264 336 ) (-176 1264 336 ) (-176 1292.800049 336 ) 
3 80 83 (-80 1360 336 ) (-80 1353.142822 336 ) (-84 1360 336 ) 
5 80 82 (-80 1353.142822 336 ) (-80 1264 336 ) (-112 1264 336 ) (-112 1360 336 ) (-84 1360 336 ) 
4 81 86 (-640 1048 336 ) (-736 1048 336 ) (-736 1144 336 ) (-640 1144 336 ) 
3 82 94 (-112 1408 272 ) (0 1216 272 ) (-112 1216 272 ) 
4 82 85 (-112 1408 336 ) (-112 1408 272 ) (-112 1216 272 ) (-112 1216 336 ) 
4 82 83 (0.001139 1216 336 ) (0.001138 1216 272 ) (-111.998856 1408 272 ) (-111.998856 1408 336 ) 
3 83 95 (-112 1408 272 ) (0 1408 272 ) (0 1216 272 ) 
3 84 96 (-272 1408 272 ) (-112 1216 272 ) (-272 1216 272 ) 
4 84 85 (-112.001617 1216 336 ) (-112.001617 1216 272 ) (-272 1407.998047 272 ) (-272 1407.998047 336 ) 
3 85 97 (-272 1408 272 ) (-112 1408 272 ) (-112 1216 272 ) 
4 86 90 (-768 1216 288 ) (-608 1216 288 ) (-608 1040 288 ) (-768 1040 288 ) 
4 86 87 (-768 1040 288 ) (-608 1040 288 ) (-608 1040 336 ) (-768 1040 336 ) 
4 87 272 (-608 1024 336 ) (-768 1024 336 ) (-768 1024 288 ) (-608 1024 288 ) 
4 87 93 (-608 1024 288 ) (-768 1024 288 ) (-768 1040 288 ) (-608 1040 288 ) 
4 88 102 (0 1168 272 ) (0 1164 272 ) (-108 1164 272 ) (-108 1168 272 ) 
4 88 89 (-108 1168 288 ) (-108 1168 272 ) (-108 1164 272 ) (-108 1164 288 ) 
4 89 102 (-108 1040 272 ) (-112 1040 272 ) (-112 1168 272 ) (-108 1168 272 ) 
4 89 91 (-112 1040 272 ) (-108 1040 272 ) (-108 1040 288 ) (-112 1040 288 ) 
4 90 107 (-608 1168 272 ) (-608 1040 272 ) (-768 1040 272 ) (-768 1168 272 ) 
4 90 101 (-608 1184 272 ) (-608 1168 272 ) (-768 1168 272 ) (-768 1184 272 ) 
4 90 99 (-768 1216 272 ) (-608 1216 272 ) (-608 1184 272 ) (-768 1184 272 ) 
4 90 93 (-768 1040 272 ) (-608 1040 272 ) (-608 1040 288 ) (-768 1040 288 ) 
4 91 278 (-108 1024 288 ) (-112 1024 288 ) (-112 1024 272 ) (-108 1024 272 ) 
4 91 102 (-108 1024 272 ) (-112 1024 272 ) (-112 1040 272 ) (-108 1040 272 ) 
4 92 279 (-368 1024 288 ) (-432 1024 288 ) (-432 1024 272 ) (-368 1024 272 ) 
4 92 104 (-368 1024 272 ) (-416 1024 272 ) (-432 1040 272 ) (-368 1040 272 ) 
3 92 103 (-416 1024 272 ) (-432 1024 272 ) (-432 1040 272 ) 
4 93 280 (-608 1024 288 ) (-768 1024 288 ) (-768 1024 272 ) (-608 1024 272 ) 
4 93 108 (-608 1024 272 ) (-768 1024 272 ) (-768 1040 272 ) (-608 1040 272 ) 
4 94 98 (-112 1216 144 ) (-48 1216 144 ) (-48 1216 272 ) (-112 1216 272 ) 
4 94 97 (-112 1408 272 ) (-112 1408 144 ) (-112 1216 144 ) (-112 1216 272 ) 
4 94 95 (0.001138 1216 272 ) (0.001135 1216 144 ) (-111.998856 1408 144 ) (-111.998856 1408 272 ) 
4 96 97 (-112.001625 1216 272 ) (-112.001625 1216 144 ) (-272 1407.997681 144 ) (-272 1407.997681 272 ) 
4 98 100 (-112 1184 144 ) (-48 1184 144 ) (-48 1184 272 ) (-112 1184 272 ) 
4 99 101 (-768 1184 144 ) (-608 1184 144 ) (-608 1184 272 ) (-768 1184 272 ) 
4 100 102 (-112 1168 144 ) (-48 1168 144 ) (-48 1168 272 ) (-112 1168 272 ) 
4 101 107 (-768 1168 144 ) (-608 1168 144 ) (-608 1168 272 ) (-768 1168 272 ) 
4 102 302 (0 1024 144 ) (0 1024 272 ) (-112 1024 272 ) (-112 1024 144 ) 
4 102 109 (0 1168 144 ) (0 1024 144 ) (-112 1024 144 ) (-112 1168 144 ) 
4 103 304 (-416 1024 272 ) (-560 1024 272 ) (-560 1024 144 ) (-416 1024 144 ) 
4 103 115 (-416 1024 144 ) (-560 1024 144 ) (-560 1104 144 ) (-496 1104 144 ) 
3 103 110 (-560 1104 144 ) (-560 1168 144 ) (-496 1104 144 ) 
4 103 105 (-560 1040 144 ) (-560 1024 144 ) (-560 1024 272 ) (-560 1040 272 ) 
4 103 104 (-416 1024 144 ) (-560 1168 144 ) (-560 1168 272 ) (-416 1024 272 ) 
4 104 306 (-304 1024 272 ) (-416 1024 272 ) (-416 1024 144 ) (-304 1024 144 ) 
4 104 116 (-304 1024 144 ) (-416 1024 144 ) (-496 1104 144 ) (-304 1104 144 ) 
4 104 111 (-496 1104 144 ) (-560 1168 144 ) (-304 1168 144 ) (-304 1104 144 ) 
4 105 305 (-560 1024 272 ) (-576 1024 272 ) (-576 1024 144 ) (-560 1024 144 ) 
4 105 106 (-576 1040 144 ) (-576 1024 144 ) (-576 1024 272 ) (-576 1040 272 ) 
4 106 307 (-576 1024 272 ) (-608 1024 272 ) (-608 1024 144 ) (-576 1024 144 ) 
4 106 108 (-608 1040 144 ) (-608 1024 144 ) (-608 1024 272 ) (-608 1040 272 ) 
4 107 108 (-768 1040 272 ) (-768 1040 144 ) (-608 1040 144 ) (-608 1040 272 ) 
4 108 307 (-608 1024 272 ) (-768 1024 272 ) (-768 1024 144 ) (-608 1024 144 ) 
4 109 373 (0 1024 16 ) (0 1024 144 ) (-112 1024 144 ) (-112 1024 16 ) 
4 109 119 (-112 1104 16 ) (-112 1168 16 ) (-108 1168 16 ) (-108 1104 16 ) 
4 109 118 (-108 1164 16 ) (-108 1168 16 ) (0 1168 16 ) (0 1164 16 ) 
4 109 112 (-112 1104 16 ) (-112 1024 16 ) (-112 1024 144 ) (-112 1104 144 ) 
4 110 117 (-560 1104 112 ) (-560 1104 144 ) (-560 1136 144 ) (-560 1136 112 ) 
4 110 115 (-560 1104 144 ) (-560 1104 16 ) (-496 1104 16 ) (-496 1104 144 ) 
4 110 111 (-496 1104 144 ) (-496 1104 16 ) (-560 1168 16 ) (-560 1168 144 ) 
4 111 116 (-496 1104 16 ) (-304 1104 16 ) (-304 1104 144 ) (-496 1104 144 ) 
4 112 375 (-112 1024 144 ) (-128 1024 144 ) (-128 1024 16 ) (-112 1024 16 ) 
4 112 113 (-128 1104 144 ) (-128 1104 16 ) (-128 1024 16 ) (-128 1024 144 ) 
4 113 376 (-128 1024 144 ) (-208 1024 144 ) (-208 1024 16 ) (-128 1024 16 ) 
4 113 114 (-208 1104 144 ) (-208 1104 16 ) (-208 1024 16 ) (-208 1024 144 ) 
4 114 377 (-208 1024 144 ) (-304 1024 144 ) (-304 1024 16 ) (-208 1024 16 ) 
4 114 116 (-304 1104 144 ) (-304 1104 16 ) (-304 1024 16 ) (-304 1024 144 ) 
4 115 378 (-416 1024 144 ) (-560 1024 144 ) (-560 1024 16 ) (-416 1024 16 ) 
4 115 116 (-416 1024 16 ) (-496 1104 16 ) (-496 1104 144 ) (-416 1024 144 ) 
4 116 379 (-304 1024 144 ) (-416 1024 144 ) (-416 1024 16 ) (-304 1024 16 ) 
4 118 119 (-108 1168 0 ) (-108 1164 0 ) (-108 1164 16 ) (-108 1168 16 ) 
4 120 121 (608 32 816 ) (608 224 816 ) (800 224 816 ) (800 32 816 ) 
4 121 128 (608 256 624 ) (608 0 624 ) (608 0 816 ) (608 256 816 ) 
4 121 126 (608 32 624 ) (608 224 624 ) (800 224 624 ) (800 32 624 ) 
4 122 123 (832 320 336 ) (704 320 336 ) (704 512 336 ) (832 512 336 ) 
4 124 136 (608 400 288 ) (608 560 288 ) (640 560 288 ) (640 368 288 ) 
4 124 130 (608 560 288 ) (608 400 288 ) (608 400 336 ) (608 560 336 ) 
4 124 125 (640 368 288 ) (640 368 336 ) (608 400 336 ) (608 400 288 ) 
3 125 137 (608 368 288 ) (608 400 288 ) (640 368 288 ) 
4 125 131 (608 400 288 ) (608 368 288 ) (608 368 336 ) (608 400 336 ) 
4 126 127 (800 32 416 ) (608 32 416 ) (608 224 416 ) (800 224 416 ) 
4 127 138 (608 32 288 ) (608 224 288 ) (800 224 288 ) (800 32 288 ) 
3 129 131 (496 512 336 ) (592 416 336 ) (496 416 336 ) 
3 129 130 (496 512 336 ) (592 512 336 ) (592 416 336 ) 
3 130 136 (448 560 288 ) (608 560 288 ) (608 400 288 ) 
4 130 131 (448 560 336 ) (448 560 288 ) (608 400 288 ) (608 400 336 ) 
4 131 137 (448 368 288 ) (448 560 288 ) (608 400 288 ) (608 368 288 ) 
8 132 133 (128 468 296 ) (97 481 296 ) (84 512 296 ) (97 543 296 ) (128 556 296 ) (159 543 296 ) (172 512 296 ) (159 481 296 ) 
8 133 139 (128 468 288 ) (97 481 288 ) (84 512 288 ) (97 543 288 ) (128 556 288 ) (159 543 288 ) (172 512 288 ) (159 481 288 ) 
4 134 163 (268 1024 272 ) (272 1024 272 ) (272 912 272 ) (268 912 272 ) 
4 134 135 (268 916 272 ) (268 912 272 ) (268 912 288 ) (268 916 288 ) 
4 135 281 (0 916 272 ) (0 912 272 ) (0 912 288 ) (0 916 288 ) 
4 135 169 (0 912 272 ) (0 916 272 ) (208 916 272 ) (208 912 272 ) 
4 135 163 (208 916 272 ) (268 916 272 ) (268 912 272 ) (208 912 272 ) 
3 136 143 (448 560 280 ) (640 560 280 ) (640 368 280 ) 
4 136 137 (448 559.998047 288 ) (448 559.998047 280 ) (639.998047 368 280 ) (639.998047 368 288 ) 
3 137 144 (448 560 280 ) (640 368 280 ) (448 368 280 ) 
4 138 145 (608 224 280 ) (800 224 280 ) (800 32 280 ) (608 32 280 ) 
8 139 146 (128 556 280 ) (159 543 280 ) (172 512 280 ) (159 481 280 ) (128 468 280 ) (97 481 280 ) (84 512 280 ) (97 543 280 ) 
4 140 148 (256 380 280 ) (256 4 280 ) (252 4 280 ) (252 380 280 ) 
4 140 147 (252 384 280 ) (256 384 280 ) (256 380 280 ) (252 380 280 ) 
4 140 142 (252 4 280 ) (256 4 280 ) (256 4 288 ) (252 4 288 ) 
4 140 141 (252 384 288 ) (252 384 280 ) (252 380 280 ) (252 380 288 ) 
4 141 147 (0 380 280 ) (0 384 280 ) (252 384 280 ) (252 380 280 ) 
4 142 149 (256 0 280 ) (64 0 280 ) (64 4 280 ) (256 4 280 ) 
3 143 156 (640 368 272 ) (448 560 272 ) (640 560 272 ) 
4 143 144 (448 559.998047 280 ) (448 559.998047 272 ) (639.998047 368 272 ) (639.998047 368 280 ) 
3 144 157 (640 368 272 ) (448 368 272 ) (448 560 272 ) 
4 145 158 (800 32 272 ) (608 32 272 ) (608 224 272 ) (800 224 272 ) 
3 146 179 (192 522.880005 272 ) (192 448 272 ) (75 448 272 ) 
5 146 182 (64 576 272 ) (192 576 272 ) (192 522.880005 272 ) (75 448 272 ) (64 448 272 ) 
4 147 181 (0 380 272 ) (0 384 272 ) (256 384 272 ) (252 380 272 ) 
3 147 177 (256 384 272 ) (256 380 272 ) (252 380 272 ) 
4 147 148 (252 380 272 ) (256 380 272 ) (256 380 280 ) (252 380 280 ) 
4 148 177 (252 380 272 ) (256 380 272 ) (256 4 272 ) (252 4 272 ) 
4 148 149 (252 4 272 ) (256 4 272 ) (256 4 280 ) (252 4 280 ) 
3 149 177 (252 4 272 ) (256 4 272 ) (256 0 272 ) 
4 149 176 (64 4 272 ) (252 4 272 ) (256 0 272 ) (64 0 272 ) 
3 150 184 (416 1024 144 ) (642.666626 1024 144 ) (416 864 144 ) 
4 150 151 (416 1024 144 ) (416 896 144 ) (416 896 272 ) (416 1024 272 ) 
4 150 152 (415.996094 864 272 ) (415.996094 864 144 ) (642.663696 1024 144 ) (642.663696 1024 272 ) 
4 151 185 (400 912 144 ) (400 1024 144 ) (416 1024 144 ) (416 896 144 ) 
4 151 161 (400 1024 144 ) (400 912 144 ) (400 912 272 ) (400 1024 272 ) 
4 152 186 (642.666626 1024 144 ) (688 1024 144 ) (688 864 144 ) (416 864 144 ) 
4 152 154 (416 864 144 ) (624 864 144 ) (624 864 272 ) (416 864 272 ) 
4 153 187 (624 864 144 ) (624 624 144 ) (576 576 144 ) (416 576 144 ) 
4 153 155 (512 576 144 ) (576 576 144 ) (576 576 272 ) (512 576 272 ) 
4 153 154 (624 864 272 ) (624 864 144 ) (416 576 144 ) (416 576 272 ) 
3 154 188 (416 864 144 ) (624 864 144 ) (416 576 144 ) 
4 155 156 (512 560 144 ) (576 560 144 ) (576 560 272 ) (512 560 272 ) 
4 156 157 (448 559.998047 272 ) (448 559.998047 144 ) (639.998047 368 144 ) (639.998047 368 272 ) 
4 158 159 (800 32 224 ) (608 32 224 ) (608 224 224 ) (800 224 224 ) 
4 159 160 (608 32 208 ) (608 224 208 ) (800 224 208 ) (800 32 208 ) 
4 160 193 (784 0 144 ) (592 0 144 ) (528 64 144 ) (848 64 144 ) 
6 160 190 (528 64 144 ) (528 192 144 ) (592 256 144 ) (784 256 144 ) (848 192 144 ) (848 64 144 ) 
4 161 195 (368 1024 144 ) (400 1024 144 ) (400 912 144 ) (368 944 144 ) 
4 162 165 (336 896 176 ) (336 896 208 ) (304 896 208 ) (304 896 176 ) 
4 163 198 (208 1024 144 ) (272 1024 144 ) (272 912 144 ) (208 912 144 ) 
4 163 169 (208 1024 144 ) (208 912 144 ) (208 912 272 ) (208 1024 272 ) 
4 163 164 (208 912 272 ) (208 912 144 ) (272 912 144 ) (272 912 272 ) 
4 164 199 (272 912 144 ) (272 896 144 ) (208 896 144 ) (208 912 144 ) 
4 164 170 (208 912 144 ) (208 896 144 ) (208 896 272 ) (208 912 272 ) 
4 164 165 (208 896 272 ) (208 896 144 ) (272 896 144 ) (272 896 272 ) 
3 165 200 (400 896 144 ) (400 768 144 ) (208 896 144 ) 
4 165 166 (208.003906 896 272 ) (208.003906 896 144 ) (400 768.002625 144 ) (400 768.002625 272 ) 
3 166 201 (400 768 144 ) (208 768 144 ) (208 896 144 ) 
4 166 172 (208 896 144 ) (208 768 144 ) (208 768 272 ) (208 896 272 ) 
4 166 167 (208 768 272 ) (208 768 144 ) (400 768 144 ) (400 768 272 ) 
4 167 202 (400 768 144 ) (400 656 144 ) (208 656 144 ) (208 768 144 ) 
4 167 182 (208 656 144 ) (256 656 144 ) (256 656 272 ) (208 656 272 ) 
4 167 174 (256 656 144 ) (400 656 144 ) (400 656 272 ) (256 656 272 ) 
4 167 172 (208 768 144 ) (208 656 144 ) (208 656 272 ) (208 768 272 ) 
4 168 302 (0 1024 272 ) (0 1024 144 ) (0 986.666626 144 ) (0 986.666626 272 ) 
3 168 203 (0 986.666626 144 ) (0 1024 144 ) (56 1024 144 ) 
4 168 169 (0 986.666382 144 ) (56 1024 144 ) (56 1024 272 ) (0 986.666382 272 ) 
4 169 309 (0 976 144 ) (0 912 144 ) (0 912 272 ) (0 976 272 ) 
4 169 303 (0 986.666626 144 ) (0 976 144 ) (0 976 272 ) (0 986.666626 272 ) 
5 169 204 (0 912 144 ) (0 986.666626 144 ) (56 1024 144 ) (208 1024 144 ) (208 912 144 ) 
4 169 170 (0 912 144 ) (208 912 144 ) (208 912 272 ) (0 912 272 ) 
4 170 313 (0 912 144 ) (0 896 144 ) (0 896 272 ) (0 912 272 ) 
4 170 205 (0 896 144 ) (0 912 144 ) (208 912 144 ) (208 896 144 ) 
4 170 171 (0 896 144 ) (208 896 144 ) (208 896 272 ) (0 896 272 ) 
4 171 332 (0 704 144 ) (0 701 144 ) (0 701 272 ) (0 704 272 ) 
4 171 327 (0 768 144 ) (0 704 144 ) (0 704 272 ) (0 768 272 ) 
4 171 321 (0 800 144 ) (0 768 144 ) (0 768 272 ) (0 800 272 ) 
4 171 319 (0 816 144 ) (0 800 144 ) (0 800 272 ) (0 816 272 ) 
4 171 315 (0 896 144 ) (0 816 144 ) (0 816 272 ) (0 896 272 ) 
3 171 206 (0 701 144 ) (0 896 144 ) (208 896 144 ) 
4 171 172 (0 701 144 ) (208 896 144 ) (208 896 272 ) (0 701 272 ) 
4 172 333 (0 701 144 ) (0 656 144 ) (0 656 272 ) (0 701 272 ) 
4 172 207 (0 656 144 ) (0 701 144 ) (208 896 144 ) (208 656 144 ) 
4 172 182 (0 656 144 ) (208 656 144 ) (208 656 272 ) (0 656 272 ) 
4 173 210 (256 544 144 ) (256 563.840027 144 ) (336 615.040039 144 ) (336 544 144 ) 
4 173 208 (336 615.040039 144 ) (400 656 144 ) (400 544 144 ) (336 544 144 ) 
4 173 179 (256 563.839966 144 ) (256 544 144 ) (256 544 272 ) (256 563.840027 272 ) 
4 173 175 (256 544 272 ) (256 544 144 ) (336 544 144 ) (336 544 272 ) 
4 173 174 (399.996094 656 272 ) (399.996094 656 144 ) (256 563.841858 144 ) (256 563.841858 272 ) 
3 174 212 (256 563.840027 144 ) (256 656 144 ) (400 656 144 ) 
4 174 182 (256 656 272 ) (256 656 144 ) (256 563.839966 144 ) (256 563.840027 272 ) 
3 175 210 (256 464 144 ) (256 544 144 ) (336 544 144 ) 
4 175 179 (256 544 144 ) (256 464 144 ) (256 464 272 ) (256 544 272 ) 
4 176 354 (0 128 144 ) (0 0 144 ) (0 0 272 ) (0 128 272 ) 
4 176 242 (64 0 272 ) (0 0 272 ) (0 0 144 ) (64 0 144 ) 
4 176 239 (128 0 272 ) (64 0 272 ) (64 0 144 ) (128 0 144 ) 
4 176 235 (128 0 208 ) (128 0 144 ) (256 0 144 ) (256 0 208 ) 
4 176 234 (256 0 272 ) (128 0 272 ) (128 0 208 ) (256 0 208 ) 
4 176 218 (256 0 144 ) (0 0 144 ) (0 128 144 ) (64 192 144 ) 
4 176 178 (64 192 144 ) (0 128 144 ) (0 128 272 ) (64 192 272 ) 
4 176 177 (256 0 272 ) (256 0 144 ) (64 192 144 ) (64 192 272 ) 
3 177 219 (256 0 144 ) (64 192 144 ) (256 384 144 ) 
4 177 181 (256 384 272 ) (256 384 144 ) (64 192 144 ) (64 192 272 ) 
4 178 355 (0 256 144 ) (0 128 144 ) (0 128 272 ) (0 256 272 ) 
3 178 221 (0 128 144 ) (0 256 144 ) (64 192 144 ) 
4 178 181 (64 192 272 ) (64 192 144 ) (0 256 144 ) (0 256 272 ) 
3 179 211 (0 400 144 ) (256 563.840027 144 ) (256 400 144 ) 
4 179 182 (256 563.841187 272 ) (256 563.841187 144 ) (0 400.001221 144 ) (0 400 272 ) 
4 179 180 (0.001954 400 272 ) (0.001950 400 144 ) (256 400 144 ) (256 400 272 ) 
4 180 220 (0 384 144 ) (0 400 144 ) (256 400 144 ) (256 384 144 ) 
4 180 181 (0 384 144 ) (255.998032 384 144 ) (255.998032 384 272 ) (0 384 272 ) 
4 181 353 (0 320 144 ) (0 256 144 ) (0 256 272 ) (0 320 272 ) 
4 181 222 (0 256 144 ) (0 384 144 ) (256 384 144 ) (64 192 144 ) 
4 182 212 (0 400 144 ) (0 656 144 ) (256 656 144 ) (256 563.840027 144 ) 
4 183 186 (688 864 80 ) (688 864 144 ) (688 928 144 ) (688 928 80 ) 
4 184 185 (416 1024 16 ) (416 896 16 ) (416 896 144 ) (416 1024 144 ) 
4 184 186 (415.996094 864 144 ) (415.996094 864 16 ) (642.663696 1024 16 ) (642.663696 1024 144 ) 
4 185 197 (400 1024 16 ) (400 912 16 ) (400 912 48 ) (400 1024 48 ) 
4 185 195 (400 912 48 ) (400 912 144 ) (400 1024 144 ) (400 1024 48 ) 
4 186 188 (416 864 16 ) (624 864 16 ) (624 864 144 ) (416 864 144 ) 
4 187 188 (624 864 144 ) (624 864 16 ) (416 576 16 ) (416 576 144 ) 
4 188 189 (416 768 16 ) (416 640 16 ) (416 640 144 ) (416 768 144 ) 
4 189 209 (400 656 16 ) (400 640 16 ) (400 640 80 ) (400 656 80 ) 
4 189 208 (400 640 80 ) (400 640 144 ) (400 656 144 ) (400 656 80 ) 
4 189 202 (400 768 16 ) (400 656 16 ) (400 656 144 ) (400 768 144 ) 
4 190 223 (800 64 16 ) (608 64 16 ) (608 224 16 ) (800 224 16 ) 
4 190 193 (528 64 16 ) (848 64 16 ) (848 64 144 ) (528 64 144 ) 
4 190 191 (528 192 16 ) (528 64 16 ) (528 64 144 ) (528 192 144 ) 
4 191 192 (512 192 144 ) (512 192 16 ) (512 64 16 ) (512 64 144 ) 
4 192 214 (400 192 16 ) (400 64 16 ) (400 64 144 ) (400 192 144 ) 
4 192 194 (432 64 80 ) (464 64 80 ) (464 64 112 ) (432 64 112 ) 
4 193 223 (608 32 16 ) (608 64 16 ) (800 64 16 ) (800 32 16 ) 
4 195 197 (368 1024 48 ) (400 1024 48 ) (400 912 48 ) (368 944 48 ) 
4 196 200 (336 896 16 ) (368 896 16 ) (368 896 48 ) (336 896 48 ) 
4 198 227 (256 916 16 ) (256 912 16 ) (208 912 16 ) (208 916 16 ) 
4 198 226 (268 916 16 ) (268 912 16 ) (256 912 16 ) (256 916 16 ) 
4 198 225 (268 1024 16 ) (272 1024 16 ) (272 912 16 ) (268 912 16 ) 
4 198 204 (208 1024 16 ) (208 912 16 ) (208 912 144 ) (208 1024 144 ) 
4 198 199 (208 912 144 ) (208 912 16 ) (272 912 16 ) (272 912 144 ) 
4 199 205 (208 912 16 ) (208 896 16 ) (208 896 144 ) (208 912 144 ) 
4 199 200 (208 896 144 ) (208 896 16 ) (272 896 16 ) (272 896 144 ) 
4 200 224 (400 896 16 ) (400 768 16 ) (272 853.333313 16 ) (272 896 16 ) 
4 200 201 (208.003906 896 144 ) (208.003906 896 16 ) (400 768.002625 16 ) (400 768.002625 144 ) 
3 201 224 (400 768 16 ) (272 768 16 ) (272 853.333313 16 ) 
4 201 207 (208 896 16 ) (208 768 16 ) (208 768 144 ) (208 896 144 ) 
4 201 202 (208 768 144 ) (208 768 16 ) (400 768 16 ) (400 768 144 ) 
4 202 212 (208 656 16 ) (400 656 16 ) (400 656 144 ) (208 656 144 ) 
4 202 207 (208 768 16 ) (208 656 16 ) (208 656 144 ) (208 768 144 ) 
4 203 373 (0 1024 144 ) (0 1024 16 ) (0 986.666626 16 ) (0 986.666626 144 ) 
4 203 204 (0 986.667175 16 ) (55.998901 1024 16 ) (55.998917 1024 144 ) (0 986.667175 144 ) 
4 204 374 (0 986.666626 16 ) (0 912 16 ) (0 912 144 ) (0 986.666626 144 ) 
4 204 227 (0 912 16 ) (0 916 16 ) (208 916 16 ) (208 912 16 ) 
4 204 205 (0 912 16 ) (208 912 16 ) (208 912 144 ) (0 912 144 ) 
4 205 380 (0 912 16 ) (0 896 16 ) (0 896 144 ) (0 912 144 ) 
4 205 206 (0 896 16 ) (208 896 16 ) (208 896 144 ) (0 896 144 ) 
4 206 388 (0 704 16 ) (0 701 16 ) (0 701 144 ) (0 704 144 ) 
4 206 381 (0 896 16 ) (0 704 16 ) (0 704 144 ) (0 896 144 ) 
4 206 207 (0 701 16 ) (208 896 16 ) (208 896 144 ) (0 701 144 ) 
4 207 389 (0 701 16 ) (0 656 16 ) (0 656 144 ) (0 701 144 ) 
4 207 212 (0 656 16 ) (208 656 16 ) (208 656 144 ) (0 656 144 ) 
4 208 210 (336 615.039063 144 ) (336 615.039063 80 ) (336 544 80 ) (336 544 144 ) 
4 208 209 (336 544 80 ) (336 615.039063 80 ) (400 656 80 ) (400 544 80 ) 
4 208 212 (399.998047 656 144 ) (399.998047 656 80 ) (336 615.041260 80 ) (336 615.041260 144 ) 
4 209 210 (336 615.039063 80 ) (336 615.039063 16 ) (336 544 16 ) (336 544 80 ) 
4 209 212 (399.998047 656 80 ) (399.998047 656 16 ) (336 615.041260 16 ) (336 615.041260 80 ) 
4 210 211 (256 563.841797 144 ) (256 563.841797 16 ) (256 464 16 ) (256 464 144 ) 
4 210 212 (336 615.041260 16 ) (256 563.841248 16 ) (256 563.841248 144 ) (336 615.041260 144 ) 
4 211 220 (0 400 16 ) (256 400 16 ) (256 400 144 ) (0 400 144 ) 
4 211 212 (256 563.841248 16 ) (-0.001954 400 16 ) (-0.001957 400 144 ) (256 563.841248 144 ) 
4 212 390 (0 528 48 ) (0 528 80 ) (0 560 80 ) (0 560 48 ) 
4 213 214 (336 192 16 ) (400 192 16 ) (400 192 80 ) (336 192 80 ) 
4 214 215 (272 192 16 ) (272 64 16 ) (272 64 144 ) (272 192 144 ) 
4 215 216 (266 192 144 ) (266 192 16 ) (266 64 16 ) (266 64 144 ) 
4 216 217 (262 192 144 ) (262 192 16 ) (262 64 16 ) (262 64 144 ) 
4 217 219 (256 192 16 ) (256 64 16 ) (256 64 144 ) (256 192 144 ) 
4 218 411 (0 128 16 ) (0 0 16 ) (0 0 144 ) (0 128 144 ) 
4 218 249 (64 0 144 ) (0 0 144 ) (0 0 16 ) (64 0 16 ) 
4 218 229 (60 4 16 ) (252 4 16 ) (256 0 16 ) (60 0 16 ) 
4 218 221 (64 192 16 ) (0 128 16 ) (0 128 144 ) (64 192 144 ) 
4 218 219 (256 0 144 ) (256 0 16 ) (64 192 16 ) (64 192 144 ) 
3 219 229 (256 4 16 ) (256 0 16 ) (252 4 16 ) 
3 219 228 (252 380 16 ) (256 384 16 ) (256 380 16 ) 
4 219 222 (256 384 144 ) (256 384 16 ) (64 192 16 ) (64 192 144 ) 
4 220 222 (0 384 16 ) (256 384 16 ) (256 384 144 ) (0 384 144 ) 
4 221 412 (0 192 16 ) (0 128 16 ) (0 128 144 ) (0 192 144 ) 
4 221 409 (0 256 16 ) (0 192 16 ) (0 192 144 ) (0 256 144 ) 
4 221 222 (64 192 144 ) (64 192 16 ) (0 256 16 ) (0 256 144 ) 
4 222 407 (0 320 16 ) (0 256 16 ) (0 256 144 ) (0 320 144 ) 
4 222 228 (0 380 16 ) (0 384 16 ) (256 384 16 ) (252 380 16 ) 
4 223 230 (608 32 0 ) (608 224 0 ) (800 224 0 ) (800 32 0 ) 
4 224 231 (272 768 0 ) (272 896 0 ) (400 896 0 ) (400 768 0 ) 
4 225 226 (268 916 0 ) (268 912 0 ) (268 912 16 ) (268 916 16 ) 
4 226 227 (256 916 0 ) (256 912 0 ) (256 912 16 ) (256 916 16 ) 
4 227 425 (0 916 0 ) (0 912 0 ) (0 912 16 ) (0 916 16 ) 
4 229 258 (64 0 16 ) (60 0 16 ) (60 0 0 ) (64 0 0 ) 
4 232 240 (80 -16 272 ) (128 -16 272 ) (128 -112 272 ) (80 -112 272 ) 
4 232 238 (128 -16 272 ) (192 -16 272 ) (192 -112 272 ) (128 -112 272 ) 
3 232 237 (192 -16 272 ) (320 -16 272 ) (192 -112 272 ) 
3 232 236 (320 -16 272 ) (320 -112 272 ) (192 -112 272 ) 
4 233 481 (0 -784 288 ) (0 -592 288 ) (0 -592 272 ) (0 -784 272 ) 
4 233 245 (0 -784 272 ) (0 -592 272 ) (96 -592 272 ) (96 -784 272 ) 
4 234 239 (128 -16 208 ) (128 -16 272 ) (128 0 272 ) (128 0 208 ) 
4 234 238 (128 -16 272 ) (128 -16 208 ) (192 -16 208 ) (192 -16 272 ) 
4 234 237 (192 -16 208 ) (256 -16 208 ) (256 -16 272 ) (192 -16 272 ) 
4 234 235 (256 -16 208 ) (128 -16 208 ) (128 0 208 ) (256 0 208 ) 
4 235 239 (128 0 144 ) (128 -16 144 ) (128 -16 208 ) (128 0 208 ) 
4 235 238 (128 -16 208 ) (128 -16 144 ) (192 -16 144 ) (192 -16 208 ) 
4 235 237 (192 -16 144 ) (256 -16 144 ) (256 -16 208 ) (192 -16 208 ) 
4 236 237 (320 -16 272 ) (320 -16 144 ) (192 -112 144 ) (192 -112 272 ) 
4 237 238 (192 -16 272 ) (192 -16 144 ) (192 -112 144 ) (192 -112 272 ) 
4 238 240 (128 -16 144 ) (128 -112 144 ) (128 -112 272 ) (128 -16 272 ) 
4 239 242 (64 0 144 ) (64 -16 144 ) (64 -16 272 ) (64 0 272 ) 
4 239 240 (64 -16 272 ) (64 -16 144 ) (128 -16 144 ) (128 -16 272 ) 
4 240 247 (128 -128 144 ) (128 -384 144 ) (64 -384 144 ) (64 -128 144 ) 
4 240 243 (64 -128 144 ) (64 -384 144 ) (64 -384 272 ) (64 -128 272 ) 
4 240 242 (64 -16 144 ) (64 -128 144 ) (64 -128 272 ) (64 -16 272 ) 
4 241 248 (128 -576 144 ) (128 -592 144 ) (64 -592 144 ) (64 -512 144 ) 
4 241 246 (64 -592 144 ) (128 -592 144 ) (128 -592 208 ) (64 -592 208 ) 
4 241 244 (64 -512 144 ) (64 -592 144 ) (64 -592 208 ) (64 -512 208 ) 
4 242 465 (0 -128 272 ) (0 -64 272 ) (0 -64 144 ) (0 -128 144 ) 
4 242 458 (0 -64 272 ) (0 0 272 ) (0 0 144 ) (0 -64 144 ) 
4 242 249 (0 -128 144 ) (0 0 144 ) (64 0 144 ) (64 -128 144 ) 
4 242 243 (0 -128 144 ) (64 -128 144 ) (64 -128 272 ) (0 -128 272 ) 
4 243 486 (0 -128 208 ) (0 -128 144 ) (0 -384 144 ) (0 -384 208 ) 
4 243 483 (0 -384 272 ) (0 -128 272 ) (0 -128 208 ) (0 -384 208 ) 
4 243 250 (0 -384 144 ) (0 -128 144 ) (64 -128 144 ) (64 -384 144 ) 
4 244 487 (0 -512 144 ) (0 -592 144 ) (0 -592 208 ) (0 -512 208 ) 
4 244 253 (0 -592 144 ) (0 -512 144 ) (64 -512 144 ) (64 -592 144 ) 
4 244 246 (0 -592 144 ) (64 -592 144 ) (64 -592 208 ) (0 -592 208 ) 
4 245 485 (0 -784 272 ) (0 -592 272 ) (0 -592 208 ) (0 -784 208 ) 
4 245 246 (0 -784 208 ) (0 -592 208 ) (96 -592 208 ) (96 -784 208 ) 
4 246 487 (0 -832 208 ) (0 -592 208 ) (0 -592 144 ) (0 -832 144 ) 
4 246 253 (0 -832 144 ) (0 -592 144 ) (64 -592 144 ) (64 -832 144 ) 
4 246 248 (64 -592 144 ) (128 -592 144 ) (128 -768 144 ) (64 -832 144 ) 
4 247 256 (64 -384 16 ) (64 -380 16 ) (128 -380 16 ) (128 -384 16 ) 
4 247 255 (64 -132 16 ) (64 -128 16 ) (124 -128 16 ) (124 -132 16 ) 
4 247 254 (124 -128 16 ) (128 -128 16 ) (128 -380 16 ) (124 -380 16 ) 
4 247 250 (64 -128 16 ) (64 -384 16 ) (64 -384 144 ) (64 -128 144 ) 
4 248 257 (64 -784 16 ) (64 -592 16 ) (96 -592 16 ) (96 -784 16 ) 
4 248 253 (64 -512 16 ) (64 -832 16 ) (64 -832 144 ) (64 -512 144 ) 
4 249 469 (0 -128 144 ) (0 0 144 ) (0 0 16 ) (0 -128 16 ) 
4 249 258 (60 0 16 ) (64 0 16 ) (64 -128 16 ) (60 -128 16 ) 
4 249 250 (0 -128 16 ) (64 -128 16 ) (64 -128 144 ) (0 -128 144 ) 
4 250 495 (0 -384 144 ) (0 -128 144 ) (0 -128 16 ) (0 -384 16 ) 
4 250 251 (0 -384 16 ) (64 -384 16 ) (64 -384 144 ) (0 -384 144 ) 
4 251 497 (0 -400 144 ) (0 -384 144 ) (0 -384 16 ) (0 -400 16 ) 
4 251 252 (0 -400 16 ) (64 -400 16 ) (64 -400 144 ) (0 -400 144 ) 
4 252 498 (0 -496 144 ) (0 -400 144 ) (0 -400 16 ) (0 -496 16 ) 
4 252 253 (0 -496 16 ) (64 -496 16 ) (64 -496 144 ) (0 -496 144 ) 
4 253 499 (0 -832 144 ) (0 -496 144 ) (0 -496 16 ) (0 -832 16 ) 
4 253 259 (0 -784 16 ) (0 -592 16 ) (64 -592 16 ) (64 -784 16 ) 
4 254 256 (124 -380 0 ) (128 -380 0 ) (128 -380 16 ) (124 -380 16 ) 
4 254 255 (124 -128 16 ) (124 -128 0 ) (124 -132 0 ) (124 -132 16 ) 
4 257 260 (96 -784 0 ) (64 -784 0 ) (64 -592 0 ) (96 -592 0 ) 
4 257 259 (64 -592 0 ) (64 -784 0 ) (64 -784 16 ) (64 -592 16 ) 
4 259 504 (0 -784 16 ) (0 -592 16 ) (0 -592 0 ) (0 -784 0 ) 
4 259 260 (0 -784 0 ) (0 -592 0 ) (64 -592 0 ) (64 -784 0 ) 
4 260 511 (0 -592 -112 ) (0 -592 -192 ) (0 -784 -192 ) (0 -784 -112 ) 
4 260 506 (0 -784 0 ) (0 -592 0 ) (0 -592 -112 ) (0 -784 -112 ) 
4 260 261 (0 -592 -192 ) (96 -592 -192 ) (96 -784 -192 ) (0 -784 -192 ) 
4 261 513 (0 -592 -240 ) (0 -592 -400 ) (0 -784 -400 ) (0 -784 -240 ) 
4 261 512 (0 -592 -192 ) (0 -592 -240 ) (0 -784 -240 ) (0 -784 -192 ) 
4 261 262 (0 -784 -400 ) (0 -592 -400 ) (96 -592 -400 ) (96 -784 -400 ) 
4 262 514 (0 -832 -400 ) (0 -512 -400 ) (0 -512 -592 ) (0 -832 -592 ) 
4 262 263 (0 -784 -592 ) (0 -592 -592 ) (96 -592 -592 ) (96 -784 -592 ) 
4 263 515 (0 -784 -672 ) (0 -784 -592 ) (0 -592 -592 ) (0 -592 -672 ) 
4 264 448 (-1024 624 352 ) (-1024 528 352 ) (-1024 528 368 ) (-1024 624 368 ) 
4 264 266 (-1024 528 352 ) (-1024 624 352 ) (-936 624 352 ) (-936 528 352 ) 
4 265 273 (-768 896 336 ) (-768 944 336 ) (-672 944 336 ) (-672 896 336 ) 
4 266 449 (-1024 624 336 ) (-1024 528 336 ) (-1024 528 352 ) (-1024 624 352 ) 
4 266 276 (-1024 576 336 ) (-1024 624 336 ) (-936 624 336 ) (-936 576 336 ) 
4 266 277 (-1024 528 336 ) (-1024 576 336 ) (-936 576 336 ) (-936 528 336 ) 
4 267 285 (-96 800 288 ) (-96 704 288 ) (-224 704 288 ) (-224 800 288 ) 
4 267 268 (-224 704 288 ) (-96 704 288 ) (-96 704 336 ) (-224 704 336 ) 
4 268 286 (-96 704 288 ) (-96 664 288 ) (-184 664 288 ) (-224 704 288 ) 
4 268 270 (-184 664 288 ) (-96 664 288 ) (-96 664 336 ) (-184 664 336 ) 
4 268 269 (-224 704 336 ) (-224 704 288 ) (-184 664 288 ) (-184 664 336 ) 
4 269 288 (-192 664 288 ) (-224 664 288 ) (-224 704 288 ) (-192 672 288 ) 
3 269 287 (-184 664 288 ) (-192 664 288 ) (-192 672 288 ) 
4 269 271 (-192 664 288 ) (-184 664 288 ) (-184 664 336 ) (-192 664 336 ) 
3 270 286 (-96 664 288 ) (-96 576 288 ) (-184 664 288 ) 
4 270 271 (-184 664 336 ) (-184 664 288 ) (-96 576 288 ) (-96 576 336 ) 
4 271 287 (-96 576 288 ) (-192 576 288 ) (-192 664 288 ) (-184 664 288 ) 
4 272 280 (-768 1024 288 ) (-608 1024 288 ) (-608 976 288 ) (-768 976 288 ) 
4 273 284 (-768 896 288 ) (-768 912 288 ) (-672 912 288 ) (-672 896 288 ) 
4 273 283 (-768 912 288 ) (-768 944 288 ) (-672 944 288 ) (-672 912 288 ) 
4 274 296 (-608 256 288 ) (-608 224 288 ) (-704 224 288 ) (-704 256 288 ) 
4 274 293 (-608 320 288 ) (-608 256 288 ) (-704 256 288 ) (-704 320 288 ) 
4 274 275 (-704 224 336 ) (-704 224 288 ) (-608 224 288 ) (-608 224 336 ) 
4 275 300 (-608 128 288 ) (-608 80 288 ) (-704 80 288 ) (-704 128 288 ) 
4 275 297 (-608 224 288 ) (-608 128 288 ) (-704 128 288 ) (-704 224 288 ) 
4 276 450 (-1024 704 288 ) (-1024 576 288 ) (-1024 576 336 ) (-1024 704 336 ) 
4 276 289 (-1024 576 288 ) (-1024 704 288 ) (-896 704 288 ) (-896 576 288 ) 
4 276 277 (-1024 576 288 ) (-896 576 288 ) (-896 576 336 ) (-1024 576 336 ) 
4 277 451 (-1024 576 288 ) (-1024 448 288 ) (-1024 448 336 ) (-1024 576 336 ) 
4 277 292 (-1024 448 288 ) (-1024 512 288 ) (-896 512 288 ) (-896 448 288 ) 
4 277 290 (-1024 512 288 ) (-1024 576 288 ) (-896 576 288 ) (-896 512 288 ) 
4 278 302 (-112 1024 272 ) (-108 1024 272 ) (-108 976 272 ) (-112 976 272 ) 
4 278 282 (-112 976 272 ) (-108 976 272 ) (-108 976 288 ) (-112 976 288 ) 
4 279 304 (-432 1024 272 ) (-416 1024 272 ) (-368 976 272 ) (-432 976 272 ) 
3 279 306 (-416 1024 272 ) (-368 1024 272 ) (-368 976 272 ) 
4 280 307 (-768 1024 272 ) (-608 1024 272 ) (-608 976 272 ) (-768 976 272 ) 
5 281 309 (0 916 272 ) (0 912 272 ) (-108 912 272 ) (-108 914.666687 272 ) (-106 916 272 ) 
3 281 308 (-108 914.666687 272 ) (-108 916 272 ) (-106 916 272 ) 
4 281 282 (-108 916 272 ) (-108 912 272 ) (-108 912 288 ) (-108 916 288 ) 
3 282 309 (-108 914.666687 272 ) (-108 912 272 ) (-112 912 272 ) 
4 282 308 (-112 976 272 ) (-108 976 272 ) (-108 914.666687 272 ) (-112 912 272 ) 
4 283 312 (-672 944 272 ) (-672 912 272 ) (-768 912 272 ) (-768 944 272 ) 
4 283 284 (-768 912 272 ) (-672 912 272 ) (-672 912 288 ) (-768 912 288 ) 
4 284 314 (-768 912 272 ) (-672 912 272 ) (-672 896 272 ) (-768 896 272 ) 
4 285 330 (-96 768 272 ) (-96 704 272 ) (-224 704 272 ) (-224 768 272 ) 
4 285 322 (-96 800 272 ) (-96 768 272 ) (-224 768 272 ) (-224 800 272 ) 
4 285 286 (-224 704 272 ) (-96 704 272 ) (-96 704 288 ) (-224 704 288 ) 
3 286 336 (-96 664 272 ) (-96 576 272 ) (-184 664 272 ) 
4 286 334 (-224 704 272 ) (-96 704 272 ) (-96 664 272 ) (-184 664 272 ) 
4 286 288 (-224 703.998047 288 ) (-224 703.998047 272 ) (-192 671.998047 272 ) (-192 671.998047 288 ) 
4 286 287 (-192 671.998047 272 ) (-96.001961 576 272 ) (-96.001961 576 288 ) (-192 671.998047 288 ) 
4 287 337 (-184 664 272 ) (-96 576 272 ) (-192 576 272 ) (-192 664 272 ) 
3 287 335 (-192 672 272 ) (-184 664 272 ) (-192 664 272 ) 
4 287 288 (-192 672 288 ) (-192 672 272 ) (-192 664 272 ) (-192 664 288 ) 
4 288 335 (-224 704 272 ) (-192 672 272 ) (-192 664 272 ) (-224 664 272 ) 
4 289 450 (-1024 704 272 ) (-1024 576 272 ) (-1024 576 288 ) (-1024 704 288 ) 
4 289 343 (-1024 576 272 ) (-1024 704 272 ) (-896 704 272 ) (-896 576 272 ) 
4 289 290 (-1024 576 272 ) (-896 576 272 ) (-896 576 288 ) (-1024 576 288 ) 
4 290 451 (-1024 576 272 ) (-1024 512 272 ) (-1024 512 288 ) (-1024 576 288 ) 
4 290 349 (-1024 512 272 ) (-1024 576 272 ) (-896 576 272 ) (-896 512 272 ) 
4 290 292 (-1024 512 272 ) (-896 512 272 ) (-896 512 288 ) (-1024 512 288 ) 
4 291 346 (-592 512 272 ) (-528 512 272 ) (-528 448 272 ) (-592 448 272 ) 
4 292 451 (-1024 512 272 ) (-1024 448 272 ) (-1024 448 288 ) (-1024 512 288 ) 
4 292 350 (-1024 448 272 ) (-1024 512 272 ) (-896 512 272 ) (-896 448 272 ) 
4 293 360 (-704 320 272 ) (-608 320 272 ) (-608 256 272 ) (-704 256 272 ) 
4 293 296 (-704 256 272 ) (-608 256 272 ) (-608 256 288 ) (-704 256 288 ) 
4 294 355 (-128 256 272 ) (-124 256 272 ) (-124 128 272 ) (-128 128 272 ) 
4 294 298 (-128 128 272 ) (-124 128 272 ) (-124 128 288 ) (-128 128 288 ) 
3 295 358 (-368 134.399994 272 ) (-368 128 272 ) (-378.666656 128 272 ) 
5 295 357 (-368 160 272 ) (-368 134.399994 272 ) (-378.666656 128 272 ) (-400 128 272 ) (-400 160 272 ) 
4 296 360 (-704 256 272 ) (-608 256 272 ) (-608 224 272 ) (-704 224 272 ) 
4 296 297 (-704 224 288 ) (-704 224 272 ) (-608 224 272 ) (-608 224 288 ) 
4 297 361 (-608 224 272 ) (-608 128 272 ) (-704 128 272 ) (-704 224 272 ) 
4 297 300 (-704 128 272 ) (-608 128 272 ) (-608 128 288 ) (-704 128 288 ) 
4 298 355 (-128 128 272 ) (-124 128 272 ) (-124 4 272 ) (-128 4 272 ) 
4 298 299 (-128 4 272 ) (-124 4 272 ) (-124 4 288 ) (-128 4 288 ) 
3 299 355 (-128 0 272 ) (-128 4 272 ) (-124 4 272 ) 
4 299 354 (-64 0 272 ) (-128 0 272 ) (-124 4 272 ) (-64 4 272 ) 
4 300 361 (-704 80 272 ) (-704 128 272 ) (-608 128 272 ) (-608 80 272 ) 
4 301 366 (-944 96 272 ) (-944 128 272 ) (-912 128 272 ) (-912 96 272 ) 
5 302 373 (-112 1024 144 ) (0 1024 144 ) (0 986.666626 144 ) (-16 976 144 ) (-112 976 144 ) 
4 302 308 (-112 976 144 ) (-16 976 144 ) (-16 976 272 ) (-112 976 272 ) 
4 302 303 (-16 976 272 ) (-16 976 144 ) (0 986.666687 144 ) (0 986.666687 272 ) 
3 303 374 (0 986.666626 144 ) (0 976 144 ) (-16 976 144 ) 
4 303 309 (-16 976 144 ) (0 976 144 ) (0 976 272 ) (-16 976 272 ) 
4 304 378 (-560 1024 144 ) (-416 1024 144 ) (-368 976 144 ) (-560 976 144 ) 
4 304 310 (-560 976 144 ) (-368 976 144 ) (-368 976 272 ) (-560 976 272 ) 
4 304 306 (-368 976 272 ) (-368 976 144 ) (-416 1024 144 ) (-416 1024 272 ) 
4 304 305 (-560 1024 144 ) (-560 976 144 ) (-560 976 272 ) (-560 1024 272 ) 
4 305 307 (-576 1024 144 ) (-576 976 144 ) (-576 976 272 ) (-576 1024 272 ) 
4 306 379 (-416 1024 144 ) (-304 1024 144 ) (-304 976 144 ) (-368 976 144 ) 
4 306 311 (-368 976 144 ) (-304 976 144 ) (-304 976 272 ) (-368 976 272 ) 
3 308 373 (-112 976 144 ) (-16 976 144 ) (-112 912 144 ) 
4 308 309 (-112 912 272 ) (-112 912 144 ) (-16 976 144 ) (-16 976 272 ) 
4 309 374 (-16 976 144 ) (0 976 144 ) (0 912 144 ) (-112 912 144 ) 
4 309 313 (-48 912 144 ) (0 912 144 ) (0 912 272 ) (-48 912 272 ) 
4 310 378 (-560 976 144 ) (-368 976 144 ) (-304 912 144 ) (-560 912 144 ) 
4 310 311 (-304 912 272 ) (-304 912 144 ) (-368 976 144 ) (-368 976 272 ) 
3 311 379 (-368 976 144 ) (-304 976 144 ) (-304 912 144 ) 
4 312 314 (-784 912 144 ) (-656 912 144 ) (-656 912 272 ) (-784 912 272 ) 
4 313 380 (-48 912 144 ) (0 912 144 ) (0 896 144 ) (-48 896 144 ) 
4 313 315 (-48 896 144 ) (0 896 144 ) (0 896 272 ) (-48 896 272 ) 
4 314 317 (-784 896 144 ) (-656 896 144 ) (-656 896 272 ) (-784 896 272 ) 
4 315 381 (-48 896 144 ) (0 896 144 ) (0 816 144 ) (-48 816 144 ) 
4 315 319 (-48 816 144 ) (0 816 144 ) (0 816 272 ) (-48 816 272 ) 
4 316 382 (-432 848 144 ) (-432 816 144 ) (-464 816 144 ) (-464 848 144 ) 
4 317 318 (-784 872 272 ) (-784 872 144 ) (-656 872 144 ) (-656 872 272 ) 
4 318 320 (-784 816 144 ) (-656 816 144 ) (-656 816 272 ) (-784 816 272 ) 
4 319 381 (-48 816 144 ) (0 816 144 ) (0 800 144 ) (-48 800 144 ) 
4 319 321 (-48 800 144 ) (0 800 144 ) (0 800 272 ) (-48 800 272 ) 
4 320 323 (-784 800 144 ) (-656 800 144 ) (-656 800 272 ) (-784 800 272 ) 
4 321 381 (-48 800 144 ) (0 800 144 ) (0 768 144 ) (-48 768 144 ) 
4 321 327 (-48 768 144 ) (0 768 144 ) (0 768 272 ) (-48 768 272 ) 
4 322 330 (-224 768 144 ) (-96 768 144 ) (-96 768 272 ) (-224 768 272 ) 
4 323 324 (-784 784 272 ) (-784 784 144 ) (-656 784 144 ) (-656 784 272 ) 
4 324 325 (-784 779 272 ) (-784 779 144 ) (-656 779 144 ) (-656 779 272 ) 
4 325 326 (-784 777 272 ) (-784 777 144 ) (-656 777 144 ) (-656 777 272 ) 
4 326 331 (-784 768 144 ) (-656 768 144 ) (-656 768 272 ) (-784 768 272 ) 
4 327 381 (-48 768 144 ) (0 768 144 ) (0 704 144 ) (-48 704 144 ) 
4 327 332 (-48 704 144 ) (0 704 144 ) (0 704 272 ) (-48 704 272 ) 
4 327 328 (-48 768 272 ) (-48 768 144 ) (-48 704 144 ) (-48 704 272 ) 
4 328 329 (-64 768 272 ) (-64 768 144 ) (-64 704 144 ) (-64 704 272 ) 
4 329 330 (-96 768 272 ) (-96 768 144 ) (-96 704 144 ) (-96 704 272 ) 
4 330 334 (-224 704 144 ) (-96 704 144 ) (-96 704 272 ) (-224 704 272 ) 
4 331 387 (-784 768 144 ) (-656 768 144 ) (-592 704 144 ) (-848 704 144 ) 
4 331 339 (-720 704 144 ) (-592 704 144 ) (-592 704 272 ) (-720 704 272 ) 
4 331 342 (-848 704 144 ) (-720 704 144 ) (-720 704 272 ) (-848 704 272 ) 
4 332 391 (-48 704 144 ) (-16 704 144 ) (-16 686 144 ) (-23.225800 679.225830 144 ) 
4 332 388 (-16 704 144 ) (0 704 144 ) (0 701 144 ) (-16 686 144 ) 
4 332 333 (-23.223557 679.223572 144 ) (0 700.994995 144 ) (0 700.994934 272 ) (-23.223545 679.223511 272 ) 
3 333 392 (-16 672 144 ) (-23.225800 679.225830 144 ) (-16 686 144 ) 
4 333 389 (0 701 144 ) (0 656 144 ) (-16 672 144 ) (-16 686 144 ) 
4 334 336 (-184 664 144 ) (-96 664 144 ) (-96 664 272 ) (-184 664 272 ) 
4 334 335 (-224 704 272 ) (-224 704 144 ) (-184 664 144 ) (-184 664 272 ) 
4 335 337 (-192 664 144 ) (-184 664 144 ) (-184 664 272 ) (-192 664 272 ) 
4 336 337 (-184 664 272 ) (-184 664 144 ) (-96 576 144 ) (-96 576 272 ) 
4 338 340 (-272 608 208 ) (-272 640 208 ) (-272 640 176 ) (-272 608 176 ) 
4 339 397 (-720 704 144 ) (-496 704 144 ) (-608 576 144 ) (-720 576 144 ) 
4 339 345 (-720 576 144 ) (-608 576 144 ) (-608 576 272 ) (-720 576 272 ) 
4 339 341 (-608 576 272 ) (-608 576 144 ) (-496 704 144 ) (-496 704 272 ) 
4 339 342 (-720 704 272 ) (-720 704 144 ) (-720 576 144 ) (-720 576 272 ) 
4 340 393 (-280 704 144 ) (-272 704 144 ) (-272 640 144 ) (-280 640 144 ) 
4 340 394 (-496 704 144 ) (-280 704 144 ) (-280 576 144 ) (-496 576 144 ) 
4 340 344 (-496 576 144 ) (-272 576 144 ) (-272 576 272 ) (-496 576 272 ) 
4 340 341 (-496 704 272 ) (-496 704 144 ) (-496 576 144 ) (-496 576 272 ) 
3 341 398 (-496 704 144 ) (-496 576 144 ) (-608 576 144 ) 
4 341 346 (-608 576 144 ) (-496 576 144 ) (-496 576 272 ) (-608 576 272 ) 
4 342 399 (-848 704 144 ) (-720 704 144 ) (-720 576 144 ) (-848 576 144 ) 
4 342 347 (-848 576 144 ) (-720 576 144 ) (-720 576 272 ) (-848 576 272 ) 
4 343 453 (-1024 704 144 ) (-1024 576 144 ) (-1024 576 272 ) (-1024 704 272 ) 
4 343 349 (-1024 576 144 ) (-896 576 144 ) (-896 576 272 ) (-1024 576 272 ) 
4 344 395 (-272 512 144 ) (-272 448 144 ) (-280 448 144 ) (-280 512 144 ) 
4 344 396 (-496 576 144 ) (-280 576 144 ) (-280 448 144 ) (-496 448 144 ) 
4 344 346 (-496 576 272 ) (-496 576 144 ) (-496 448 144 ) (-496 448 272 ) 
3 345 397 (-720 576 144 ) (-608 576 144 ) (-720 448 144 ) 
4 345 347 (-720 576 272 ) (-720 576 144 ) (-720 448 144 ) (-720 448 272 ) 
4 345 346 (-720 448 272 ) (-720 448 144 ) (-608 576 144 ) (-608 576 272 ) 
4 346 398 (-608 576 144 ) (-496 576 144 ) (-496 448 144 ) (-720 448 144 ) 
4 347 399 (-848 576 144 ) (-720 576 144 ) (-720 448 144 ) (-848 448 144 ) 
4 347 351 (-848 448 144 ) (-720 448 144 ) (-720 448 272 ) (-848 448 272 ) 
4 347 348 (-848 576 272 ) (-848 576 144 ) (-848 512 144 ) (-848 512 272 ) 
4 348 349 (-864 576 272 ) (-864 576 144 ) (-864 512 144 ) (-864 512 272 ) 
4 349 454 (-1024 576 144 ) (-1024 512 144 ) (-1024 512 272 ) (-1024 576 272 ) 
4 349 350 (-1024 512 144 ) (-896 512 144 ) (-896 512 272 ) (-1024 512 272 ) 
4 350 454 (-1024 512 144 ) (-1024 448 144 ) (-1024 448 272 ) (-1024 512 272 ) 
4 351 405 (-720 336 144 ) (-720 320 144 ) (-848 320 144 ) (-848 336 144 ) 
4 351 402 (-720 384 144 ) (-720 336 144 ) (-848 336 144 ) (-848 384 144 ) 
4 351 400 (-848 448 144 ) (-720 448 144 ) (-720 384 144 ) (-848 384 144 ) 
4 351 363 (-848 320 144 ) (-720 320 144 ) (-720 320 272 ) (-848 320 272 ) 
3 352 406 (-32 288 144 ) (0 256 144 ) (-64 256 144 ) 
4 352 355 (-64 256 144 ) (0 256 144 ) (0 256 272 ) (-64 256 272 ) 
4 352 353 (0.001945 256 272 ) (0.001949 256 144 ) (-32 288 144 ) (-32 288 272 ) 
3 353 407 (0 320 144 ) (0 256 144 ) (-32 288 144 ) 
4 354 458 (0 0 144 ) (0 0 272 ) (-64 0 272 ) (-64 0 144 ) 
3 354 411 (0 128 144 ) (0 0 144 ) (-128 0 144 ) 
4 354 355 (0 128 144 ) (-128 0 144 ) (-128 0 272 ) (0 128 272 ) 
4 355 412 (0 192 144 ) (0 128 144 ) (-128 0 144 ) (-128 192 144 ) 
4 355 409 (0 256 144 ) (0 192 144 ) (-128 192 144 ) (-128 256 144 ) 
4 356 410 (-272 256 144 ) (-272 192 144 ) (-592 192 144 ) (-592 256 144 ) 
4 356 408 (-528 320 144 ) (-272 320 144 ) (-272 256 144 ) (-592 256 144 ) 
4 356 359 (-592 224 144 ) (-592 192 144 ) (-592 192 272 ) (-592 224 272 ) 
4 356 357 (-592 192 272 ) (-592 192 144 ) (-272 192 144 ) (-272 192 272 ) 
3 357 417 (-272 192 144 ) (-592 0 144 ) (-592 192 144 ) 
4 357 359 (-592 192 144 ) (-592 96 144 ) (-592 96 272 ) (-592 192 272 ) 
4 357 358 (-592 0 272 ) (-592 0 144 ) (-272 192 144 ) (-272 192 272 ) 
4 358 460 (-272 0 272 ) (-592 0 272 ) (-592 0 144 ) (-272 0 144 ) 
3 358 418 (-272 192 144 ) (-272 0 144 ) (-592 0 144 ) 
4 359 361 (-608 224 144 ) (-608 96 144 ) (-608 96 272 ) (-608 224 272 ) 
4 360 361 (-704 224 272 ) (-704 224 144 ) (-608 224 144 ) (-608 224 272 ) 
4 362 462 (-656 0 272 ) (-704 0 272 ) (-704 0 144 ) (-656 0 144 ) 
3 362 420 (-656 0 144 ) (-704 0 144 ) (-704 48 144 ) 
4 362 365 (-704 48 144 ) (-704 0 144 ) (-704 0 272 ) (-704 48 272 ) 
4 363 421 (-848 320 144 ) (-720 320 144 ) (-720 64 144 ) (-848 192 144 ) 
4 363 367 (-848 320 208 ) (-848 320 144 ) (-848 192 144 ) (-848 192 208 ) 
4 363 366 (-848 320 272 ) (-848 320 208 ) (-848 192 208 ) (-848 192 272 ) 
4 363 364 (-848 192 272 ) (-848 192 144 ) (-720 64 144 ) (-720 64 272 ) 
4 364 461 (-784 0 272 ) (-848 0 272 ) (-848 0 144 ) (-784 0 144 ) 
4 364 421 (-784 0 144 ) (-848 0 144 ) (-848 192 144 ) (-720 64 144 ) 
4 364 367 (-848 192 144 ) (-848 64 144 ) (-848 64 208 ) (-848 192 208 ) 
4 364 366 (-848 64 272 ) (-848 192 272 ) (-848 192 208 ) (-848 64 208 ) 
4 364 365 (-784 0 144 ) (-720 64 144 ) (-720 64 272 ) (-784 0 272 ) 
4 365 462 (-704 0 272 ) (-784 0 272 ) (-784 0 144 ) (-704 0 144 ) 
3 365 422 (-720 0 144 ) (-784 0 144 ) (-720 64 144 ) 
4 365 420 (-704 48 144 ) (-704 0 144 ) (-720 0 144 ) (-720 64 144 ) 
3 366 367 (-976 64 208 ) (-848 320 208 ) (-848 64 208 ) 
4 366 368 (-848 320 272 ) (-848 320 208 ) (-976 64 208 ) (-976 64 272 ) 
3 367 423 (-848 320 144 ) (-848 64 144 ) (-976 64 144 ) 
4 367 368 (-848 320 208 ) (-848 320 144 ) (-976 64 144 ) (-976 64 208 ) 
3 368 424 (-976 320 144 ) (-848 320 144 ) (-976 64 144 ) 
4 368 369 (-976 256 144 ) (-976 128 144 ) (-976 128 272 ) (-976 256 272 ) 
4 369 370 (-985 256 272 ) (-985 256 144 ) (-985 128 144 ) (-985 128 272 ) 
4 370 371 (-987 256 272 ) (-987 256 144 ) (-987 128 144 ) (-987 128 272 ) 
4 371 372 (-992 256 144 ) (-992 128 144 ) (-992 128 272 ) (-992 256 272 ) 
4 372 455 (-1024 256 144 ) (-1024 128 144 ) (-1024 128 272 ) (-1024 256 272 ) 
3 373 425 (-106 916 16 ) (-108 914.666687 16 ) (-108 916 16 ) 
4 373 426 (-108 914.666687 16 ) (-112 912 16 ) (-112 976 16 ) (-108 976 16 ) 
4 373 375 (-112 1024 16 ) (-112 976 16 ) (-112 976 144 ) (-112 1024 144 ) 
4 373 374 (-112 912 144 ) (-112 912 16 ) (0 986.666687 16 ) (0 986.667969 144 ) 
5 374 425 (0 916 16 ) (0 912 16 ) (-108 912 16 ) (-108 914.666687 16 ) (-106 916 16 ) 
3 374 426 (-108 912 16 ) (-112 912 16 ) (-108 914.666687 16 ) 
4 374 380 (-48 912 16 ) (0 912 16 ) (0 912 144 ) (-48 912 144 ) 
4 375 376 (-128 1024 16 ) (-128 976 16 ) (-128 976 144 ) (-128 1024 144 ) 
4 376 377 (-208 1024 16 ) (-208 976 16 ) (-208 976 144 ) (-208 1024 144 ) 
4 377 379 (-304 1024 16 ) (-304 976 16 ) (-304 976 144 ) (-304 1024 144 ) 
4 378 382 (-496 912 16 ) (-368 912 16 ) (-368 912 144 ) (-496 912 144 ) 
4 378 379 (-304 912 144 ) (-304 912 16 ) (-416 1024 16 ) (-416 1024 144 ) 
4 380 381 (-48 896 16 ) (0 896 16 ) (0 896 144 ) (-48 896 144 ) 
4 381 391 (-48 704 16 ) (-16 704 16 ) (-16 704 144 ) (-48 704 144 ) 
4 381 388 (-16 704 16 ) (0 704 16 ) (0 704 144 ) (-16 704 144 ) 
4 382 383 (-496 816 144 ) (-496 816 16 ) (-368 816 16 ) (-368 816 144 ) 
4 383 384 (-496 720 144 ) (-496 720 16 ) (-368 720 16 ) (-368 720 144 ) 
4 384 385 (-496 714 144 ) (-496 714 16 ) (-368 714 16 ) (-368 714 144 ) 
4 385 386 (-496 710 144 ) (-496 710 16 ) (-368 710 16 ) (-368 710 144 ) 
4 386 394 (-496 704 16 ) (-368 704 16 ) (-368 704 144 ) (-496 704 144 ) 
4 387 397 (-720 704 16 ) (-592 704 16 ) (-592 704 144 ) (-720 704 144 ) 
4 387 399 (-848 704 16 ) (-720 704 16 ) (-720 704 144 ) (-848 704 144 ) 
4 388 391 (-16 704 144 ) (-16 704 16 ) (-16 686 16 ) (-16 686 144 ) 
4 388 389 (-16 685.996216 144 ) (-16 685.996216 16 ) (0 700.996643 16 ) (0 700.996643 144 ) 
4 389 392 (-16 686 16 ) (-16 672 16 ) (-16 672 144 ) (-16 686 144 ) 
4 391 392 (-23.223852 679.223877 16 ) (-16 685.996216 16 ) (-16 685.996216 144 ) (-23.223852 679.223877 144 ) 
4 393 394 (-280 704 144 ) (-280 704 16 ) (-280 640 16 ) (-280 640 144 ) 
4 394 398 (-496 704 144 ) (-496 704 16 ) (-496 576 16 ) (-496 576 144 ) 
4 394 396 (-496 576 144 ) (-496 576 16 ) (-280 576 16 ) (-280 576 144 ) 
4 395 396 (-280 512 16 ) (-280 448 16 ) (-280 448 144 ) (-280 512 144 ) 
4 396 398 (-496 576 16 ) (-496 448 16 ) (-496 448 144 ) (-496 576 144 ) 
4 397 399 (-720 704 144 ) (-720 704 16 ) (-720 448 16 ) (-720 448 144 ) 
4 397 398 (-720 448 144 ) (-720 448 16 ) (-496 704 16 ) (-496 704 144 ) 
4 399 401 (-848 448 16 ) (-720 448 16 ) (-720 448 80 ) (-848 448 80 ) 
4 399 400 (-720 448 80 ) (-720 448 144 ) (-848 448 144 ) (-848 448 80 ) 
4 400 402 (-720 384 80 ) (-720 384 144 ) (-848 384 144 ) (-848 384 80 ) 
4 400 401 (-848 448 80 ) (-720 448 80 ) (-720 384 80 ) (-848 384 80 ) 
4 401 427 (-848 448 16 ) (-720 448 16 ) (-720 384 16 ) (-848 384 16 ) 
4 401 402 (-848 384 16 ) (-720 384 16 ) (-720 384 80 ) (-848 384 80 ) 
4 402 427 (-848 384 16 ) (-720 384 16 ) (-720 336 16 ) (-848 336 16 ) 
4 402 405 (-848 336 16 ) (-720 336 16 ) (-720 336 144 ) (-848 336 144 ) 
4 403 408 (-336 320 112 ) (-336 320 144 ) (-368 320 144 ) (-368 320 112 ) 
4 404 408 (-416 320 64 ) (-416 320 96 ) (-448 320 96 ) (-448 320 64 ) 
4 405 427 (-848 336 16 ) (-720 336 16 ) (-720 320 16 ) (-848 320 16 ) 
4 405 421 (-848 320 16 ) (-720 320 16 ) (-720 320 144 ) (-848 320 144 ) 
4 406 409 (-64 256 16 ) (0 256 16 ) (0 256 144 ) (-64 256 144 ) 
4 406 407 (0 256 144 ) (0 256 16 ) (-32 288 16 ) (-32 288 144 ) 
4 408 410 (-592 256 144 ) (-592 256 16 ) (-272 256 16 ) (-272 256 144 ) 
4 409 412 (-128 192 16 ) (0 192 16 ) (0 192 144 ) (-128 192 144 ) 
4 410 417 (-592 192 144 ) (-592 192 16 ) (-272 192 16 ) (-272 192 144 ) 
4 411 469 (0 0 16 ) (0 0 144 ) (-64 0 144 ) (-64 0 16 ) 
4 411 429 (-60 0 16 ) (-128 0 16 ) (-124 4 16 ) (-60 4 16 ) 
4 411 412 (0 128 16 ) (-128 0 16 ) (-128 0 144 ) (0 128 144 ) 
3 412 429 (-128 0 16 ) (-128 4 16 ) (-124 4 16 ) 
4 412 413 (-128 192 144 ) (-128 192 16 ) (-128 64 16 ) (-128 64 144 ) 
4 413 414 (-134 192 144 ) (-134 192 16 ) (-134 64 16 ) (-134 64 144 ) 
4 414 415 (-138 192 144 ) (-138 192 16 ) (-138 64 16 ) (-138 64 144 ) 
4 415 416 (-144 192 144 ) (-144 192 16 ) (-144 64 16 ) (-144 64 144 ) 
4 416 418 (-272 192 144 ) (-272 192 16 ) (-272 64 16 ) (-272 64 144 ) 
4 417 419 (-592 96 112 ) (-592 96 80 ) (-592 64 80 ) (-592 64 112 ) 
4 417 418 (-592 0 144 ) (-592 0 16 ) (-272 192 16 ) (-272 192 144 ) 
4 418 470 (-272 0 144 ) (-336 0 144 ) (-336 0 16 ) (-272 0 16 ) 
4 418 471 (-336 0 144 ) (-592 0 144 ) (-592 0 16 ) (-336 0 16 ) 
4 420 473 (-656 0 144 ) (-720 0 144 ) (-720 0 16 ) (-656 0 16 ) 
3 420 430 (-656 0 16 ) (-720 0 16 ) (-720 64 16 ) 
4 420 422 (-720 64 16 ) (-720 0 16 ) (-720 0 144 ) (-720 64 144 ) 
4 421 472 (-784 0 144 ) (-848 0 144 ) (-848 0 16 ) (-784 0 16 ) 
5 421 431 (-784 0 16 ) (-848 0 16 ) (-848 192 16 ) (-720 192 16 ) (-720 64 16 ) 
4 421 428 (-848 192 16 ) (-848 320 16 ) (-720 320 16 ) (-720 192 16 ) 
4 421 423 (-848 320 144 ) (-848 320 16 ) (-848 64 16 ) (-848 64 144 ) 
4 421 422 (-784 0 16 ) (-720 64 16 ) (-720 64 144 ) (-784 0 144 ) 
4 422 473 (-720 0 144 ) (-784 0 144 ) (-784 0 16 ) (-720 0 16 ) 
3 422 432 (-720 0 16 ) (-784 0 16 ) (-720 64 16 ) 
4 423 424 (-848 320 144 ) (-848 320 16 ) (-976 64 16 ) (-976 64 144 ) 
4 425 426 (-108 916 0 ) (-108 912 0 ) (-108 912 16 ) (-108 916 16 ) 
4 427 439 (-848 448 0 ) (-720 448 0 ) (-720 320 0 ) (-848 320 0 ) 
4 427 428 (-848 320 0 ) (-720 320 0 ) (-720 320 16 ) (-848 320 16 ) 
4 428 440 (-848 320 0 ) (-720 320 0 ) (-720 192 0 ) (-848 192 0 ) 
4 428 431 (-848 192 0 ) (-720 192 0 ) (-720 192 16 ) (-848 192 16 ) 
4 429 475 (-60 0 16 ) (-64 0 16 ) (-64 0 0 ) (-60 0 0 ) 
4 430 478 (-656 0 16 ) (-720 0 16 ) (-720 0 0 ) (-656 0 0 ) 
4 430 443 (-704 0 0 ) (-720 0 0 ) (-720 64 0 ) (-704 48 0 ) 
4 430 434 (-656 0 0 ) (-704 0 0 ) (-704 16 0 ) (-672 16 0 ) 
3 430 433 (-704 16 0 ) (-704 48 0 ) (-672 16 0 ) 
4 430 432 (-720 64 0 ) (-720 0 0 ) (-720 0 16 ) (-720 64 16 ) 
4 431 477 (-784 0 16 ) (-848 0 16 ) (-848 0 0 ) (-784 0 0 ) 
4 431 442 (-848 192 0 ) (-720 64 0 ) (-784 0 0 ) (-848 0 0 ) 
3 431 441 (-848 192 0 ) (-720 192 0 ) (-720 64 0 ) 
4 431 432 (-784 0 0 ) (-720 64 0 ) (-720 64 16 ) (-784 0 16 ) 
4 432 478 (-720 0 16 ) (-784 0 16 ) (-784 0 0 ) (-720 0 0 ) 
3 432 443 (-720 64 0 ) (-720 0 0 ) (-784 0 0 ) 
3 433 444 (-704 16 -112 ) (-704 48 -112 ) (-672 16 -112 ) 
4 433 443 (-704 48 -112 ) (-704 16 -112 ) (-704 16 0 ) (-704 48 0 ) 
4 433 437 (-704 16 -80 ) (-704 16 -112 ) (-672 16 -112 ) (-672 16 -80 ) 
4 433 436 (-704 16 -48 ) (-704 16 -80 ) (-672 16 -80 ) (-672 16 -48 ) 
4 433 434 (-704 16 0 ) (-704 16 -48 ) (-672 16 -48 ) (-672 16 0 ) 
4 434 478 (-656 0 0 ) (-704 0 0 ) (-704 0 -48 ) (-656 0 -48 ) 
4 434 443 (-704 0 -48 ) (-704 0 0 ) (-704 16 0 ) (-704 16 -48 ) 
4 434 436 (-704 0 -48 ) (-704 16 -48 ) (-672 16 -48 ) (-656 0 -48 ) 
4 435 476 (-560 0 -80 ) (-528 0 -80 ) (-528 0 -48 ) (-560 0 -48 ) 
4 436 478 (-704 0 -48 ) (-704 0 -80 ) (-656 0 -80 ) (-656 0 -48 ) 
4 436 443 (-704 0 -80 ) (-704 0 -48 ) (-704 16 -48 ) (-704 16 -80 ) 
4 436 437 (-704 0 -80 ) (-704 16 -80 ) (-672 16 -80 ) (-656 0 -80 ) 
4 437 478 (-704 0 -80 ) (-704 0 -112 ) (-656 0 -112 ) (-656 0 -80 ) 
4 437 444 (-656 0 -112 ) (-704 0 -112 ) (-704 16 -112 ) (-672 16 -112 ) 
4 437 443 (-704 16 -112 ) (-704 0 -112 ) (-704 0 -80 ) (-704 16 -80 ) 
4 438 440 (-720 192 -48 ) (-720 192 -16 ) (-720 224 -16 ) (-720 224 -48 ) 
4 439 445 (-848 320 -112 ) (-848 448 -112 ) (-720 448 -112 ) (-720 320 -112 ) 
4 439 440 (-848 320 0 ) (-848 320 -112 ) (-720 320 -112 ) (-720 320 0 ) 
4 440 446 (-848 192 -112 ) (-848 320 -112 ) (-720 320 -112 ) (-720 192 -112 ) 
4 440 441 (-848 192 0 ) (-848 192 -112 ) (-720 192 -112 ) (-720 192 0 ) 
3 441 446 (-848 192 -112 ) (-720 192 -112 ) (-720 64 -112 ) 
4 441 442 (-848 192 0 ) (-848 192 -112 ) (-720 64 -112 ) (-720 64 0 ) 
4 442 477 (-784 0 0 ) (-848 0 0 ) (-848 0 -112 ) (-784 0 -112 ) 
4 442 446 (-784 0 -112 ) (-848 0 -112 ) (-848 192 -112 ) (-720 64 -112 ) 
4 442 443 (-784 0 -112 ) (-720 64 -112 ) (-720 64 0 ) (-784 0 0 ) 
4 443 478 (-704 0 0 ) (-784 0 0 ) (-784 0 -112 ) (-704 0 -112 ) 
3 443 447 (-720 0 -112 ) (-784 0 -112 ) (-720 64 -112 ) 
4 443 444 (-704 0 -112 ) (-720 0 -112 ) (-720 64 -112 ) (-704 48 -112 ) 
4 444 508 (-656 0 -112 ) (-720 0 -112 ) (-720 0 -240 ) (-656 0 -240 ) 
4 444 447 (-720 64 -240 ) (-720 0 -240 ) (-720 0 -112 ) (-720 64 -112 ) 
4 445 446 (-848 320 -112 ) (-848 320 -240 ) (-720 320 -240 ) (-720 320 -112 ) 
4 446 507 (-784 0 -112 ) (-848 0 -112 ) (-848 0 -240 ) (-784 0 -240 ) 
4 446 447 (-784 0 -240 ) (-720 64 -240 ) (-720 64 -112 ) (-784 0 -112 ) 
4 447 508 (-720 0 -112 ) (-784 0 -112 ) (-784 0 -240 ) (-720 0 -240 ) 
4 448 449 (-1024 624 352 ) (-1024 528 352 ) (-1032 528 352 ) (-1032 624 352 ) 
4 449 450 (-1032 624 336 ) (-1024 624 336 ) (-1024 576 336 ) (-1032 576 336 ) 
4 449 451 (-1024 576 336 ) (-1024 528 336 ) (-1032 528 336 ) (-1032 576 336 ) 
4 450 453 (-1072 576 272 ) (-1072 704 272 ) (-1024 704 272 ) (-1024 576 272 ) 
4 450 451 (-1024 576 336 ) (-1072 576 336 ) (-1072 576 272 ) (-1024 576 272 ) 
4 451 454 (-1072 448 272 ) (-1072 576 272 ) (-1024 576 272 ) (-1024 448 272 ) 
4 452 457 (-1152 144 272 ) (-1152 240 272 ) (-1104 240 272 ) (-1104 144 272 ) 
4 453 454 (-1072 576 272 ) (-1072 576 144 ) (-1024 576 144 ) (-1024 576 272 ) 
4 455 456 (-1072 256 144 ) (-1072 128 144 ) (-1072 128 272 ) (-1072 256 272 ) 
4 456 457 (-1080 256 272 ) (-1080 256 144 ) (-1080 128 144 ) (-1080 128 272 ) 
4 458 469 (-64 0 144 ) (0 0 144 ) (0 -64 144 ) (-64 -64 144 ) 
4 458 465 (-64 -64 144 ) (0 -64 144 ) (0 -64 272 ) (-64 -64 272 ) 
4 459 460 (-272 0 144 ) (-272 -64 144 ) (-272 -64 208 ) (-272 0 208 ) 
4 460 470 (-336 0 144 ) (-272 0 144 ) (-272 -64 144 ) (-400 -64 144 ) 
4 460 471 (-592 0 144 ) (-336 0 144 ) (-400 -64 144 ) (-592 -64 144 ) 
4 460 466 (-592 -64 144 ) (-400 -64 144 ) (-400 -64 272 ) (-592 -64 272 ) 
4 460 463 (-592 0 144 ) (-592 -64 144 ) (-592 -64 272 ) (-592 0 272 ) 
3 461 472 (-848 0 144 ) (-784 0 144 ) (-848 -64 144 ) 
4 461 464 (-848 0 144 ) (-848 -64 144 ) (-848 -64 208 ) (-848 0 208 ) 
4 461 462 (-848 -64 272 ) (-848 -64 144 ) (-784 0 144 ) (-784 0 272 ) 
4 462 473 (-784 0 144 ) (-656 0 144 ) (-720 -64 144 ) (-848 -64 144 ) 
4 462 467 (-848 -64 144 ) (-720 -64 144 ) (-720 -64 272 ) (-848 -64 272 ) 
4 462 463 (-720 -64 272 ) (-720 -64 144 ) (-656 0 144 ) (-656 0 272 ) 
4 463 474 (-656 0 144 ) (-592 0 144 ) (-592 -64 144 ) (-720 -64 144 ) 
4 463 468 (-720 -64 144 ) (-592 -64 144 ) (-592 -64 272 ) (-720 -64 272 ) 
4 465 486 (0 -128 144 ) (0 -128 208 ) (-64 -128 208 ) (-64 -128 144 ) 
4 465 483 (0 -128 208 ) (0 -128 272 ) (-64 -128 272 ) (-64 -128 208 ) 
4 465 469 (0 -128 144 ) (-64 -128 144 ) (-64 -64 144 ) (0 -64 144 ) 
4 466 490 (-496 -128 272 ) (-592 -128 272 ) (-592 -128 144 ) (-496 -128 144 ) 
4 466 471 (-464 -128 144 ) (-592 -128 144 ) (-592 -64 144 ) (-400 -64 144 ) 
4 466 468 (-592 -64 272 ) (-592 -64 144 ) (-592 -128 144 ) (-592 -128 272 ) 
3 467 473 (-784 -128 144 ) (-848 -64 144 ) (-720 -64 144 ) 
4 467 468 (-784 -128 272 ) (-784 -128 144 ) (-720 -64 144 ) (-720 -64 272 ) 
4 468 490 (-592 -128 272 ) (-624 -128 272 ) (-624 -128 144 ) (-592 -128 144 ) 
4 468 474 (-592 -128 144 ) (-784 -128 144 ) (-720 -64 144 ) (-592 -64 144 ) 
4 469 495 (0 -128 16 ) (0 -128 144 ) (-64 -128 144 ) (-64 -128 16 ) 
4 469 475 (-60 -128 16 ) (-64 -128 16 ) (-64 0 16 ) (-60 0 16 ) 
4 470 471 (-336 0 16 ) (-400 -64 16 ) (-400 -64 144 ) (-336 0 144 ) 
5 471 476 (-464 -128 16 ) (-592 -128 16 ) (-592 0 16 ) (-400 0 16 ) (-400 -64 16 ) 
4 471 474 (-592 0 16 ) (-592 -128 16 ) (-592 -128 144 ) (-592 0 144 ) 
3 472 477 (-848 -64 16 ) (-848 0 16 ) (-784 0 16 ) 
4 472 473 (-848 -64 144 ) (-848 -64 16 ) (-784 0 16 ) (-784 0 144 ) 
4 473 478 (-784 -128 16 ) (-848 -64 16 ) (-784 0 16 ) (-656 0 16 ) 
4 473 474 (-784 -128 16 ) (-656 0 16 ) (-656 0 144 ) (-784 -128 144 ) 
4 474 479 (-592 -128 16 ) (-784 -128 16 ) (-656 0 16 ) (-592 0 16 ) 
5 476 509 (-592 0 -112 ) (-400 0 -112 ) (-400 -64 -112 ) (-464 -128 -112 ) (-592 -128 -112 ) 
4 476 479 (-592 0 -112 ) (-592 -128 -112 ) (-592 -128 16 ) (-592 0 16 ) 
3 477 507 (-848 0 -112 ) (-784 0 -112 ) (-848 -64 -112 ) 
4 477 478 (-848 -64 16 ) (-848 -64 -112 ) (-784 0 -112 ) (-784 0 16 ) 
4 478 508 (-784 0 -112 ) (-656 0 -112 ) (-784 -128 -112 ) (-848 -64 -112 ) 
4 478 479 (-784 -128 16 ) (-784 -128 -112 ) (-656 0 -112 ) (-656 0 16 ) 
4 479 510 (-656 0 -112 ) (-592 0 -112 ) (-592 -128 -112 ) (-784 -128 -112 ) 
4 479 505 (-624 -128 -48 ) (-656 -128 -48 ) (-656 -128 -80 ) (-624 -128 -80 ) 
4 480 482 (-608 -304 288 ) (-608 -256 288 ) (-512 -256 288 ) (-512 -304 288 ) 
4 481 485 (0 -592 272 ) (0 -784 272 ) (-96 -784 272 ) (-96 -592 272 ) 
4 482 494 (-608 -256 272 ) (-512 -256 272 ) (-512 -304 272 ) (-608 -304 272 ) 
4 483 486 (-64 -128 208 ) (0 -128 208 ) (0 -384 208 ) (-64 -384 208 ) 
4 483 484 (-64 -128 208 ) (-64 -384 208 ) (-64 -384 272 ) (-64 -128 272 ) 
4 484 488 (-128 -384 208 ) (-128 -128 208 ) (-64 -128 208 ) (-64 -384 208 ) 
4 485 489 (-96 -592 208 ) (-64 -592 208 ) (-64 -784 208 ) (-96 -784 208 ) 
4 485 487 (-64 -592 208 ) (0 -592 208 ) (0 -784 208 ) (-64 -784 208 ) 
4 486 495 (-64 -384 144 ) (-64 -128 144 ) (0 -128 144 ) (0 -384 144 ) 
4 486 488 (-64 -128 144 ) (-64 -384 144 ) (-64 -384 208 ) (-64 -128 208 ) 
4 487 499 (-64 -832 144 ) (-64 -512 144 ) (0 -512 144 ) (0 -832 144 ) 
4 487 489 (-64 -512 144 ) (-64 -832 144 ) (-64 -832 208 ) (-64 -512 208 ) 
4 488 496 (-128 -384 144 ) (-128 -128 144 ) (-64 -128 144 ) (-64 -384 144 ) 
4 489 500 (-128 -768 144 ) (-128 -576 144 ) (-64 -512 144 ) (-64 -832 144 ) 
4 490 491 (-624 -137 272 ) (-624 -137 144 ) (-496 -137 144 ) (-496 -137 272 ) 
4 491 492 (-624 -139 272 ) (-624 -139 144 ) (-496 -139 144 ) (-496 -139 272 ) 
4 492 493 (-624 -144 144 ) (-496 -144 144 ) (-496 -144 272 ) (-624 -144 272 ) 
4 493 494 (-624 -232 272 ) (-624 -232 144 ) (-496 -232 144 ) (-496 -232 272 ) 
4 495 497 (-64 -384 16 ) (0 -384 16 ) (0 -384 144 ) (-64 -384 144 ) 
4 495 496 (-64 -128 16 ) (-64 -384 16 ) (-64 -384 144 ) (-64 -128 144 ) 
4 496 501 (-124 -128 16 ) (-64 -128 16 ) (-64 -132 16 ) (-124 -132 16 ) 
4 496 502 (-64 -380 16 ) (-64 -384 16 ) (-124 -384 16 ) (-124 -380 16 ) 
4 496 503 (-128 -128 16 ) (-124 -128 16 ) (-124 -384 16 ) (-128 -384 16 ) 
4 497 498 (-64 -400 144 ) (-64 -400 16 ) (0 -400 16 ) (0 -400 144 ) 
4 498 499 (-64 -496 144 ) (-64 -496 16 ) (0 -496 16 ) (0 -496 144 ) 
4 499 504 (0 -592 16 ) (0 -784 16 ) (-64 -784 16 ) (-64 -592 16 ) 
4 499 500 (-64 -512 16 ) (-64 -832 16 ) (-64 -832 144 ) (-64 -512 144 ) 
4 500 504 (-64 -592 16 ) (-64 -784 16 ) (-96 -784 16 ) (-96 -592 16 ) 
4 501 503 (-124 -128 0 ) (-124 -132 0 ) (-124 -132 16 ) (-124 -128 16 ) 
4 502 503 (-124 -380 0 ) (-124 -384 0 ) (-124 -384 16 ) (-124 -380 16 ) 
4 504 506 (-96 -592 0 ) (0 -592 0 ) (0 -784 0 ) (-96 -784 0 ) 
4 506 511 (0 -592 -112 ) (0 -784 -112 ) (-96 -784 -112 ) (-96 -592 -112 ) 
4 507 508 (-848 -64 -112 ) (-848 -64 -240 ) (-784 0 -240 ) (-784 0 -112 ) 
4 508 510 (-784 -128 -112 ) (-784 -128 -240 ) (-656 0 -240 ) (-656 0 -112 ) 
4 509 510 (-592 0 -240 ) (-592 -128 -240 ) (-592 -128 -112 ) (-592 0 -112 ) 
4 511 512 (0 -784 -192 ) (-96 -784 -192 ) (-96 -592 -192 ) (0 -592 -192 ) 
4 512 513 (-96 -784 -240 ) (-96 -592 -240 ) (0 -592 -240 ) (0 -784 -240 ) 
4 513 514 (-96 -592 -400 ) (0 -592 -400 ) (0 -784 -400 ) (-96 -784 -400 ) 
4 514 515 (-96 -592 -592 ) (0 -592 -592 ) (0 -784 -592 ) (-96 -784 -592 ) 
