PRT1
474
907
4 0 1 (656 32 256 ) (656 224 256 ) (848 224 256 ) (848 32 256 ) 
4 1 2 (656 32 192 ) (656 224 192 ) (848 224 192 ) (848 32 192 ) 
4 2 24 (896 64 128 ) (832 0 128 ) (640 0 128 ) (576 64 128 ) 
4 2 17 (896 192 128 ) (896 64 128 ) (576 64 128 ) (576 192 128 ) 
4 2 13 (896 192 128 ) (576 192 128 ) (640 256 128 ) (832 256 128 ) 
4 3 14 (448 256 128 ) (448 192 128 ) (192 192 128 ) (192 256 128 ) 
4 3 4 (192 192 256 ) (192 192 128 ) (448 192 128 ) (448 192 256 ) 
4 4 20 (448 192 128 ) (448 64 128 ) (192 64 128 ) (192 192 128 ) 
4 4 6 (192 192 128 ) (192 64 128 ) (192 64 256 ) (192 192 256 ) 
4 4 5 (192 64 256 ) (192 64 128 ) (448 64 128 ) (448 64 256 ) 
4 5 25 (448 64 128 ) (448 0 128 ) (192 0 128 ) (192 64 128 ) 
4 6 21 (192 192 128 ) (192 64 128 ) (64 64 128 ) (64 192 128 ) 
4 6 9 (64 192 128 ) (64 128 128 ) (64 128 256 ) (64 192 256 ) 
4 6 10 (64 128 128 ) (64 64 128 ) (64 64 256 ) (64 128 256 ) 
4 7 62 (0 256 256 ) (0 384 256 ) (0 384 128 ) (0 256 128 ) 
4 7 12 (0 256 128 ) (0 384 128 ) (64 384 128 ) (64 256 128 ) 
4 7 8 (0 256 128 ) (64 256 128 ) (64 256 256 ) (0 256 256 ) 
4 8 63 (0 208 256 ) (0 256 256 ) (0 256 128 ) (0 208 128 ) 
4 8 15 (0 208 128 ) (0 256 128 ) (64 256 128 ) (64 192 128 ) 
4 8 9 (0 208 128 ) (64 192 128 ) (64 192 256 ) (0 208 256 ) 
4 9 64 (0 128 256 ) (0 208 256 ) (0 208 128 ) (0 128 128 ) 
4 9 22 (0 128 128 ) (0 192 128 ) (64 192 128 ) (64 128 128 ) 
3 9 16 (0 192 128 ) (0 208 128 ) (64 192 128 ) 
4 9 10 (0 128 128 ) (64 128 128 ) (64 128 256 ) (0 128 256 ) 
4 10 109 (64 0 256 ) (0 0 256 ) (0 0 128 ) (64 0 128 ) 
4 10 65 (0 0 128 ) (0 0 256 ) (0 128 256 ) (0 128 128 ) 
4 10 27 (64 48 128 ) (64 0 128 ) (48 0 128 ) (48 48 128 ) 
4 10 26 (48 64 128 ) (64 64 128 ) (64 48 128 ) (48 48 128 ) 
4 10 28 (0 0 128 ) (0 64 128 ) (48 64 128 ) (48 0 128 ) 
4 10 23 (0 64 128 ) (0 128 128 ) (64 128 128 ) (64 64 128 ) 
4 12 72 (0 256 128 ) (0 384 128 ) (0 384 0 ) (0 256 0 ) 
4 12 15 (0 256 0 ) (64 256 0 ) (64 256 128 ) (0 256 128 ) 
4 13 29 (848 224 0 ) (848 192 0 ) (656 192 0 ) (656 224 0 ) 
4 13 17 (576 192 0 ) (896 192 0 ) (896 192 128 ) (576 192 128 ) 
4 14 31 (196 256 0 ) (444 256 0 ) (444 252 0 ) (196 252 0 ) 
4 14 30 (444 256 0 ) (448 256 0 ) (448 192 0 ) (444 192 0 ) 
4 14 32 (192 256 0 ) (196 256 0 ) (196 192 0 ) (192 192 0 ) 
4 14 20 (192 192 0 ) (448 192 0 ) (448 192 128 ) (192 192 128 ) 
4 15 73 (0 208 128 ) (0 256 128 ) (0 256 0 ) (0 208 0 ) 
4 15 16 (0 208 0 ) (64 192 0 ) (64 192 128 ) (0 208 128 ) 
4 16 74 (0 192 128 ) (0 208 128 ) (0 208 0 ) (0 192 0 ) 
4 16 22 (0 192 0 ) (64 192 0 ) (64 192 128 ) (0 192 128 ) 
4 17 29 (656 192 0 ) (848 192 0 ) (848 64 0 ) (656 64 0 ) 
4 17 24 (576 64 0 ) (896 64 0 ) (896 64 128 ) (576 64 128 ) 
4 17 18 (576 192 128 ) (576 192 0 ) (576 64 0 ) (576 64 128 ) 
4 18 19 (464 192 128 ) (464 192 0 ) (464 64 0 ) (464 64 128 ) 
4 19 20 (448 192 128 ) (448 192 0 ) (448 64 0 ) (448 64 128 ) 
4 20 25 (192 64 0 ) (448 64 0 ) (448 64 128 ) (192 64 128 ) 
4 20 21 (192 192 128 ) (192 192 0 ) (192 64 0 ) (192 64 128 ) 
4 21 36 (64 192 0 ) (192 192 0 ) (192 188 0 ) (64 188 0 ) 
4 21 37 (192 68 0 ) (192 64 0 ) (64 64 0 ) (64 68 0 ) 
4 21 23 (64 128 0 ) (64 64 0 ) (64 64 128 ) (64 128 128 ) 
4 21 22 (64 192 128 ) (64 192 0 ) (64 128 0 ) (64 128 128 ) 
4 22 74 (0 128 128 ) (0 192 128 ) (0 192 0 ) (0 128 0 ) 
4 22 23 (0 128 0 ) (64 128 0 ) (64 128 128 ) (0 128 128 ) 
4 23 75 (0 64 128 ) (0 128 128 ) (0 128 0 ) (0 64 0 ) 
4 23 26 (48 64 0 ) (64 64 0 ) (64 64 128 ) (48 64 128 ) 
4 23 28 (0 64 0 ) (48 64 0 ) (48 64 128 ) (0 64 128 ) 
4 24 29 (656 32 0 ) (656 64 0 ) (848 64 0 ) (848 32 0 ) 
4 25 34 (444 0 0 ) (196 0 0 ) (196 4 0 ) (444 4 0 ) 
4 25 33 (448 0 0 ) (444 0 0 ) (444 64 0 ) (448 64 0 ) 
4 25 35 (196 0 0 ) (192 0 0 ) (192 64 0 ) (196 64 0 ) 
4 26 28 (48 64 128 ) (48 64 0 ) (48 48 0 ) (48 48 128 ) 
4 26 27 (48 48 128 ) (48 48 0 ) (64 48 0 ) (64 48 128 ) 
4 27 110 (64 0 128 ) (48 0 128 ) (48 0 0 ) (64 0 0 ) 
4 27 28 (48 48 0 ) (48 0 0 ) (48 0 128 ) (48 48 128 ) 
4 28 112 (48 0 128 ) (0 0 128 ) (0 0 0 ) (48 0 0 ) 
4 28 75 (0 0 0 ) (0 0 128 ) (0 64 128 ) (0 64 0 ) 
4 29 38 (848 224 -16 ) (848 32 -16 ) (656 32 -16 ) (656 224 -16 ) 
4 30 31 (444 256 0 ) (444 256 -16 ) (444 252 -16 ) (444 252 0 ) 
4 31 32 (196 256 0 ) (196 256 -16 ) (196 252 -16 ) (196 252 0 ) 
4 33 34 (444 4 -16 ) (444 0 -16 ) (444 0 0 ) (444 4 0 ) 
4 34 35 (196 4 -16 ) (196 0 -16 ) (196 0 0 ) (196 4 0 ) 
4 38 39 (848 32 -208 ) (656 32 -208 ) (656 224 -208 ) (848 224 -208 ) 
4 39 40 (848 32 -400 ) (656 32 -400 ) (656 224 -400 ) (848 224 -400 ) 
4 40 41 (656 32 -416 ) (656 224 -416 ) (848 224 -416 ) (848 32 -416 ) 
8 41 42 (576 64 -480 ) (576 192 -480 ) (640 256 -480 ) (832 256 -480 ) (896 192 -480 ) (896 64 -480 ) (832 0 -480 ) (640 0 -480 ) 
4 42 43 (656 32 -608 ) (656 224 -608 ) (848 224 -608 ) (848 32 -608 ) 
4 44 45 (0 256 392 ) (-128 256 392 ) (-128 384 392 ) (0 384 392 ) 
8 45 46 (-64 276 280 ) (-95 289 280 ) (-108 320 280 ) (-95 351 280 ) (-64 364 280 ) (-33 351 280 ) (-20 320 280 ) (-33 289 280 ) 
8 46 47 (-20 319.997772 272 ) (-32.998047 289 272 ) (-64 276 272 ) (-95 289 272 ) (-108 320 272 ) (-95 351 272 ) (-64.001724 364 272 ) (-32.998253 350.995850 272 ) 
8 47 48 (-64 276 264 ) (-95 289 264 ) (-108 320 264 ) (-95 351 264 ) (-64 364 264 ) (-33 351 264 ) (-20 320 264 ) (-33 289 264 ) 
4 48 62 (0 384 256 ) (0 256 256 ) (-128 256 256 ) (-128 384 256 ) 
4 49 50 (-472 96 320 ) (-568 96 320 ) (-568 192 320 ) (-472 192 320 ) 
4 50 69 (-640 256 256 ) (-400 256 256 ) (-400 96 256 ) (-640 96 256 ) 
4 50 51 (-640 96 256 ) (-400 96 256 ) (-400 96 320 ) (-640 96 320 ) 
4 51 170 (-400 0 320 ) (-640 0 320 ) (-640 0 256 ) (-400 0 256 ) 
4 51 69 (-400 0 256 ) (-640 0 256 ) (-640 96 256 ) (-400 96 256 ) 
4 52 55 (-768 128 512 ) (-768 48 512 ) (-896 48 512 ) (-896 128 512 ) 
4 52 54 (-896 48 512 ) (-768 48 512 ) (-768 48 576 ) (-896 48 576 ) 
4 53 135 (-880 0 608 ) (-880 0 576 ) (-784 0 576 ) (-784 0 608 ) 
4 53 54 (-880 48 576 ) (-784 48 576 ) (-784 0 576 ) (-880 0 576 ) 
4 54 138 (-896 0 512 ) (-768 0 512 ) (-768 0 528 ) (-896 0 528 ) 
4 54 136 (-768 0 528 ) (-768 0 576 ) (-896 0 576 ) (-896 0 528 ) 
4 54 56 (-768 48 512 ) (-768 0 512 ) (-896 0 512 ) (-896 48 512 ) 
4 55 56 (-896 48 384 ) (-768 48 384 ) (-768 48 512 ) (-896 48 512 ) 
4 56 143 (-896 0 384 ) (-768 0 384 ) (-768 0 512 ) (-896 0 512 ) 
4 57 147 (-944 0 384 ) (-912 0 384 ) (-912 0 512 ) (-944 0 512 ) 
4 57 61 (-944 48 384 ) (-912 48 384 ) (-912 0 384 ) (-944 0 384 ) 
4 57 60 (-944 16 384 ) (-944 0 384 ) (-944 0 496 ) (-944 16 496 ) 
4 57 59 (-944 0 496 ) (-944 0 512 ) (-944 16 512 ) (-944 16 496 ) 
4 57 58 (-944 48 512 ) (-944 48 384 ) (-944 16 384 ) (-944 16 512 ) 
4 58 85 (-1024 16 512 ) (-1024 48 512 ) (-1024 48 384 ) (-1024 16 384 ) 
4 58 61 (-1024 16 384 ) (-1024 48 384 ) (-944 48 384 ) (-944 16 384 ) 
4 58 60 (-1024 16 384 ) (-944 16 384 ) (-944 16 496 ) (-1024 16 496 ) 
4 58 59 (-944 16 496 ) (-944 16 512 ) (-1024 16 512 ) (-1024 16 496 ) 
4 59 148 (-1024 0 512 ) (-1024 0 496 ) (-944 0 496 ) (-944 0 512 ) 
4 59 86 (-1024 0 496 ) (-1024 0 512 ) (-1024 16 512 ) (-1024 16 496 ) 
4 59 60 (-1024 16 496 ) (-944 16 496 ) (-944 0 496 ) (-1024 0 496 ) 
4 60 149 (-1024 0 496 ) (-1024 0 384 ) (-944 0 384 ) (-944 0 496 ) 
4 60 87 (-1024 0 384 ) (-1024 0 496 ) (-1024 16 496 ) (-1024 16 384 ) 
4 60 61 (-1024 0 384 ) (-1024 16 384 ) (-944 16 384 ) (-944 0 384 ) 
4 61 176 (-1024 0 384 ) (-1024 0 256 ) (-912 0 256 ) (-912 0 384 ) 
4 61 92 (-1024 0 256 ) (-1024 0 384 ) (-1024 48 384 ) (-1024 48 256 ) 
4 61 70 (-1024 0 256 ) (-1024 48 256 ) (-912 48 256 ) (-912 0 256 ) 
4 62 72 (-192 256 128 ) (-192 384 128 ) (0 384 128 ) (0 256 128 ) 
4 62 63 (-192 256 256 ) (-192 256 128 ) (0 256 128 ) (0 256 256 ) 
3 63 73 (-192 256 128 ) (0 256 128 ) (0 208 128 ) 
4 63 64 (-192 256 256 ) (-192 256 128 ) (0 208 128 ) (0 208 256 ) 
4 64 74 (-192 128 128 ) (-192 256 128 ) (0 208 128 ) (0 128 128 ) 
4 64 66 (-192 256 128 ) (-192 128 128 ) (-192 128 256 ) (-192 256 256 ) 
4 64 65 (-192 128 256 ) (-192 128 128 ) (0 128 128 ) (0 128 256 ) 
4 65 227 (0 0 128 ) (0 0 256 ) (-128 0 256 ) (-128 0 128 ) 
4 65 75 (0 0 128 ) (-192 0 128 ) (-192 128 128 ) (0 128 128 ) 
4 65 67 (-192 128 128 ) (-192 0 128 ) (-192 0 256 ) (-192 128 256 ) 
4 66 76 (-384 128 128 ) (-384 256 128 ) (-192 256 128 ) (-192 128 128 ) 
4 66 68 (-384 192 128 ) (-384 128 128 ) (-384 128 256 ) (-384 192 256 ) 
4 66 67 (-384 128 256 ) (-384 128 128 ) (-192 128 128 ) (-192 128 256 ) 
4 67 77 (-192 0 128 ) (-384 0 128 ) (-384 128 128 ) (-192 128 128 ) 
4 67 68 (-384 128 128 ) (-384 64 128 ) (-384 64 256 ) (-384 128 256 ) 
4 68 69 (-400 192 128 ) (-400 64 128 ) (-400 64 256 ) (-400 192 256 ) 
4 69 231 (-400 0 256 ) (-640 0 256 ) (-640 0 128 ) (-400 0 128 ) 
4 70 233 (-912 0 256 ) (-1024 0 256 ) (-1024 0 240 ) (-912 0 240 ) 
4 70 94 (-1024 0 240 ) (-1024 0 256 ) (-1024 48 256 ) (-1024 48 240 ) 
4 70 71 (-1024 48 240 ) (-912 48 240 ) (-912 0 240 ) (-1024 0 240 ) 
4 71 234 (-1024 0 240 ) (-1024 0 128 ) (-912 0 128 ) (-912 0 240 ) 
4 71 95 (-1024 0 128 ) (-1024 0 240 ) (-1024 48 240 ) (-1024 48 128 ) 
4 71 78 (-912 0 128 ) (-1024 0 128 ) (-1024 48 128 ) (-912 48 128 ) 
4 72 73 (-192 256 128 ) (-192 256 0 ) (0 256 0 ) (0 256 128 ) 
4 73 74 (-192 256 128 ) (-192 256 0 ) (0 208 0 ) (0 208 128 ) 
4 74 76 (-192 256 0 ) (-192 128 0 ) (-192 128 128 ) (-192 256 128 ) 
4 74 75 (-192 128 128 ) (-192 128 0 ) (0 128 0 ) (0 128 128 ) 
4 75 241 (0 0 0 ) (0 0 128 ) (-128 0 128 ) (-128 0 0 ) 
4 75 77 (-192 128 0 ) (-192 0 0 ) (-192 0 128 ) (-192 128 128 ) 
4 76 77 (-384 128 128 ) (-384 128 0 ) (-192 128 0 ) (-192 128 128 ) 
4 77 246 (-192 0 128 ) (-384 0 128 ) (-384 0 0 ) (-192 0 0 ) 
4 78 249 (-912 0 128 ) (-1024 0 128 ) (-1024 0 0 ) (-912 0 0 ) 
4 78 96 (-1024 0 0 ) (-1024 0 128 ) (-1024 48 128 ) (-1024 48 0 ) 
4 78 79 (-1024 0 0 ) (-1024 48 0 ) (-912 48 0 ) (-912 0 0 ) 
4 79 261 (-912 0 -16 ) (-912 0 0 ) (-1024 0 0 ) (-1024 0 -16 ) 
4 79 97 (-1024 0 -16 ) (-1024 0 0 ) (-1024 48 0 ) (-1024 48 -16 ) 
4 79 80 (-1024 48 -16 ) (-912 48 -16 ) (-912 0 -16 ) (-1024 0 -16 ) 
4 80 262 (-912 0 -32 ) (-912 0 -16 ) (-1024 0 -16 ) (-1024 0 -32 ) 
4 80 98 (-1024 0 -32 ) (-1024 0 -16 ) (-1024 48 -16 ) (-1024 48 -32 ) 
4 80 81 (-1024 0 -32 ) (-1024 48 -32 ) (-912 48 -32 ) (-912 0 -32 ) 
4 81 278 (-912 0 -144 ) (-912 0 -128 ) (-1024 0 -128 ) (-1024 0 -144 ) 
4 81 269 (-912 0 -128 ) (-912 0 -64 ) (-1024 0 -64 ) (-1024 0 -128 ) 
4 81 263 (-912 0 -64 ) (-912 0 -32 ) (-1024 0 -32 ) (-1024 0 -64 ) 
4 81 99 (-1024 0 -144 ) (-1024 0 -32 ) (-1024 48 -32 ) (-1024 48 -144 ) 
4 81 82 (-1024 48 -144 ) (-912 48 -144 ) (-912 0 -144 ) (-1024 0 -144 ) 
4 82 283 (-912 0 -272 ) (-912 0 -256 ) (-1024 0 -256 ) (-1024 0 -272 ) 
4 82 279 (-912 0 -256 ) (-912 0 -144 ) (-1024 0 -144 ) (-1024 0 -256 ) 
4 82 100 (-1024 0 -272 ) (-1024 0 -144 ) (-1024 48 -144 ) (-1024 48 -272 ) 
4 83 316 (-1288 0 608 ) (-1288 0 576 ) (-1192 0 576 ) (-1192 0 608 ) 
4 83 84 (-1192 8 576 ) (-1192 0 576 ) (-1288 0 576 ) (-1288 8 576 ) 
4 84 317 (-1120 0 576 ) (-1360 0 576 ) (-1360 0 512 ) (-1120 0 512 ) 
4 84 91 (-1120 0 512 ) (-1360 0 512 ) (-1360 48 512 ) (-1120 48 512 ) 
4 85 92 (-1024 48 384 ) (-1024 16 384 ) (-1072 16 384 ) (-1104 48 384 ) 
4 85 90 (-1104.001953 48 512 ) (-1104.001953 48 384 ) (-1072.001953 16 384 ) (-1072.002808 16 512 ) 
4 85 87 (-1071.994141 16 496 ) (-1071.994141 16 384 ) (-1024 16 384 ) (-1024 16 496 ) 
4 85 86 (-1071.994141 16 512 ) (-1071.994141 16 496 ) (-1024 16 496 ) (-1024 16 512 ) 
4 86 294 (-1024 0 496 ) (-1024 0 512 ) (-1056 0 512 ) (-1056 0 496 ) 
4 86 88 (-1056.003052 0 496 ) (-1056.003174 0 512 ) (-1072.002808 16 512 ) (-1072.002686 16 496 ) 
4 86 87 (-1055.997437 0 496 ) (-1071.996094 16 496 ) (-1024 16 496 ) (-1024 0 496 ) 
4 87 295 (-1024 0 384 ) (-1024 0 496 ) (-1056 0 496 ) (-1056 0 384 ) 
4 87 92 (-1024 16 384 ) (-1024 0 384 ) (-1056 0 384 ) (-1072 16 384 ) 
4 87 89 (-1072.001953 16 384 ) (-1056.001953 0 384 ) (-1056.003052 0 496 ) (-1072.002686 16 496 ) 
4 88 296 (-1056 0 512 ) (-1072 0 512 ) (-1072 0 496 ) (-1056 0 496 ) 
4 88 90 (-1072 16.001938 512 ) (-1072 16.001938 496 ) (-1072 0 496 ) (-1072 0 512 ) 
3 88 89 (-1072 0 496 ) (-1072 16 496 ) (-1056 0 496 ) 
4 89 297 (-1072 0 496 ) (-1072 0 384 ) (-1056 0 384 ) (-1056 0 496 ) 
3 89 93 (-1056 0 384 ) (-1072 0 384 ) (-1072 16 384 ) 
4 89 90 (-1072 16.001938 496 ) (-1072 16.001942 384 ) (-1072 0 384 ) (-1072 0 496 ) 
4 90 299 (-1072 0 512 ) (-1104 0 512 ) (-1104 0 384 ) (-1072 0 384 ) 
4 90 93 (-1072 0 384 ) (-1104 0 384 ) (-1104 48 384 ) (-1072 16 384 ) 
4 91 318 (-1120 0 512 ) (-1360 0 512 ) (-1360 0 384 ) (-1120 0 384 ) 
4 92 302 (-1024 0 256 ) (-1024 0 384 ) (-1056 0 384 ) (-1056 0 256 ) 
4 92 94 (-1024 0 256 ) (-1056 0 256 ) (-1104 48 256 ) (-1024 48 256 ) 
4 92 93 (-1104 48 384 ) (-1104 48 256 ) (-1056 0 256 ) (-1056 0 384 ) 
4 93 303 (-1056 0 384 ) (-1104 0 384 ) (-1104 0 256 ) (-1056 0 256 ) 
3 93 94 (-1056 0 256 ) (-1104 0 256 ) (-1104 48 256 ) 
4 94 309 (-1024 0 240 ) (-1024 0 256 ) (-1104 0 256 ) (-1104 0 240 ) 
4 94 95 (-1104 0 240 ) (-1104 48 240 ) (-1024 48 240 ) (-1024 0 240 ) 
4 95 310 (-1024 0 128 ) (-1024 0 240 ) (-1104 0 240 ) (-1104 0 128 ) 
4 95 96 (-1024 0 128 ) (-1104 0 128 ) (-1104 48 128 ) (-1024 48 128 ) 
4 96 311 (-1024 0 0 ) (-1024 0 128 ) (-1104 0 128 ) (-1104 0 0 ) 
4 96 97 (-1104 0 0 ) (-1104 48 0 ) (-1024 48 0 ) (-1024 0 0 ) 
4 97 312 (-1024 0 -16 ) (-1024 0 0 ) (-1104 0 0 ) (-1104 0 -16 ) 
4 97 98 (-1024 0 -16 ) (-1104 0 -16 ) (-1104 48 -16 ) (-1024 48 -16 ) 
4 98 313 (-1024 0 -32 ) (-1024 0 -16 ) (-1104 0 -16 ) (-1104 0 -32 ) 
4 98 99 (-1104 0 -32 ) (-1104 48 -32 ) (-1024 48 -32 ) (-1024 0 -32 ) 
4 99 314 (-1024 0 -144 ) (-1024 0 -32 ) (-1104 0 -32 ) (-1104 0 -144 ) 
4 99 100 (-1024 0 -144 ) (-1104 0 -144 ) (-1104 48 -144 ) (-1024 48 -144 ) 
4 100 315 (-1024 0 -272 ) (-1024 0 -144 ) (-1104 0 -144 ) (-1104 0 -272 ) 
4 101 102 (208 -336 256 ) (208 -464 256 ) (208 -464 384 ) (208 -336 384 ) 
4 102 107 (80 -464 384 ) (80 -368 384 ) (80 -368 256 ) (80 -464 256 ) 
4 102 106 (80 -368 384 ) (80 -336 384 ) (80 -336 256 ) (80 -368 256 ) 
4 103 116 (64 -176 192 ) (64 -208 192 ) (64 -208 224 ) (64 -176 224 ) 
4 104 132 (64 -272 -64 ) (64 -272 0 ) (64 -208 0 ) (64 -208 -64 ) 
4 105 119 (64 -304 448 ) (64 -272 448 ) (64 -272 416 ) (64 -304 416 ) 
4 106 126 (64 -368 256 ) (64 -368 384 ) (64 -360 384 ) (64 -360 256 ) 
4 106 124 (64 -360 384 ) (64 -336 384 ) (64 -336 256 ) (64 -360 256 ) 
4 106 107 (64 -368 384 ) (64 -368 256 ) (80 -368 256 ) (80 -368 384 ) 
4 107 129 (64 -464 256 ) (64 -464 384 ) (64 -440 384 ) (64 -440 256 ) 
4 107 126 (64 -440 384 ) (64 -368 384 ) (64 -368 256 ) (64 -440 256 ) 
4 108 131 (64 -400 128 ) (64 -368 128 ) (64 -368 96 ) (64 -400 96 ) 
4 109 227 (0 0 256 ) (0 0 128 ) (0 -64 128 ) (0 -64 256 ) 
4 109 111 (64 -64 128 ) (48 -64 128 ) (48 -48 128 ) (64 -48 128 ) 
4 109 110 (48 -48 128 ) (48 0 128 ) (64 0 128 ) (64 -48 128 ) 
4 109 112 (48 -64 128 ) (0 -64 128 ) (0 0 128 ) (48 0 128 ) 
4 110 112 (48 0 0 ) (48 -48 0 ) (48 -48 128 ) (48 0 128 ) 
4 110 111 (48 -48 128 ) (48 -48 0 ) (64 -48 0 ) (64 -48 128 ) 
4 111 112 (48 -48 0 ) (48 -64 0 ) (48 -64 128 ) (48 -48 128 ) 
4 112 241 (0 0 128 ) (0 0 0 ) (0 -64 0 ) (0 -64 128 ) 
4 112 113 (32 -64 128 ) (0 -64 128 ) (0 -64 0 ) (32 -64 0 ) 
4 113 242 (0 -68 128 ) (0 -64 128 ) (0 -64 0 ) (0 -68 0 ) 
4 113 114 (0 -68 0 ) (32 -68 0 ) (32 -68 128 ) (0 -68 128 ) 
4 114 243 (0 -76 128 ) (0 -68 128 ) (0 -68 0 ) (0 -76 0 ) 
4 114 115 (0 -76 0 ) (32 -76 0 ) (32 -76 128 ) (0 -76 128 ) 
4 115 244 (0 -80 0 ) (0 -80 128 ) (0 -76 128 ) (0 -76 0 ) 
4 115 117 (0 -80 128 ) (0 -80 0 ) (32 -80 0 ) (32 -80 128 ) 
4 116 228 (0 -208 128 ) (0 -208 256 ) (0 -80 256 ) (0 -80 128 ) 
4 116 130 (64 -208 128 ) (64 -208 256 ) (0 -208 256 ) (0 -208 128 ) 
4 116 117 (64 -208 128 ) (0 -208 128 ) (0 -80 128 ) (64 -80 128 ) 
4 117 245 (0 -208 0 ) (0 -208 128 ) (0 -80 128 ) (0 -80 0 ) 
4 117 131 (64 -208 0 ) (64 -208 128 ) (0 -208 128 ) (0 -208 0 ) 
4 117 118 (64 -208 0 ) (0 -208 0 ) (0 -80 0 ) (64 -80 0 ) 
4 118 267 (0 -80 -128 ) (0 -208 -128 ) (0 -208 -64 ) (0 -80 -64 ) 
4 118 264 (0 -208 -64 ) (0 -208 0 ) (0 -144 0 ) (0 -144 -64 ) 
4 118 256 (0 -144 0 ) (0 -80 0 ) (0 -80 -64 ) (0 -144 -64 ) 
4 118 133 (0 -208 -128 ) (0 -80 -128 ) (64 -80 -128 ) (64 -208 -128 ) 
4 118 132 (0 -208 -128 ) (64 -208 -128 ) (64 -208 0 ) (0 -208 0 ) 
4 119 158 (0 -592 425.911377 ) (0 -592 512 ) (0 -208 512 ) (0 -208 425.911346 ) 
4 119 128 (64 -440 388.956665 ) (64 -592 388.956665 ) (0 -592 425.911896 ) (0 -440 425.911896 ) 
4 119 123 (25.822170 -440 411.001526 ) (18.893822 -440 415.002136 ) (18.893822 -360 415.002136 ) (25.822170 -360 411.001526 ) 
4 119 122 (64 -360 388.956665 ) (64 -440 388.956665 ) (25.822170 -440 411.001526 ) (25.822170 -360 411.001526 ) 
4 119 121 (18.893822 -440 415.002136 ) (0 -440 425.911896 ) (0 -360 425.911896 ) (18.893822 -360 415.002136 ) 
4 119 120 (0 -208 425.911926 ) (64 -208 388.956696 ) (64 -360 388.956665 ) (0 -360 425.911896 ) 
4 120 158 (0 -360 425.911377 ) (0 -208 425.911346 ) (0 -208 384 ) (0 -360 384 ) 
4 120 124 (0 -360 384 ) (0 -208 384 ) (64 -208 384 ) (64 -360 384 ) 
4 120 123 (0.995273 -360 384 ) (10.233074 -360 384 ) (25.822632 -360 411.002319 ) (18.894279 -360 415.002930 ) 
4 120 122 (10.233074 -360 384 ) (64 -360 384 ) (64 -360 388.957733 ) (25.822632 -360 411.002319 ) 
4 120 121 (0 -360 384 ) (0.995273 -360 384 ) (18.894279 -360 415.002930 ) (0 -360 425.912964 ) 
4 121 158 (0 -440 425.911377 ) (0 -360 425.911377 ) (0 -360 384 ) (0 -440 384 ) 
4 121 128 (18.892906 -440 415 ) (0 -440 425.909790 ) (0 -440 384 ) (0.995273 -440 384 ) 
4 121 125 (0.995274 -440 384 ) (0 -440 384 ) (0 -360 384 ) (0.995273 -360 384 ) 
4 121 123 (18.894531 -440 415 ) (0.996091 -440 384 ) (0.996094 -360 384 ) (18.894178 -360 415.001343 ) 
4 122 128 (64 -440 384 ) (64 -440 388.954529 ) (25.821251 -440 411 ) (10.233074 -440 384 ) 
4 122 126 (64 -440 384 ) (10.233074 -440 384 ) (10.233074 -360 384 ) (64 -360 384 ) 
4 122 123 (25.822266 -360 410.996094 ) (10.234375 -360 384 ) (10.234375 -440 384 ) (25.822912 -440 411 ) 
4 123 128 (25.821251 -440 411 ) (18.892906 -440 415 ) (0.995273 -440 384 ) (10.233074 -440 384 ) 
4 123 127 (10.233074 -440 384 ) (0.995274 -440 384 ) (0.995273 -360 384 ) (10.233074 -360 384 ) 
4 124 184 (0 -208 384 ) (0 -208 256 ) (0 -360 256 ) (0 -360 384 ) 
4 124 130 (0 -360 256 ) (0 -208 256 ) (64 -208 256 ) (64 -360 256 ) 
4 124 127 (10.233074 -360 384 ) (0.995274 -360 384 ) (0 -360 382.276093 ) (0 -360 366.275543 ) 
5 124 126 (0 -360 256 ) (64 -360 256 ) (64 -360 384 ) (10.233074 -360 384 ) (0 -360 366.275543 ) 
3 124 125 (0.995274 -360 384 ) (0 -360 384 ) (0 -360 382.276093 ) 
4 125 185 (0 -440 382.276093 ) (0 -440 384 ) (0 -360 384 ) (0 -360 382.276093 ) 
3 125 129 (0.995274 -440 384 ) (0 -440 384 ) (0 -440 382.276093 ) 
4 125 127 (0 -360 382.274658 ) (0.996094 -360 384 ) (0.996091 -440 384 ) (0 -440 382.274658 ) 
4 126 186 (0 -360 256 ) (0 -440 256 ) (0 -440 366.275543 ) (0 -360 366.275543 ) 
4 126 130 (0 -440 256 ) (0 -360 256 ) (64 -360 256 ) (64 -440 256 ) 
5 126 129 (0 -440 256 ) (64 -440 256 ) (64 -440 384 ) (10.233074 -440 384 ) (0 -440 366.275543 ) 
4 126 127 (10.234375 -360 384 ) (0 -360 366.273285 ) (0 -440 366.272949 ) (10.234375 -440 384 ) 
4 127 188 (0 -440 366.275543 ) (0 -440 382.276093 ) (0 -360 382.276093 ) (0 -360 366.275543 ) 
4 127 129 (10.233074 -440 384 ) (0.995274 -440 384 ) (0 -440 382.276093 ) (0 -440 366.275543 ) 
4 128 158 (0 -592 384 ) (0 -592 425.911377 ) (0 -440 425.911377 ) (0 -440 384 ) 
4 128 129 (0 -440 384 ) (64 -440 384 ) (64 -592 384 ) (0 -592 384 ) 
4 129 189 (0 -592 256 ) (0 -592 384 ) (0 -440 384 ) (0 -440 256 ) 
4 129 130 (64 -592 256 ) (0 -592 256 ) (0 -440 256 ) (64 -440 256 ) 
4 130 236 (0 -592 128 ) (0 -592 256 ) (0 -208 256 ) (0 -208 128 ) 
4 130 131 (64 -592 128 ) (0 -592 128 ) (0 -208 128 ) (64 -208 128 ) 
4 131 251 (0 -592 0 ) (0 -592 128 ) (0 -208 128 ) (0 -208 0 ) 
4 131 132 (64 -592 0 ) (0 -592 0 ) (0 -208 0 ) (64 -208 0 ) 
4 132 270 (0 -208 -128 ) (0 -592 -128 ) (0 -592 0 ) (0 -208 0 ) 
4 132 134 (0 -592 -128 ) (0 -208 -128 ) (64 -208 -128 ) (64 -592 -128 ) 
4 133 275 (0 -80 -256 ) (0 -208 -256 ) (0 -208 -128 ) (0 -80 -128 ) 
4 133 134 (0 -208 -256 ) (64 -208 -256 ) (64 -208 -128 ) (0 -208 -128 ) 
4 134 280 (0 -208 -256 ) (0 -592 -256 ) (0 -592 -128 ) (0 -208 -128 ) 
4 135 137 (-784 -16 576 ) (-784 -48 576 ) (-880 -48 576 ) (-880 -16 576 ) 
4 135 136 (-880 0 576 ) (-784 0 576 ) (-784 -16 576 ) (-880 -16 576 ) 
4 136 138 (-896 0 528 ) (-768 0 528 ) (-768 -16 528 ) (-896 -16 528 ) 
4 136 137 (-896 -16 576 ) (-896 -16 528 ) (-768 -16 528 ) (-768 -16 576 ) 
4 137 139 (-768 -16 528 ) (-768 -128 528 ) (-896 -128 528 ) (-896 -16 528 ) 
4 138 143 (-896 0 512 ) (-768 0 512 ) (-768 -16 512 ) (-896 -16 512 ) 
4 138 139 (-896 -16 528 ) (-896 -16 512 ) (-768 -16 512 ) (-768 -16 528 ) 
4 139 144 (-768 -16 512 ) (-768 -128 512 ) (-896 -128 512 ) (-896 -16 512 ) 
4 140 158 (-64 -432 512 ) (-64 -400 512 ) (-32 -400 512 ) (-32 -432 512 ) 
4 141 159 (-320 -208 512 ) (-256 -208 512 ) (-256 -272 512 ) (-320 -272 512 ) 
4 142 160 (-384 -464 512 ) (-448 -464 512 ) (-448 -400 512 ) (-384 -400 512 ) 
4 143 144 (-896 -16 512 ) (-896 -16 384 ) (-768 -16 384 ) (-768 -16 512 ) 
4 144 145 (-896 -16 384 ) (-896 -80 384 ) (-896 -80 512 ) (-896 -16 512 ) 
4 145 147 (-912 -16 384 ) (-912 -80 384 ) (-912 -80 512 ) (-912 -16 512 ) 
4 146 175 (-784 -192 384 ) (-912 -192 384 ) (-912 -144 384 ) (-784 -144 384 ) 
4 146 156 (-912 -192 384 ) (-784 -192 384 ) (-784 -192 512 ) (-912 -192 512 ) 
4 146 154 (-912 -144 384 ) (-912 -192 384 ) (-912 -192 512 ) (-912 -144 512 ) 
4 147 176 (-944 0 384 ) (-912 0 384 ) (-912 -144 384 ) (-944 -112 384 ) 
4 147 150 (-944 -112.002525 384 ) (-912 -144.001968 384 ) (-912 -144.001968 512 ) (-944 -112.001961 512 ) 
4 147 149 (-944 0 384 ) (-944 -112 384 ) (-944 -112 496 ) (-944 0 496 ) 
4 147 148 (-944 -112 496 ) (-944 -112 512 ) (-944 0 512 ) (-944 0 496 ) 
4 148 294 (-1024 0 512 ) (-1024 0 496 ) (-1024 -32 496 ) (-1024 -32 512 ) 
4 148 151 (-944 -112.002029 496 ) (-944 -112.001961 512 ) (-1024 -32.001953 512 ) (-1024 -32.002197 496 ) 
4 148 149 (-944 0 496 ) (-944 -112 496 ) (-1024 -32 496 ) (-1024 0 496 ) 
4 149 295 (-1024 0 496 ) (-1024 0 384 ) (-1024 -32 384 ) (-1024 -32 496 ) 
4 149 176 (-1024 -32 384 ) (-1024 0 384 ) (-944 0 384 ) (-944 -112 384 ) 
4 149 152 (-1024 -32.003906 384 ) (-944 -112.002525 384 ) (-944 -112.002029 496 ) (-1024 -32.002197 496 ) 
3 150 177 (-944 -112 384 ) (-912 -144 384 ) (-944 -144 384 ) 
4 150 153 (-944 -112 512 ) (-944 -112 384 ) (-944 -144 384 ) (-944 -144 512 ) 
4 150 154 (-944 -144 384 ) (-912 -144 384 ) (-912 -144 512 ) (-944 -144 512 ) 
4 151 296 (-1024 -112 496 ) (-1024 -112 512 ) (-1024 -32 512 ) (-1024 -32 496 ) 
4 151 153 (-944 -112 496 ) (-944 -112 512 ) (-1024 -112 512 ) (-1024 -112 496 ) 
3 151 152 (-944 -112 496 ) (-1024 -112 496 ) (-1024 -32 496 ) 
4 152 297 (-1024 -32 384 ) (-1024 -112 384 ) (-1024 -112 496 ) (-1024 -32 496 ) 
3 152 177 (-1024 -112 384 ) (-1024 -32 384 ) (-944 -112 384 ) 
4 152 153 (-1024 -112 384 ) (-944 -112 384 ) (-944 -112 496 ) (-1024 -112 496 ) 
4 153 298 (-1024 -112 384 ) (-1024 -144 384 ) (-1024 -144 512 ) (-1024 -112 512 ) 
4 153 177 (-1024 -144 384 ) (-1024 -112 384 ) (-944 -112 384 ) (-944 -144 384 ) 
4 153 154 (-1024 -144 384 ) (-944 -144 384 ) (-944 -144 512 ) (-1024 -144 512 ) 
4 154 300 (-1024 -144 384 ) (-1024 -192 384 ) (-1024 -192 512 ) (-1024 -144 512 ) 
4 154 178 (-1024 -192 384 ) (-1024 -144 384 ) (-912 -144 384 ) (-912 -192 384 ) 
4 154 157 (-1024 -192 384 ) (-912 -192 384 ) (-912 -192 512 ) (-1024 -192 512 ) 
4 155 160 (-512 -208 384 ) (-448 -208 384 ) (-448 -208 448 ) (-512 -208 448 ) 
4 156 180 (-912 -192 384 ) (-784 -192 384 ) (-784 -208 384 ) (-912 -208 384 ) 
4 156 162 (-912 -208 384 ) (-784 -208 384 ) (-784 -208 512 ) (-912 -208 512 ) 
4 156 157 (-912 -192 512 ) (-912 -192 384 ) (-912 -208 384 ) (-912 -208 512 ) 
4 157 300 (-1024 -192 384 ) (-1024 -208 384 ) (-1024 -208 512 ) (-1024 -192 512 ) 
4 157 181 (-1024 -208 384 ) (-1024 -192 384 ) (-912 -192 384 ) (-912 -208 384 ) 
4 157 164 (-1024 -208 384 ) (-912 -208 384 ) (-912 -208 512 ) (-1024 -208 512 ) 
4 158 185 (0 -360 384 ) (0 -440 384 ) (-192 -440 384 ) (-192 -360 384 ) 
4 158 184 (-192 -208 384 ) (0 -208 384 ) (0 -360 384 ) (-192 -360 384 ) 
4 158 189 (0 -440 384 ) (0 -592 384 ) (-192 -592 384 ) (-192 -440 384 ) 
4 158 159 (-192 -208 512 ) (-192 -208 384 ) (-192 -592 384 ) (-192 -592 512 ) 
4 159 190 (-384 -208 384 ) (-192 -208 384 ) (-192 -592 384 ) (-384 -592 384 ) 
4 159 160 (-384 -208 512 ) (-384 -208 384 ) (-384 -592 384 ) (-384 -592 512 ) 
4 160 191 (-576 -208 384 ) (-384 -208 384 ) (-384 -592 384 ) (-576 -592 384 ) 
4 160 167 (-384 -592 448 ) (-384 -592 480 ) (-416 -592 480 ) (-416 -592 448 ) 
4 160 161 (-576 -432 416 ) (-576 -432 448 ) (-576 -400 448 ) (-576 -400 416 ) 
4 162 198 (-912 -208 384 ) (-784 -208 384 ) (-784 -336 384 ) (-912 -336 384 ) 
4 162 164 (-912 -208 512 ) (-912 -208 384 ) (-912 -336 384 ) (-912 -336 512 ) 
4 162 163 (-912 -336 512 ) (-912 -336 384 ) (-784 -336 384 ) (-784 -336 512 ) 
4 163 200 (-784 -336 384 ) (-784 -528 384 ) (-912 -528 384 ) (-912 -336 384 ) 
4 163 165 (-912 -336 384 ) (-912 -528 384 ) (-912 -528 512 ) (-912 -336 512 ) 
4 164 300 (-1024 -208 384 ) (-1024 -336 384 ) (-1024 -336 512 ) (-1024 -208 512 ) 
4 164 199 (-1024 -336 384 ) (-1024 -208 384 ) (-912 -208 384 ) (-912 -336 384 ) 
4 164 165 (-1024 -336 384 ) (-912 -336 384 ) (-912 -336 512 ) (-1024 -336 512 ) 
4 165 301 (-1024 -336 384 ) (-1024 -528 384 ) (-1024 -528 512 ) (-1024 -336 512 ) 
4 165 201 (-1024 -528 384 ) (-1024 -336 384 ) (-912 -336 384 ) (-912 -528 384 ) 
4 166 206 (-976 -560 384 ) (-976 -592 384 ) (-1008 -592 384 ) (-1008 -560 384 ) 
4 168 218 (-480 -624 384 ) (-448 -624 384 ) (-448 -656 384 ) (-480 -656 384 ) 
4 169 228 (-128 -144 256 ) (-192 -144 256 ) (-192 -80 256 ) (-128 -80 256 ) 
4 170 231 (-640 0 256 ) (-400 0 256 ) (-400 -32 256 ) (-640 -32 256 ) 
4 170 173 (-640 -32 320 ) (-640 -32 256 ) (-568 -32 256 ) (-568 -32 320 ) 
4 170 172 (-568 -32 256 ) (-472 -32 256 ) (-472 -32 320 ) (-568 -32 320 ) 
4 170 171 (-472 -32 256 ) (-400 -32 256 ) (-400 -32 320 ) (-472 -32 320 ) 
4 171 231 (-400 -32 256 ) (-400 -128 256 ) (-472 -128 256 ) (-472 -32 256 ) 
4 171 174 (-472 -128 256 ) (-400 -128 256 ) (-400 -128 320 ) (-472 -128 320 ) 
4 171 172 (-472 -32 320 ) (-472 -32 256 ) (-472 -128 256 ) (-472 -128 320 ) 
4 172 231 (-472 -128 256 ) (-568 -128 256 ) (-568 -32 256 ) (-472 -32 256 ) 
4 172 174 (-568 -128 256 ) (-472 -128 256 ) (-472 -128 320 ) (-568 -128 320 ) 
4 172 173 (-568 -32 320 ) (-568 -32 256 ) (-568 -128 256 ) (-568 -128 320 ) 
4 173 231 (-568 -128 256 ) (-640 -128 256 ) (-640 -32 256 ) (-568 -32 256 ) 
4 173 174 (-640 -128 320 ) (-640 -128 256 ) (-568 -128 256 ) (-568 -128 320 ) 
4 174 231 (-400 -128 256 ) (-400 -192 256 ) (-640 -192 256 ) (-640 -128 256 ) 
4 175 182 (-912 -192 256 ) (-784 -192 256 ) (-784 -192 320 ) (-912 -192 320 ) 
4 175 180 (-784 -192 320 ) (-784 -192 384 ) (-912 -192 384 ) (-912 -192 320 ) 
4 175 178 (-912 -144 256 ) (-912 -192 256 ) (-912 -192 384 ) (-912 -144 384 ) 
4 176 302 (-1024 0 384 ) (-1024 0 256 ) (-1024 -32 256 ) (-1024 -32 384 ) 
4 176 233 (-1024 -32 256 ) (-1024 0 256 ) (-912 0 256 ) (-912 -144 256 ) 
4 176 177 (-1024 -32.003475 256 ) (-912 -144.001968 256 ) (-912 -144.001968 384 ) (-1024 -32.001953 384 ) 
4 177 303 (-1024 -32 256 ) (-1024 -144 256 ) (-1024 -144 384 ) (-1024 -32 384 ) 
3 177 233 (-1024 -144 256 ) (-1024 -32 256 ) (-912 -144 256 ) 
4 177 178 (-1024 -144 256 ) (-912 -144 256 ) (-912 -144 384 ) (-1024 -144 384 ) 
4 178 304 (-1024 -144 256 ) (-1024 -192 256 ) (-1024 -192 384 ) (-1024 -144 384 ) 
4 178 183 (-1024 -192 256 ) (-912 -192 256 ) (-912 -192 320 ) (-1024 -192 320 ) 
4 178 181 (-912 -192 320 ) (-912 -192 384 ) (-1024 -192 384 ) (-1024 -192 320 ) 
4 179 190 (-288 -208 352 ) (-288 -208 320 ) (-256 -208 320 ) (-256 -208 352 ) 
4 180 198 (-784 -208 384 ) (-912 -208 384 ) (-912 -208 320 ) (-784 -208 320 ) 
4 180 182 (-784 -208 320 ) (-912 -208 320 ) (-912 -192 320 ) (-784 -192 320 ) 
4 180 181 (-912 -192 384 ) (-912 -192 320 ) (-912 -208 320 ) (-912 -208 384 ) 
4 181 304 (-1024 -208 320 ) (-1024 -208 384 ) (-1024 -192 384 ) (-1024 -192 320 ) 
4 181 199 (-912 -208 384 ) (-1024 -208 384 ) (-1024 -208 320 ) (-912 -208 320 ) 
4 181 183 (-912 -208 320 ) (-1024 -208 320 ) (-1024 -192 320 ) (-912 -192 320 ) 
4 182 198 (-912 -208 256 ) (-784 -208 256 ) (-784 -208 320 ) (-912 -208 320 ) 
4 182 183 (-912 -208 256 ) (-912 -208 320 ) (-912 -192 320 ) (-912 -192 256 ) 
4 183 304 (-1024 -192 256 ) (-1024 -208 256 ) (-1024 -208 320 ) (-1024 -192 320 ) 
4 183 199 (-1024 -208 256 ) (-912 -208 256 ) (-912 -208 320 ) (-1024 -208 320 ) 
4 184 236 (-192 -208 256 ) (0 -208 256 ) (0 -360 256 ) (-192 -360 256 ) 
4 184 190 (-192 -208 384 ) (-192 -208 256 ) (-192 -360 256 ) (-192 -360 384 ) 
4 184 188 (-38.177803 -360 300.148651 ) (0 -360 366.275543 ) (0 -360 382.276093 ) (-45.105392 -360 304.148834 ) 
4 184 187 (-72.903282 -360 256 ) (-63.666649 -360 256 ) (-38.177803 -360 300.148651 ) (-45.105392 -360 304.148834 ) 
3 184 186 (-63.666649 -360 256 ) (0 -360 256 ) (0 -360 366.275543 ) 
5 184 185 (-192 -360 384 ) (-192 -360 256 ) (-72.903282 -360 256 ) (0 -360 382.276093 ) (0 -360 384 ) 
4 185 236 (-72.903290 -440 256 ) (-192 -440 256 ) (-192 -360 256 ) (-72.903282 -360 256 ) 
4 185 190 (-192 -360 256 ) (-192 -440 256 ) (-192 -440 384 ) (-192 -360 384 ) 
4 185 188 (0 -440 382.281403 ) (-45.107437 -440 304.150024 ) (-45.106579 -360 304.149536 ) (0 -360 382.278809 ) 
4 185 187 (-45.107437 -440 304.150024 ) (-72.905800 -440 256 ) (-72.904869 -360 256 ) (-45.106579 -360 304.149536 ) 
5 185 189 (-192 -440 384 ) (-192 -440 256 ) (-72.903282 -440 256 ) (0 -440 382.276093 ) (0 -440 384 ) 
4 186 236 (0 -360 256 ) (0 -440 256 ) (-63.666653 -440 256 ) (-63.666649 -360 256 ) 
4 186 188 (0 -360 366.276703 ) (-38.178371 -360 300.148987 ) (-38.178677 -440 300.149170 ) (0 -440 366.277588 ) 
4 186 187 (-38.178371 -360 300.148987 ) (-63.667480 -360 256 ) (-63.667816 -440 256 ) (-38.178677 -440 300.149170 ) 
3 186 189 (-63.666649 -440 256 ) (0 -440 256 ) (0 -440 366.275543 ) 
4 187 236 (-63.666653 -440 256 ) (-72.903290 -440 256 ) (-72.903282 -360 256 ) (-63.666649 -360 256 ) 
4 187 189 (-72.903282 -440 256 ) (-63.666649 -440 256 ) (-38.177803 -440 300.148651 ) (-45.105392 -440 304.148834 ) 
4 187 188 (-45.105644 -360 304.147278 ) (-45.105644 -440 304.147278 ) (-38.177750 -440 300.147461 ) (-38.177746 -360 300.147461 ) 
4 188 189 (-38.177803 -440 300.148651 ) (0 -440 366.275543 ) (0 -440 382.276093 ) (-45.105392 -440 304.148834 ) 
4 189 236 (0 -440 256 ) (0 -592 256 ) (-192 -592 256 ) (-192 -440 256 ) 
4 189 207 (-96 -592 384 ) (-160 -592 384 ) (-160 -592 320 ) (-96 -592 320 ) 
4 189 190 (-192 -440 256 ) (-192 -592 256 ) (-192 -592 384 ) (-192 -440 384 ) 
4 190 237 (-384 -208 256 ) (-192 -208 256 ) (-192 -592 256 ) (-384 -592 256 ) 
4 190 210 (-384 -592 256 ) (-224 -592 256 ) (-224 -592 320 ) (-384 -592 320 ) 
4 190 208 (-224 -592 384 ) (-384 -592 384 ) (-384 -592 320 ) (-224 -592 320 ) 
4 190 191 (-384 -208 384 ) (-384 -208 256 ) (-384 -592 256 ) (-384 -592 384 ) 
4 191 238 (-576 -208 256 ) (-384 -208 256 ) (-384 -592 256 ) (-576 -592 256 ) 
4 191 211 (-544 -592 256 ) (-448 -592 256 ) (-448 -592 320 ) (-544 -592 320 ) 
4 191 210 (-416 -592 256 ) (-384 -592 256 ) (-384 -592 320 ) (-416 -592 320 ) 
4 191 209 (-448 -592 384 ) (-544 -592 384 ) (-544 -592 320 ) (-448 -592 320 ) 
4 191 208 (-384 -592 320 ) (-384 -592 384 ) (-416 -592 384 ) (-416 -592 320 ) 
4 191 192 (-576 -336 256 ) (-576 -464 256 ) (-576 -464 384 ) (-576 -336 384 ) 
4 192 193 (-580 -336 384 ) (-580 -336 256 ) (-580 -464 256 ) (-580 -464 384 ) 
4 193 194 (-588 -336 384 ) (-588 -336 256 ) (-588 -464 256 ) (-588 -464 384 ) 
4 194 195 (-592 -336 256 ) (-592 -464 256 ) (-592 -464 384 ) (-592 -336 384 ) 
4 195 196 (-688 -336 384 ) (-688 -336 256 ) (-688 -464 256 ) (-688 -464 384 ) 
4 196 197 (-768 -336 384 ) (-768 -336 256 ) (-768 -464 256 ) (-768 -464 384 ) 
4 197 200 (-784 -336 256 ) (-784 -464 256 ) (-784 -464 384 ) (-784 -336 384 ) 
4 198 200 (-912 -336 256 ) (-784 -336 256 ) (-784 -336 384 ) (-912 -336 384 ) 
4 198 199 (-912 -208 384 ) (-912 -208 256 ) (-912 -336 256 ) (-912 -336 384 ) 
4 199 304 (-1024 -208 256 ) (-1024 -336 256 ) (-1024 -336 384 ) (-1024 -208 384 ) 
4 199 201 (-1024 -336 256 ) (-912 -336 256 ) (-912 -336 384 ) (-1024 -336 384 ) 
4 200 202 (-912 -528 256 ) (-784 -528 256 ) (-784 -528 384 ) (-912 -528 384 ) 
4 200 201 (-912 -336 384 ) (-912 -336 256 ) (-912 -528 256 ) (-912 -528 384 ) 
4 201 305 (-1024 -336 256 ) (-1024 -528 256 ) (-1024 -528 384 ) (-1024 -336 384 ) 
4 201 202 (-1024 -528 256 ) (-912 -528 256 ) (-912 -528 384 ) (-1024 -528 384 ) 
4 202 306 (-1024 -528 256 ) (-1024 -544 256 ) (-1024 -544 384 ) (-1024 -528 384 ) 
4 202 206 (-1024 -544 256 ) (-784 -544 256 ) (-784 -544 384 ) (-1024 -544 384 ) 
4 203 205 (-800 -555 384 ) (-800 -555 256 ) (-800 -576 256 ) (-800 -576 384 ) 
4 203 206 (-784 -544 384 ) (-784 -544 256 ) (-800 -555 256 ) (-800 -555 384 ) 
4 203 204 (-800 -576 384 ) (-800 -576 256 ) (-784 -576 256 ) (-784 -576 384 ) 
4 204 212 (-800 -592 256 ) (-784 -592 256 ) (-784 -592 384 ) (-800 -592 384 ) 
4 204 205 (-800 -576 256 ) (-800 -592 256 ) (-800 -592 384 ) (-800 -576 384 ) 
4 205 213 (-853.818115 -592 256 ) (-800 -592 256 ) (-800 -592 384 ) (-853.818115 -592 384 ) 
4 205 206 (-800 -555 256 ) (-853.817261 -592 256 ) (-853.817261 -592 384 ) (-800 -555 384 ) 
4 206 308 (-1024 -544 256 ) (-1024 -592 256 ) (-1024 -592 384 ) (-1024 -544 384 ) 
4 206 214 (-1024 -592 256 ) (-853.818115 -592 256 ) (-853.818115 -592 384 ) (-1024 -592 384 ) 
4 208 218 (-224 -608 384 ) (-416 -608 384 ) (-416 -608 320 ) (-224 -608 320 ) 
4 208 210 (-224 -608 320 ) (-416 -608 320 ) (-416 -592 320 ) (-224 -592 320 ) 
4 209 218 (-448 -608 384 ) (-544 -608 384 ) (-544 -608 320 ) (-448 -608 320 ) 
4 209 211 (-448 -608 320 ) (-544 -608 320 ) (-544 -592 320 ) (-448 -592 320 ) 
4 210 218 (-416 -608 256 ) (-224 -608 256 ) (-224 -608 320 ) (-416 -608 320 ) 
4 211 218 (-544 -608 256 ) (-448 -608 256 ) (-448 -608 320 ) (-544 -608 320 ) 
4 212 221 (-800 -608 256 ) (-784 -608 256 ) (-784 -608 384 ) (-800 -608 384 ) 
4 212 213 (-800 -592 384 ) (-800 -592 256 ) (-800 -608 256 ) (-800 -608 384 ) 
4 213 223 (-877.090942 -608 256 ) (-800 -608 256 ) (-800 -608 384 ) (-877.090942 -608 384 ) 
4 213 214 (-853.819214 -592 384 ) (-853.819214 -592 256 ) (-877.092346 -608 256 ) (-877.092346 -608 384 ) 
4 214 308 (-1024 -592 256 ) (-1024 -608 256 ) (-1024 -608 384 ) (-1024 -592 384 ) 
4 214 224 (-1024 -608 256 ) (-877.090942 -608 256 ) (-877.090942 -608 384 ) (-1024 -608 384 ) 
4 215 218 (-208 -608 384 ) (-208 -608 256 ) (-208 -640 256 ) (-208 -640 384 ) 
4 215 216 (-208 -640 384 ) (-208 -640 256 ) (-192 -640 256 ) (-192 -640 384 ) 
4 216 217 (-208 -736 384 ) (-208 -736 256 ) (-192 -736 256 ) (-192 -736 384 ) 
4 216 218 (-208 -640 256 ) (-208 -736 256 ) (-208 -736 384 ) (-208 -640 384 ) 
4 217 218 (-208 -736 256 ) (-208 -784 256 ) (-208 -784 384 ) (-208 -736 384 ) 
4 218 226 (-224 -784 352 ) (-256 -784 352 ) (-256 -784 320 ) (-224 -784 320 ) 
4 218 219 (-576 -608 384 ) (-576 -608 256 ) (-576 -784 256 ) (-576 -784 384 ) 
4 219 220 (-736 -688 320 ) (-736 -752 320 ) (-736 -752 384 ) (-736 -688 384 ) 
4 221 223 (-800 -608 384 ) (-800 -608 256 ) (-800 -672 256 ) (-800 -672 384 ) 
4 221 222 (-800 -672 384 ) (-800 -672 256 ) (-784 -672 256 ) (-784 -672 384 ) 
4 222 223 (-800 -672 256 ) (-800 -720 256 ) (-800 -720 384 ) (-800 -672 384 ) 
4 223 307 (-1024 -709 256 ) (-1024 -720 256 ) (-1024 -720 384 ) (-1024 -709 384 ) 
4 223 225 (-912 -720 288 ) (-912 -720 320 ) (-944 -720 320 ) (-944 -720 288 ) 
4 223 224 (-877.090942 -608 384 ) (-877.090942 -608 256 ) (-1024 -709 256 ) (-1024 -709 384 ) 
4 224 308 (-1024 -608 256 ) (-1024 -709 256 ) (-1024 -709 384 ) (-1024 -608 384 ) 
4 227 241 (-128 0 128 ) (0 0 128 ) (0 -64 128 ) (-128 -64 128 ) 
4 228 245 (0 -80 128 ) (0 -208 128 ) (-192 -208 128 ) (-192 -80 128 ) 
4 228 236 (-192 -208 128 ) (0 -208 128 ) (0 -208 256 ) (-192 -208 256 ) 
4 228 229 (-192 -80 128 ) (-192 -208 128 ) (-192 -208 256 ) (-192 -80 256 ) 
4 229 247 (-192 -16 128 ) (-192 -208 128 ) (-384 -208 128 ) (-384 -16 128 ) 
4 229 237 (-384 -208 128 ) (-192 -208 128 ) (-192 -208 256 ) (-384 -208 256 ) 
4 229 230 (-384 -80 128 ) (-384 -144 128 ) (-384 -144 256 ) (-384 -80 256 ) 
4 230 231 (-400 -80 128 ) (-400 -144 128 ) (-400 -144 256 ) (-400 -80 256 ) 
4 231 235 (-512 -192 128 ) (-448 -192 128 ) (-448 -192 256 ) (-512 -192 256 ) 
4 231 232 (-640 0 128 ) (-640 -192 128 ) (-640 -192 256 ) (-640 0 256 ) 
4 233 309 (-1024 0 256 ) (-1024 0 240 ) (-1024 -144 240 ) (-1024 -144 256 ) 
4 233 234 (-912 -144 240 ) (-1024 -144 240 ) (-1024 0 240 ) (-912 0 240 ) 
4 234 310 (-1024 0 240 ) (-1024 0 128 ) (-1024 -144 128 ) (-1024 -144 240 ) 
4 234 249 (-1024 -144 128 ) (-1024 0 128 ) (-912 0 128 ) (-912 -144 128 ) 
4 235 238 (-512 -208 128 ) (-448 -208 128 ) (-448 -208 256 ) (-512 -208 256 ) 
4 236 251 (-192 -208 128 ) (0 -208 128 ) (0 -592 128 ) (-192 -592 128 ) 
4 236 237 (-192 -208 256 ) (-192 -208 128 ) (-192 -592 128 ) (-192 -592 256 ) 
4 237 252 (-384 -208 128 ) (-192 -208 128 ) (-192 -592 128 ) (-384 -592 128 ) 
4 237 238 (-384 -208 256 ) (-384 -208 128 ) (-384 -592 128 ) (-384 -592 256 ) 
4 238 253 (-576 -208 128 ) (-384 -208 128 ) (-384 -592 128 ) (-576 -592 128 ) 
4 238 240 (-448 -592 128 ) (-416 -592 128 ) (-416 -592 160 ) (-448 -592 160 ) 
4 238 239 (-576 -400 128 ) (-576 -432 128 ) (-576 -432 160 ) (-576 -400 160 ) 
4 241 242 (-96 -64 0 ) (0 -64 0 ) (0 -64 128 ) (-96 -64 128 ) 
4 242 243 (-96 -68 128 ) (-96 -68 0 ) (0 -68 0 ) (0 -68 128 ) 
4 243 244 (-96 -76 128 ) (-96 -76 0 ) (0 -76 0 ) (0 -76 128 ) 
4 244 245 (-96 -80 0 ) (0 -80 0 ) (0 -80 128 ) (-96 -80 128 ) 
4 245 264 (0 -144 0 ) (0 -208 0 ) (-192 -208 0 ) (-192 -144 0 ) 
4 245 259 (-176 -144 0 ) (-192 -144 0 ) (-192 -80 0 ) (-176 -80 0 ) 
4 245 256 (0 -80 0 ) (0 -144 0 ) (-176 -144 0 ) (-176 -80 0 ) 
4 245 251 (-192 -208 0 ) (0 -208 0 ) (0 -208 128 ) (-192 -208 128 ) 
4 245 247 (-192 -80 0 ) (-192 -208 0 ) (-192 -208 128 ) (-192 -80 128 ) 
4 246 247 (-384 -16 128 ) (-384 -16 0 ) (-192 -16 0 ) (-192 -16 128 ) 
4 247 265 (-192 -144 0 ) (-192 -208 0 ) (-384 -208 0 ) (-384 -144 0 ) 
4 247 260 (-192 -80 0 ) (-192 -144 0 ) (-384 -144 0 ) (-384 -80 0 ) 
4 247 258 (-192 -16 0 ) (-192 -80 0 ) (-384 -80 0 ) (-384 -16 0 ) 
4 247 252 (-384 -208 0 ) (-192 -208 0 ) (-192 -208 128 ) (-384 -208 128 ) 
4 247 248 (-384 -80 0 ) (-384 -144 0 ) (-384 -144 64 ) (-384 -80 64 ) 
4 249 311 (-1024 0 128 ) (-1024 0 0 ) (-1024 -144 0 ) (-1024 -144 128 ) 
4 249 261 (-1024 -144 0 ) (-1024 0 0 ) (-912 0 0 ) (-912 -144 0 ) 
4 250 253 (-416 -208 64 ) (-448 -208 64 ) (-448 -208 32 ) (-416 -208 32 ) 
4 251 270 (-192 -208 0 ) (0 -208 0 ) (0 -592 0 ) (-192 -592 0 ) 
4 251 254 (-160 -592 96 ) (-160 -592 128 ) (-192 -592 128 ) (-192 -592 96 ) 
4 251 252 (-192 -208 128 ) (-192 -208 0 ) (-192 -592 0 ) (-192 -592 128 ) 
4 252 271 (-384 -208 0 ) (-192 -208 0 ) (-192 -592 0 ) (-384 -592 0 ) 
4 252 253 (-384 -208 128 ) (-384 -208 0 ) (-384 -592 0 ) (-384 -592 128 ) 
4 253 272 (-576 -208 0 ) (-384 -208 0 ) (-384 -592 0 ) (-576 -592 0 ) 
4 255 256 (-32 -80 -64 ) (0 -80 -64 ) (0 -80 -32 ) (-32 -80 -32 ) 
4 256 267 (0 -80 -64 ) (0 -144 -64 ) (-176 -144 -64 ) (-176 -80 -64 ) 
4 256 264 (-176 -144 -64 ) (0 -144 -64 ) (0 -144 0 ) (-176 -144 0 ) 
4 256 259 (-176 -80 -64 ) (-176 -144 -64 ) (-176 -144 0 ) (-176 -80 0 ) 
4 257 258 (-192 -16 -32 ) (-192 -16 -64 ) (-192 -48 -64 ) (-192 -48 -32 ) 
4 258 266 (-192 -80 -64 ) (-384 -80 -64 ) (-384 -16 -64 ) (-192 -16 -64 ) 
4 258 260 (-384 -80 0 ) (-384 -80 -64 ) (-192 -80 -64 ) (-192 -80 0 ) 
4 259 267 (-176 -80 -64 ) (-176 -144 -64 ) (-192 -144 -64 ) (-192 -80 -64 ) 
4 259 264 (-192 -144 -64 ) (-176 -144 -64 ) (-176 -144 0 ) (-192 -144 0 ) 
4 259 260 (-192 -80 0 ) (-192 -80 -64 ) (-192 -144 -64 ) (-192 -144 0 ) 
4 260 268 (-192 -144 -64 ) (-384 -144 -64 ) (-384 -80 -64 ) (-192 -80 -64 ) 
4 260 265 (-384 -144 -64 ) (-192 -144 -64 ) (-192 -144 0 ) (-384 -144 0 ) 
4 261 312 (-1024 0 0 ) (-1024 0 -16 ) (-1024 -144 -16 ) (-1024 -144 0 ) 
4 261 262 (-912 0 -16 ) (-912 -144 -16 ) (-1024 -144 -16 ) (-1024 0 -16 ) 
4 262 313 (-1024 0 -16 ) (-1024 0 -32 ) (-1024 -144 -32 ) (-1024 -144 -16 ) 
4 262 263 (-1024 0 -32 ) (-912 0 -32 ) (-912 -144 -32 ) (-1024 -144 -32 ) 
4 263 314 (-1024 0 -32 ) (-1024 0 -64 ) (-1024 -144 -64 ) (-1024 -144 -32 ) 
4 263 269 (-1024 -144 -64 ) (-1024 0 -64 ) (-912 0 -64 ) (-912 -144 -64 ) 
4 264 270 (0 -208 -64 ) (0 -208 0 ) (-192 -208 0 ) (-192 -208 -64 ) 
4 264 267 (0 -208 -64 ) (-192 -208 -64 ) (-192 -144 -64 ) (0 -144 -64 ) 
4 264 265 (-192 -144 0 ) (-192 -144 -64 ) (-192 -208 -64 ) (-192 -208 0 ) 
4 265 271 (-192 -208 0 ) (-384 -208 0 ) (-384 -208 -64 ) (-192 -208 -64 ) 
4 265 268 (-192 -208 -64 ) (-384 -208 -64 ) (-384 -144 -64 ) (-192 -144 -64 ) 
4 266 276 (-192 -80 -128 ) (-384 -80 -128 ) (-384 -16 -128 ) (-192 -16 -128 ) 
4 266 268 (-384 -80 -64 ) (-384 -80 -128 ) (-192 -80 -128 ) (-192 -80 -64 ) 
4 267 275 (0 -80 -128 ) (0 -208 -128 ) (-192 -208 -128 ) (-192 -80 -128 ) 
4 267 270 (-192 -208 -128 ) (0 -208 -128 ) (0 -208 -64 ) (-192 -208 -64 ) 
4 267 268 (-192 -80 -64 ) (-192 -80 -128 ) (-192 -208 -128 ) (-192 -208 -64 ) 
4 268 277 (-192 -208 -128 ) (-384 -208 -128 ) (-384 -80 -128 ) (-192 -80 -128 ) 
4 268 271 (-384 -208 -128 ) (-192 -208 -128 ) (-192 -208 -64 ) (-384 -208 -64 ) 
4 269 314 (-1024 0 -64 ) (-1024 0 -128 ) (-1024 -144 -128 ) (-1024 -144 -64 ) 
4 269 278 (-1024 -144 -128 ) (-1024 0 -128 ) (-912 0 -128 ) (-912 -144 -128 ) 
4 270 280 (-192 -208 -128 ) (0 -208 -128 ) (0 -592 -128 ) (-192 -592 -128 ) 
4 270 271 (-192 -208 0 ) (-192 -208 -128 ) (-192 -592 -128 ) (-192 -592 0 ) 
4 271 281 (-384 -208 -128 ) (-192 -208 -128 ) (-192 -592 -128 ) (-384 -592 -128 ) 
4 271 274 (-288 -592 0 ) (-352 -592 0 ) (-352 -592 -64 ) (-288 -592 -64 ) 
4 271 272 (-384 -208 0 ) (-384 -208 -128 ) (-384 -592 -128 ) (-384 -592 0 ) 
4 272 282 (-576 -208 -128 ) (-384 -208 -128 ) (-384 -592 -128 ) (-576 -592 -128 ) 
4 272 273 (-576 -336 -64 ) (-576 -400 -64 ) (-576 -400 0 ) (-576 -336 0 ) 
4 275 280 (-192 -208 -256 ) (0 -208 -256 ) (0 -208 -128 ) (-192 -208 -128 ) 
4 275 277 (-192 -80 -256 ) (-192 -208 -256 ) (-192 -208 -128 ) (-192 -80 -128 ) 
4 276 277 (-384 -80 -128 ) (-384 -80 -256 ) (-192 -80 -256 ) (-192 -80 -128 ) 
4 277 281 (-384 -208 -256 ) (-192 -208 -256 ) (-192 -208 -128 ) (-384 -208 -128 ) 
4 278 314 (-1024 0 -128 ) (-1024 0 -144 ) (-1024 -144 -144 ) (-1024 -144 -128 ) 
4 278 279 (-912 -144 -144 ) (-1024 -144 -144 ) (-1024 0 -144 ) (-912 0 -144 ) 
4 279 315 (-1024 0 -144 ) (-1024 0 -256 ) (-1024 -144 -256 ) (-1024 -144 -144 ) 
4 279 283 (-1024 -144 -256 ) (-1024 0 -256 ) (-912 0 -256 ) (-912 -144 -256 ) 
4 280 281 (-192 -208 -128 ) (-192 -208 -256 ) (-192 -592 -256 ) (-192 -592 -128 ) 
4 281 284 (-192 -336 -256 ) (-192 -464 -256 ) (-320 -464 -256 ) (-320 -336 -256 ) 
4 281 282 (-384 -208 -128 ) (-384 -208 -256 ) (-384 -592 -256 ) (-384 -592 -128 ) 
4 283 315 (-1024 0 -256 ) (-1024 0 -272 ) (-1024 -144 -272 ) (-1024 -144 -256 ) 
4 284 285 (-320 -336 -272 ) (-192 -336 -272 ) (-192 -464 -272 ) (-320 -464 -272 ) 
4 285 286 (-320 -464 -400 ) (-320 -336 -400 ) (-192 -336 -400 ) (-192 -464 -400 ) 
4 287 351 (-1104 -544 960 ) (-1104 -480 960 ) (-1104 -480 896 ) (-1104 -544 896 ) 
3 287 290 (-1104 -544 896 ) (-1104 -480 896 ) (-1040 -480 896 ) 
4 287 288 (-1104 -544 896 ) (-1040 -480 896 ) (-1040 -480 960 ) (-1104 -544 960 ) 
4 288 354 (-1104 -656 960 ) (-1104 -608 960 ) (-1104 -608 896 ) (-1104 -656 896 ) 
4 288 352 (-1104 -608 960 ) (-1104 -544 960 ) (-1104 -544 896 ) (-1104 -608 896 ) 
4 288 291 (-1104 -656 896 ) (-1104 -544 896 ) (-1040 -480 896 ) (-1040 -656 896 ) 
4 289 326 (-1104 -272 800 ) (-1104 -272 832 ) (-1104 -240 832 ) (-1104 -240 800 ) 
4 290 355 (-1104 -544 896 ) (-1104 -480 896 ) (-1104 -480 768 ) (-1104 -544 768 ) 
4 290 291 (-1104 -544 768 ) (-1040 -480 768 ) (-1040 -480 896 ) (-1104 -544 896 ) 
4 291 358 (-1104 -656 896 ) (-1104 -608 896 ) (-1104 -608 768 ) (-1104 -656 768 ) 
4 291 356 (-1104 -608 896 ) (-1104 -544 896 ) (-1104 -544 768 ) (-1104 -608 768 ) 
4 292 330 (-1104 -272 576 ) (-1104 -272 544 ) (-1104 -304 544 ) (-1104 -304 576 ) 
4 293 328 (-1104 -400 704 ) (-1104 -368 704 ) (-1104 -368 672 ) (-1104 -400 672 ) 
4 294 296 (-1024 -32 496 ) (-1024 -32 512 ) (-1056 0 512 ) (-1056 0 496 ) 
3 294 295 (-1024 -31.996094 496 ) (-1055.996094 0 496 ) (-1024 0 496 ) 
3 295 302 (-1056 0 384 ) (-1024 0 384 ) (-1024 -32 384 ) 
4 295 297 (-1056 0 384 ) (-1024 -32 384 ) (-1024 -32 496 ) (-1056 0 496 ) 
4 296 299 (-1072 -112 496 ) (-1072 -112 512 ) (-1072 0 512 ) (-1072 0 496 ) 
4 296 298 (-1072 -112 512 ) (-1072 -112 496 ) (-1024 -112 496 ) (-1024 -112 512 ) 
5 296 297 (-1056 0 496 ) (-1024 -32 496 ) (-1024 -112 496 ) (-1072 -112 496 ) (-1072 0 496 ) 
5 297 303 (-1072 0 384 ) (-1056 0 384 ) (-1024 -32 384 ) (-1024 -112 384 ) (-1072 -112 384 ) 
4 297 299 (-1072 0 384 ) (-1072 -112 384 ) (-1072 -112 496 ) (-1072 0 496 ) 
4 297 298 (-1072 -112 496 ) (-1072 -112 384 ) (-1024 -112 384 ) (-1024 -112 496 ) 
4 298 303 (-1024 -112 384 ) (-1024 -144 384 ) (-1072 -144 384 ) (-1072 -112 384 ) 
4 298 300 (-1072 -144 384 ) (-1024 -144 384 ) (-1024 -144 512 ) (-1072 -144 512 ) 
4 298 299 (-1072 -112 384 ) (-1072 -144 384 ) (-1072 -144 512 ) (-1072 -112 512 ) 
4 299 303 (-1104 -144 384 ) (-1104 0 384 ) (-1072 0 384 ) (-1072 -144 384 ) 
4 299 300 (-1104 -144 384 ) (-1072 -144 384 ) (-1072 -144 512 ) (-1104 -144 512 ) 
4 300 332 (-1104 -336 512 ) (-1104 -208 512 ) (-1104 -208 384 ) (-1104 -336 384 ) 
4 300 323 (-1104 -208 512 ) (-1104 -192 512 ) (-1104 -192 384 ) (-1104 -208 384 ) 
4 300 320 (-1104 -192 512 ) (-1104 -144 512 ) (-1104 -144 384 ) (-1104 -192 384 ) 
4 300 304 (-1104 -336 384 ) (-1104 -144 384 ) (-1024 -144 384 ) (-1024 -336 384 ) 
4 300 301 (-1104 -336 384 ) (-1024 -336 384 ) (-1024 -336 512 ) (-1104 -336 512 ) 
4 301 359 (-1104 -528 512 ) (-1104 -480 512 ) (-1104 -480 384 ) (-1104 -528 384 ) 
4 301 348 (-1104 -480 512 ) (-1104 -464 512 ) (-1104 -464 384 ) (-1104 -480 384 ) 
4 301 333 (-1104 -464 512 ) (-1104 -336 512 ) (-1104 -336 384 ) (-1104 -464 384 ) 
4 301 305 (-1104 -528 384 ) (-1104 -336 384 ) (-1024 -336 384 ) (-1024 -528 384 ) 
3 302 309 (-1056 0 256 ) (-1024 0 256 ) (-1024 -32 256 ) 
4 302 303 (-1055.996582 0 256 ) (-1024 -31.996908 256 ) (-1024 -31.998047 384 ) (-1055.998047 0 384 ) 
5 303 309 (-1104 -144 256 ) (-1104 0 256 ) (-1056 0 256 ) (-1024 -32 256 ) (-1024 -144 256 ) 
4 303 304 (-1104 -144 256 ) (-1024 -144 256 ) (-1024 -144 384 ) (-1104 -144 384 ) 
4 304 335 (-1104 -336 384 ) (-1104 -272 384 ) (-1104 -272 256 ) (-1104 -336 256 ) 
4 304 334 (-1104 -272 384 ) (-1104 -208 384 ) (-1104 -208 256 ) (-1104 -272 256 ) 
4 304 324 (-1104 -208 384 ) (-1104 -192 384 ) (-1104 -192 256 ) (-1104 -208 256 ) 
4 304 321 (-1104 -192 384 ) (-1104 -144 384 ) (-1104 -144 256 ) (-1104 -192 256 ) 
4 304 305 (-1104 -336 256 ) (-1024 -336 256 ) (-1024 -336 384 ) (-1104 -336 384 ) 
4 305 364 (-1104 -528 384 ) (-1104 -480 384 ) (-1104 -480 256 ) (-1104 -528 256 ) 
4 305 349 (-1104 -480 384 ) (-1104 -464 384 ) (-1104 -464 256 ) (-1104 -480 256 ) 
4 305 339 (-1104 -368 384 ) (-1104 -336 384 ) (-1104 -336 256 ) (-1104 -368 256 ) 
4 305 343 (-1104 -464 384 ) (-1104 -368 384 ) (-1104 -368 256 ) (-1104 -464 256 ) 
4 305 306 (-1040 -528 256 ) (-1024 -528 256 ) (-1024 -528 384 ) (-1040 -528 384 ) 
4 306 308 (-1040 -544 384 ) (-1040 -544 256 ) (-1024 -544 256 ) (-1024 -544 384 ) 
4 307 308 (-1024 -709 256 ) (-1040 -720 256 ) (-1040 -720 384 ) (-1024 -709 384 ) 
4 309 310 (-1024 -144 240 ) (-1104 -144 240 ) (-1104 0 240 ) (-1024 0 240 ) 
4 310 311 (-1024 -144 128 ) (-1104 -144 128 ) (-1104 0 128 ) (-1024 0 128 ) 
4 311 312 (-1024 -144 0 ) (-1104 -144 0 ) (-1104 0 0 ) (-1024 0 0 ) 
4 312 313 (-1024 -144 -16 ) (-1104 -144 -16 ) (-1104 0 -16 ) (-1024 0 -16 ) 
4 313 314 (-1024 -144 -32 ) (-1104 -144 -32 ) (-1104 0 -32 ) (-1024 0 -32 ) 
4 314 315 (-1024 -144 -144 ) (-1104 -144 -144 ) (-1104 0 -144 ) (-1024 0 -144 ) 
4 316 317 (-1288 0 576 ) (-1192 0 576 ) (-1192 -88 576 ) (-1288 -88 576 ) 
4 317 318 (-1120 -128 512 ) (-1360 -128 512 ) (-1360 0 512 ) (-1120 0 512 ) 
4 318 319 (-1296 -128 384 ) (-1168 -128 384 ) (-1168 -128 512 ) (-1296 -128 512 ) 
4 319 320 (-1296 -144 384 ) (-1168 -144 384 ) (-1168 -144 512 ) (-1296 -144 512 ) 
4 320 323 (-1104 -192 384 ) (-1104 -192 512 ) (-1360 -192 512 ) (-1360 -192 384 ) 
4 320 321 (-1104 -192 384 ) (-1360 -192 384 ) (-1360 -144 384 ) (-1104 -144 384 ) 
4 321 324 (-1104 -192 256 ) (-1104 -192 384 ) (-1360 -192 384 ) (-1360 -192 256 ) 
3 322 329 (-1232 -208 768 ) (-1296 -208 768 ) (-1296 -208 704 ) 
3 322 328 (-1232 -208 768 ) (-1296 -208 704 ) (-1232 -208 704 ) 
4 323 332 (-1360 -208 512 ) (-1360 -208 384 ) (-1104 -208 384 ) (-1104 -208 512 ) 
4 323 324 (-1104 -208 384 ) (-1360 -208 384 ) (-1360 -192 384 ) (-1104 -192 384 ) 
4 324 334 (-1360 -208 384 ) (-1360 -208 256 ) (-1104 -208 256 ) (-1104 -208 384 ) 
4 325 327 (-1264 -336 896 ) (-1232 -336 896 ) (-1232 -368 896 ) (-1264 -368 896 ) 
3 326 345 (-1232 -464 768 ) (-1200 -464 768 ) (-1200 -464 800 ) 
4 326 328 (-1104 -464 768 ) (-1232 -464 768 ) (-1232 -208 768 ) (-1104 -208 768 ) 
4 326 327 (-1231.998047 -208 768 ) (-1231.998047 -464 768 ) (-1104 -464 895.998047 ) (-1104 -208 895.998047 ) 
4 327 429 (-1360 -464 768 ) (-1360 -464 896 ) (-1360 -336 896 ) (-1360 -336 768 ) 
4 327 415 (-1360 -336 896 ) (-1360 -272 896 ) (-1360 -272 768 ) (-1360 -336 768 ) 
4 327 399 (-1360 -272 896 ) (-1360 -208 896 ) (-1360 -208 768 ) (-1360 -272 768 ) 
5 327 345 (-1264 -464 768 ) (-1232 -464 768 ) (-1200 -464 800 ) (-1200 -464 832 ) (-1264 -464 832 ) 
4 327 344 (-1264 -464 832 ) (-1200 -464 832 ) (-1200 -464 896 ) (-1264 -464 896 ) 
4 327 329 (-1232 -464 768 ) (-1360 -464 768 ) (-1360 -208 768 ) (-1232 -208 768 ) 
4 328 330 (-1104 -464 640 ) (-1360 -464 640 ) (-1360 -208 640 ) (-1104 -208 640 ) 
4 328 329 (-1359.998047 -208 640 ) (-1359.998047 -464 640 ) (-1231.998047 -464 768 ) (-1231.998047 -208 768 ) 
4 329 431 (-1360 -464 640 ) (-1360 -464 768 ) (-1360 -336 768 ) (-1360 -336 640 ) 
4 329 417 (-1360 -336 768 ) (-1360 -272 768 ) (-1360 -272 640 ) (-1360 -336 640 ) 
4 329 401 (-1360 -272 768 ) (-1360 -208 768 ) (-1360 -208 640 ) (-1360 -272 640 ) 
4 329 347 (-1328 -464 704 ) (-1296 -464 704 ) (-1296 -464 736 ) (-1328 -464 736 ) 
4 330 403 (-1360 -272 544 ) (-1360 -272 576 ) (-1360 -240 576 ) (-1360 -240 544 ) 
4 330 346 (-1232 -464 576 ) (-1232 -464 608 ) (-1264 -464 608 ) (-1264 -464 576 ) 
4 330 331 (-1104 -464 528 ) (-1360 -464 528 ) (-1360 -208 528 ) (-1104 -208 528 ) 
4 331 333 (-1104 -464 512 ) (-1360 -464 512 ) (-1360 -336 512 ) (-1104 -336 512 ) 
4 331 332 (-1360 -336 512 ) (-1360 -208 512 ) (-1104 -208 512 ) (-1104 -336 512 ) 
4 332 336 (-1328 -272 384 ) (-1168 -272 384 ) (-1168 -336 384 ) (-1328 -336 384 ) 
4 332 335 (-1168 -272 384 ) (-1104 -272 384 ) (-1104 -336 384 ) (-1168 -336 384 ) 
4 332 338 (-1360 -336 384 ) (-1360 -272 384 ) (-1328 -272 384 ) (-1328 -336 384 ) 
4 332 334 (-1360 -272 384 ) (-1360 -208 384 ) (-1104 -208 384 ) (-1104 -272 384 ) 
4 332 333 (-1360 -336 384 ) (-1104 -336 384 ) (-1104 -336 512 ) (-1360 -336 512 ) 
4 333 348 (-1360 -464 512 ) (-1360 -464 384 ) (-1104 -464 384 ) (-1104 -464 512 ) 
4 333 340 (-1328 -336 384 ) (-1168 -336 384 ) (-1168 -368 384 ) (-1328 -368 384 ) 
4 333 339 (-1168 -336 384 ) (-1104 -336 384 ) (-1104 -368 384 ) (-1168 -368 384 ) 
4 333 342 (-1360 -368 384 ) (-1360 -336 384 ) (-1328 -336 384 ) (-1328 -368 384 ) 
4 333 343 (-1104 -464 384 ) (-1360 -464 384 ) (-1360 -368 384 ) (-1104 -368 384 ) 
4 334 405 (-1360 -272 384 ) (-1360 -208 384 ) (-1360 -208 256 ) (-1360 -272 256 ) 
4 334 337 (-1328 -272 256 ) (-1168 -272 256 ) (-1168 -272 272 ) (-1328 -272 272 ) 
4 334 336 (-1168 -272 272 ) (-1168 -272 384 ) (-1328 -272 384 ) (-1328 -272 272 ) 
4 334 335 (-1168 -272 256 ) (-1104 -272 256 ) (-1104 -272 384 ) (-1168 -272 384 ) 
4 334 338 (-1360 -272 256 ) (-1328 -272 256 ) (-1328 -272 384 ) (-1360 -272 384 ) 
4 335 339 (-1168 -336 256 ) (-1104 -336 256 ) (-1104 -336 384 ) (-1168 -336 384 ) 
4 335 337 (-1168 -272 272 ) (-1168 -272 256 ) (-1168 -336 256 ) (-1168 -336 272 ) 
4 335 336 (-1168 -272 384 ) (-1168 -272 272 ) (-1168 -336 272 ) (-1168 -336 384 ) 
4 336 340 (-1168 -336 272 ) (-1168 -336 384 ) (-1328 -336 384 ) (-1328 -336 272 ) 
4 336 338 (-1328 -272 384 ) (-1328 -272 272 ) (-1328 -336 272 ) (-1328 -336 384 ) 
4 336 337 (-1328 -336 272 ) (-1328 -272 272 ) (-1168 -272 272 ) (-1168 -336 272 ) 
4 337 341 (-1328 -336 256 ) (-1168 -336 256 ) (-1168 -336 272 ) (-1328 -336 272 ) 
4 337 338 (-1328 -272 272 ) (-1328 -272 256 ) (-1328 -336 256 ) (-1328 -336 272 ) 
4 338 342 (-1360 -336 256 ) (-1328 -336 256 ) (-1328 -336 384 ) (-1360 -336 384 ) 
4 339 341 (-1168 -336 272 ) (-1168 -336 256 ) (-1168 -368 256 ) (-1168 -368 272 ) 
4 339 340 (-1168 -336 384 ) (-1168 -336 272 ) (-1168 -368 272 ) (-1168 -368 384 ) 
4 339 343 (-1168 -368 256 ) (-1104 -368 256 ) (-1104 -368 384 ) (-1168 -368 384 ) 
4 340 343 (-1168 -368 272 ) (-1168 -368 384 ) (-1328 -368 384 ) (-1328 -368 272 ) 
4 340 342 (-1328 -336 384 ) (-1328 -336 272 ) (-1328 -368 272 ) (-1328 -368 384 ) 
4 340 341 (-1328 -368 272 ) (-1328 -336 272 ) (-1168 -336 272 ) (-1168 -368 272 ) 
4 341 343 (-1328 -368 256 ) (-1168 -368 256 ) (-1168 -368 272 ) (-1328 -368 272 ) 
4 341 342 (-1328 -336 272 ) (-1328 -336 256 ) (-1328 -368 256 ) (-1328 -368 272 ) 
4 342 343 (-1360 -368 256 ) (-1328 -368 256 ) (-1328 -368 384 ) (-1360 -368 384 ) 
4 343 349 (-1360 -464 384 ) (-1360 -464 256 ) (-1104 -464 256 ) (-1104 -464 384 ) 
4 344 355 (-1264 -480 832 ) (-1200 -480 832 ) (-1200 -480 896 ) (-1264 -480 896 ) 
4 344 345 (-1200 -480 832 ) (-1264 -480 832 ) (-1264 -464 832 ) (-1200 -464 832 ) 
4 345 355 (-1264 -480 768 ) (-1200 -480 768 ) (-1200 -480 832 ) (-1264 -480 832 ) 
4 348 359 (-1360 -480 512 ) (-1360 -480 384 ) (-1104 -480 384 ) (-1104 -480 512 ) 
4 348 349 (-1104 -480 384 ) (-1360 -480 384 ) (-1360 -464 384 ) (-1104 -464 384 ) 
4 349 364 (-1360 -480 384 ) (-1360 -480 256 ) (-1104 -480 256 ) (-1104 -480 384 ) 
4 350 351 (-1248 -588 960 ) (-1248 -492 960 ) (-1152 -492 960 ) (-1152 -588 960 ) 
5 351 355 (-1264 -480 896 ) (-1104 -480 896 ) (-1104 -544 896 ) (-1168 -608 896 ) (-1264 -608 896 ) 
4 351 353 (-1264 -480 896 ) (-1264 -608 896 ) (-1264 -608 960 ) (-1264 -480 960 ) 
4 351 352 (-1168 -608 960 ) (-1168 -608 896 ) (-1104 -544 896 ) (-1104 -544 960 ) 
3 352 356 (-1104 -544 896 ) (-1104 -608 896 ) (-1168 -608 896 ) 
4 352 354 (-1168 -608 896 ) (-1104 -608 896 ) (-1104 -608 960 ) (-1168 -608 960 ) 
4 353 357 (-1360 -608 896 ) (-1360 -480 896 ) (-1264 -480 896 ) (-1264 -608 896 ) 
4 354 358 (-1104 -656 896 ) (-1168 -656 896 ) (-1168 -608 896 ) (-1104 -608 896 ) 
4 355 357 (-1264 -480 768 ) (-1264 -608 768 ) (-1264 -608 896 ) (-1264 -480 896 ) 
4 355 356 (-1168 -608 896 ) (-1168 -608 768 ) (-1104 -544 768 ) (-1104 -544 896 ) 
4 356 358 (-1168 -608 768 ) (-1104 -608 768 ) (-1104 -608 896 ) (-1168 -608 896 ) 
4 359 364 (-1360 -528 384 ) (-1360 -480 384 ) (-1104 -480 384 ) (-1104 -528 384 ) 
4 359 362 (-1360 -528 384 ) (-1104 -528 384 ) (-1104 -528 512 ) (-1360 -528 512 ) 
3 360 365 (-1136 -544 384 ) (-1104 -528 384 ) (-1104 -544 384 ) 
4 360 362 (-1104.001953 -528 512 ) (-1104.001953 -528 384 ) (-1136.001953 -544 384 ) (-1136.002197 -544 512 ) 
4 360 361 (-1136 -544 512 ) (-1136 -544 384 ) (-1104 -544 384 ) (-1104 -544 512 ) 
4 361 366 (-1104 -656 384 ) (-1360 -656 384 ) (-1136 -544 384 ) (-1104 -544 384 ) 
4 361 363 (-1136.001953 -544 384 ) (-1360 -656 384 ) (-1360 -655.998047 512 ) (-1136.002197 -544 512 ) 
4 362 367 (-1360 -544 384 ) (-1360 -528 384 ) (-1104 -528 384 ) (-1136 -544 384 ) 
4 362 363 (-1360 -544 384 ) (-1136 -544 384 ) (-1136 -544 512 ) (-1360 -544 512 ) 
3 363 368 (-1360 -656 384 ) (-1360 -544 384 ) (-1136 -544 384 ) 
4 364 367 (-1360 -528 256 ) (-1104 -528 256 ) (-1104 -528 384 ) (-1360 -528 384 ) 
4 365 367 (-1104.001953 -528 384 ) (-1104.001953 -528 256 ) (-1136.001953 -544 256 ) (-1136.002197 -544 384 ) 
4 365 366 (-1136 -544 384 ) (-1136 -544 256 ) (-1104 -544 256 ) (-1104 -544 384 ) 
4 366 369 (-1296 -656 256 ) (-1168 -656 256 ) (-1168 -656 384 ) (-1296 -656 384 ) 
4 366 368 (-1136.001953 -544 256 ) (-1360 -656 256 ) (-1360 -655.998047 384 ) (-1136.002197 -544 384 ) 
4 367 368 (-1360 -544 256 ) (-1136 -544 256 ) (-1136 -544 384 ) (-1360 -544 384 ) 
4 369 370 (-1296 -660 384 ) (-1296 -660 256 ) (-1168 -660 256 ) (-1168 -660 384 ) 
4 370 371 (-1296 -668 384 ) (-1296 -668 256 ) (-1168 -668 256 ) (-1168 -668 384 ) 
4 371 372 (-1296 -672 256 ) (-1168 -672 256 ) (-1168 -672 384 ) (-1296 -672 384 ) 
4 372 373 (-1296 -800 256 ) (-1168 -800 256 ) (-1168 -800 384 ) (-1296 -800 384 ) 
4 373 374 (-1296 -912 256 ) (-1168 -912 256 ) (-1168 -912 384 ) (-1296 -912 384 ) 
4 374 378 (-1168 -928 256 ) (-1168 -928 384 ) (-1296 -928 384 ) (-1296 -928 256 ) 
4 375 393 (-1360 -1008 1056 ) (-1360 -1008 992 ) (-1328 -1008 992 ) (-1328 -1008 1056 ) 
4 375 384 (-1328 -1008 992 ) (-1136 -1008 992 ) (-1136 -1008 1056 ) (-1328 -1008 1056 ) 
4 375 379 (-1136 -1008 992 ) (-1104 -1008 992 ) (-1104 -1008 1056 ) (-1136 -1008 1056 ) 
6 375 376 (-1104 -1008 992 ) (-1360 -1008 992 ) (-1360 -992 992 ) (-1296 -928 992 ) (-1168 -928 992 ) (-1104 -992 992 ) 
4 376 394 (-1360 -1008 992 ) (-1360 -1008 864 ) (-1328 -1008 864 ) (-1328 -1008 992 ) 
4 376 385 (-1328 -1008 864 ) (-1136 -1008 864 ) (-1136 -1008 992 ) (-1328 -1008 992 ) 
4 376 380 (-1136 -1008 864 ) (-1104 -1008 864 ) (-1104 -1008 992 ) (-1136 -1008 992 ) 
4 377 395 (-1360 -1008 448 ) (-1360 -1008 384 ) (-1328 -1008 384 ) (-1328 -1008 448 ) 
4 377 390 (-1328 -1008 384 ) (-1136 -1008 384 ) (-1136 -1008 448 ) (-1328 -1008 448 ) 
4 377 381 (-1136 -1008 384 ) (-1104 -1008 384 ) (-1104 -1008 448 ) (-1136 -1008 448 ) 
6 377 378 (-1104 -1008 384 ) (-1360 -1008 384 ) (-1360 -992 384 ) (-1296 -928 384 ) (-1168 -928 384 ) (-1104 -992 384 ) 
4 378 396 (-1360 -1008 384 ) (-1360 -1008 256 ) (-1328 -1008 256 ) (-1328 -1008 384 ) 
4 378 391 (-1328 -1008 256 ) (-1136 -1008 256 ) (-1136 -1008 384 ) (-1328 -1008 384 ) 
4 378 382 (-1136 -1008 256 ) (-1104 -1008 256 ) (-1104 -1008 384 ) (-1136 -1008 384 ) 
4 379 452 (-1104 -1024 992 ) (-1104 -1024 1056 ) (-1136 -1024 1056 ) (-1136 -1024 992 ) 
4 379 384 (-1136 -1008 1056 ) (-1136 -1008 992 ) (-1136 -1024 992 ) (-1136 -1024 1056 ) 
4 379 380 (-1136 -1024 992 ) (-1136 -1008 992 ) (-1104 -1008 992 ) (-1104 -1024 992 ) 
4 380 453 (-1104 -1024 864 ) (-1104 -1024 992 ) (-1136 -1024 992 ) (-1136 -1024 864 ) 
4 380 385 (-1136 -1008 992 ) (-1136 -1008 864 ) (-1136 -1024 864 ) (-1136 -1024 992 ) 
4 381 454 (-1104 -1024 384 ) (-1104 -1024 448 ) (-1136 -1024 448 ) (-1136 -1024 384 ) 
4 381 390 (-1136 -1008 448 ) (-1136 -1008 384 ) (-1136 -1024 384 ) (-1136 -1024 448 ) 
4 381 382 (-1136 -1024 384 ) (-1136 -1008 384 ) (-1104 -1008 384 ) (-1104 -1024 384 ) 
4 382 455 (-1104 -1024 256 ) (-1104 -1024 384 ) (-1136 -1024 384 ) (-1136 -1024 256 ) 
4 382 391 (-1136 -1008 384 ) (-1136 -1008 256 ) (-1136 -1024 256 ) (-1136 -1024 384 ) 
4 383 456 (-1136 -1024 1056 ) (-1136 -1024 1136 ) (-1328 -1024 1136 ) (-1328 -1024 1056 ) 
4 383 384 (-1328 -1024 1056 ) (-1328 -1008 1056 ) (-1136 -1008 1056 ) (-1136 -1024 1056 ) 
4 384 457 (-1136 -1024 992 ) (-1136 -1024 1056 ) (-1328 -1024 1056 ) (-1328 -1024 992 ) 
4 384 393 (-1328 -1008 1056 ) (-1328 -1008 992 ) (-1328 -1024 992 ) (-1328 -1024 1056 ) 
4 384 385 (-1328 -1024 992 ) (-1328 -1008 992 ) (-1136 -1008 992 ) (-1136 -1024 992 ) 
4 385 458 (-1136 -1024 864 ) (-1136 -1024 992 ) (-1328 -1024 992 ) (-1328 -1024 864 ) 
4 385 394 (-1328 -1008 992 ) (-1328 -1008 864 ) (-1328 -1024 864 ) (-1328 -1024 992 ) 
4 385 386 (-1328 -1024 864 ) (-1328 -1008 864 ) (-1136 -1008 864 ) (-1136 -1024 864 ) 
4 386 459 (-1136 -1024 848 ) (-1136 -1024 864 ) (-1328 -1024 864 ) (-1328 -1024 848 ) 
4 386 387 (-1328 -1024 848 ) (-1328 -1008 848 ) (-1136 -1008 848 ) (-1136 -1024 848 ) 
4 387 460 (-1136 -1024 656 ) (-1136 -1024 848 ) (-1328 -1024 848 ) (-1328 -1024 656 ) 
4 387 388 (-1328 -1024 656 ) (-1328 -1008 656 ) (-1136 -1008 656 ) (-1136 -1024 656 ) 
4 388 461 (-1136 -1024 464 ) (-1136 -1024 656 ) (-1328 -1024 656 ) (-1328 -1024 464 ) 
4 388 389 (-1328 -1024 464 ) (-1328 -1008 464 ) (-1136 -1008 464 ) (-1136 -1024 464 ) 
4 389 462 (-1136 -1024 448 ) (-1136 -1024 464 ) (-1328 -1024 464 ) (-1328 -1024 448 ) 
4 389 390 (-1328 -1024 448 ) (-1328 -1008 448 ) (-1136 -1008 448 ) (-1136 -1024 448 ) 
4 390 463 (-1136 -1024 384 ) (-1136 -1024 448 ) (-1328 -1024 448 ) (-1328 -1024 384 ) 
4 390 395 (-1328 -1008 448 ) (-1328 -1008 384 ) (-1328 -1024 384 ) (-1328 -1024 448 ) 
4 390 391 (-1328 -1024 384 ) (-1328 -1008 384 ) (-1136 -1008 384 ) (-1136 -1024 384 ) 
4 391 464 (-1136 -1024 256 ) (-1136 -1024 384 ) (-1328 -1024 384 ) (-1328 -1024 256 ) 
4 391 396 (-1328 -1008 384 ) (-1328 -1008 256 ) (-1328 -1024 256 ) (-1328 -1024 384 ) 
4 391 392 (-1328 -1024 256 ) (-1328 -1008 256 ) (-1136 -1008 256 ) (-1136 -1024 256 ) 
4 392 465 (-1136 -1024 176 ) (-1136 -1024 256 ) (-1328 -1024 256 ) (-1328 -1024 176 ) 
4 393 466 (-1328 -1024 992 ) (-1328 -1024 1056 ) (-1360 -1024 1056 ) (-1360 -1024 992 ) 
4 393 394 (-1360 -1024 992 ) (-1360 -1008 992 ) (-1328 -1008 992 ) (-1328 -1024 992 ) 
4 394 467 (-1328 -1024 864 ) (-1328 -1024 992 ) (-1360 -1024 992 ) (-1360 -1024 864 ) 
4 395 468 (-1328 -1024 384 ) (-1328 -1024 448 ) (-1360 -1024 448 ) (-1360 -1024 384 ) 
4 395 396 (-1360 -1024 384 ) (-1360 -1008 384 ) (-1328 -1008 384 ) (-1328 -1024 384 ) 
4 396 469 (-1328 -1024 256 ) (-1328 -1024 384 ) (-1360 -1024 384 ) (-1360 -1024 256 ) 
4 397 400 (-1456 -208 800 ) (-1456 -208 832 ) (-1488 -208 832 ) (-1488 -208 800 ) 
4 398 406 (-1504 -208 256 ) (-1376 -208 256 ) (-1376 -208 384 ) (-1504 -208 384 ) 
4 399 415 (-1360 -272 768 ) (-1360 -272 896 ) (-1376 -272 896 ) (-1376 -272 768 ) 
4 399 401 (-1360 -272 768 ) (-1376 -272 768 ) (-1376 -208 768 ) (-1360 -208 768 ) 
4 399 400 (-1376 -208 768 ) (-1376 -272 768 ) (-1376 -272 896 ) (-1376 -208 896 ) 
4 400 416 (-1376 -272 896 ) (-1616 -272 896 ) (-1616 -272 768 ) (-1376 -272 768 ) 
4 400 404 (-1616 -240 768 ) (-1616 -272 768 ) (-1616 -272 800 ) (-1616 -240 800 ) 
4 400 402 (-1376 -272 768 ) (-1616 -272 768 ) (-1616 -208 768 ) (-1376 -208 768 ) 
4 401 417 (-1360 -272 640 ) (-1360 -272 768 ) (-1376 -272 768 ) (-1376 -272 640 ) 
4 401 402 (-1376 -208 640 ) (-1376 -272 640 ) (-1376 -272 768 ) (-1376 -208 768 ) 
4 402 418 (-1376 -272 768 ) (-1616 -272 768 ) (-1616 -272 640 ) (-1376 -272 640 ) 
4 405 406 (-1376 -208 256 ) (-1376 -272 256 ) (-1376 -272 384 ) (-1376 -208 384 ) 
4 406 420 (-1376 -272 384 ) (-1504 -272 384 ) (-1504 -272 256 ) (-1376 -272 256 ) 
4 406 407 (-1504 -208 256 ) (-1504 -272 256 ) (-1504 -272 384 ) (-1504 -208 384 ) 
4 407 408 (-1520 -208 256 ) (-1520 -272 256 ) (-1520 -272 384 ) (-1520 -208 384 ) 
4 408 409 (-1616 -208 256 ) (-1616 -272 256 ) (-1616 -272 384 ) (-1616 -208 384 ) 
4 410 424 (-1424 -336 1040 ) (-1424 -336 1176 ) (-1552 -336 1176 ) (-1552 -336 1040 ) 
4 410 411 (-1552 -336 1040 ) (-1552 -272 1040 ) (-1424 -272 1040 ) (-1424 -336 1040 ) 
4 411 425 (-1424 -336 920 ) (-1424 -336 1040 ) (-1552 -336 1040 ) (-1552 -336 920 ) 
5 411 412 (-1519 -305 920 ) (-1488 -292 920 ) (-1457 -305 920 ) (-1444 -336 920 ) (-1532 -336 920 ) 
4 412 426 (-1444 -336 912 ) (-1444 -336 920 ) (-1532 -336 920 ) (-1532 -336 912 ) 
5 412 413 (-1532.003784 -336 912 ) (-1519.003906 -305 912 ) (-1488 -292 912 ) (-1457 -305 912 ) (-1444 -336 912 ) 
4 413 427 (-1532 -336 904 ) (-1444 -336 904 ) (-1444 -336 912 ) (-1532 -336 912 ) 
5 413 414 (-1444 -336 904 ) (-1532 -336 904 ) (-1519 -305 904 ) (-1488 -292 904 ) (-1457 -305 904 ) 
4 414 428 (-1552 -336 896 ) (-1424 -336 896 ) (-1424 -336 904 ) (-1552 -336 904 ) 
4 414 416 (-1424 -336 896 ) (-1552 -336 896 ) (-1552 -272 896 ) (-1424 -272 896 ) 
4 415 429 (-1360 -336 768 ) (-1360 -336 896 ) (-1376 -336 896 ) (-1376 -336 768 ) 
4 415 417 (-1360 -336 768 ) (-1376 -336 768 ) (-1376 -272 768 ) (-1360 -272 768 ) 
4 415 416 (-1376 -272 768 ) (-1376 -336 768 ) (-1376 -336 896 ) (-1376 -272 896 ) 
4 416 430 (-1376 -336 896 ) (-1616 -336 896 ) (-1616 -336 768 ) (-1376 -336 768 ) 
4 416 418 (-1376 -336 768 ) (-1616 -336 768 ) (-1616 -272 768 ) (-1376 -272 768 ) 
4 417 431 (-1360 -336 640 ) (-1360 -336 768 ) (-1376 -336 768 ) (-1376 -336 640 ) 
4 417 418 (-1376 -272 640 ) (-1376 -336 640 ) (-1376 -336 768 ) (-1376 -272 768 ) 
4 418 432 (-1376 -336 768 ) (-1616 -336 768 ) (-1616 -336 640 ) (-1376 -336 640 ) 
4 419 445 (-1692 -336 384 ) (-1636 -336 384 ) (-1636 -336 400 ) (-1692 -336 400 ) 
4 419 444 (-1636 -336 400 ) (-1636 -336 496 ) (-1692 -336 496 ) (-1692 -336 400 ) 
4 420 422 (-1472 -320 256 ) (-1376 -272 256 ) (-1376 -272 384 ) (-1472 -320 384 ) 
4 420 421 (-1504 -320 384 ) (-1504 -320 256 ) (-1472 -320 256 ) (-1472 -320 384 ) 
4 421 423 (-1504 -336 384 ) (-1504 -336 256 ) (-1472 -320 256 ) (-1472 -320 384 ) 
4 422 423 (-1472 -320 384 ) (-1472 -320 256 ) (-1376 -320 256 ) (-1376 -320 384 ) 
4 423 439 (-1504 -336 256 ) (-1376 -336 256 ) (-1376 -336 384 ) (-1504 -336 384 ) 
4 424 425 (-1552 -400 1040 ) (-1552 -336 1040 ) (-1424 -336 1040 ) (-1424 -400 1040 ) 
5 425 426 (-1532 -336 920 ) (-1444 -336 920 ) (-1457 -367 920 ) (-1488 -380 920 ) (-1519 -367 920 ) 
5 426 427 (-1443.996826 -336 912 ) (-1456.996094 -367 912 ) (-1487.998169 -380 912 ) (-1519 -367 912 ) (-1532 -336 912 ) 
5 427 428 (-1488 -380 904 ) (-1519 -367 904 ) (-1532 -336 904 ) (-1444 -336 904 ) (-1457 -367 904 ) 
4 428 430 (-1552 -336 896 ) (-1424 -336 896 ) (-1424 -400 896 ) (-1552 -400 896 ) 
4 429 431 (-1360 -464 768 ) (-1376 -464 768 ) (-1376 -336 768 ) (-1360 -336 768 ) 
4 429 430 (-1376 -336 768 ) (-1376 -464 768 ) (-1376 -464 896 ) (-1376 -336 896 ) 
4 430 433 (-1424 -464 864 ) (-1424 -464 832 ) (-1392 -464 832 ) (-1392 -464 864 ) 
4 430 432 (-1376 -464 768 ) (-1616 -464 768 ) (-1616 -336 768 ) (-1376 -336 768 ) 
4 431 432 (-1376 -336 640 ) (-1376 -464 640 ) (-1376 -464 768 ) (-1376 -336 768 ) 
4 432 441 (-1616 -432 704 ) (-1616 -400 704 ) (-1616 -400 672 ) (-1616 -432 672 ) 
4 432 434 (-1488 -464 672 ) (-1488 -464 736 ) (-1552 -464 736 ) (-1552 -464 672 ) 
4 435 437 (-1504 -528 400 ) (-1504 -528 512 ) (-1504 -336 512 ) (-1504 -336 400 ) 
4 435 436 (-1504 -528 400 ) (-1504 -336 400 ) (-1376 -336 400 ) (-1376 -528 400 ) 
4 436 439 (-1504 -336 384 ) (-1376 -336 384 ) (-1376 -528 384 ) (-1504 -528 384 ) 
4 436 438 (-1504 -336 384 ) (-1504 -528 384 ) (-1504 -528 400 ) (-1504 -336 400 ) 
4 437 447 (-1568 -528 416 ) (-1504 -528 416 ) (-1504 -528 480 ) (-1568 -528 480 ) 
4 437 442 (-1616 -528 400 ) (-1616 -528 512 ) (-1616 -336 512 ) (-1616 -336 400 ) 
4 437 438 (-1616 -528 400 ) (-1616 -336 400 ) (-1504 -336 400 ) (-1504 -528 400 ) 
4 438 443 (-1616 -528 384 ) (-1616 -528 400 ) (-1616 -336 400 ) (-1616 -336 384 ) 
4 438 440 (-1616 -528 384 ) (-1616 -336 384 ) (-1504 -336 384 ) (-1504 -528 384 ) 
4 439 440 (-1504 -336 256 ) (-1504 -528 256 ) (-1504 -528 384 ) (-1504 -336 384 ) 
4 440 449 (-1564 -528 368 ) (-1564 -528 256 ) (-1508 -528 256 ) (-1508 -528 368 ) 
4 440 446 (-1616 -528 256 ) (-1616 -528 384 ) (-1616 -336 384 ) (-1616 -336 256 ) 
4 442 444 (-1632 -528 400 ) (-1632 -528 512 ) (-1632 -336 512 ) (-1632 -336 400 ) 
4 442 443 (-1632 -528 400 ) (-1632 -336 400 ) (-1616 -336 400 ) (-1616 -528 400 ) 
4 443 446 (-1632 -336 384 ) (-1616 -336 384 ) (-1616 -528 384 ) (-1632 -528 384 ) 
4 443 445 (-1632 -336 384 ) (-1632 -528 384 ) (-1632 -528 400 ) (-1632 -336 400 ) 
4 444 448 (-1692 -528 400 ) (-1636 -528 400 ) (-1636 -528 496 ) (-1692 -528 496 ) 
4 444 445 (-1696 -528 400 ) (-1696 -336 400 ) (-1632 -336 400 ) (-1632 -528 400 ) 
4 445 448 (-1692 -528 384 ) (-1636 -528 384 ) (-1636 -528 400 ) (-1692 -528 400 ) 
4 445 446 (-1696 -528 384 ) (-1696 -336 384 ) (-1632 -336 384 ) (-1632 -528 384 ) 
4 447 450 (-1504 -544 416 ) (-1504 -544 480 ) (-1568 -544 480 ) (-1568 -544 416 ) 
4 450 451 (-1504 -608 416 ) (-1504 -608 480 ) (-1568 -608 480 ) (-1568 -608 416 ) 
4 452 470 (-1120 -1200 1056 ) (-1136 -1200 1056 ) (-1136 -1200 992 ) (-1120 -1200 992 ) 
4 452 457 (-1136 -1200 992 ) (-1136 -1200 1056 ) (-1136 -1024 1056 ) (-1136 -1024 992 ) 
5 452 453 (-1136 -1200 992 ) (-1136 -1024 992 ) (-1104 -1024 992 ) (-1104 -1184 992 ) (-1120 -1200 992 ) 
4 453 471 (-1120 -1200 992 ) (-1136 -1200 992 ) (-1136 -1200 864 ) (-1120 -1200 864 ) 
4 453 458 (-1136 -1200 864 ) (-1136 -1200 992 ) (-1136 -1024 992 ) (-1136 -1024 864 ) 
4 454 472 (-1120 -1200 448 ) (-1136 -1200 448 ) (-1136 -1200 384 ) (-1120 -1200 384 ) 
4 454 463 (-1136 -1200 384 ) (-1136 -1200 448 ) (-1136 -1024 448 ) (-1136 -1024 384 ) 
5 454 455 (-1136 -1200 384 ) (-1136 -1024 384 ) (-1104 -1024 384 ) (-1104 -1184 384 ) (-1120 -1200 384 ) 
4 455 473 (-1120 -1200 384 ) (-1136 -1200 384 ) (-1136 -1200 256 ) (-1120 -1200 256 ) 
4 455 464 (-1136 -1200 256 ) (-1136 -1200 384 ) (-1136 -1024 384 ) (-1136 -1024 256 ) 
4 456 457 (-1328 -1200 1056 ) (-1328 -1024 1056 ) (-1136 -1024 1056 ) (-1136 -1200 1056 ) 
4 457 470 (-1136 -1200 992 ) (-1136 -1200 1056 ) (-1328 -1200 1056 ) (-1328 -1200 992 ) 
4 457 466 (-1328 -1024 1056 ) (-1328 -1024 992 ) (-1328 -1200 992 ) (-1328 -1200 1056 ) 
4 457 458 (-1328 -1200 992 ) (-1328 -1024 992 ) (-1136 -1024 992 ) (-1136 -1200 992 ) 
4 458 471 (-1136 -1200 864 ) (-1136 -1200 992 ) (-1328 -1200 992 ) (-1328 -1200 864 ) 
4 458 467 (-1328 -1024 992 ) (-1328 -1024 864 ) (-1328 -1200 864 ) (-1328 -1200 992 ) 
4 458 459 (-1328 -1200 864 ) (-1328 -1024 864 ) (-1136 -1024 864 ) (-1136 -1200 864 ) 
4 459 460 (-1328 -1200 848 ) (-1328 -1024 848 ) (-1136 -1024 848 ) (-1136 -1200 848 ) 
4 460 461 (-1328 -1200 656 ) (-1328 -1024 656 ) (-1136 -1024 656 ) (-1136 -1200 656 ) 
4 461 462 (-1328 -1200 464 ) (-1328 -1024 464 ) (-1136 -1024 464 ) (-1136 -1200 464 ) 
4 462 463 (-1328 -1200 448 ) (-1328 -1024 448 ) (-1136 -1024 448 ) (-1136 -1200 448 ) 
4 463 472 (-1136 -1200 384 ) (-1136 -1200 448 ) (-1328 -1200 448 ) (-1328 -1200 384 ) 
4 463 468 (-1328 -1024 448 ) (-1328 -1024 384 ) (-1328 -1200 384 ) (-1328 -1200 448 ) 
4 463 464 (-1328 -1200 384 ) (-1328 -1024 384 ) (-1136 -1024 384 ) (-1136 -1200 384 ) 
4 464 473 (-1136 -1200 256 ) (-1136 -1200 384 ) (-1328 -1200 384 ) (-1328 -1200 256 ) 
4 464 469 (-1328 -1024 384 ) (-1328 -1024 256 ) (-1328 -1200 256 ) (-1328 -1200 384 ) 
4 464 465 (-1328 -1200 256 ) (-1328 -1024 256 ) (-1136 -1024 256 ) (-1136 -1200 256 ) 
4 466 470 (-1328 -1200 992 ) (-1328 -1200 1056 ) (-1344 -1200 1056 ) (-1344 -1200 992 ) 
5 466 467 (-1360 -1184 992 ) (-1360 -1024 992 ) (-1328 -1024 992 ) (-1328 -1200 992 ) (-1344 -1200 992 ) 
4 467 471 (-1328 -1200 864 ) (-1328 -1200 992 ) (-1344 -1200 992 ) (-1344 -1200 864 ) 
4 468 472 (-1328 -1200 384 ) (-1328 -1200 448 ) (-1344 -1200 448 ) (-1344 -1200 384 ) 
5 468 469 (-1360 -1184 384 ) (-1360 -1024 384 ) (-1328 -1024 384 ) (-1328 -1200 384 ) (-1344 -1200 384 ) 
4 469 473 (-1328 -1200 256 ) (-1328 -1200 384 ) (-1344 -1200 384 ) (-1344 -1200 256 ) 
4 470 471 (-1168 -1248 992 ) (-1296 -1248 992 ) (-1344 -1200 992 ) (-1120 -1200 992 ) 
4 472 473 (-1168 -1248 384 ) (-1296 -1248 384 ) (-1344 -1200 384 ) (-1120 -1200 384 ) 
