PRT1
340
662
4 0 114 (128 1024 0 ) (128 1024 128 ) (0 1024 128 ) (0 1024 0 ) 
4 1 21 (1280 0 128 ) (1280 0 192 ) (1232 0 192 ) (1232 0 128 ) 
4 1 8 (1232 0 128 ) (1232 0 192 ) (1232 96 192 ) (1232 96 128 ) 
4 1 4 (1232 96 192 ) (1232 112 192 ) (1232 112 128 ) (1232 96 128 ) 
4 1 2 (1232 0 128 ) (1232 112 128 ) (1280 64 128 ) (1280 0 128 ) 
4 2 22 (1280 0 0 ) (1280 0 128 ) (1232 0 128 ) (1232 0 0 ) 
4 2 9 (1232 0 0 ) (1232 0 128 ) (1232 96 128 ) (1232 96 0 ) 
4 2 5 (1232 96 128 ) (1232 112 128 ) (1232 112 0 ) (1232 96 0 ) 
4 3 23 (1280 0 -608 ) (1280 0 -416 ) (1232 0 -416 ) (1232 0 -608 ) 
4 3 14 (1232 0 -608 ) (1232 0 -416 ) (1232 96 -416 ) (1232 96 -608 ) 
4 3 6 (1232 96 -416 ) (1232 112 -416 ) (1232 112 -608 ) (1232 96 -608 ) 
4 4 18 (1040 96 128 ) (1040 96 192 ) (1040 128 192 ) (1040 128 128 ) 
4 4 8 (1040 96 192 ) (1040 96 128 ) (1232 96 128 ) (1232 96 192 ) 
5 4 5 (1232 96 128 ) (1040 96 128 ) (1040 128 128 ) (1216 128 128 ) (1232 112 128 ) 
4 5 19 (1040 96 0 ) (1040 96 128 ) (1040 128 128 ) (1040 128 0 ) 
4 5 9 (1040 96 128 ) (1040 96 0 ) (1232 96 0 ) (1232 96 128 ) 
4 6 20 (1040 96 -608 ) (1040 96 -416 ) (1040 128 -416 ) (1040 128 -608 ) 
4 6 14 (1040 96 -416 ) (1040 96 -608 ) (1232 96 -608 ) (1232 96 -416 ) 
4 7 24 (1232 0 192 ) (1232 0 272 ) (1040 0 272 ) (1040 0 192 ) 
4 7 8 (1040 0 192 ) (1040 96 192 ) (1232 96 192 ) (1232 0 192 ) 
4 8 25 (1232 0 128 ) (1232 0 192 ) (1040 0 192 ) (1040 0 128 ) 
4 8 18 (1040 0 128 ) (1040 0 192 ) (1040 96 192 ) (1040 96 128 ) 
4 8 9 (1040 0 128 ) (1040 96 128 ) (1232 96 128 ) (1232 0 128 ) 
4 9 26 (1232 0 0 ) (1232 0 128 ) (1040 0 128 ) (1040 0 0 ) 
4 9 19 (1040 0 0 ) (1040 0 128 ) (1040 96 128 ) (1040 96 0 ) 
4 9 10 (1040 0 0 ) (1040 96 0 ) (1232 96 0 ) (1232 0 0 ) 
4 10 27 (1232 0 -16 ) (1232 0 0 ) (1040 0 0 ) (1040 0 -16 ) 
4 10 11 (1040 0 -16 ) (1040 96 -16 ) (1232 96 -16 ) (1232 0 -16 ) 
4 11 28 (1232 0 -208 ) (1232 0 -16 ) (1040 0 -16 ) (1040 0 -208 ) 
4 11 12 (1040 0 -208 ) (1040 96 -208 ) (1232 96 -208 ) (1232 0 -208 ) 
4 12 29 (1232 0 -400 ) (1232 0 -208 ) (1040 0 -208 ) (1040 0 -400 ) 
4 12 13 (1040 0 -400 ) (1040 96 -400 ) (1232 96 -400 ) (1232 0 -400 ) 
4 13 30 (1232 0 -416 ) (1232 0 -400 ) (1040 0 -400 ) (1040 0 -416 ) 
4 13 14 (1040 0 -416 ) (1040 96 -416 ) (1232 96 -416 ) (1232 0 -416 ) 
4 14 31 (1232 0 -608 ) (1232 0 -416 ) (1040 0 -416 ) (1040 0 -608 ) 
4 14 20 (1040 0 -608 ) (1040 0 -416 ) (1040 96 -416 ) (1040 96 -608 ) 
4 14 15 (1064 96 -608 ) (1208 96 -608 ) (1208 72 -608 ) (1064 72 -608 ) 
4 14 16 (1040 0 -608 ) (1040 72 -608 ) (1232 72 -608 ) (1232 0 -608 ) 
4 15 17 (1064 96 -624 ) (1208 96 -624 ) (1208 72 -624 ) (1064 72 -624 ) 
4 15 16 (1064 72 -624 ) (1208 72 -624 ) (1208 72 -608 ) (1064 72 -608 ) 
4 16 32 (1232 0 -624 ) (1232 0 -608 ) (1040 0 -608 ) (1040 0 -624 ) 
4 16 17 (1040 0 -624 ) (1040 72 -624 ) (1232 72 -624 ) (1232 0 -624 ) 
4 17 34 (1232 0 -688 ) (1232 0 -624 ) (1040 0 -624 ) (1040 0 -688 ) 
4 18 88 (1024 0 128 ) (1024 0 192 ) (1024 64 192 ) (1024 64 128 ) 
4 18 85 (1024 64 192 ) (1024 128 192 ) (1024 128 128 ) (1024 64 128 ) 
4 18 38 (1040 0 128 ) (1040 0 192 ) (1024 0 192 ) (1024 0 128 ) 
4 18 19 (1024 0 128 ) (1024 128 128 ) (1040 128 128 ) (1040 0 128 ) 
4 19 100 (1024 0 0 ) (1024 0 128 ) (1024 64 128 ) (1024 64 0 ) 
4 19 96 (1024 64 128 ) (1024 128 128 ) (1024 128 0 ) (1024 64 0 ) 
4 19 39 (1040 0 0 ) (1040 0 128 ) (1024 0 128 ) (1024 0 0 ) 
4 20 129 (1024 0 -608 ) (1024 0 -416 ) (1024 128 -416 ) (1024 128 -608 ) 
4 20 40 (1040 0 -608 ) (1040 0 -416 ) (1024 0 -416 ) (1024 0 -608 ) 
4 21 35 (1232 -96 128 ) (1232 -112 128 ) (1232 -112 192 ) (1232 -96 192 ) 
4 21 25 (1232 0 192 ) (1232 0 128 ) (1232 -96 128 ) (1232 -96 192 ) 
4 21 22 (1232 -112 128 ) (1232 0 128 ) (1280 0 128 ) (1280 -64 128 ) 
4 22 36 (1232 -96 0 ) (1232 -112 0 ) (1232 -112 128 ) (1232 -96 128 ) 
4 22 26 (1232 0 128 ) (1232 0 0 ) (1232 -96 0 ) (1232 -96 128 ) 
4 23 37 (1232 -96 -608 ) (1232 -112 -608 ) (1232 -112 -416 ) (1232 -96 -416 ) 
4 23 31 (1232 0 -416 ) (1232 0 -608 ) (1232 -96 -608 ) (1232 -96 -416 ) 
4 24 25 (1232 -96 192 ) (1040 -96 192 ) (1040 0 192 ) (1232 0 192 ) 
4 25 38 (1040 -96 128 ) (1040 -96 192 ) (1040 0 192 ) (1040 0 128 ) 
4 25 35 (1040 -96 192 ) (1040 -96 128 ) (1232 -96 128 ) (1232 -96 192 ) 
4 25 26 (1232 -96 128 ) (1040 -96 128 ) (1040 0 128 ) (1232 0 128 ) 
4 26 39 (1040 -96 0 ) (1040 -96 128 ) (1040 0 128 ) (1040 0 0 ) 
4 26 36 (1040 -96 128 ) (1040 -96 0 ) (1232 -96 0 ) (1232 -96 128 ) 
4 26 27 (1232 -96 0 ) (1040 -96 0 ) (1040 0 0 ) (1232 0 0 ) 
4 27 28 (1232 -96 -16 ) (1040 -96 -16 ) (1040 0 -16 ) (1232 0 -16 ) 
4 28 29 (1232 -96 -208 ) (1040 -96 -208 ) (1040 0 -208 ) (1232 0 -208 ) 
4 29 30 (1232 -96 -400 ) (1040 -96 -400 ) (1040 0 -400 ) (1232 0 -400 ) 
4 30 31 (1232 -96 -416 ) (1040 -96 -416 ) (1040 0 -416 ) (1232 0 -416 ) 
4 31 40 (1040 -96 -608 ) (1040 -96 -416 ) (1040 0 -416 ) (1040 0 -608 ) 
4 31 37 (1040 -96 -416 ) (1040 -96 -608 ) (1232 -96 -608 ) (1232 -96 -416 ) 
4 31 33 (1208 -96 -608 ) (1064 -96 -608 ) (1064 -72 -608 ) (1208 -72 -608 ) 
4 31 32 (1040 -72 -608 ) (1040 0 -608 ) (1232 0 -608 ) (1232 -72 -608 ) 
4 32 34 (1040 -72 -624 ) (1040 0 -624 ) (1232 0 -624 ) (1232 -72 -624 ) 
4 32 33 (1064 -72 -624 ) (1208 -72 -624 ) (1208 -72 -608 ) (1064 -72 -608 ) 
4 33 34 (1208 -96 -624 ) (1064 -96 -624 ) (1064 -72 -624 ) (1208 -72 -624 ) 
4 35 38 (1040 -128 128 ) (1040 -128 192 ) (1040 -96 192 ) (1040 -96 128 ) 
5 35 36 (1216 -128 128 ) (1040 -128 128 ) (1040 -96 128 ) (1232 -96 128 ) (1232 -112 128 ) 
4 36 39 (1040 -128 0 ) (1040 -128 128 ) (1040 -96 128 ) (1040 -96 0 ) 
4 37 40 (1040 -128 -608 ) (1040 -128 -416 ) (1040 -96 -416 ) (1040 -96 -608 ) 
4 38 236 (1024 -128 128 ) (1024 -128 192 ) (1024 -64 192 ) (1024 -64 128 ) 
4 38 233 (1024 -64 192 ) (1024 0 192 ) (1024 0 128 ) (1024 -64 128 ) 
4 38 39 (1040 -128 128 ) (1024 -128 128 ) (1024 0 128 ) (1040 0 128 ) 
4 39 263 (1024 -128 0 ) (1024 -128 128 ) (1024 -64 128 ) (1024 -64 0 ) 
4 39 254 (1024 -64 128 ) (1024 0 128 ) (1024 0 0 ) (1024 -64 0 ) 
4 40 280 (1024 -128 -608 ) (1024 -128 -416 ) (1024 0 -416 ) (1024 0 -608 ) 
3 41 43 (384 208 528 ) (256 208 528 ) (384 336 528 ) 
4 41 42 (384 335.998016 656 ) (384 335.998016 528 ) (256.001953 208 528 ) (256.001984 208 656 ) 
3 42 44 (256 208 528 ) (256 336 528 ) (384 336 528 ) 
3 43 45 (384 336 400 ) (384 208 400 ) (256 208 400 ) 
4 43 44 (384 336 528 ) (384 336 400 ) (256 208 400 ) (256 208 528 ) 
3 44 47 (256 336 400 ) (384 336 400 ) (256 208 400 ) 
3 45 70 (256 208 272 ) (384 336 272 ) (384 208 272 ) 
4 45 47 (384 336 400 ) (384 336 272 ) (256 208 272 ) (256 208 400 ) 
4 45 46 (256.003876 208 400 ) (256.003876 208 272 ) (384 208 272 ) (384 208 400 ) 
4 46 62 (256 192 272 ) (288 192 272 ) (288 192 400 ) (256 192 400 ) 
4 46 61 (288 192 272 ) (384 192 272 ) (384 192 400 ) (288 192 400 ) 
3 47 71 (256 208 272 ) (256 336 272 ) (384 336 272 ) 
16 48 76 (104 668 272 ) (124 664 272 ) (128 661 272 ) (128 555 272 ) (124 552 272 ) (104 548 272 ) (88 548 272 ) (68 552 272 ) (52 564 272 ) (40 580 272 ) (36 600 272 ) (36 616 272 ) (40 636 272 ) (52 652 272 ) (68 664 272 ) (88 668 272 ) 
8 48 67 (156 600 272 ) (152 580 272 ) (140 564 272 ) (128 555 272 ) (128 661 272 ) (140 652 272 ) (152 636 272 ) (156 616 272 ) 
4 49 55 (448 44 472 ) (448 44 656 ) (288 44 656 ) (288 44 472 ) 
4 49 51 (288 44 472 ) (288 44 656 ) (288 192 656 ) (288 192 472 ) 
4 49 50 (448 44 472 ) (288 44 472 ) (288 192 472 ) (448 192 472 ) 
4 50 61 (288 192 456 ) (448 192 456 ) (448 44 456 ) (288 44 456 ) 
4 50 56 (288 44 456 ) (448 44 456 ) (448 44 472 ) (288 44 472 ) 
4 50 52 (288 192 456 ) (288 44 456 ) (288 44 472 ) (288 192 472 ) 
4 51 57 (288 44 472 ) (288 44 656 ) (128 44 656 ) (128 44 472 ) 
4 51 53 (128 44 472 ) (128 44 656 ) (128 192 656 ) (128 192 472 ) 
4 51 52 (128 44 472 ) (128 192 472 ) (288 192 472 ) (288 44 472 ) 
4 52 62 (128 192 456 ) (288 192 456 ) (288 44 456 ) (128 44 456 ) 
4 52 58 (128 44 456 ) (288 44 456 ) (288 44 472 ) (128 44 472 ) 
4 52 54 (128 192 456 ) (128 44 456 ) (128 44 472 ) (128 192 472 ) 
4 53 143 (0 44 656 ) (0 192 656 ) (0 192 472 ) (0 44 472 ) 
4 53 59 (128 44 472 ) (128 44 656 ) (0 44 656 ) (0 44 472 ) 
4 53 54 (0 192 472 ) (128 192 472 ) (128 44 472 ) (0 44 472 ) 
4 54 144 (0 192 472 ) (0 192 456 ) (0 44 456 ) (0 44 472 ) 
4 54 63 (0 44 456 ) (0 192 456 ) (128 192 456 ) (128 44 456 ) 
4 54 60 (0 44 456 ) (128 44 456 ) (128 44 472 ) (0 44 472 ) 
4 55 184 (448 0 656 ) (288 0 656 ) (288 0 472 ) (448 0 472 ) 
4 55 57 (288 44 656 ) (288 44 472 ) (288 0 472 ) (288 0 656 ) 
4 55 56 (288 0 472 ) (288 44 472 ) (448 44 472 ) (448 0 472 ) 
4 56 185 (288 0 472 ) (288 0 456 ) (448 0 456 ) (448 0 472 ) 
4 56 64 (288 44 456 ) (448 44 456 ) (448 0 456 ) (288 0 456 ) 
4 56 58 (288 44 472 ) (288 44 456 ) (288 0 456 ) (288 0 472 ) 
4 57 186 (288 0 656 ) (128 0 656 ) (128 0 472 ) (288 0 472 ) 
4 57 59 (128 44 656 ) (128 44 472 ) (128 0 472 ) (128 0 656 ) 
4 57 58 (128 0 472 ) (128 44 472 ) (288 44 472 ) (288 0 472 ) 
4 58 187 (128 0 472 ) (128 0 456 ) (288 0 456 ) (288 0 472 ) 
4 58 65 (128 44 456 ) (288 44 456 ) (288 0 456 ) (128 0 456 ) 
4 58 60 (128 44 472 ) (128 44 456 ) (128 0 456 ) (128 0 472 ) 
4 59 188 (128 0 656 ) (0 0 656 ) (0 0 472 ) (128 0 472 ) 
4 59 145 (0 0 472 ) (0 0 656 ) (0 44 656 ) (0 44 472 ) 
4 59 60 (0 0 472 ) (0 44 472 ) (128 44 472 ) (128 0 472 ) 
4 60 189 (0 0 472 ) (0 0 456 ) (128 0 456 ) (128 0 472 ) 
4 60 146 (0 0 456 ) (0 0 472 ) (0 44 472 ) (0 44 456 ) 
4 60 66 (0 0 456 ) (0 44 456 ) (128 44 456 ) (128 0 456 ) 
4 61 72 (384 44 272 ) (288 44 272 ) (288 128 272 ) (384 128 272 ) 
4 61 64 (288 44 272 ) (448 44 272 ) (448 44 456 ) (288 44 456 ) 
4 61 62 (288 44 272 ) (288 44 456 ) (288 192 456 ) (288 192 272 ) 
4 62 74 (288 128 272 ) (288 44 272 ) (224 44 272 ) (224 128 272 ) 
4 62 65 (128 44 272 ) (288 44 272 ) (288 44 456 ) (128 44 456 ) 
4 62 63 (128 44 272 ) (128 44 456 ) (128 192 456 ) (128 192 272 ) 
4 63 151 (0 192 272 ) (0 44 272 ) (0 44 456 ) (0 192 456 ) 
4 63 66 (0 44 272 ) (128 44 272 ) (128 44 456 ) (0 44 456 ) 
4 64 191 (384 0 456 ) (288 0 456 ) (288 0 272 ) (384 0 272 ) 
4 64 190 (448 0 456 ) (384 0 456 ) (384 0 272 ) (448 0 272 ) 
4 64 73 (288 44 272 ) (384 44 272 ) (384 0 272 ) (288 0 272 ) 
4 64 65 (288 44 456 ) (288 44 272 ) (288 0 272 ) (288 0 456 ) 
4 65 197 (224 0 456 ) (128 0 456 ) (128 0 272 ) (224 0 272 ) 
4 65 193 (288 0 456 ) (224 0 456 ) (224 0 272 ) (288 0 272 ) 
4 65 75 (224 44 272 ) (288 44 272 ) (288 0 272 ) (224 0 272 ) 
4 65 66 (128 44 456 ) (128 44 272 ) (128 0 272 ) (128 0 456 ) 
4 66 198 (128 0 456 ) (0 0 456 ) (0 0 272 ) (128 0 272 ) 
4 66 152 (0 44 272 ) (0 0 272 ) (0 0 456 ) (0 44 456 ) 
4 67 76 (128 555 264 ) (128 555 272 ) (128 661 272 ) (128 661 264 ) 
8 67 68 (140.010010 564.013367 264 ) (128 555.005859 264 ) (128 661.003906 264 ) (139.993301 652.008911 264 ) (152 636 264 ) (156 616 264 ) (156 600.008545 264 ) (152 580 264 ) 
4 68 77 (128 555 260 ) (128 555 264 ) (128 661 264 ) (128 661 260 ) 
8 68 69 (140.010010 564.013367 260 ) (128 555.005859 260 ) (128 661.003906 260 ) (139.993317 652.008911 260 ) (152 636 260 ) (156 616 260 ) (156 600.008545 260 ) (152 580 260 ) 
8 69 82 (128 555 256 ) (128 661 256 ) (140 652 256 ) (152 636 256 ) (156 616 256 ) (156 600 256 ) (152 580 256 ) (140 564 256 ) 
4 69 78 (128 661 256 ) (128 555 256 ) (128 555 260 ) (128 661 260 ) 
3 70 80 (384 336 256 ) (384 208 256 ) (256 208 256 ) 
4 70 71 (384 336 272 ) (384 336 256 ) (256 208 256 ) (256 208 272 ) 
3 71 81 (256 336 256 ) (384 336 256 ) (256 208 256 ) 
4 72 93 (288 44 256 ) (288 128 256 ) (384 128 256 ) (384 44 256 ) 
4 72 74 (288 128 256 ) (288 44 256 ) (288 44 272 ) (288 128 272 ) 
4 72 73 (288 44 272 ) (288 44 256 ) (384 44 256 ) (384 44 272 ) 
4 73 192 (384 0 272 ) (288 0 272 ) (288 0 256 ) (384 0 256 ) 
4 73 93 (384 0 256 ) (288 0 256 ) (288 44 256 ) (384 44 256 ) 
4 73 75 (288 44 256 ) (288 0 256 ) (288 0 272 ) (288 44 272 ) 
4 74 93 (224 128 256 ) (288 128 256 ) (288 44 256 ) (224 44 256 ) 
4 74 75 (224 44 256 ) (288 44 256 ) (288 44 272 ) (224 44 272 ) 
4 75 194 (288 0 272 ) (224 0 272 ) (224 0 256 ) (288 0 256 ) 
4 75 93 (288 0 256 ) (224 0 256 ) (224 44 256 ) (288 44 256 ) 
16 76 77 (40 580 264 ) (36 600 264 ) (36 616 264 ) (40 636 264 ) (52 652 264 ) (68 664 264 ) (88 668 264 ) (104 668 264 ) (124 664 264 ) (128 661 264 ) (128 555 264 ) (124 552 264 ) (104 548 264 ) (87.989197 548 264 ) (68.004242 551.996826 264 ) (52 564 264 ) 
16 77 78 (40 580 260 ) (36 600 260 ) (36 616 260 ) (40 636 260 ) (52 652 260 ) (68 664 260 ) (88 668 260 ) (104 668 260 ) (124 664 260 ) (128 661 260 ) (128 555 260 ) (124 552 260 ) (104 548 260 ) (87.989197 548 260 ) (68.004242 551.996826 260 ) (52 564 260 ) 
16 78 82 (128 661 256 ) (128 555 256 ) (124 552 256 ) (104 548 256 ) (88 548 256 ) (68 552 256 ) (52 564 256 ) (40 580 256 ) (36 600 256 ) (36 616 256 ) (40 636 256 ) (52 652 256 ) (68 664 256 ) (88 668 256 ) (104 668 256 ) (124 664 256 ) 
4 80 81 (384 336 256 ) (384 336 128 ) (256 208 128 ) (256 208 256 ) 
4 82 118 (0 512 128 ) (0 704 128 ) (128 704 128 ) (128 512 128 ) 
4 82 108 (128 704 128 ) (192 704 128 ) (192 512 128 ) (128 512 128 ) 
4 83 167 (0 448 128 ) (0 288 128 ) (0 288 256 ) (0 448 256 ) 
4 83 121 (0 288 128 ) (0 448 128 ) (128 448 128 ) (128 224 128 ) 
4 83 111 (128 448 128 ) (192 448 128 ) (192 192 128 ) (128 224 128 ) 
4 83 84 (0 288 128 ) (191.998047 192 128 ) (191.998047 192 256 ) (0 288 256 ) 
4 84 168 (0 288 128 ) (0 192 128 ) (0 192 256 ) (0 288 256 ) 
4 84 122 (0 192 128 ) (0 288 128 ) (128 224 128 ) (128 192 128 ) 
3 84 112 (128 224 128 ) (192 192 128 ) (128 192 128 ) 
4 84 94 (0 192 128 ) (128 192 128 ) (128 192 256 ) (0 192 256 ) 
4 84 93 (128 192 128 ) (192 192 128 ) (192 192 256 ) (128 192 256 ) 
3 85 96 (1024 128 128 ) (1024 64 128 ) (960 64 128 ) 
4 85 88 (960 64 128 ) (1024 64 128 ) (1024 64 192 ) (960 64 192 ) 
4 86 97 (832 64 128 ) (704 64 128 ) (704 128 128 ) (832 128 128 ) 
4 86 89 (704 64 128 ) (832 64 128 ) (832 64 256 ) (704 64 256 ) 
4 86 87 (704 128 256 ) (704 128 128 ) (704 64 128 ) (704 64 256 ) 
4 87 98 (704 64 128 ) (576 64 128 ) (576 128 128 ) (704 128 128 ) 
4 87 90 (576 64 256 ) (576 64 128 ) (704 64 128 ) (704 64 256 ) 
4 88 233 (1024 0 128 ) (1024 0 192 ) (960 0 192 ) (960 0 128 ) 
4 88 100 (1024 64 128 ) (1024 0 128 ) (960 0 128 ) (960 64 128 ) 
4 89 234 (832 0 256 ) (704 0 256 ) (704 0 128 ) (832 0 128 ) 
4 89 103 (832 0 128 ) (704 0 128 ) (704 64 128 ) (832 64 128 ) 
4 89 90 (704 64 256 ) (704 64 128 ) (704 0 128 ) (704 0 256 ) 
4 90 235 (704 0 256 ) (576 0 256 ) (576 0 128 ) (704 0 128 ) 
4 90 104 (704 0 128 ) (576 0 128 ) (576 64 128 ) (704 64 128 ) 
4 90 91 (576 64 128 ) (576 0 128 ) (576 0 256 ) (576 64 256 ) 
4 91 239 (576 0 256 ) (560 0 256 ) (560 0 128 ) (576 0 128 ) 
4 91 105 (576 64 128 ) (576 0 128 ) (560 0 128 ) (560 64 128 ) 
4 91 92 (560 64 256 ) (560 64 128 ) (560 0 128 ) (560 0 256 ) 
4 92 240 (560 0 256 ) (448 0 256 ) (448 0 128 ) (560 0 128 ) 
4 92 106 (560 0 128 ) (448 0 128 ) (448 64 128 ) (560 64 128 ) 
4 92 93 (448 64 128 ) (448 0 128 ) (448 0 256 ) (448 64 256 ) 
4 93 241 (448 0 256 ) (128 0 256 ) (128 0 128 ) (448 0 128 ) 
4 93 113 (128 192 128 ) (192 192 128 ) (192 0 128 ) (128 0 128 ) 
4 93 107 (448 64 128 ) (448 0 128 ) (192 0 128 ) (192 64 128 ) 
4 93 99 (448 128 128 ) (448 64 128 ) (192 64 128 ) (192 128 128 ) 
4 93 95 (192 192 128 ) (448 192 128 ) (448 128 128 ) (192 128 128 ) 
4 93 94 (128 192 256 ) (128 192 128 ) (128 0 128 ) (128 0 256 ) 
4 94 242 (128 0 256 ) (0 0 256 ) (0 0 128 ) (128 0 128 ) 
4 94 169 (0 192 128 ) (0 0 128 ) (0 0 256 ) (0 192 256 ) 
4 94 123 (0 0 128 ) (0 192 128 ) (128 192 128 ) (128 0 128 ) 
4 95 113 (192 192 0 ) (192 128 0 ) (192 128 128 ) (192 192 128 ) 
4 95 99 (192 128 128 ) (192 128 0 ) (448 128 0 ) (448 128 128 ) 
4 96 100 (960 64 0 ) (1024 64 0 ) (1024 64 128 ) (960 64 128 ) 
4 97 125 (704 128 0 ) (828 128 0 ) (828 124 0 ) (704 124 0 ) 
4 97 124 (828 128 0 ) (832 128 0 ) (832 64 0 ) (828 64 0 ) 
4 97 103 (704 64 0 ) (832 64 0 ) (832 64 128 ) (704 64 128 ) 
4 97 98 (704 128 128 ) (704 128 0 ) (704 64 0 ) (704 64 128 ) 
4 98 125 (580 128 0 ) (704 128 0 ) (704 124 0 ) (580 124 0 ) 
4 98 126 (576 128 0 ) (580 128 0 ) (580 64 0 ) (576 64 0 ) 
4 98 104 (576 64 0 ) (704 64 0 ) (704 64 128 ) (576 64 128 ) 
4 99 113 (192 128 0 ) (192 64 0 ) (192 64 128 ) (192 128 128 ) 
4 99 107 (192 64 128 ) (192 64 0 ) (448 64 0 ) (448 64 128 ) 
4 100 254 (1024 0 0 ) (1024 0 128 ) (960 0 128 ) (960 0 0 ) 
4 100 101 (960 64 128 ) (960 64 0 ) (960 0 0 ) (960 0 128 ) 
4 101 255 (960 0 128 ) (848 0 128 ) (848 0 0 ) (960 0 0 ) 
4 101 102 (848 64 128 ) (848 64 0 ) (848 0 0 ) (848 0 128 ) 
4 102 256 (848 0 128 ) (832 0 128 ) (832 0 0 ) (848 0 0 ) 
4 102 103 (832 64 128 ) (832 64 0 ) (832 0 0 ) (832 0 128 ) 
4 103 257 (832 0 128 ) (704 0 128 ) (704 0 0 ) (832 0 0 ) 
4 103 104 (704 64 128 ) (704 64 0 ) (704 0 0 ) (704 0 128 ) 
4 104 258 (704 0 128 ) (576 0 128 ) (576 0 0 ) (704 0 0 ) 
4 104 105 (576 64 128 ) (576 64 0 ) (576 0 0 ) (576 0 128 ) 
4 105 259 (576 0 128 ) (560 0 128 ) (560 0 0 ) (576 0 0 ) 
4 105 127 (560 60 0 ) (560 64 0 ) (576 64 0 ) (576 60 0 ) 
4 105 106 (560 64 128 ) (560 64 0 ) (560 0 0 ) (560 0 128 ) 
4 106 260 (560 0 128 ) (448 0 128 ) (448 0 0 ) (560 0 0 ) 
4 106 128 (448 60 0 ) (448 64 0 ) (560 64 0 ) (560 60 0 ) 
4 106 107 (448 64 128 ) (448 64 0 ) (448 0 0 ) (448 0 128 ) 
4 107 261 (448 0 128 ) (192 0 128 ) (192 0 0 ) (448 0 0 ) 
4 107 113 (192 64 0 ) (192 0 0 ) (192 0 128 ) (192 64 128 ) 
4 108 118 (128 704 0 ) (128 512 0 ) (128 512 128 ) (128 704 128 ) 
4 108 109 (128 512 128 ) (128 512 0 ) (192 512 0 ) (192 512 128 ) 
4 109 119 (128 512 0 ) (128 464 0 ) (128 464 128 ) (128 512 128 ) 
4 109 110 (128 464 128 ) (128 464 0 ) (192 464 0 ) (192 464 128 ) 
4 110 120 (128 464 0 ) (128 448 0 ) (128 448 128 ) (128 464 128 ) 
4 110 111 (128 448 128 ) (128 448 0 ) (192 448 0 ) (192 448 128 ) 
4 111 121 (128 448 0 ) (128 224 0 ) (128 224 128 ) (128 448 128 ) 
4 111 112 (128 224 128 ) (128 224 0 ) (192 192 0 ) (192 192 128 ) 
4 112 122 (128 224 0 ) (128 192 0 ) (128 192 128 ) (128 224 128 ) 
4 112 113 (128 192 128 ) (128 192 0 ) (192 192 0 ) (192 192 128 ) 
4 113 261 (192 0 128 ) (128 0 128 ) (128 0 0 ) (192 0 0 ) 
4 113 123 (128 192 0 ) (128 0 0 ) (128 0 128 ) (128 192 128 ) 
4 114 115 (0 912 0 ) (128 912 0 ) (128 912 128 ) (0 912 128 ) 
4 115 116 (0 800 0 ) (128 800 0 ) (128 800 128 ) (0 800 128 ) 
4 116 117 (0 784 0 ) (128 784 0 ) (128 784 128 ) (0 784 128 ) 
4 117 118 (0 704 0 ) (128 704 0 ) (128 704 128 ) (0 704 128 ) 
4 118 175 (0 640 0 ) (0 512 0 ) (0 512 128 ) (0 640 128 ) 
4 118 119 (0 512 0 ) (128 512 0 ) (128 512 128 ) (0 512 128 ) 
4 119 120 (0 464 0 ) (128 464 0 ) (128 464 128 ) (0 464 128 ) 
4 120 121 (0 448 0 ) (128 448 0 ) (128 448 128 ) (0 448 128 ) 
4 121 176 (0 448 0 ) (0 288 0 ) (0 288 128 ) (0 448 128 ) 
4 121 122 (0 288 0 ) (128 224 0 ) (128 224 128 ) (0 288 128 ) 
4 122 177 (0 288 0 ) (0 192 0 ) (0 192 128 ) (0 288 128 ) 
4 122 123 (0 192 0 ) (128 192 0 ) (128 192 128 ) (0 192 128 ) 
4 123 262 (128 0 128 ) (0 0 128 ) (0 0 0 ) (128 0 0 ) 
4 123 179 (0 192 0 ) (0 0 0 ) (0 0 128 ) (0 192 128 ) 
4 124 125 (828 128 0 ) (828 128 -16 ) (828 124 -16 ) (828 124 0 ) 
4 125 126 (580 128 0 ) (580 128 -16 ) (580 124 -16 ) (580 124 0 ) 
4 127 128 (560 64 0 ) (560 64 -16 ) (560 60 -16 ) (560 60 0 ) 
4 129 280 (1024 0 -608 ) (1024 0 -416 ) (960 0 -416 ) (960 0 -608 ) 
4 130 139 (-185.600067 632 320 ) (-176 632 320 ) (-176 536 320 ) (-262.400085 536 320 ) 
4 130 134 (-272 632 320 ) (-185.600067 632 320 ) (-262.400085 536 320 ) (-272 536 320 ) 
3 131 164 (-164 659 256 ) (-164 704 256 ) (-128 704 256 ) 
5 131 133 (-164 704 312 ) (-164 704 304 ) (-164 659 304 ) (-164 659 309.500000 ) (-164 664 312 ) 
4 131 136 (-164 704 304 ) (-164 704 256 ) (-164 659 256 ) (-164 659 304 ) 
4 131 132 (-164 659.003906 320 ) (-164 659.003906 256 ) (-128.003128 704 256 ) (-128.003128 704 320 ) 
4 132 165 (-128 464 256 ) (-164 464 256 ) (-164 659 256 ) (-128 704 256 ) 
4 132 140 (-164 464 304 ) (-164 464 312 ) (-164 504 312 ) (-164 520 304 ) 
3 132 138 (-164 659 309.500000 ) (-164 659 304 ) (-164 648 304 ) 
4 132 142 (-164 659 256 ) (-164 464 256 ) (-164 464 304 ) (-164 659 304 ) 
3 133 138 (-164 659.003906 304 ) (-164 659.003906 309.501953 ) (-172.803162 648 304 ) 
5 133 136 (-284 648 304 ) (-284 704 304 ) (-164 704 304 ) (-164 659.007813 304 ) (-172.806244 648 304 ) 
4 133 137 (-284 704 312 ) (-284 704 304 ) (-284 648 304 ) (-284 664 312 ) 
4 134 139 (-185.603180 632 320 ) (-262.403381 536 320 ) (-262.403381 536 304 ) (-185.603180 632 304 ) 
4 134 136 (-272 632 304 ) (-185.606247 632 304 ) (-262.406250 536 304 ) (-272 536 304 ) 
3 135 140 (-284 509.004272 309.497833 ) (-284 509.004272 304 ) (-275.203430 520 304 ) 
3 135 136 (-284 509.007813 304 ) (-284 520 304 ) (-275.206268 520 304 ) 
3 135 137 (-284 520 304 ) (-284 509.005859 304 ) (-284 509.005859 309.497040 ) 
4 136 164 (-284 704 256 ) (-164 704 256 ) (-164 659 256 ) (-284 509 256 ) 
4 136 142 (-284 509.004272 256 ) (-164 659.003906 256 ) (-164 659.003906 304 ) (-284 509.004272 304 ) 
4 136 137 (-284 704 304 ) (-284 704 256 ) (-284 509.005859 256 ) (-284 509.005859 304 ) 
4 137 164 (-320 464 256 ) (-320 704 256 ) (-284 704 256 ) (-284 509 256 ) 
4 137 141 (-320 464.004395 320 ) (-320 464.004395 304 ) (-284 509.004272 304 ) (-284 509.004272 320 ) 
4 137 142 (-320 464.004395 304 ) (-320 464.004395 256 ) (-284 509.004272 256 ) (-284 509.004272 304 ) 
3 138 142 (-172.799988 648 304 ) (-164 659 304 ) (-164 648 304 ) 
4 139 142 (-262.399994 536 304 ) (-185.600006 632 304 ) (-176 632 304 ) (-176 536 304 ) 
5 140 142 (-284 509 304 ) (-275.200012 520 304 ) (-164 520 304 ) (-164 464 304 ) (-284 464 304 ) 
5 140 141 (-284 509 309.499908 ) (-284 509 304 ) (-284 464 304 ) (-284 464 312 ) (-284 504 312 ) 
3 141 142 (-320 464 304 ) (-284 509 304 ) (-284 464 304 ) 
3 142 165 (-164 464 256 ) (-320 464 256 ) (-164 659 256 ) 
4 143 147 (-32 44 472 ) (-32 44 656 ) (-32 192 656 ) (-32 192 472 ) 
4 143 145 (-32 44 656 ) (-32 44 472 ) (0 44 472 ) (0 44 656 ) 
4 143 144 (0 44 472 ) (-32 44 472 ) (-32 192 472 ) (0 192 472 ) 
4 144 151 (-32 44 456 ) (-32 192 456 ) (0 192 456 ) (0 44 456 ) 
4 144 148 (-32 192 456 ) (-32 44 456 ) (-32 44 472 ) (-32 192 472 ) 
4 144 146 (-32 44 472 ) (-32 44 456 ) (0 44 456 ) (0 44 472 ) 
4 145 288 (0 0 472 ) (0 0 656 ) (-32 0 656 ) (-32 0 472 ) 
4 145 149 (-32 0 472 ) (-32 0 656 ) (-32 44 656 ) (-32 44 472 ) 
4 145 146 (0 0 472 ) (-32 0 472 ) (-32 44 472 ) (0 44 472 ) 
4 146 289 (0 0 456 ) (0 0 472 ) (-32 0 472 ) (-32 0 456 ) 
4 146 152 (0 0 456 ) (-32 0 456 ) (-32 44 456 ) (0 44 456 ) 
4 146 150 (-32 44 456 ) (-32 0 456 ) (-32 0 472 ) (-32 44 472 ) 
4 147 149 (-32 44 472 ) (-32 44 656 ) (-192 44 656 ) (-192 44 472 ) 
4 147 148 (-32 44 472 ) (-192 44 472 ) (-192 192 472 ) (-32 192 472 ) 
4 148 153 (-192 44 456 ) (-192 192 456 ) (-32 192 456 ) (-32 44 456 ) 
4 148 150 (-192 44 456 ) (-32 44 456 ) (-32 44 472 ) (-192 44 472 ) 
4 149 290 (-32 0 656 ) (-192 0 656 ) (-192 0 472 ) (-32 0 472 ) 
4 149 150 (-192 0 472 ) (-192 44 472 ) (-32 44 472 ) (-32 0 472 ) 
4 150 291 (-192 0 472 ) (-192 0 456 ) (-32 0 456 ) (-32 0 472 ) 
4 150 154 (-32 0 456 ) (-192 0 456 ) (-192 44 456 ) (-32 44 456 ) 
4 151 153 (-32 192 272 ) (-32 44 272 ) (-32 44 456 ) (-32 192 456 ) 
4 151 152 (-32 44 456 ) (-32 44 272 ) (0 44 272 ) (0 44 456 ) 
4 152 292 (0 0 272 ) (0 0 456 ) (-32 0 456 ) (-32 0 272 ) 
4 152 154 (-32 44 272 ) (-32 0 272 ) (-32 0 456 ) (-32 44 456 ) 
4 153 157 (-192 44 304 ) (-192 44 432 ) (-192 120 432 ) (-192 120 304 ) 
4 153 154 (-192 44 272 ) (-32 44 272 ) (-32 44 456 ) (-192 44 456 ) 
4 154 293 (-32 0 456 ) (-192 0 456 ) (-192 0 272 ) (-32 0 272 ) 
4 154 159 (-192 0 304 ) (-192 0 432 ) (-192 24 432 ) (-192 24 304 ) 
4 154 157 (-192 24 432 ) (-192 44 432 ) (-192 44 304 ) (-192 24 304 ) 
4 155 329 (-672 0 880 ) (-672 0 800 ) (-480 0 800 ) (-480 0 880 ) 
4 155 156 (-480 32 800 ) (-480 0 800 ) (-672 0 800 ) (-672 32 800 ) 
4 156 330 (-720 0 608 ) (-400 0 608 ) (-400 0 800 ) (-720 0 800 ) 
4 156 161 (-480 0 608 ) (-672 0 608 ) (-672 32 608 ) (-480 32 608 ) 
4 157 159 (-208 24 304 ) (-192 24 304 ) (-192 24 432 ) (-208 24 432 ) 
4 157 158 (-208 120 304 ) (-208 24 304 ) (-208 24 432 ) (-208 120 432 ) 
4 158 160 (-256 24 304 ) (-208 24 304 ) (-208 24 432 ) (-256 24 432 ) 
4 159 320 (-192 0 304 ) (-192 0 432 ) (-208 0 432 ) (-208 0 304 ) 
4 159 160 (-208 24 432 ) (-208 24 304 ) (-208 0 304 ) (-208 0 432 ) 
4 160 324 (-208 0 432 ) (-256 0 432 ) (-256 0 304 ) (-208 0 304 ) 
4 161 331 (-480 0 608 ) (-672 0 608 ) (-672 0 592 ) (-480 0 592 ) 
4 161 162 (-672 0 592 ) (-672 32 592 ) (-480 32 592 ) (-480 0 592 ) 
4 162 332 (-672 0 592 ) (-672 0 400 ) (-480 0 400 ) (-480 0 592 ) 
4 162 163 (-672 0 400 ) (-672 32 400 ) (-480 32 400 ) (-480 0 400 ) 
4 163 333 (-672 0 256 ) (-480 0 256 ) (-480 0 400 ) (-672 0 400 ) 
4 163 172 (-672 32 256 ) (-480 32 256 ) (-480 0 256 ) (-672 0 256 ) 
4 164 171 (-320 704 128 ) (-320 576 128 ) (-320 576 256 ) (-320 704 256 ) 
4 164 165 (-320 464.004395 256 ) (-320 464.004395 128 ) (-128.003510 704 128 ) (-128.003510 704 256 ) 
4 165 166 (-256 464 128 ) (-128 464 128 ) (-128 464 256 ) (-256 464 256 ) 
4 166 170 (-256 448 128 ) (-192 448 128 ) (-192 448 256 ) (-256 448 256 ) 
4 166 167 (-192 448 128 ) (-128 448 128 ) (-128 448 256 ) (-192 448 256 ) 
4 167 176 (-192 384 128 ) (-192 448 128 ) (0 448 128 ) (0 288 128 ) 
4 167 170 (-192 448 256 ) (-192 448 128 ) (-192 384 128 ) (-192 384 256 ) 
4 167 168 (-192 384 256 ) (-192 384 128 ) (0 288 128 ) (0 288 256 ) 
4 168 177 (-192 192 128 ) (-192 384 128 ) (0 288 128 ) (0 192 128 ) 
4 168 170 (-192 384 128 ) (-192 192 128 ) (-192 192 256 ) (-192 384 256 ) 
4 168 169 (-192 192 256 ) (-192 192 128 ) (0 192 128 ) (0 192 256 ) 
4 169 294 (0 0 128 ) (0 0 256 ) (-192 0 256 ) (-192 0 128 ) 
4 169 179 (0 0 128 ) (-192 0 128 ) (-192 192 128 ) (0 192 128 ) 
4 170 178 (-320 192 128 ) (-320 448 128 ) (-192 448 128 ) (-192 192 128 ) 
4 172 333 (-480 0 256 ) (-672 0 256 ) (-672 0 208 ) (-480 0 208 ) 
4 172 173 (-672 0 208 ) (-672 32 208 ) (-480 32 208 ) (-480 0 208 ) 
4 173 334 (-672 0 208 ) (-672 0 192 ) (-480 0 192 ) (-480 0 208 ) 
4 173 174 (-480 32 192 ) (-480 0 192 ) (-672 0 192 ) (-672 32 192 ) 
4 174 335 (-720 0 128 ) (-400 0 128 ) (-400 0 192 ) (-720 0 192 ) 
4 174 180 (-400 0 128 ) (-720 0 128 ) (-656 64 128 ) (-464 64 128 ) 
4 176 178 (-192 448 128 ) (-192 448 0 ) (-192 384 0 ) (-192 384 128 ) 
4 176 177 (-192 384 128 ) (-192 384 0 ) (0 288 0 ) (0 288 128 ) 
4 177 179 (-192 192 0 ) (0 192 0 ) (0 192 128 ) (-192 192 128 ) 
4 177 178 (-192 384 0 ) (-192 192 0 ) (-192 192 128 ) (-192 384 128 ) 
4 179 295 (0 0 0 ) (0 0 128 ) (-192 0 128 ) (-192 0 0 ) 
4 180 336 (-400 0 128 ) (-720 0 128 ) (-720 0 0 ) (-400 0 0 ) 
4 180 181 (-504 8 0 ) (-648 8 0 ) (-648 32 0 ) (-504 32 0 ) 
4 180 182 (-480 8 0 ) (-480 0 0 ) (-672 0 0 ) (-672 8 0 ) 
4 181 183 (-648 32 -16 ) (-504 32 -16 ) (-504 8 -16 ) (-648 8 -16 ) 
4 181 182 (-648 8 -16 ) (-504 8 -16 ) (-504 8 0 ) (-648 8 0 ) 
4 182 337 (-480 0 0 ) (-672 0 0 ) (-672 0 -16 ) (-480 0 -16 ) 
4 182 183 (-480 0 -16 ) (-672 0 -16 ) (-672 8 -16 ) (-480 8 -16 ) 
4 183 339 (-480 0 -16 ) (-672 0 -16 ) (-672 0 -80 ) (-480 0 -80 ) 
4 184 186 (288 -88 472 ) (288 -88 656 ) (288 0 656 ) (288 0 472 ) 
4 184 185 (288 -88 472 ) (288 0 472 ) (448 0 472 ) (448 -88 472 ) 
4 185 195 (448 -64 456 ) (448 -88 456 ) (288 -88 456 ) (288 -64 456 ) 
4 185 191 (288 0 456 ) (384 0 456 ) (384 -64 456 ) (288 -64 456 ) 
4 185 190 (384 0 456 ) (448 0 456 ) (448 -64 456 ) (384 -64 456 ) 
4 185 187 (288 0 456 ) (288 -88 456 ) (288 -88 472 ) (288 0 472 ) 
4 186 188 (128 -88 472 ) (128 -88 656 ) (128 0 656 ) (128 0 472 ) 
4 186 187 (128 -88 472 ) (128 0 472 ) (288 0 472 ) (288 -88 472 ) 
4 187 197 (128 0 456 ) (224 0 456 ) (224 -88 456 ) (128 -88 456 ) 
4 187 196 (288 -64 456 ) (288 -88 456 ) (224 -88 456 ) (224 -64 456 ) 
4 187 193 (224 0 456 ) (288 0 456 ) (288 -64 456 ) (224 -64 456 ) 
4 187 189 (128 0 456 ) (128 -88 456 ) (128 -88 472 ) (128 0 472 ) 
4 188 288 (0 0 656 ) (0 0 472 ) (0 -88 472 ) (0 -88 656 ) 
4 188 189 (0 0 472 ) (128 0 472 ) (128 -88 472 ) (0 -88 472 ) 
4 189 289 (0 0 472 ) (0 0 456 ) (0 -88 456 ) (0 -88 472 ) 
4 189 198 (0 0 456 ) (128 0 456 ) (128 -88 456 ) (0 -88 456 ) 
4 190 195 (448 -64 272 ) (448 -64 456 ) (384 -64 456 ) (384 -64 272 ) 
4 190 191 (384 -64 272 ) (384 -64 456 ) (384 0 456 ) (384 0 272 ) 
4 191 195 (384 -64 272 ) (384 -64 456 ) (288 -64 456 ) (288 -64 272 ) 
4 191 193 (288 -64 272 ) (288 -64 456 ) (288 0 456 ) (288 0 272 ) 
4 191 192 (288 -64 272 ) (288 0 272 ) (384 0 272 ) (384 -64 272 ) 
4 192 241 (288 0 256 ) (384 0 256 ) (384 -64 256 ) (288 -64 256 ) 
4 192 194 (288 0 256 ) (288 -64 256 ) (288 -64 272 ) (288 0 272 ) 
4 193 197 (224 -64 272 ) (224 -64 456 ) (224 0 456 ) (224 0 272 ) 
4 193 196 (224 -64 456 ) (224 -64 272 ) (288 -64 272 ) (288 -64 456 ) 
4 193 194 (288 0 272 ) (288 -64 272 ) (224 -64 272 ) (224 0 272 ) 
4 194 241 (224 0 256 ) (288 0 256 ) (288 -64 256 ) (224 -64 256 ) 
4 195 196 (288 -64 456 ) (288 -64 272 ) (288 -88 272 ) (288 -88 456 ) 
4 196 197 (224 -88 272 ) (224 -88 456 ) (224 -64 456 ) (224 -64 272 ) 
4 197 198 (128 -88 272 ) (128 -88 456 ) (128 0 456 ) (128 0 272 ) 
4 198 292 (0 0 456 ) (0 0 272 ) (0 -88 272 ) (0 -88 456 ) 
4 198 228 (64 -88 384 ) (0 -88 384 ) (0 -88 304 ) (64 -88 304 ) 
4 198 206 (64 -88 432 ) (0 -88 432 ) (0 -88 384 ) (64 -88 384 ) 
4 199 200 (224 -352 536 ) (224 -224 536 ) (352 -224 536 ) (352 -352 536 ) 
8 200 201 (288 -244 408 ) (319 -257 408 ) (332 -288 408 ) (319 -319 408 ) (288 -332 408 ) (257 -319 408 ) (244 -288 408 ) (257 -257 408 ) 
8 201 202 (319.003906 -318.998047 400 ) (288 -332 400 ) (257 -319 400 ) (244.003906 -288.007813 400 ) (257.007813 -256.996094 400 ) (288 -244 400 ) (319 -257 400 ) (332.001099 -288.002594 400 ) 
8 202 203 (288 -244 392 ) (319 -257 392 ) (332 -288 392 ) (319 -319 392 ) (288 -332 392 ) (257 -319 392 ) (244 -288 392 ) (257 -257 392 ) 
3 203 225 (352 -352 384 ) (224 -352 384 ) (224 -224 384 ) 
3 203 224 (352 -224 384 ) (352 -352 384 ) (224 -224 384 ) 
4 204 226 (160 -120 384 ) (160 -232 384 ) (80 -232 384 ) (80 -120 384 ) 
5 204 205 (80 -130.709671 384 ) (80 -205.290298 384 ) (80 -199 399 ) (80 -168 412 ) (80 -137 399 ) 
4 205 227 (80 -130.709686 384 ) (80 -205.290314 384 ) (64 -205.290283 384 ) (64 -130.709656 384 ) 
5 205 207 (64 -130.709686 384 ) (64 -205.290314 384 ) (64 -199 399 ) (64 -168 412 ) (64 -137 399 ) 
4 206 296 (0 -104 432 ) (0 -88 432 ) (0 -88 384 ) (0 -104 384 ) 
4 206 228 (0 -104 384 ) (0 -88 384 ) (64 -88 384 ) (64 -104 384 ) 
4 206 207 (0 -104 384 ) (64 -104 384 ) (64 -104 432 ) (0 -104 432 ) 
4 207 302 (0 -232 432 ) (0 -192 432 ) (0 -192 384 ) (0 -232 384 ) 
4 207 297 (0 -192 432 ) (0 -104 432 ) (0 -104 384 ) (0 -192 384 ) 
4 207 229 (0 -232 384 ) (0 -104 384 ) (64 -104 384 ) (64 -232 384 ) 
4 208 220 (488 -336 320 ) (575 -336 320 ) (497 -432 320 ) (488 -432 320 ) 
4 208 212 (575 -336 320 ) (584 -336 320 ) (584 -432 320 ) (497 -432 320 ) 
4 209 243 (576 -224 256 ) (576 -256 256 ) (432 -256 256 ) (432 -224 256 ) 
4 209 218 (576 -256 320 ) (476 -256 320 ) (476 -256 304 ) (576 -256 304 ) 
4 209 222 (476 -256 304 ) (476 -256 256 ) (576 -256 256 ) (576 -256 304 ) 
4 209 223 (476 -256 320 ) (432 -256 320 ) (432 -256 256 ) (476 -256 256 ) 
4 210 244 (596 -310.153839 256 ) (640 -256 256 ) (640 -512 256 ) (596 -512 256 ) 
4 210 217 (640 -256.001923 320 ) (640 -256.001923 304 ) (596 -310.155884 304 ) (596 -310.155884 320 ) 
4 210 222 (640 -256.001923 304 ) (640 -256.001923 256 ) (596 -310.155884 256 ) (596 -310.155884 304 ) 
3 210 213 (596 -448 304 ) (596 -464 304 ) (596 -464 312 ) 
4 210 214 (596 -464 304 ) (596 -512 304 ) (596 -512 320 ) (596 -464 320 ) 
3 210 211 (596 -310.156250 308.921906 ) (596 -310.156250 304 ) (596 -320 304 ) 
4 210 216 (596 -310.156250 304 ) (596 -310.156250 256 ) (596 -512 256 ) (596 -512 304 ) 
3 211 219 (596 -310.155884 308.922058 ) (596 -310.155884 304 ) (588.001648 -320 304 ) 
3 211 216 (588.001831 -320 304 ) (596 -310.156250 304 ) (596 -320 304 ) 
4 212 220 (497.001831 -432 320 ) (575.001709 -336 320 ) (575.001709 -336 304 ) (497.001831 -432 304 ) 
4 212 216 (497 -432 304 ) (575.001709 -336 304 ) (584 -336 304 ) (584 -432 304 ) 
3 213 221 (484.001862 -448 304 ) (476 -457.848450 304 ) (476 -457.848450 308.924225 ) 
4 213 214 (476 -464 312 ) (476 -464 304 ) (596 -464 304 ) (596 -464 312 ) 
5 213 216 (476 -457.846802 304 ) (484 -448 304 ) (596 -448 304 ) (596 -464 304 ) (476 -464 304 ) 
4 213 215 (476 -457.846161 308.923065 ) (476 -457.846161 304 ) (476 -464 304 ) (476 -464 312 ) 
4 214 215 (476 -464 304 ) (476 -512 304 ) (476 -512 320 ) (476 -464 320 ) 
4 214 216 (596 -464 304 ) (596 -512 304 ) (476 -512 304 ) (476 -464 304 ) 
4 215 223 (432.001953 -512 304 ) (432.001953 -512 320 ) (476 -457.848450 320 ) (476 -457.848450 304 ) 
3 215 216 (432 -512 304 ) (476 -457.846802 304 ) (476 -512 304 ) 
3 216 244 (432 -512 256 ) (596 -310.153839 256 ) (596 -512 256 ) 
4 216 222 (596 -310.155884 256 ) (476 -457.848450 256 ) (476 -457.848450 304 ) (596 -310.155884 304 ) 
4 216 223 (476 -457.848450 256 ) (432.001953 -512 256 ) (432.001953 -512 304 ) (476 -457.848450 304 ) 
4 217 219 (596 -304 304 ) (596 -310.156250 304 ) (596 -310.156250 308.921906 ) (596 -304 312 ) 
4 217 218 (596 -256 320 ) (596 -256 304 ) (596 -304 304 ) (596 -304 320 ) 
3 217 222 (596 -256 304 ) (640 -256 304 ) (596 -310.154236 304 ) 
4 218 219 (476 -304 312 ) (476 -304 304 ) (596 -304 304 ) (596 -304 312 ) 
4 218 222 (476 -304 304 ) (476 -256 304 ) (596 -256 304 ) (596 -304 304 ) 
4 218 223 (476 -256 320 ) (476 -256 304 ) (476 -304 304 ) (476 -304 320 ) 
3 219 223 (476 -304 304 ) (476 -320 304 ) (476 -304 312 ) 
5 219 222 (476 -320 304 ) (476 -304 304 ) (596 -304 304 ) (596 -310.154236 304 ) (588 -320 304 ) 
4 220 222 (488 -336 304 ) (575 -336 304 ) (497.001068 -432 304 ) (488 -432 304 ) 
3 221 222 (476 -457.847656 304 ) (476 -448 304 ) (484.001160 -448 304 ) 
3 221 223 (476 -448 304 ) (476 -457.845703 304 ) (476 -457.845703 308.922852 ) 
3 222 245 (476 -256 256 ) (640 -256 256 ) (476 -457.846161 256 ) 
4 222 223 (476 -256 304 ) (476 -256 256 ) (476 -457.845703 256 ) (476 -457.845703 304 ) 
4 223 245 (432 -512 256 ) (432 -256 256 ) (476 -256 256 ) (476 -457.846161 256 ) 
3 224 248 (384 -192 256 ) (384 -384 256 ) (192 -192 256 ) 
4 224 225 (192 -192.001938 384 ) (192 -192.001938 256 ) (383.998047 -384 256 ) (383.998047 -384 384 ) 
3 225 249 (384 -384 256 ) (192 -384 256 ) (192 -192 256 ) 
7 226 227 (80 -205.290314 384 ) (80 -130.709686 384 ) (80 -124 368 ) (80 -137 337 ) (80 -168 324 ) (80 -199 337 ) (80 -212 368 ) 
7 227 229 (64 -205.290314 384 ) (64 -130.709717 384 ) (64 -124 368 ) (64 -137 337 ) (64 -168 324 ) (64 -199 337 ) (64 -212 368 ) 
4 228 296 (0 -104 384 ) (0 -88 384 ) (0 -88 304 ) (0 -104 304 ) 
4 228 229 (0 -104 304 ) (64 -104 304 ) (64 -104 384 ) (0 -104 384 ) 
4 229 302 (0 -232 384 ) (0 -192 384 ) (0 -192 304 ) (0 -232 304 ) 
4 229 297 (0 -192 384 ) (0 -104 384 ) (0 -104 304 ) (0 -192 304 ) 
4 230 252 (128 -192 256 ) (128 -208 256 ) (124 -208 256 ) (124 -195 256 ) 
3 230 250 (124 -192 256 ) (128 -192 256 ) (124 -195 256 ) 
4 230 231 (124 -208 272 ) (124 -208 256 ) (128 -208 256 ) (128 -208 272 ) 
4 231 253 (128 -208 256 ) (128 -384 256 ) (124 -384 256 ) (124 -208 256 ) 
4 231 232 (124 -380 256 ) (124 -384 256 ) (124 -384 272 ) (124 -380 272 ) 
4 232 305 (0 -380 256 ) (0 -384 256 ) (0 -384 272 ) (0 -380 272 ) 
4 232 253 (0 -384 256 ) (0 -380 256 ) (124 -380 256 ) (124 -384 256 ) 
4 233 254 (960 0 128 ) (1024 0 128 ) (1024 -64 128 ) (960 -64 128 ) 
4 233 236 (960 -64 128 ) (1024 -64 128 ) (1024 -64 192 ) (960 -64 192 ) 
4 234 257 (704 0 128 ) (832 0 128 ) (832 -64 128 ) (704 -64 128 ) 
4 234 237 (704 -64 128 ) (832 -64 128 ) (832 -64 256 ) (704 -64 256 ) 
4 234 235 (704 0 128 ) (704 -64 128 ) (704 -64 256 ) (704 0 256 ) 
4 235 258 (576 0 128 ) (704 0 128 ) (704 -64 128 ) (576 -64 128 ) 
4 235 239 (576 0 128 ) (576 -64 128 ) (576 -64 256 ) (576 0 256 ) 
4 235 238 (576 -64 256 ) (576 -64 128 ) (704 -64 128 ) (704 -64 256 ) 
3 236 263 (1024 -64 128 ) (1024 -128 128 ) (960 -64 128 ) 
4 237 264 (832 -128 128 ) (704 -128 128 ) (704 -64 128 ) (832 -64 128 ) 
4 237 238 (704 -64 256 ) (704 -64 128 ) (704 -128 128 ) (704 -128 256 ) 
4 238 265 (704 -128 128 ) (576 -128 128 ) (576 -64 128 ) (704 -64 128 ) 
4 239 259 (560 0 128 ) (576 0 128 ) (576 -64 128 ) (560 -64 128 ) 
4 239 240 (560 0 128 ) (560 -64 128 ) (560 -64 256 ) (560 0 256 ) 
4 240 260 (448 0 128 ) (560 0 128 ) (560 -64 128 ) (448 -64 128 ) 
4 240 241 (448 0 128 ) (448 -64 128 ) (448 -64 256 ) (448 0 256 ) 
4 241 266 (448 -64 128 ) (448 -192 128 ) (128 -192 128 ) (128 -64 128 ) 
4 241 261 (128 0 128 ) (448 0 128 ) (448 -64 128 ) (128 -64 128 ) 
4 241 248 (192 -192 128 ) (384 -192 128 ) (384 -192 256 ) (192 -192 256 ) 
4 241 242 (128 0 128 ) (128 -192 128 ) (128 -192 256 ) (128 0 256 ) 
4 242 300 (0 -88 128 ) (0 -192 128 ) (0 -192 256 ) (0 -88 256 ) 
4 242 294 (0 0 256 ) (0 0 128 ) (0 -88 128 ) (0 -88 256 ) 
4 242 267 (0 -192 128 ) (0 -64 128 ) (128 -64 128 ) (128 -192 128 ) 
4 242 262 (0 -64 128 ) (0 0 128 ) (128 0 128 ) (128 -64 128 ) 
4 242 250 (0 -192 128 ) (128 -192 128 ) (128 -192 256 ) (0 -192 256 ) 
4 243 245 (432 -256 256 ) (432 -256 128 ) (576 -256 128 ) (576 -256 256 ) 
4 244 245 (640 -256 256 ) (640 -256 128 ) (432 -512 128 ) (432 -512 256 ) 
4 245 246 (432 -256 128 ) (432 -320 128 ) (432 -320 256 ) (432 -256 256 ) 
4 246 247 (400 -256 128 ) (400 -320 128 ) (400 -320 256 ) (400 -256 256 ) 
4 247 248 (384 -256 128 ) (384 -320 128 ) (384 -320 256 ) (384 -256 256 ) 
3 248 268 (192 -192 128 ) (384 -192 128 ) (384 -384 128 ) 
4 248 249 (192 -192 256 ) (192 -192 128 ) (384 -384 128 ) (384 -384 256 ) 
3 249 269 (192 -192 128 ) (384 -384 128 ) (192 -384 128 ) 
4 250 308 (0 -192 128 ) (0 -208 128 ) (0 -208 256 ) (0 -192 256 ) 
4 250 270 (0 -208 128 ) (0 -192 128 ) (128 -192 128 ) (106.666664 -208 128 ) 
4 250 252 (106.666664 -208 128 ) (128 -192 128 ) (128 -192 256 ) (106.666664 -208 256 ) 
4 250 251 (0 -208 128 ) (106.666016 -208 128 ) (106.666023 -208 256 ) (0 -208 256 ) 
4 251 309 (0 -208 128 ) (0 -288 128 ) (0 -288 256 ) (0 -208 256 ) 
3 251 271 (0 -288 128 ) (0 -208 128 ) (106.666664 -208 128 ) 
4 251 253 (0 -288 128 ) (106.666664 -208 128 ) (106.666664 -208 256 ) (0 -288 256 ) 
3 252 272 (106.666664 -208 128 ) (128 -192 128 ) (128 -208 128 ) 
4 252 253 (106.666023 -208 256 ) (106.666016 -208 128 ) (128 -208 128 ) (128 -208 256 ) 
4 253 310 (0 -288 128 ) (0 -384 128 ) (0 -384 256 ) (0 -288 256 ) 
5 253 273 (0 -384 128 ) (0 -288 128 ) (106.666664 -208 128 ) (128 -208 128 ) (128 -384 128 ) 
4 254 263 (960 -64 0 ) (1024 -64 0 ) (1024 -64 128 ) (960 -64 128 ) 
4 254 255 (960 0 0 ) (960 -64 0 ) (960 -64 128 ) (960 0 128 ) 
4 255 256 (848 0 0 ) (848 -64 0 ) (848 -64 128 ) (848 0 128 ) 
4 256 257 (832 0 0 ) (832 -64 0 ) (832 -64 128 ) (832 0 128 ) 
4 257 264 (704 -64 0 ) (832 -64 0 ) (832 -64 128 ) (704 -64 128 ) 
4 257 258 (704 0 0 ) (704 -64 0 ) (704 -64 128 ) (704 0 128 ) 
4 258 265 (576 -64 0 ) (704 -64 0 ) (704 -64 128 ) (576 -64 128 ) 
4 258 259 (576 0 0 ) (576 -64 0 ) (576 -64 128 ) (576 0 128 ) 
4 259 278 (576 -60 0 ) (576 -64 0 ) (560 -64 0 ) (560 -60 0 ) 
4 259 260 (560 0 0 ) (560 -64 0 ) (560 -64 128 ) (560 0 128 ) 
4 260 279 (560 -60 0 ) (560 -64 0 ) (448 -64 0 ) (448 -60 0 ) 
4 260 261 (448 0 0 ) (448 -64 0 ) (448 -64 128 ) (448 0 128 ) 
4 261 266 (128 -64 0 ) (448 -64 0 ) (448 -64 128 ) (128 -64 128 ) 
4 261 262 (128 0 0 ) (128 -64 0 ) (128 -64 128 ) (128 0 128 ) 
4 262 295 (0 0 128 ) (0 0 0 ) (0 -64 0 ) (0 -64 128 ) 
4 262 267 (0 -64 0 ) (128 -64 0 ) (128 -64 128 ) (0 -64 128 ) 
4 264 276 (828 -124 0 ) (828 -128 0 ) (704 -128 0 ) (704 -124 0 ) 
4 264 275 (828 -64 0 ) (832 -64 0 ) (832 -128 0 ) (828 -128 0 ) 
4 264 265 (704 -64 128 ) (704 -64 0 ) (704 -128 0 ) (704 -128 128 ) 
4 265 276 (704 -124 0 ) (704 -128 0 ) (580 -128 0 ) (580 -124 0 ) 
4 265 277 (576 -64 0 ) (580 -64 0 ) (580 -128 0 ) (576 -128 0 ) 
4 266 268 (192 -192 0 ) (384 -192 0 ) (384 -192 128 ) (192 -192 128 ) 
4 266 267 (128 -64 128 ) (128 -64 0 ) (128 -192 0 ) (128 -192 128 ) 
4 267 301 (0 -88 0 ) (0 -192 0 ) (0 -192 128 ) (0 -88 128 ) 
4 267 295 (0 -64 0 ) (0 -88 0 ) (0 -88 128 ) (0 -64 128 ) 
4 267 270 (0 -192 0 ) (128 -192 0 ) (128 -192 128 ) (0 -192 128 ) 
3 268 281 (192 -192 0 ) (384 -192 0 ) (384 -384 0 ) 
4 268 269 (192.001953 -192 128 ) (192.001953 -192 0 ) (384 -383.998047 0 ) (384 -383.998047 128 ) 
3 269 282 (192 -192 0 ) (384 -384 0 ) (192 -384 0 ) 
4 270 311 (0 -192 0 ) (0 -208 0 ) (0 -208 128 ) (0 -192 128 ) 
3 270 286 (124 -192 0 ) (128 -192 0 ) (124 -195 0 ) 
4 270 272 (106.666664 -208 0 ) (128 -192 0 ) (128 -192 128 ) (106.666664 -208 128 ) 
4 270 271 (0 -208 0 ) (106.666016 -208 0 ) (106.666016 -208 128 ) (0 -208 128 ) 
4 271 312 (0 -208 0 ) (0 -288 0 ) (0 -288 128 ) (0 -208 128 ) 
4 271 273 (0 -288 0 ) (106.666664 -208 0 ) (106.666664 -208 128 ) (0 -288 128 ) 
4 272 286 (124 -195 0 ) (128 -192 0 ) (128 -208 0 ) (124 -208 0 ) 
4 272 273 (106.666016 -208 128 ) (106.666016 -208 0 ) (128 -208 0 ) (128 -208 128 ) 
4 273 313 (0 -288 0 ) (0 -384 0 ) (0 -384 128 ) (0 -288 128 ) 
4 273 287 (124 -208 0 ) (128 -208 0 ) (128 -384 0 ) (124 -384 0 ) 
4 273 274 (24 -384 88 ) (0 -384 88 ) (0 -384 40 ) (24 -384 40 ) 
4 274 314 (0 -400 40 ) (0 -400 88 ) (0 -384 88 ) (0 -384 40 ) 
4 275 276 (828 -124 -16 ) (828 -128 -16 ) (828 -128 0 ) (828 -124 0 ) 
4 276 277 (580 -124 -16 ) (580 -128 -16 ) (580 -128 0 ) (580 -124 0 ) 
4 278 279 (560 -60 0 ) (560 -60 -16 ) (560 -64 -16 ) (560 -64 0 ) 
3 281 283 (192 -192 -128 ) (384 -192 -128 ) (384 -384 -128 ) 
4 281 282 (192.003906 -192 0 ) (192.003906 -192 -128 ) (384 -383.996094 -128 ) (384 -383.996094 0 ) 
3 282 283 (192 -384 -128 ) (192 -192 -128 ) (384 -384 -128 ) 
4 283 284 (192 -384 -144 ) (192 -192 -144 ) (384 -192 -144 ) (384 -384 -144 ) 
4 284 285 (192 -384 -272 ) (192 -192 -272 ) (384 -192 -272 ) (384 -384 -272 ) 
4 286 287 (124 -208 0 ) (124 -208 -16 ) (128 -208 -16 ) (128 -208 0 ) 
4 288 290 (-32 -88 472 ) (-32 -88 656 ) (-32 0 656 ) (-32 0 472 ) 
4 288 289 (0 -88 472 ) (-32 -88 472 ) (-32 0 472 ) (0 0 472 ) 
4 289 292 (0 -88 456 ) (-32 -88 456 ) (-32 0 456 ) (0 0 456 ) 
4 289 291 (-32 0 456 ) (-32 -88 456 ) (-32 -88 472 ) (-32 0 472 ) 
4 290 291 (-32 0 472 ) (-32 -88 472 ) (-192 -88 472 ) (-192 0 472 ) 
4 291 293 (-32 -88 456 ) (-192 -88 456 ) (-192 0 456 ) (-32 0 456 ) 
4 292 296 (0 -88 304 ) (0 -88 432 ) (-32 -88 432 ) (-32 -88 304 ) 
4 292 293 (-32 0 272 ) (-32 -88 272 ) (-32 -88 456 ) (-32 0 456 ) 
4 293 320 (-192 0 432 ) (-192 0 304 ) (-192 -72 304 ) (-192 -72 432 ) 
4 293 296 (-192 -88 432 ) (-192 -88 304 ) (-32 -88 304 ) (-32 -88 432 ) 
4 294 300 (-192 -88 256 ) (-192 -88 128 ) (0 -88 128 ) (0 -88 256 ) 
4 294 295 (0 -88 128 ) (-192 -88 128 ) (-192 0 128 ) (0 0 128 ) 
4 295 321 (-192 -88 0 ) (-192 -88 97.198860 ) (-192 -72 104.399620 ) (-192 -72 0 ) 
6 295 317 (-192 -19.998306 0 ) (-192 -72 0 ) (-192 -72 104.399620 ) (-192 -64.002220 108 ) (-192 -24.005726 90.001671 ) (-192 -0.001650 45.994198 ) 
4 295 301 (-192 -88 128 ) (-192 -88 0 ) (0 -88 0 ) (0 -88 128 ) 
4 296 298 (-192 -88 304 ) (-177.777771 -104 304 ) (-177.781555 -104 432 ) (-192 -88.004395 432 ) 
4 296 297 (-177.775375 -104 432 ) (-177.775375 -104 304 ) (0 -104 304 ) (0 -104 432 ) 
4 297 303 (-99.555557 -192 304 ) (-64 -192 304 ) (-64 -192 432 ) (-99.555557 -192 432 ) 
4 297 302 (-64 -192 304 ) (0 -192 304 ) (0 -192 432 ) (-64 -192 432 ) 
4 297 299 (-177.777771 -104 304 ) (-99.555557 -192 304 ) (-99.558594 -192 432 ) (-177.781555 -104 432 ) 
4 298 299 (-192 -104 304 ) (-177.775375 -104 304 ) (-177.775375 -104 432 ) (-192 -104 432 ) 
4 299 304 (-192 -192 432 ) (-192 -192 304 ) (-99.555557 -192 304 ) (-99.555557 -192 432 ) 
4 300 308 (-128 -192 128 ) (0 -192 128 ) (0 -192 256 ) (-128 -192 256 ) 
4 300 301 (0 -192 128 ) (-192 -192 128 ) (-192 -88 128 ) (0 -88 128 ) 
5 301 321 (-192 -88 97.198860 ) (-192 -88 0 ) (-192 -108 0 ) (-192 -128.001907 45.998493 ) (-192 -104.002823 89.996834 ) 
4 301 311 (-128 -192 0 ) (0 -192 0 ) (0 -192 128 ) (-128 -192 128 ) 
4 302 303 (-64 -192 304 ) (-64 -232 304 ) (-64 -232 432 ) (-64 -192 432 ) 
4 303 304 (-99.558594 -192 304 ) (-64 -232.003906 304 ) (-64 -232.003906 432 ) (-99.559021 -192 432 ) 
3 305 309 (-124 -381 256 ) (-124 -380 256 ) (-122.666664 -380 256 ) 
5 305 310 (0 -380 256 ) (0 -384 256 ) (-124 -384 256 ) (-124 -381 256 ) (-122.666664 -380 256 ) 
4 305 307 (-124 -380 256 ) (-124 -384 256 ) (-124 -384 272 ) (-124 -380 272 ) 
4 306 308 (-128 -192 256 ) (-124 -192 256 ) (-124 -208 256 ) (-128 -208 256 ) 
4 306 307 (-128 -208 272 ) (-128 -208 256 ) (-124 -208 256 ) (-124 -208 272 ) 
4 307 309 (-124 -208 256 ) (-124 -381 256 ) (-128 -384 256 ) (-128 -208 256 ) 
3 307 310 (-124 -381 256 ) (-124 -384 256 ) (-128 -384 256 ) 
4 308 311 (-128 -208 128 ) (-128 -192 128 ) (0 -192 128 ) (0 -208 128 ) 
4 308 309 (-128 -208 256 ) (-128 -208 128 ) (0 -208 128 ) (0 -208 256 ) 
4 309 312 (-128 -384 128 ) (-128 -208 128 ) (0 -208 128 ) (0 -288 128 ) 
4 309 310 (-128 -383.998535 256 ) (-128 -383.998535 128 ) (0 -287.998535 128 ) (0 -288 256 ) 
3 310 313 (-128 -384 128 ) (0 -288 128 ) (0 -384 128 ) 
4 311 315 (-128 -192 0 ) (-124 -192 0 ) (-124 -208 0 ) (-128 -208 0 ) 
4 311 312 (-128 -208 128 ) (-128 -208 0 ) (0 -208 0 ) (0 -208 128 ) 
4 312 316 (-124 -381 0 ) (-128 -384 0 ) (-128 -208 0 ) (-124 -208 0 ) 
4 312 313 (-128 -384 128 ) (-128 -384 0 ) (0 -288 0 ) (0 -288 128 ) 
3 313 316 (-124 -384 0 ) (-128 -384 0 ) (-124 -381 0 ) 
4 313 314 (0 -384 40 ) (0 -384 88 ) (-24 -384 88 ) (-24 -384 40 ) 
4 315 316 (-128 -208 0 ) (-128 -208 -16 ) (-124 -208 -16 ) (-124 -208 0 ) 
4 317 321 (-196 -72 0 ) (-192 -72 0 ) (-192 -72 104.399628 ) (-196 -72 104.399635 ) 
6 317 318 (-196 -24.003906 90 ) (-196 -0.003906 46 ) (-196 -20.003082 0 ) (-196 -72 0 ) (-196 -72 104.398438 ) (-196 -64 107.998047 ) 
4 318 322 (-204 -72 0 ) (-196 -72 0 ) (-196 -72 104.399635 ) (-204 -72 104.399651 ) 
6 318 319 (-204 -24.003906 90 ) (-204 -0.003906 46 ) (-204 -20.003082 0 ) (-204 -72 0 ) (-204 -72 104.398438 ) (-204 -64 107.998047 ) 
6 319 325 (-208 -19.998306 0 ) (-208 -72 0 ) (-208 -72 104.399628 ) (-208 -64.003342 107.998505 ) (-208 -24.002117 90 ) (-208 0 45.996429 ) 
4 319 323 (-208 -72 104.399658 ) (-208 -72 0 ) (-204 -72 0 ) (-204 -72 104.399651 ) 
4 320 324 (-208 -72 304 ) (-208 -72 432 ) (-208 0 432 ) (-208 0 304 ) 
5 321 322 (-196 -107.997086 0 ) (-196 -128 46 ) (-196 -104 90 ) (-196 -72 104.402252 ) (-196 -72 0 ) 
5 322 323 (-204 -107.997086 0 ) (-204 -128 46 ) (-204 -103.998749 90.001297 ) (-204 -72 104.402252 ) (-204 -72 0 ) 
5 323 326 (-208 -72 0 ) (-208 -108 0 ) (-208 -128 45.996262 ) (-208 -104 89.998131 ) (-208 -72 104.399620 ) 
4 325 327 (-256 0 0 ) (-256 -72 0 ) (-256 -72 128 ) (-256 0 128 ) 
4 325 326 (-256 -72 128 ) (-256 -72 0 ) (-208 -72 0 ) (-208 -72 128 ) 
4 326 327 (-256 -72 0 ) (-256 -128 0 ) (-256 -128 128 ) (-256 -72 128 ) 
4 327 328 (-360 0 0 ) (-360 -128 0 ) (-360 -128 128 ) (-360 0 128 ) 
4 328 336 (-400 0 128 ) (-400 0 0 ) (-400 -128 0 ) (-400 -128 128 ) 
4 329 330 (-672 0 800 ) (-480 0 800 ) (-480 -160 800 ) (-672 -160 800 ) 
4 330 331 (-672 0 608 ) (-480 0 608 ) (-480 -160 608 ) (-672 -160 608 ) 
4 331 332 (-480 0 592 ) (-480 -160 592 ) (-672 -160 592 ) (-672 0 592 ) 
4 332 333 (-480 0 400 ) (-480 -160 400 ) (-672 -160 400 ) (-672 0 400 ) 
4 333 334 (-480 0 208 ) (-480 -160 208 ) (-672 -160 208 ) (-672 0 208 ) 
4 334 335 (-672 0 192 ) (-480 0 192 ) (-480 -160 192 ) (-672 -160 192 ) 
6 335 336 (-720 0 128 ) (-400 0 128 ) (-400 -128 128 ) (-464 -192 128 ) (-656 -192 128 ) (-720 -128 128 ) 
4 336 338 (-504 -160 0 ) (-648 -160 0 ) (-648 -136 0 ) (-504 -136 0 ) 
4 336 337 (-672 0 0 ) (-480 0 0 ) (-480 -136 0 ) (-672 -136 0 ) 
4 337 339 (-672 0 -16 ) (-480 0 -16 ) (-480 -136 -16 ) (-672 -136 -16 ) 
4 337 338 (-648 -136 -16 ) (-504 -136 -16 ) (-504 -136 0 ) (-648 -136 0 ) 
4 338 339 (-504 -160 -16 ) (-648 -160 -16 ) (-648 -136 -16 ) (-504 -136 -16 ) 
